[Sun Apr 27 2025 01:31:09.287623] r SAYHELLO :12002 1 - 0
[Sun Apr 27 2025 01:31:09.287674] i LSUPDATE :12002 9 F 6 :12000_2_1745742669.287662 1745742669.287660 :12000 (:12002)
[Sun Apr 27 2025 01:31:09.287698] i SAYHELLO :12002 1 - 0
[Sun Apr 27 2025 01:31:09.288430] r LSUPDATE :12002 9 F 20 :12002_2_1745742669.288051 1745742669.288050 :12002 (:12000,:12004,:12010)
[Sun Apr 27 2025 01:31:09.332401] r LSUPDATE :12002 9 F 20 :12002_3_1745742669.289954 1745742669.288050 :12002 (:12000,:12004,:12010)
[Sun Apr 27 2025 01:31:09.332654] r LSUPDATE :12002 8 F 13 :12004_40_1745742669.288479 1745716665.043845 :12004 (:12006,:12002)
[Sun Apr 27 2025 01:31:09.332709] i LSUPDATE :12002 9 F 6 :12000_5_1745742669.332677 1745742669.287660 :12000 (:12002)
[Sun Apr 27 2025 01:31:09.332925] r LSUPDATE :12002 7 F 13 :12006_28_1745742669.290269 1745716673.969224 :12006 (:12004,:12008)
[Sun Apr 27 2025 01:31:09.332963] i LSUPDATE :12002 9 F 6 :12000_7_1745742669.332944 1745742669.287660 :12000 (:12002)
[Sun Apr 27 2025 01:31:09.333201] r LSUPDATE :12002 9 F 20 :12002_6_1745742669.303192 1745742669.288050 :12002 (:12000,:12004,:12010)
[Sun Apr 27 2025 01:31:09.333422] r LSUPDATE :12002 5 F 13 :12010_20_1745742669.289197 1745716693.156266 :12010 (:12008,:12002)
[Sun Apr 27 2025 01:31:09.333755] i LSUPDATE :12002 9 F 6 :12000_9_1745742669.333440 1745742669.287660 :12000 (:12002)
[Sun Apr 27 2025 01:31:09.334336] r LSUPDATE :12002 9 F 20 :12002_8_1745742669.303828 1745742669.288050 :12002 (:12000,:12004,:12010)
[Sun Apr 27 2025 01:31:09.334555] r LSUPDATE :12002 7 F 13 :12008_17_1745742669.291332 1745716683.137624 :12008 (:12006,:12010)
[Sun Apr 27 2025 01:31:09.334593] i LSUPDATE :12002 9 F 6 :12000_11_1745742669.334575 1745742669.287660 :12000 (:12002)
[Sun Apr 27 2025 01:31:09.334807] r LSUPDATE :12002 9 F 20 :12002_10_1745742669.304573 1745742669.288050 :12002 (:12000,:12004,:12010)
[Sun Apr 27 2025 01:31:09.335030] r LSUPDATE :12002 6 F 13 :12006_29_1745742669.292901 1745716673.969224 :12006 (:12004,:12008)
[Sun Apr 27 2025 01:31:09.335246] r LSUPDATE :12002 7 F 13 :12008_18_1745742669.297285 1745716683.137624 :12008 (:12006,:12010)
[Sun Apr 27 2025 01:31:09.335462] r LSUPDATE :12002 6 F 13 :12006_30_1745742669.296263 1745716673.969224 :12006 (:12004,:12008)
[Sun Apr 27 2025 01:31:09.335677] r LSUPDATE :12002 8 F 13 :12004_41_1745742669.295123 1745716665.043845 :12004 (:12006,:12002)
[Sun Apr 27 2025 01:31:09.335892] r LSUPDATE :12002 8 F 13 :12004_42_1745742669.295900 1745716665.043845 :12004 (:12006,:12002)
[Sun Apr 27 2025 01:31:09.336107] r LSUPDATE :12002 8 F 13 :12004_43_1745742669.299058 1745716665.043845 :12004 (:12006,:12002)
[Sun Apr 27 2025 01:31:09.358105] r LSUPDATE :12002 7 F 13 :12006_31_1745742669.346200 1745716673.969224 :12006 (:12004,:12008)
[Sun Apr 27 2025 01:31:09.358336] r LSUPDATE :12002 7 F 13 :12008_19_1745742669.345334 1745716683.137624 :12008 (:12006,:12010)
[Sun Apr 27 2025 01:31:09.396387] r LSUPDATE :12002 7 F 13 :12008_20_1745742669.345868 1745716683.137624 :12008 (:12006,:12010)
[Sun Apr 27 2025 01:31:09.396626] r LSUPDATE :12002 8 F 13 :12004_44_1745742669.359790 1745716665.043845 :12004 (:12006,:12002)
[Sun Apr 27 2025 01:31:09.396847] r LSUPDATE :12002 8 F 13 :12010_21_1745742669.353672 1745716693.156266 :12010 (:12008,:12002)
[Sun Apr 27 2025 01:31:09.397064] r LSUPDATE :12002 7 F 13 :12006_32_1745742669.346711 1745716673.969224 :12006 (:12004,:12008)
[Sun Apr 27 2025 01:31:09.397286] r LSUPDATE :12002 7 F 13 :12008_21_1745742669.356950 1745716683.137624 :12008 (:12006,:12010)
[Sun Apr 27 2025 01:31:09.397505] r LSUPDATE :12002 7 F 13 :12008_22_1745742669.357290 1745716683.137624 :12008 (:12006,:12010)
[Sun Apr 27 2025 01:31:09.397722] r LSUPDATE :12002 8 F 13 :12010_22_1745742669.366076 1745716693.156266 :12010 (:12008,:12002)
[Sun Apr 27 2025 01:31:09.398393] r LSUPDATE :12002 7 F 13 :12008_23_1745742669.366886 1745716683.137624 :12008 (:12006,:12010)
[Sun Apr 27 2025 01:31:09.402364] r LSUPDATE :12002 8 F 13 :12004_45_1745742669.361923 1745716665.043845 :12004 (:12006,:12002)
[Sun Apr 27 2025 01:31:09.402591] r LSUPDATE :12002 7 F 13 :12006_33_1745742669.355797 1745716673.969224 :12006 (:12004,:12008)
[Sun Apr 27 2025 01:31:09.402821] r LSUPDATE :12002 8 F 13 :12004_46_1745742669.362419 1745716665.043845 :12004 (:12006,:12002)
[Sun Apr 27 2025 01:31:09.403039] r LSUPDATE :12002 7 F 13 :12006_34_1745742669.360648 1745716673.969224 :12006 (:12004,:12008)
[Sun Apr 27 2025 01:31:09.403256] r LSUPDATE :12002 8 F 13 :12004_47_1745742669.363894 1745716665.043845 :12004 (:12006,:12002)
[Sun Apr 27 2025 01:31:09.403479] r LSUPDATE :12002 8 F 13 :12004_48_1745742669.376536 1745716665.043845 :12004 (:12006,:12002)
[Sun Apr 27 2025 01:31:09.403696] r LSUPDATE :12002 8 F 13 :12004_49_1745742669.376952 1745716665.043845 :12004 (:12006,:12002)
[Sun Apr 27 2025 01:31:09.413063] r LSUPDATE :12002 8 F 13 :12004_50_1745742669.376998 1745716665.043845 :12004 (:12006,:12002)
[Sun Apr 27 2025 01:31:09.413303] r LSUPDATE :12002 8 F 13 :12010_23_1745742669.377879 1745716693.156266 :12010 (:12008,:12002)
[Sun Apr 27 2025 01:31:09.413521] r LSUPDATE :12002 8 F 13 :12010_24_1745742669.378428 1745716693.156266 :12010 (:12008,:12002)
[Sun Apr 27 2025 01:31:09.414302] r LSUPDATE :12002 7 F 13 :12008_24_1745742669.371472 1745716683.137624 :12008 (:12006,:12010)
[Sun Apr 27 2025 01:31:09.414518] r LSUPDATE :12002 6 F 13 :12006_35_1745742669.361208 1745716673.969224 :12006 (:12004,:12008)
[Sun Apr 27 2025 01:31:09.414733] r LSUPDATE :12002 8 F 13 :12004_51_1745742669.377565 1745716665.043845 :12004 (:12006,:12002)
[Sun Apr 27 2025 01:31:09.415091] r LSUPDATE :12002 8 F 13 :12004_52_1745742669.384192 1745716665.043845 :12004 (:12006,:12002)
[Sun Apr 27 2025 01:31:09.415310] r LSUPDATE :12002 8 F 13 :12004_53_1745742669.384508 1745716665.043845 :12004 (:12006,:12002)
[Sun Apr 27 2025 01:31:09.422883] r LSUPDATE :12002 6 F 13 :12006_36_1745742669.368427 1745716673.969224 :12006 (:12004,:12008)
[Sun Apr 27 2025 01:31:09.423115] r LSUPDATE :12002 6 F 13 :12006_37_1745742669.369671 1745716673.969224 :12006 (:12004,:12008)
[Sun Apr 27 2025 01:31:09.424659] r LSUPDATE :12002 8 F 13 :12004_54_1745742669.398901 1745716665.043845 :12004 (:12006,:12002)
[Sun Apr 27 2025 01:31:09.426656] r LSUPDATE :12002 8 F 13 :12004_55_1745742669.399193 1745716665.043845 :12004 (:12006,:12002)
[Sun Apr 27 2025 01:31:09.427415] r LSUPDATE :12002 7 F 13 :12006_38_1745742669.372793 1745716673.969224 :12006 (:12004,:12008)
[Sun Apr 27 2025 01:31:09.428521] r LSUPDATE :12002 8 F 13 :12004_56_1745742669.400129 1745716665.043845 :12004 (:12006,:12002)
[Sun Apr 27 2025 01:31:09.429010] r LSUPDATE :12002 8 F 13 :12010_25_1745742669.387587 1745716693.156266 :12010 (:12008,:12002)
[Sun Apr 27 2025 01:31:09.429586] r LSUPDATE :12002 7 F 13 :12008_25_1745742669.391087 1745716683.137624 :12008 (:12006,:12010)
[Sun Apr 27 2025 01:31:09.430349] r LSUPDATE :12002 7 F 13 :12008_26_1745742669.391648 1745716683.137624 :12008 (:12006,:12010)
[Sun Apr 27 2025 01:31:09.432438] r LSUPDATE :12002 8 F 13 :12004_57_1745742669.411806 1745716665.043845 :12004 (:12006,:12002)
[Sun Apr 27 2025 01:31:09.432967] r LSUPDATE :12002 7 F 13 :12006_39_1745742669.389059 1745716673.969224 :12006 (:12004,:12008)
[Sun Apr 27 2025 01:31:09.433494] r LSUPDATE :12002 7 F 13 :12006_40_1745742669.393384 1745716673.969224 :12006 (:12004,:12008)
[Sun Apr 27 2025 01:31:09.434621] r LSUPDATE :12002 8 F 13 :12004_58_1745742669.420668 1745716665.043845 :12004 (:12006,:12002)
[Sun Apr 27 2025 01:31:09.435134] r LSUPDATE :12002 8 F 13 :12004_59_1745742669.422148 1745716665.043845 :12004 (:12006,:12002)
[Sun Apr 27 2025 01:31:09.436071] r LSUPDATE :12002 7 F 13 :12006_41_1745742669.408443 1745716673.969224 :12006 (:12004,:12008)
[Sun Apr 27 2025 01:31:09.436606] r LSUPDATE :12002 7 F 13 :12006_42_1745742669.409036 1745716673.969224 :12006 (:12004,:12008)
[Sun Apr 27 2025 01:31:09.437346] r LSUPDATE :12002 8 F 13 :12004_60_1745742669.425244 1745716665.043845 :12004 (:12006,:12002)
[Sun Apr 27 2025 01:31:09.438089] r LSUPDATE :12002 8 F 13 :12004_61_1745742669.425543 1745716665.043845 :12004 (:12006,:12002)
[Sun Apr 27 2025 01:31:09.438608] r LSUPDATE :12002 7 F 13 :12006_43_1745742669.417435 1745716673.969224 :12006 (:12004,:12008)
[Sun Apr 27 2025 01:40:28.648792] r LSUPDATE :12002 9 F 13 :12002_15_1745743228.648281 1745742669.288050 :12002 (:12000,:12010)
[Sun Apr 27 2025 01:40:28.692965] r LSUPDATE :12002 7 F 13 :12008_28_1745743228.649606 1745716683.137624 :12008 (:12006,:12010)
[Sun Apr 27 2025 01:40:28.693209] r LSUPDATE :12002 6 F 6 :12006_50_1745743228.647859 1745716673.969224 :12006 (:12008)
[Sun Apr 27 2025 01:40:28.694019] r LSUPDATE :12002 6 F 6 :12006_51_1745743228.651629 1745716673.969224 :12006 (:12008)
[Sun Apr 27 2025 01:41:11.362755] r LSUPDATE :12002 6 F 13 :12006_55_1745743271.360747 1745716673.969224 :12006 (:12008,:12004)
[Sun Apr 27 2025 01:41:11.404832] r LSUPDATE :12002 9 F 20 :12002_17_1745743271.364175 1745742669.288050 :12002 (:12000,:12010,:12004)
[Sun Apr 27 2025 01:41:11.405089] r LSUPDATE :12002 7 F 13 :12008_29_1745743271.365293 1745716683.137624 :12008 (:12006,:12010)
[Sun Apr 27 2025 01:41:11.405308] r LSUPDATE :12002 8 F 13 :12004_2_1745743271.363054 1745743271.363052 :12004 (:12002,:12006)
[Sun Apr 27 2025 01:41:11.408870] i LSUPDATE :12002 9 F 6 :12000_23_1745743271.405329 1745742669.287660 :12000 (:12002)
[Sun Apr 27 2025 01:41:11.409518] r LSUPDATE :12002 8 F 13 :12010_29_1745743271.369185 1745716693.156266 :12010 (:12008,:12002)
[Sun Apr 27 2025 01:41:11.410143] r LSUPDATE :12002 7 F 13 :12008_31_1745743271.365632 1745716683.137624 :12008 (:12006,:12010)
[Sun Apr 27 2025 01:41:11.452391] r LSUPDATE :12002 6 F 13 :12006_57_1745743271.365944 1745716673.969224 :12006 (:12008,:12004)
[Sun Apr 27 2025 01:41:11.452624] r LSUPDATE :12002 5 F 13 :12004_4_1745743271.371151 1745743271.363052 :12004 (:12002,:12006)
[Sun Apr 27 2025 01:41:11.452669] i LSUPDATE :12002 9 F 6 :12000_24_1745743271.452642 1745742669.287660 :12000 (:12002)
[Sun Apr 27 2025 01:41:11.452883] r LSUPDATE :12002 8 F 13 :12010_30_1745743271.375256 1745716693.156266 :12010 (:12008,:12002)
[Sun Apr 27 2025 01:41:11.453098] r LSUPDATE :12002 7 F 13 :12008_32_1745743271.373985 1745716683.137624 :12008 (:12006,:12010)
[Sun Apr 27 2025 01:41:11.453313] r LSUPDATE :12002 6 F 13 :12006_58_1745743271.372526 1745716673.969224 :12006 (:12008,:12004)
[Sun Apr 27 2025 01:41:11.453527] r LSUPDATE :12002 8 F 13 :12004_7_1745743271.371682 1745743271.363052 :12004 (:12002,:12006)
[Sun Apr 27 2025 01:41:11.453561] i LSUPDATE :12002 9 F 6 :12000_25_1745743271.453542 1745742669.287660 :12000 (:12002)
[Sun Apr 27 2025 01:41:11.453773] r LSUPDATE :12002 8 F 13 :12010_31_1745743271.407475 1745716693.156266 :12010 (:12008,:12002)
[Sun Apr 27 2025 01:41:11.454899] r LSUPDATE :12002 7 F 13 :12008_33_1745743271.407806 1745716683.137624 :12008 (:12006,:12010)
[Sun Apr 27 2025 01:41:11.455121] r LSUPDATE :12002 8 F 13 :12004_9_1745743271.371951 1745743271.363052 :12004 (:12002,:12006)
[Sun Apr 27 2025 01:41:11.455155] i LSUPDATE :12002 9 F 6 :12000_26_1745743271.455137 1745742669.287660 :12000 (:12002)
[Sun Apr 27 2025 01:41:11.455367] r LSUPDATE :12002 8 F 13 :12010_32_1745743271.411872 1745716693.156266 :12010 (:12008,:12002)
[Sun Apr 27 2025 01:41:11.455582] r LSUPDATE :12002 8 F 13 :12004_11_1745743271.409864 1745743271.363052 :12004 (:12002,:12006)
[Sun Apr 27 2025 01:41:11.455614] i LSUPDATE :12002 9 F 6 :12000_27_1745743271.455597 1745742669.287660 :12000 (:12002)
[Sun Apr 27 2025 01:41:11.455825] r LSUPDATE :12002 8 F 13 :12010_33_1745743271.413044 1745716693.156266 :12010 (:12008,:12002)
[Sun Apr 27 2025 01:41:11.456040] r LSUPDATE :12002 6 F 13 :12006_59_1745743271.417187 1745716673.969224 :12006 (:12008,:12004)
[Sun Apr 27 2025 01:41:11.457564] r LSUPDATE :12002 7 F 13 :12008_34_1745743271.417982 1745716683.137624 :12008 (:12006,:12010)
[Sun Apr 27 2025 01:41:11.457785] r LSUPDATE :12002 8 F 13 :12004_13_1745743271.422027 1745743271.363052 :12004 (:12002,:12006)
[Sun Apr 27 2025 01:41:11.457819] i LSUPDATE :12002 9 F 6 :12000_28_1745743271.457800 1745742669.287660 :12000 (:12002)
[Sun Apr 27 2025 01:41:11.458032] r LSUPDATE :12002 7 F 13 :12006_60_1745743271.419929 1745716673.969224 :12006 (:12008,:12004)
[Sun Apr 27 2025 01:41:11.458253] r LSUPDATE :12002 7 F 13 :12006_61_1745743271.420481 1745716673.969224 :12006 (:12008,:12004)
[Sun Apr 27 2025 01:41:11.458468] r LSUPDATE :12002 8 F 13 :12010_34_1745743271.432123 1745716693.156266 :12010 (:12008,:12002)
[Sun Apr 27 2025 01:41:11.458693] r LSUPDATE :12002 7 F 13 :12008_35_1745743271.418531 1745716683.137624 :12008 (:12006,:12010)
[Sun Apr 27 2025 01:41:11.461403] r LSUPDATE :12002 6 F 13 :12006_62_1745743271.421263 1745716673.969224 :12006 (:12008,:12004)
[Sun Apr 27 2025 01:41:11.462645] r LSUPDATE :12002 7 F 13 :12008_36_1745743271.433250 1745716683.137624 :12008 (:12006,:12010)
[Sun Apr 27 2025 01:41:11.504404] r LSUPDATE :12002 8 F 13 :12010_35_1745743271.439674 1745716693.156266 :12010 (:12008,:12002)
[Sun Apr 27 2025 01:41:11.504716] r LSUPDATE :12002 7 F 13 :12008_37_1745743271.437972 1745716683.137624 :12008 (:12006,:12010)
[Sun Apr 27 2025 01:41:11.504936] r LSUPDATE :12002 7 F 13 :12006_63_1745743271.426116 1745716673.969224 :12006 (:12008,:12004)
[Sun Apr 27 2025 01:41:11.505152] r LSUPDATE :12002 7 F 13 :12006_64_1745743271.438592 1745716673.969224 :12006 (:12008,:12004)
[Sun Apr 27 2025 01:41:11.505368] r LSUPDATE :12002 6 F 13 :12006_65_1745743271.480569 1745716673.969224 :12006 (:12008,:12004)
[Sun Apr 27 2025 01:41:11.505583] r LSUPDATE :12002 8 F 13 :12010_36_1745743271.482825 1745716693.156266 :12010 (:12008,:12002)
[Sun Apr 27 2025 01:41:11.505805] r LSUPDATE :12002 7 F 13 :12006_66_1745743271.480888 1745716673.969224 :12006 (:12008,:12004)
[Sun Apr 27 2025 01:41:11.509907] r LSUPDATE :12002 6 F 13 :12008_38_1745743271.483870 1745716683.137624 :12008 (:12006,:12010)
[Sun Apr 27 2025 01:41:11.510226] r LSUPDATE :12002 8 F 13 :12010_37_1745743271.487542 1745716693.156266 :12010 (:12008,:12002)
[Sun Apr 27 2025 01:41:11.511176] r LSUPDATE :12002 8 F 13 :12010_38_1745743271.488290 1745716693.156266 :12010 (:12008,:12002)
[Sun Apr 27 2025 01:41:11.513446] r LSUPDATE :12002 8 F 13 :12010_39_1745743271.492144 1745716693.156266 :12010 (:12008,:12002)
[Sun Apr 27 2025 01:41:11.518443] r LSUPDATE :12002 7 F 13 :12008_39_1745743271.489089 1745716683.137624 :12008 (:12006,:12010)
[Sun Apr 27 2025 01:41:11.518745] r LSUPDATE :12002 7 F 13 :12006_67_1745743271.485775 1745716673.969224 :12006 (:12008,:12004)
[Sun Apr 27 2025 01:41:11.520682] r LSUPDATE :12002 7 F 13 :12006_68_1745743271.485872 1745716673.969224 :12006 (:12008,:12004)
[Sun Apr 27 2025 01:41:11.523734] r LSUPDATE :12002 7 F 13 :12006_69_1745743271.491834 1745716673.969224 :12006 (:12008,:12004)
[Sun Apr 27 2025 01:41:11.524286] r LSUPDATE :12002 8 F 13 :12010_40_1745743271.498794 1745716693.156266 :12010 (:12008,:12002)
[Sun Apr 27 2025 01:41:11.524807] r LSUPDATE :12002 7 F 13 :12008_40_1745743271.489645 1745716683.137624 :12008 (:12006,:12010)
[Sun Apr 27 2025 01:41:11.525730] r LSUPDATE :12002 7 F 13 :12006_70_1745743271.499558 1745716673.969224 :12006 (:12008,:12004)
[Sun Apr 27 2025 01:41:11.527501] r LSUPDATE :12002 7 F 13 :12008_41_1745743271.490417 1745716683.137624 :12008 (:12006,:12010)
[Sun Apr 27 2025 01:41:11.528020] r LSUPDATE :12002 7 F 13 :12008_42_1745743271.495142 1745716683.137624 :12008 (:12006,:12010)
[Sun Apr 27 2025 01:41:11.529256] r LSUPDATE :12002 7 F 13 :12006_71_1745743271.499889 1745716673.969224 :12006 (:12008,:12004)
[Sun Apr 27 2025 01:41:11.530643] r LSUPDATE :12002 7 F 13 :12006_72_1745743271.499988 1745716673.969224 :12006 (:12008,:12004)
[Sun Apr 27 2025 01:41:11.531827] r LSUPDATE :12002 7 F 13 :12006_73_1745743271.500759 1745716673.969224 :12006 (:12008,:12004)
[Sun Apr 27 2025 01:41:11.532585] r LSUPDATE :12002 7 F 13 :12006_74_1745743271.508746 1745716673.969224 :12006 (:12008,:12004)
[Sun Apr 27 2025 01:41:11.533315] r LSUPDATE :12002 7 F 13 :12006_75_1745743271.516116 1745716673.969224 :12006 (:12008,:12004)
[Sun Apr 27 2025 01:41:11.547913] r LSUPDATE :12002 7 F 13 :12006_77_1745743271.545250 1745716673.969224 :12006 (:12008,:12004)
[Sun Apr 27 2025 01:56:22.664977] r SAYHELLO :12002 1 - 0
[Sun Apr 27 2025 01:56:22.665037] i LSUPDATE :12002 9 F 6 :12000_2_1745744182.665025 1745744182.665022 :12000 (:12002)
[Sun Apr 27 2025 01:56:22.665069] i SAYHELLO :12002 1 - 0
[Sun Apr 27 2025 01:56:22.665732] r LSUPDATE :12002 9 F 6 :12002_2_1745744182.665236 1745744182.665235 :12002 (:12000)
[Sun Apr 27 2025 01:56:31.648003] r LSUPDATE :12002 9 F 13 :12002_4_1745744191.647694 1745744182.665235 :12002 (:12000,:12004)
[Sun Apr 27 2025 01:56:31.649431] r LSUPDATE :12002 8 F 6 :12004_2_1745744191.648663 1745744191.648661 :12004 (:12002)
[Sun Apr 27 2025 01:56:31.649485] i LSUPDATE :12002 9 F 6 :12000_5_1745744191.649457 1745744182.665022 :12000 (:12002)
[Sun Apr 27 2025 01:56:31.650493] r LSUPDATE :12002 8 F 6 :12004_5_1745744191.650001 1745744191.648661 :12004 (:12002)
[Sun Apr 27 2025 01:56:31.650536] i LSUPDATE :12002 9 F 6 :12000_6_1745744191.650512 1745744182.665022 :12000 (:12002)
[Sun Apr 27 2025 01:56:39.386884] r LSUPDATE :12002 8 F 13 :12004_6_1745744199.386273 1745744191.648661 :12004 (:12002,:12006)
[Sun Apr 27 2025 01:56:39.386941] i LSUPDATE :12002 9 F 6 :12000_7_1745744199.386910 1745744182.665022 :12000 (:12002)
[Sun Apr 27 2025 01:56:39.389508] r LSUPDATE :12002 7 F 6 :12006_2_1745744199.387628 1745744199.387626 :12006 (:12004)
[Sun Apr 27 2025 01:56:39.389563] i LSUPDATE :12002 9 F 6 :12000_9_1745744199.389534 1745744182.665022 :12000 (:12002)
[Sun Apr 27 2025 01:56:39.389778] r LSUPDATE :12002 9 F 13 :12002_7_1745744199.388813 1745744182.665235 :12002 (:12000,:12004)
[Sun Apr 27 2025 01:56:39.432437] r LSUPDATE :12002 7 F 6 :12006_5_1745744199.390680 1745744199.387626 :12006 (:12004)
[Sun Apr 27 2025 01:56:39.432540] i LSUPDATE :12002 9 F 6 :12000_10_1745744199.432503 1745744182.665022 :12000 (:12002)
[Sun Apr 27 2025 01:56:39.432770] r LSUPDATE :12002 9 F 13 :12002_8_1745744199.391463 1745744182.665235 :12002 (:12000,:12004)
[Sun Apr 27 2025 01:56:39.432994] r LSUPDATE :12002 7 F 6 :12006_7_1745744199.391782 1745744199.387626 :12006 (:12004)
[Sun Apr 27 2025 01:56:39.433034] i LSUPDATE :12002 9 F 6 :12000_11_1745744199.433014 1745744182.665022 :12000 (:12002)
[Sun Apr 27 2025 01:56:39.433253] r LSUPDATE :12002 9 F 13 :12002_9_1745744199.392578 1745744182.665235 :12002 (:12000,:12004)
[Sun Apr 27 2025 01:56:47.352406] r LSUPDATE :12002 7 F 13 :12006_8_1745744207.351400 1745744199.387626 :12006 (:12004,:12008)
[Sun Apr 27 2025 01:56:47.352469] i LSUPDATE :12002 9 F 6 :12000_12_1745744207.352436 1745744182.665022 :12000 (:12002)
[Sun Apr 27 2025 01:56:47.352687] r LSUPDATE :12002 9 F 13 :12002_10_1745744207.352092 1745744182.665235 :12002 (:12000,:12004)
[Sun Apr 27 2025 01:56:47.396414] r LSUPDATE :12002 6 F 6 :12008_2_1745744207.354166 1745744207.354164 :12008 (:12006)
[Sun Apr 27 2025 01:56:47.396507] i LSUPDATE :12002 9 F 6 :12000_14_1745744207.396472 1745744182.665022 :12000 (:12002)
[Sun Apr 27 2025 01:56:47.396726] r LSUPDATE :12002 9 F 13 :12002_12_1745744207.356710 1745744182.665235 :12002 (:12000,:12004)
[Sun Apr 27 2025 01:56:47.396955] r LSUPDATE :12002 8 F 13 :12004_9_1745744207.356381 1745744191.648661 :12004 (:12002,:12006)
[Sun Apr 27 2025 01:56:47.396991] i LSUPDATE :12002 9 F 6 :12000_15_1745744207.396971 1745744182.665022 :12000 (:12002)
[Sun Apr 27 2025 01:56:47.399901] r LSUPDATE :12002 6 F 6 :12008_5_1745744207.355542 1745744207.354164 :12008 (:12006)
[Sun Apr 27 2025 01:56:47.399992] i LSUPDATE :12002 9 F 6 :12000_16_1745744207.399947 1745744182.665022 :12000 (:12002)
[Sun Apr 27 2025 01:56:47.400228] r LSUPDATE :12002 9 F 13 :12002_13_1745744207.397757 1745744182.665235 :12002 (:12000,:12004)
[Sun Apr 27 2025 01:56:47.406242] r LSUPDATE :12002 8 F 13 :12004_10_1745744207.358717 1745744191.648661 :12004 (:12002,:12006)
[Sun Apr 27 2025 01:56:47.406296] i LSUPDATE :12002 9 F 6 :12000_17_1745744207.406267 1745744182.665022 :12000 (:12002)
[Sun Apr 27 2025 01:56:47.406511] r LSUPDATE :12002 6 F 6 :12008_7_1745744207.355796 1745744207.354164 :12008 (:12006)
[Sun Apr 27 2025 01:56:47.406548] i LSUPDATE :12002 9 F 6 :12000_18_1745744207.406527 1745744182.665022 :12000 (:12002)
[Sun Apr 27 2025 01:56:47.406773] r LSUPDATE :12002 9 F 13 :12002_14_1745744207.400953 1745744182.665235 :12002 (:12000,:12004)
[Sun Apr 27 2025 01:56:47.407001] r LSUPDATE :12002 8 F 13 :12004_11_1745744207.360403 1745744191.648661 :12004 (:12002,:12006)
[Sun Apr 27 2025 01:56:47.407034] i LSUPDATE :12002 9 F 6 :12000_19_1745744207.407016 1745744182.665022 :12000 (:12002)
[Sun Apr 27 2025 01:56:47.407245] r LSUPDATE :12002 6 F 6 :12008_9_1745744207.361216 1745744207.354164 :12008 (:12006)
[Sun Apr 27 2025 01:56:47.407277] i LSUPDATE :12002 9 F 6 :12000_20_1745744207.407260 1745744182.665022 :12000 (:12002)
[Sun Apr 27 2025 01:56:47.407491] r LSUPDATE :12002 9 F 13 :12002_15_1745744207.401493 1745744182.665235 :12002 (:12000,:12004)
[Sun Apr 27 2025 01:56:47.407709] r LSUPDATE :12002 8 F 13 :12004_12_1745744207.361736 1745744191.648661 :12004 (:12002,:12006)
[Sun Apr 27 2025 01:56:47.407759] i LSUPDATE :12002 9 F 6 :12000_21_1745744207.407741 1745744182.665022 :12000 (:12002)
[Sun Apr 27 2025 01:56:56.569351] r LSUPDATE :12002 6 F 13 :12008_10_1745744216.567724 1745744207.354164 :12008 (:12006,:12010)
[Sun Apr 27 2025 01:56:56.569409] i LSUPDATE :12002 9 F 6 :12000_22_1745744216.569378 1745744182.665022 :12000 (:12002)
[Sun Apr 27 2025 01:56:56.569628] r LSUPDATE :12002 9 F 13 :12002_16_1745744216.568806 1745744182.665235 :12002 (:12000,:12004)
[Sun Apr 27 2025 01:56:56.569848] r LSUPDATE :12002 8 F 13 :12004_13_1745744216.568446 1745744191.648661 :12004 (:12002,:12006)
[Sun Apr 27 2025 01:56:56.569886] i LSUPDATE :12002 9 F 6 :12000_23_1745744216.569864 1745744182.665022 :12000 (:12002)
[Sun Apr 27 2025 01:56:56.578586] r LSUPDATE :12002 5 F 13 :12010_2_1745744216.573662 1745744216.573660 :12010 (:12002,:12008)
[Sun Apr 27 2025 01:56:56.578641] i LSUPDATE :12002 9 F 6 :12000_25_1745744216.578615 1745744182.665022 :12000 (:12002)
[Sun Apr 27 2025 01:56:56.580052] r LSUPDATE :12002 9 F 13 :12002_18_1745744216.579825 1745744182.665235 :12002 (:12000,:12004)
[Sun Apr 27 2025 01:56:56.620404] r LSUPDATE :12002 8 F 13 :12004_15_1745744216.577009 1745744191.648661 :12004 (:12002,:12006)
[Sun Apr 27 2025 01:56:56.620468] i LSUPDATE :12002 9 F 6 :12000_26_1745744216.620438 1745744182.665022 :12000 (:12002)
[Sun Apr 27 2025 01:56:56.620686] r LSUPDATE :12002 7 F 13 :12006_11_1745744216.578710 1745744199.387626 :12006 (:12004,:12008)
[Sun Apr 27 2025 01:56:56.620722] i LSUPDATE :12002 9 F 6 :12000_27_1745744216.620703 1745744182.665022 :12000 (:12002)
[Sun Apr 27 2025 01:56:56.620937] r LSUPDATE :12002 9 F 13 :12002_19_1745744216.581199 1745744182.665235 :12002 (:12000,:12004)
[Sun Apr 27 2025 01:56:56.621155] r LSUPDATE :12002 5 F 13 :12010_5_1745744216.574194 1745744216.573660 :12010 (:12002,:12008)
[Sun Apr 27 2025 01:56:56.621188] i LSUPDATE :12002 9 F 6 :12000_28_1745744216.621170 1745744182.665022 :12000 (:12002)
[Sun Apr 27 2025 01:56:56.621900] r LSUPDATE :12002 9 F 13 :12002_20_1745744216.585318 1745744182.665235 :12002 (:12000,:12004)
[Sun Apr 27 2025 01:56:56.622136] r LSUPDATE :12002 8 F 13 :12004_16_1745744216.584501 1745744191.648661 :12004 (:12002,:12006)
[Sun Apr 27 2025 01:56:56.622179] i LSUPDATE :12002 9 F 6 :12000_29_1745744216.622153 1745744182.665022 :12000 (:12002)
[Sun Apr 27 2025 01:56:56.622395] r LSUPDATE :12002 7 F 13 :12006_12_1745744216.583508 1745744199.387626 :12006 (:12004,:12008)
[Sun Apr 27 2025 01:56:56.622428] i LSUPDATE :12002 9 F 6 :12000_30_1745744216.622411 1745744182.665022 :12000 (:12002)
[Sun Apr 27 2025 01:56:56.623047] r LSUPDATE :12002 9 F 13 :12002_21_1745744216.585879 1745744182.665235 :12002 (:12000,:12004)
[Sun Apr 27 2025 01:56:56.623268] r LSUPDATE :12002 9 F 20 :12002_22_1745744216.589765 1745744182.665235 :12002 (:12000,:12004,:12010)
[Sun Apr 27 2025 01:56:56.623487] r LSUPDATE :12002 4 F 13 :12002_16_1745744216.568806 1745744182.665235 :12002 (:12000,:12004)
[Sun Apr 27 2025 01:56:56.624120] r LSUPDATE :12002 9 F 20 :12002_24_1745744216.602736 1745744182.665235 :12002 (:12000,:12004,:12010)
[Sun Apr 27 2025 01:56:56.630355] r LSUPDATE :12002 8 F 13 :12010_8_1745744216.574750 1745744216.573660 :12010 (:12002,:12008)
[Sun Apr 27 2025 01:56:56.630405] i LSUPDATE :12002 9 F 6 :12000_31_1745744216.630383 1745744182.665022 :12000 (:12002)
[Sun Apr 27 2025 01:56:56.630623] r LSUPDATE :12002 8 F 13 :12010_10_1745744216.596971 1745744216.573660 :12010 (:12002,:12008)
[Sun Apr 27 2025 01:56:56.630656] i LSUPDATE :12002 9 F 6 :12000_32_1745744216.630638 1745744182.665022 :12000 (:12002)
[Sun Apr 27 2025 01:56:56.630871] r LSUPDATE :12002 8 F 13 :12004_17_1745744216.592260 1745744191.648661 :12004 (:12002,:12006)
[Sun Apr 27 2025 01:56:56.630903] i LSUPDATE :12002 9 F 6 :12000_33_1745744216.630886 1745744182.665022 :12000 (:12002)
[Sun Apr 27 2025 01:56:56.631126] r LSUPDATE :12002 7 F 13 :12006_13_1745744216.591198 1745744199.387626 :12006 (:12004,:12008)
[Sun Apr 27 2025 01:56:56.631160] i LSUPDATE :12002 9 F 6 :12000_34_1745744216.631143 1745744182.665022 :12000 (:12002)
[Sun Apr 27 2025 01:56:56.631376] r LSUPDATE :12002 9 F 20 :12002_25_1745744216.611398 1745744182.665235 :12002 (:12000,:12004,:12010)
[Sun Apr 27 2025 01:56:56.631596] r LSUPDATE :12002 8 F 13 :12004_18_1745744216.601902 1745744191.648661 :12004 (:12002,:12006)
[Sun Apr 27 2025 01:56:56.639178] i LSUPDATE :12002 9 F 6 :12000_35_1745744216.631611 1745744182.665022 :12000 (:12002)
[Sun Apr 27 2025 01:56:56.639694] r LSUPDATE :12002 7 F 13 :12006_14_1745744216.600992 1745744199.387626 :12006 (:12004,:12008)
[Sun Apr 27 2025 01:56:56.639734] i LSUPDATE :12002 9 F 6 :12000_36_1745744216.639715 1745744182.665022 :12000 (:12002)
[Sun Apr 27 2025 01:56:56.639962] r LSUPDATE :12002 9 F 20 :12002_26_1745744216.617414 1745744182.665235 :12002 (:12000,:12004,:12010)
[Sun Apr 27 2025 01:56:56.640199] r LSUPDATE :12002 8 F 13 :12010_11_1745744216.597057 1745744216.573660 :12010 (:12002,:12008)
[Sun Apr 27 2025 01:56:56.640234] i LSUPDATE :12002 9 F 6 :12000_37_1745744216.640216 1745744182.665022 :12000 (:12002)
[Sun Apr 27 2025 01:56:56.640449] r LSUPDATE :12002 4 F 13 :12002_18_1745744216.579825 1745744182.665235 :12002 (:12000,:12004)
[Sun Apr 27 2025 01:56:56.642568] r LSUPDATE :12002 8 F 13 :12004_19_1745744216.606377 1745744191.648661 :12004 (:12002,:12006)
[Sun Apr 27 2025 01:56:56.642610] i LSUPDATE :12002 9 F 6 :12000_38_1745744216.642586 1745744182.665022 :12000 (:12002)
[Sun Apr 27 2025 01:56:56.642826] r LSUPDATE :12002 7 F 13 :12006_15_1745744216.601266 1745744199.387626 :12006 (:12004,:12008)
[Sun Apr 27 2025 01:56:56.642861] i LSUPDATE :12002 9 F 6 :12000_39_1745744216.642841 1745744182.665022 :12000 (:12002)
[Sun Apr 27 2025 01:56:56.643085] r LSUPDATE :12002 9 F 20 :12002_27_1745744216.641989 1745744182.665235 :12002 (:12000,:12004,:12010)
[Sun Apr 27 2025 01:56:56.645182] r LSUPDATE :12002 4 F 13 :12002_19_1745744216.581199 1745744182.665235 :12002 (:12000,:12004)
[Sun Apr 27 2025 01:56:56.688397] r LSUPDATE :12002 4 F 13 :12002_20_1745744216.585318 1745744182.665235 :12002 (:12000,:12004)
[Sun Apr 27 2025 01:56:56.688623] r LSUPDATE :12002 4 F 13 :12002_21_1745744216.585879 1745744182.665235 :12002 (:12000,:12004)
[Sun Apr 27 2025 02:08:29.656333] r SAYHELLO :12002 1 - 0
[Sun Apr 27 2025 02:08:29.656965] i LSUPDATE :12002 9 F 6 :12000_2_1745744909.656952 1745744909.656949 :12000 (:12002)
[Sun Apr 27 2025 02:08:29.656999] i SAYHELLO :12002 1 - 0
[Sun Apr 27 2025 02:08:29.657631] r LSUPDATE :12002 9 F 6 :12002_2_1745744909.657147 1745744909.657145 :12002 (:12000)
[Sun Apr 27 2025 02:08:37.327542] r LSUPDATE :12002 9 F 13 :12002_4_1745744917.326797 1745744909.657145 :12002 (:12000,:12004)
[Sun Apr 27 2025 02:08:37.329065] r LSUPDATE :12002 8 F 6 :12004_2_1745744917.328281 1745744917.328278 :12004 (:12002)
[Sun Apr 27 2025 02:08:37.329121] i LSUPDATE :12002 9 F 6 :12000_5_1745744917.329091 1745744909.656949 :12000 (:12002)
[Sun Apr 27 2025 02:08:37.330143] r LSUPDATE :12002 8 F 6 :12004_5_1745744917.329643 1745744917.328278 :12004 (:12002)
[Sun Apr 27 2025 02:08:37.330185] i LSUPDATE :12002 9 F 6 :12000_6_1745744917.330162 1745744909.656949 :12000 (:12002)
[Sun Apr 27 2025 02:08:44.825728] r LSUPDATE :12002 8 F 13 :12004_6_1745744924.824668 1745744917.328278 :12004 (:12002,:12006)
[Sun Apr 27 2025 02:08:44.825803] i LSUPDATE :12002 9 F 6 :12000_7_1745744924.825767 1745744909.656949 :12000 (:12002)
[Sun Apr 27 2025 02:08:44.828745] r LSUPDATE :12002 7 F 6 :12006_2_1745744924.826993 1745744924.826990 :12006 (:12004)
[Sun Apr 27 2025 02:08:44.828797] i LSUPDATE :12002 9 F 6 :12000_9_1745744924.828771 1745744909.656949 :12000 (:12002)
[Sun Apr 27 2025 02:08:44.829027] r LSUPDATE :12002 9 F 13 :12002_7_1745744924.828473 1745744909.657145 :12002 (:12000,:12004)
[Sun Apr 27 2025 02:08:44.872757] r LSUPDATE :12002 7 F 6 :12006_5_1745744924.827479 1745744924.826990 :12006 (:12004)
[Sun Apr 27 2025 02:08:44.872814] i LSUPDATE :12002 9 F 6 :12000_10_1745744924.872785 1745744909.656949 :12000 (:12002)
[Sun Apr 27 2025 02:08:44.873031] r LSUPDATE :12002 9 F 13 :12002_8_1745744924.830352 1745744909.657145 :12002 (:12000,:12004)
[Sun Apr 27 2025 02:08:44.873246] r LSUPDATE :12002 7 F 6 :12006_7_1745744924.830671 1745744924.826990 :12006 (:12004)
[Sun Apr 27 2025 02:08:44.873281] i LSUPDATE :12002 9 F 6 :12000_11_1745744924.873262 1745744909.656949 :12000 (:12002)
[Sun Apr 27 2025 02:08:44.873494] r LSUPDATE :12002 9 F 13 :12002_9_1745744924.831872 1745744909.657145 :12002 (:12000,:12004)
[Sun Apr 27 2025 02:08:51.579064] r LSUPDATE :12002 7 F 13 :12006_8_1745744931.577645 1745744924.826990 :12006 (:12004,:12008)
[Sun Apr 27 2025 02:08:51.579122] i LSUPDATE :12002 9 F 6 :12000_12_1745744931.579091 1745744909.656949 :12000 (:12002)
[Sun Apr 27 2025 02:08:51.579350] r LSUPDATE :12002 9 F 13 :12002_10_1745744931.578762 1745744909.657145 :12002 (:12000,:12004)
[Sun Apr 27 2025 02:08:51.620602] r LSUPDATE :12002 6 F 6 :12008_2_1745744931.582370 1745744931.582366 :12008 (:12006)
[Sun Apr 27 2025 02:08:51.620711] i LSUPDATE :12002 9 F 6 :12000_14_1745744931.620674 1745744909.656949 :12000 (:12002)
[Sun Apr 27 2025 02:08:51.620942] r LSUPDATE :12002 9 F 13 :12002_12_1745744931.584063 1745744909.657145 :12002 (:12000,:12004)
[Sun Apr 27 2025 02:08:51.621163] r LSUPDATE :12002 8 F 13 :12004_9_1745744931.583714 1745744917.328278 :12004 (:12002,:12006)
[Sun Apr 27 2025 02:08:51.621198] i LSUPDATE :12002 9 F 6 :12000_15_1745744931.621179 1745744909.656949 :12000 (:12002)
[Sun Apr 27 2025 02:08:51.623354] r LSUPDATE :12002 6 F 6 :12008_5_1745744931.582893 1745744931.582366 :12008 (:12006)
[Sun Apr 27 2025 02:08:51.623400] i LSUPDATE :12002 9 F 6 :12000_16_1745744931.623374 1745744909.656949 :12000 (:12002)
[Sun Apr 27 2025 02:08:51.623619] r LSUPDATE :12002 9 F 13 :12002_13_1745744931.622597 1745744909.657145 :12002 (:12000,:12004)
[Sun Apr 27 2025 02:08:51.623837] r LSUPDATE :12002 8 F 13 :12004_10_1745744931.587325 1745744917.328278 :12004 (:12002,:12006)
[Sun Apr 27 2025 02:08:51.623874] i LSUPDATE :12002 9 F 6 :12000_17_1745744931.623853 1745744909.656949 :12000 (:12002)
[Sun Apr 27 2025 02:08:51.625808] r LSUPDATE :12002 6 F 6 :12008_7_1745744931.583129 1745744931.582366 :12008 (:12006)
[Sun Apr 27 2025 02:08:51.625851] i LSUPDATE :12002 9 F 6 :12000_18_1745744931.625826 1745744909.656949 :12000 (:12002)
[Sun Apr 27 2025 02:08:51.626068] r LSUPDATE :12002 9 F 13 :12002_14_1745744931.625319 1745744909.657145 :12002 (:12000,:12004)
[Sun Apr 27 2025 02:08:51.668394] r LSUPDATE :12002 8 F 13 :12004_11_1745744931.588186 1745744917.328278 :12004 (:12002,:12006)
[Sun Apr 27 2025 02:08:51.668449] i LSUPDATE :12002 9 F 6 :12000_19_1745744931.668421 1745744909.656949 :12000 (:12002)
[Sun Apr 27 2025 02:08:51.668673] r LSUPDATE :12002 6 F 6 :12008_9_1745744931.588479 1745744931.582366 :12008 (:12006)
[Sun Apr 27 2025 02:08:51.668709] i LSUPDATE :12002 9 F 6 :12000_20_1745744931.668690 1745744909.656949 :12000 (:12002)
[Sun Apr 27 2025 02:08:51.668925] r LSUPDATE :12002 9 F 13 :12002_15_1745744931.626625 1745744909.657145 :12002 (:12000,:12004)
[Sun Apr 27 2025 02:08:51.669242] r LSUPDATE :12002 8 F 13 :12004_12_1745744931.589264 1745744917.328278 :12004 (:12002,:12006)
[Sun Apr 27 2025 02:08:51.670097] i LSUPDATE :12002 9 F 6 :12000_21_1745744931.669264 1745744909.656949 :12000 (:12002)
[Sun Apr 27 2025 02:08:57.076345] r LSUPDATE :12002 9 F 20 :12002_16_1745744937.075930 1745744909.657145 :12002 (:12000,:12004,:12010)
[Sun Apr 27 2025 02:08:57.116419] r LSUPDATE :12002 6 F 13 :12008_10_1745744937.077352 1745744931.582366 :12008 (:12006,:12010)
[Sun Apr 27 2025 02:08:57.116503] i LSUPDATE :12002 9 F 6 :12000_22_1745744937.116467 1745744909.656949 :12000 (:12002)
[Sun Apr 27 2025 02:08:57.116745] r LSUPDATE :12002 9 F 20 :12002_17_1745744937.078483 1745744909.657145 :12002 (:12000,:12004,:12010)
[Sun Apr 27 2025 02:08:57.116980] r LSUPDATE :12002 8 F 13 :12004_13_1745744937.078023 1745744917.328278 :12004 (:12002,:12006)
[Sun Apr 27 2025 02:08:57.117031] i LSUPDATE :12002 9 F 6 :12000_23_1745744937.116998 1745744909.656949 :12000 (:12002)
[Sun Apr 27 2025 02:08:57.117251] r LSUPDATE :12002 8 F 13 :12010_2_1745744937.082381 1745744937.082378 :12010 (:12002,:12008)
[Sun Apr 27 2025 02:08:57.118906] i LSUPDATE :12002 9 F 6 :12000_25_1745744937.117272 1745744909.656949 :12000 (:12002)
[Sun Apr 27 2025 02:08:57.119126] r LSUPDATE :12002 8 F 13 :12004_15_1745744937.084054 1745744917.328278 :12004 (:12002,:12006)
[Sun Apr 27 2025 02:08:57.119854] i LSUPDATE :12002 9 F 6 :12000_26_1745744937.119143 1745744909.656949 :12000 (:12002)
[Sun Apr 27 2025 02:08:57.120071] r LSUPDATE :12002 8 F 13 :12010_6_1745744937.083421 1745744937.082378 :12010 (:12002,:12008)
[Sun Apr 27 2025 02:08:57.120106] i LSUPDATE :12002 9 F 6 :12000_27_1745744937.120087 1745744909.656949 :12000 (:12002)
[Sun Apr 27 2025 02:08:57.120335] r LSUPDATE :12002 7 F 13 :12006_11_1745744937.084424 1745744924.826990 :12006 (:12004,:12008)
[Sun Apr 27 2025 02:08:57.121270] i LSUPDATE :12002 9 F 6 :12000_28_1745744937.120353 1745744909.656949 :12000 (:12002)
[Sun Apr 27 2025 02:08:57.121489] r LSUPDATE :12002 9 F 20 :12002_19_1745744937.088352 1745744909.657145 :12002 (:12000,:12004,:12010)
[Sun Apr 27 2025 02:08:57.121843] r LSUPDATE :12002 8 F 13 :12004_16_1745744937.088629 1745744917.328278 :12004 (:12002,:12006)
[Sun Apr 27 2025 02:08:57.121878] i LSUPDATE :12002 9 F 6 :12000_29_1745744937.121860 1745744909.656949 :12000 (:12002)
[Sun Apr 27 2025 02:08:57.122094] r LSUPDATE :12002 7 F 13 :12006_12_1745744937.089169 1745744924.826990 :12006 (:12004,:12008)
[Sun Apr 27 2025 02:08:57.122126] i LSUPDATE :12002 9 F 6 :12000_30_1745744937.122109 1745744909.656949 :12000 (:12002)
[Sun Apr 27 2025 02:08:57.122342] r LSUPDATE :12002 9 F 20 :12002_20_1745744937.091931 1745744909.657145 :12002 (:12000,:12004,:12010)
[Sun Apr 27 2025 02:08:57.122559] r LSUPDATE :12002 8 F 13 :12010_7_1745744937.092343 1745744937.082378 :12010 (:12002,:12008)
[Sun Apr 27 2025 02:08:57.125074] i LSUPDATE :12002 9 F 6 :12000_31_1745744937.122574 1745744909.656949 :12000 (:12002)
[Sun Apr 27 2025 02:08:57.126208] r LSUPDATE :12002 8 F 13 :12010_9_1745744937.094391 1745744937.082378 :12010 (:12002,:12008)
[Sun Apr 27 2025 02:08:57.126250] i LSUPDATE :12002 9 F 6 :12000_32_1745744937.126230 1745744909.656949 :12000 (:12002)
[Sun Apr 27 2025 02:08:57.126473] r LSUPDATE :12002 8 F 13 :12010_11_1745744937.094683 1745744937.082378 :12010 (:12002,:12008)
[Sun Apr 27 2025 02:08:57.126507] i LSUPDATE :12002 9 F 6 :12000_33_1745744937.126489 1745744909.656949 :12000 (:12002)
[Sun Apr 27 2025 02:08:57.126738] r LSUPDATE :12002 8 F 13 :12010_13_1745744937.122883 1745744937.082378 :12010 (:12002,:12008)
[Sun Apr 27 2025 02:08:57.126772] i LSUPDATE :12002 9 F 6 :12000_34_1745744937.126755 1745744909.656949 :12000 (:12002)
[Sun Apr 27 2025 02:08:57.149162] r LSUPDATE :12002 8 F 13 :12004_17_1745744937.132972 1745744917.328278 :12004 (:12002,:12006)
[Sun Apr 27 2025 02:08:57.149218] i LSUPDATE :12002 9 F 6 :12000_35_1745744937.149187 1745744909.656949 :12000 (:12002)
[Sun Apr 27 2025 02:08:57.149859] r LSUPDATE :12002 7 F 13 :12006_13_1745744937.134082 1745744924.826990 :12006 (:12004,:12008)
[Sun Apr 27 2025 02:08:57.149900] i LSUPDATE :12002 9 F 6 :12000_36_1745744937.149877 1745744909.656949 :12000 (:12002)
[Sun Apr 27 2025 02:08:57.150116] r LSUPDATE :12002 9 F 20 :12002_21_1745744937.144485 1745744909.657145 :12002 (:12000,:12004,:12010)
[Sun Apr 27 2025 02:08:57.150338] r LSUPDATE :12002 6 F 13 :12008_13_1745744937.135533 1745744931.582366 :12008 (:12006,:12010)
[Sun Apr 27 2025 02:08:57.150372] i LSUPDATE :12002 9 F 6 :12000_37_1745744937.150354 1745744909.656949 :12000 (:12002)
[Sun Apr 27 2025 02:08:57.151010] r LSUPDATE :12002 9 F 20 :12002_22_1745744937.147884 1745744909.657145 :12002 (:12000,:12004,:12010)
[Sun Apr 27 2025 02:08:57.151229] r LSUPDATE :12002 8 F 13 :12004_18_1745744937.145241 1745744917.328278 :12004 (:12002,:12006)
[Sun Apr 27 2025 02:08:57.169447] i LSUPDATE :12002 9 F 6 :12000_38_1745744937.151244 1745744909.656949 :12000 (:12002)
[Sun Apr 27 2025 02:08:57.169674] r LSUPDATE :12002 8 F 13 :12004_19_1745744937.145310 1745744917.328278 :12004 (:12002,:12006)
[Sun Apr 27 2025 02:08:57.169712] i LSUPDATE :12002 9 F 6 :12000_39_1745744937.169693 1745744909.656949 :12000 (:12002)
[Sun Apr 27 2025 02:08:57.169937] r LSUPDATE :12002 8 F 13 :12004_20_1745744937.145611 1745744917.328278 :12004 (:12002,:12006)
[Sun Apr 27 2025 02:08:57.169971] i LSUPDATE :12002 9 F 6 :12000_40_1745744937.169953 1745744909.656949 :12000 (:12002)
[Sun Apr 27 2025 02:08:57.178135] r LSUPDATE :12002 7 F 13 :12006_14_1745744937.152033 1745744924.826990 :12006 (:12004,:12008)
[Sun Apr 27 2025 02:08:57.178179] i LSUPDATE :12002 9 F 6 :12000_41_1745744937.178158 1745744909.656949 :12000 (:12002)
[Sun Apr 27 2025 02:08:57.179863] r LSUPDATE :12002 9 F 20 :12002_23_1745744937.179624 1745744909.657145 :12002 (:12000,:12004,:12010)
[Sun Apr 27 2025 02:08:57.184991] r LSUPDATE :12002 7 F 13 :12006_15_1745744937.153073 1745744924.826990 :12006 (:12004,:12008)
[Sun Apr 27 2025 02:08:57.185043] i LSUPDATE :12002 9 F 6 :12000_42_1745744937.185017 1745744909.656949 :12000 (:12002)
[Sun Apr 27 2025 02:08:57.187754] r LSUPDATE :12002 9 F 20 :12002_24_1745744937.187512 1745744909.657145 :12002 (:12000,:12004,:12010)
[Sun Apr 27 2025 02:08:57.228394] r LSUPDATE :12002 8 F 13 :12004_21_1745744937.155057 1745744917.328278 :12004 (:12002,:12006)
[Sun Apr 27 2025 02:08:57.228454] i LSUPDATE :12002 9 F 6 :12000_43_1745744937.228423 1745744909.656949 :12000 (:12002)
[Sun Apr 27 2025 02:08:57.228675] r LSUPDATE :12002 7 F 13 :12006_16_1745744937.171808 1745744924.826990 :12006 (:12004,:12008)
[Sun Apr 27 2025 02:08:57.228710] i LSUPDATE :12002 9 F 6 :12000_44_1745744937.228692 1745744909.656949 :12000 (:12002)
[Sun Apr 27 2025 02:08:57.228938] r LSUPDATE :12002 9 F 20 :12002_25_1745744937.191139 1745744909.657145 :12002 (:12000,:12004,:12010)
[Sun Apr 27 2025 02:16:18.140764] r SAYHELLO :12002 1 - 0
[Sun Apr 27 2025 02:16:18.140822] i LSUPDATE :12002 9 F 6 :12000_2_1745745378.140810 1745745378.140808 :12000 (:12002)
[Sun Apr 27 2025 02:16:18.140847] i SAYHELLO :12002 1 - 0
[Sun Apr 27 2025 02:16:18.142308] r LSUPDATE :12002 9 F 6 :12002_2_1745745378.141018 1745745378.141016 :12002 (:12000)
[Sun Apr 27 2025 02:16:28.526373] r LSUPDATE :12002 9 F 13 :12002_4_1745745388.526127 1745745378.141016 :12002 (:12000,:12004)
[Sun Apr 27 2025 02:16:28.527414] r LSUPDATE :12002 8 F 6 :12004_2_1745745388.526633 1745745388.526631 :12004 (:12002)
[Sun Apr 27 2025 02:16:28.527465] i LSUPDATE :12002 9 F 6 :12000_5_1745745388.527438 1745745378.140808 :12000 (:12002)
[Sun Apr 27 2025 02:16:28.528897] r LSUPDATE :12002 8 F 6 :12004_5_1745745388.528407 1745745388.526631 :12004 (:12002)
[Sun Apr 27 2025 02:16:28.528941] i LSUPDATE :12002 9 F 6 :12000_6_1745745388.528917 1745745378.140808 :12000 (:12002)
[Sun Apr 27 2025 02:16:34.855395] r LSUPDATE :12002 8 F 13 :12004_6_1745745394.854749 1745745388.526631 :12004 (:12002,:12006)
[Sun Apr 27 2025 02:16:34.855455] i LSUPDATE :12002 9 F 6 :12000_7_1745745394.855425 1745745378.140808 :12000 (:12002)
[Sun Apr 27 2025 02:16:34.857551] r LSUPDATE :12002 7 F 6 :12006_2_1745745394.856217 1745745394.856215 :12006 (:12004)
[Sun Apr 27 2025 02:16:34.857602] i LSUPDATE :12002 9 F 6 :12000_9_1745745394.857576 1745745378.140808 :12000 (:12002)
[Sun Apr 27 2025 02:16:34.858729] r LSUPDATE :12002 9 F 13 :12002_7_1745745394.857280 1745745378.141016 :12002 (:12000,:12004)
[Sun Apr 27 2025 02:16:34.900483] r LSUPDATE :12002 7 F 6 :12006_5_1745745394.856709 1745745394.856215 :12006 (:12004)
[Sun Apr 27 2025 02:16:34.900584] i LSUPDATE :12002 9 F 6 :12000_10_1745745394.900543 1745745378.140808 :12000 (:12002)
[Sun Apr 27 2025 02:16:34.900819] r LSUPDATE :12002 9 F 13 :12002_8_1745745394.860482 1745745378.141016 :12002 (:12000,:12004)
[Sun Apr 27 2025 02:16:34.901049] r LSUPDATE :12002 7 F 6 :12006_7_1745745394.860779 1745745394.856215 :12006 (:12004)
[Sun Apr 27 2025 02:16:34.901084] i LSUPDATE :12002 9 F 6 :12000_11_1745745394.901064 1745745378.140808 :12000 (:12002)
[Sun Apr 27 2025 02:16:34.901312] r LSUPDATE :12002 9 F 13 :12002_9_1745745394.861567 1745745378.141016 :12002 (:12000,:12004)
[Sun Apr 27 2025 02:16:43.538551] r LSUPDATE :12002 7 F 13 :12006_8_1745745403.537568 1745745394.856215 :12006 (:12004,:12008)
[Sun Apr 27 2025 02:16:43.538610] i LSUPDATE :12002 9 F 6 :12000_12_1745745403.538579 1745745378.140808 :12000 (:12002)
[Sun Apr 27 2025 02:16:43.538828] r LSUPDATE :12002 9 F 13 :12002_10_1745745403.538255 1745745378.141016 :12002 (:12000,:12004)
[Sun Apr 27 2025 02:16:43.580448] r LSUPDATE :12002 6 F 6 :12008_2_1745745403.540733 1745745403.540731 :12008 (:12006)
[Sun Apr 27 2025 02:16:43.580546] i LSUPDATE :12002 9 F 6 :12000_14_1745745403.580509 1745745378.140808 :12000 (:12002)
[Sun Apr 27 2025 02:16:43.580774] r LSUPDATE :12002 9 F 13 :12002_12_1745745403.542511 1745745378.141016 :12002 (:12000,:12004)
[Sun Apr 27 2025 02:16:43.580997] r LSUPDATE :12002 8 F 13 :12004_9_1745745403.542191 1745745388.526631 :12004 (:12002,:12006)
[Sun Apr 27 2025 02:16:43.581033] i LSUPDATE :12002 9 F 6 :12000_15_1745745403.581014 1745745378.140808 :12000 (:12002)
[Sun Apr 27 2025 02:16:43.583848] r LSUPDATE :12002 6 F 6 :12008_5_1745745403.541393 1745745403.540731 :12008 (:12006)
[Sun Apr 27 2025 02:16:43.583900] i LSUPDATE :12002 9 F 6 :12000_16_1745745403.583869 1745745378.140808 :12000 (:12002)
[Sun Apr 27 2025 02:16:43.584116] r LSUPDATE :12002 9 F 13 :12002_13_1745745403.581851 1745745378.141016 :12002 (:12000,:12004)
[Sun Apr 27 2025 02:16:43.584356] r LSUPDATE :12002 8 F 13 :12004_10_1745745403.544140 1745745388.526631 :12004 (:12002,:12006)
[Sun Apr 27 2025 02:16:43.584395] i LSUPDATE :12002 9 F 6 :12000_17_1745745403.584373 1745745378.140808 :12000 (:12002)
[Sun Apr 27 2025 02:16:43.586338] r LSUPDATE :12002 6 F 6 :12008_7_1745745403.541629 1745745403.540731 :12008 (:12006)
[Sun Apr 27 2025 02:16:43.586380] i LSUPDATE :12002 9 F 6 :12000_18_1745745403.586356 1745745378.140808 :12000 (:12002)
[Sun Apr 27 2025 02:16:43.586595] r LSUPDATE :12002 9 F 13 :12002_14_1745745403.584934 1745745378.141016 :12002 (:12000,:12004)
[Sun Apr 27 2025 02:16:43.586824] r LSUPDATE :12002 8 F 13 :12004_11_1745745403.545893 1745745388.526631 :12004 (:12002,:12006)
[Sun Apr 27 2025 02:16:43.586862] i LSUPDATE :12002 9 F 6 :12000_19_1745745403.586840 1745745378.140808 :12000 (:12002)
[Sun Apr 27 2025 02:16:43.587086] r LSUPDATE :12002 6 F 6 :12008_9_1745745403.546487 1745745403.540731 :12008 (:12006)
[Sun Apr 27 2025 02:16:43.587120] i LSUPDATE :12002 9 F 6 :12000_20_1745745403.587102 1745745378.140808 :12000 (:12002)
[Sun Apr 27 2025 02:16:43.587334] r LSUPDATE :12002 9 F 13 :12002_15_1745745403.585468 1745745378.141016 :12002 (:12000,:12004)
[Sun Apr 27 2025 02:16:43.587550] r LSUPDATE :12002 8 F 13 :12004_12_1745745403.548294 1745745388.526631 :12004 (:12002,:12006)
[Sun Apr 27 2025 02:16:43.587582] i LSUPDATE :12002 9 F 6 :12000_21_1745745403.587565 1745745378.140808 :12000 (:12002)
[Sun Apr 27 2025 02:16:49.450998] r LSUPDATE :12002 6 F 13 :12008_10_1745745409.449437 1745745403.540731 :12008 (:12006,:12010)
[Sun Apr 27 2025 02:16:49.451053] i LSUPDATE :12002 9 F 6 :12000_22_1745745409.451025 1745745378.140808 :12000 (:12002)
[Sun Apr 27 2025 02:16:49.451296] r LSUPDATE :12002 9 F 13 :12002_16_1745745409.450459 1745745378.141016 :12002 (:12000,:12004)
[Sun Apr 27 2025 02:16:49.451515] r LSUPDATE :12002 8 F 13 :12004_13_1745745409.450099 1745745388.526631 :12004 (:12002,:12006)
[Sun Apr 27 2025 02:16:49.451554] i LSUPDATE :12002 9 F 6 :12000_23_1745745409.451531 1745745378.140808 :12000 (:12002)
[Sun Apr 27 2025 02:16:49.458865] r LSUPDATE :12002 9 F 20 :12002_17_1745745409.458544 1745745378.141016 :12002 (:12000,:12004,:12010)
[Sun Apr 27 2025 02:16:49.500576] r LSUPDATE :12002 8 F 13 :12010_2_1745745409.457058 1745745409.457056 :12010 (:12002,:12008)
[Sun Apr 27 2025 02:16:49.500640] i LSUPDATE :12002 9 F 6 :12000_25_1745745409.500612 1745745378.140808 :12000 (:12002)
[Sun Apr 27 2025 02:16:49.500858] r LSUPDATE :12002 8 F 13 :12004_15_1745745409.460863 1745745388.526631 :12004 (:12002,:12006)
[Sun Apr 27 2025 02:16:49.500894] i LSUPDATE :12002 9 F 6 :12000_26_1745745409.500876 1745745378.140808 :12000 (:12002)
[Sun Apr 27 2025 02:16:49.501107] r LSUPDATE :12002 8 F 13 :12010_5_1745745409.457578 1745745409.457056 :12010 (:12002,:12008)
[Sun Apr 27 2025 02:16:49.501141] i LSUPDATE :12002 9 F 6 :12000_27_1745745409.501123 1745745378.140808 :12000 (:12002)
[Sun Apr 27 2025 02:16:49.501363] r LSUPDATE :12002 7 F 13 :12006_11_1745745409.460538 1745745394.856215 :12006 (:12004,:12008)
[Sun Apr 27 2025 02:16:49.503512] i LSUPDATE :12002 9 F 6 :12000_28_1745745409.501380 1745745378.140808 :12000 (:12002)
[Sun Apr 27 2025 02:16:49.504202] r LSUPDATE :12002 9 F 20 :12002_19_1745745409.465554 1745745378.141016 :12002 (:12000,:12004,:12010)
[Sun Apr 27 2025 02:16:49.504425] r LSUPDATE :12002 4 F 13 :12002_16_1745745409.450459 1745745378.141016 :12002 (:12000,:12004)
[Sun Apr 27 2025 02:16:49.504639] r LSUPDATE :12002 9 F 20 :12002_21_1745745409.465942 1745745378.141016 :12002 (:12000,:12004,:12010)
[Sun Apr 27 2025 02:16:49.505275] r LSUPDATE :12002 8 F 13 :12010_8_1745745409.458372 1745745409.457056 :12010 (:12002,:12008)
[Sun Apr 27 2025 02:16:49.507220] i LSUPDATE :12002 9 F 6 :12000_29_1745745409.505293 1745745378.140808 :12000 (:12002)
[Sun Apr 27 2025 02:16:49.507443] r LSUPDATE :12002 8 F 13 :12004_16_1745745409.467960 1745745388.526631 :12004 (:12002,:12006)
[Sun Apr 27 2025 02:16:49.507483] i LSUPDATE :12002 9 F 6 :12000_30_1745745409.507460 1745745378.140808 :12000 (:12002)
[Sun Apr 27 2025 02:16:49.507703] r LSUPDATE :12002 8 F 13 :12010_9_1745745409.459688 1745745409.457056 :12010 (:12002,:12008)
[Sun Apr 27 2025 02:16:49.507737] i LSUPDATE :12002 9 F 6 :12000_31_1745745409.507719 1745745378.140808 :12000 (:12002)
[Sun Apr 27 2025 02:16:49.507951] r LSUPDATE :12002 8 F 13 :12010_11_1745745409.470040 1745745409.457056 :12010 (:12002,:12008)
[Sun Apr 27 2025 02:16:49.507983] i LSUPDATE :12002 9 F 6 :12000_32_1745745409.507966 1745745378.140808 :12000 (:12002)
[Sun Apr 27 2025 02:16:49.508209] r LSUPDATE :12002 7 F 13 :12006_12_1745745409.471072 1745745394.856215 :12006 (:12004,:12008)
[Sun Apr 27 2025 02:16:49.508244] i LSUPDATE :12002 9 F 6 :12000_33_1745745409.508226 1745745378.140808 :12000 (:12002)
[Sun Apr 27 2025 02:16:49.508466] r LSUPDATE :12002 9 F 20 :12002_22_1745745409.483677 1745745378.141016 :12002 (:12000,:12004,:12010)
[Sun Apr 27 2025 02:16:49.508686] r LSUPDATE :12002 8 F 13 :12004_17_1745745409.482626 1745745388.526631 :12004 (:12002,:12006)
[Sun Apr 27 2025 02:16:49.514182] i LSUPDATE :12002 9 F 6 :12000_34_1745745409.508701 1745745378.140808 :12000 (:12002)
[Sun Apr 27 2025 02:16:49.514409] r LSUPDATE :12002 7 F 13 :12006_13_1745745409.477239 1745745394.856215 :12006 (:12004,:12008)
[Sun Apr 27 2025 02:16:49.514455] i LSUPDATE :12002 9 F 6 :12000_35_1745745409.514428 1745745378.140808 :12000 (:12002)
[Sun Apr 27 2025 02:16:49.514673] r LSUPDATE :12002 9 F 20 :12002_23_1745745409.501939 1745745378.141016 :12002 (:12000,:12004,:12010)
[Sun Apr 27 2025 02:16:49.514892] r LSUPDATE :12002 8 F 13 :12004_18_1745745409.483138 1745745388.526631 :12004 (:12002,:12006)
[Sun Apr 27 2025 02:16:49.514926] i LSUPDATE :12002 9 F 6 :12000_36_1745745409.514907 1745745378.140808 :12000 (:12002)
[Sun Apr 27 2025 02:16:49.515144] r LSUPDATE :12002 7 F 13 :12006_14_1745745409.480588 1745745394.856215 :12006 (:12004,:12008)
[Sun Apr 27 2025 02:16:49.515177] i LSUPDATE :12002 9 F 6 :12000_37_1745745409.515160 1745745378.140808 :12000 (:12002)
[Sun Apr 27 2025 02:16:49.515397] r LSUPDATE :12002 9 F 20 :12002_24_1745745409.502694 1745745378.141016 :12002 (:12000,:12004,:12010)
[Sun Apr 27 2025 02:16:49.515614] r LSUPDATE :12002 8 F 13 :12004_19_1745745409.489017 1745745388.526631 :12004 (:12002,:12006)
[Sun Apr 27 2025 02:16:49.520359] i LSUPDATE :12002 9 F 6 :12000_38_1745745409.515629 1745745378.140808 :12000 (:12002)
[Sun Apr 27 2025 02:16:49.520899] r LSUPDATE :12002 7 F 13 :12006_15_1745745409.487830 1745745394.856215 :12006 (:12004,:12008)
[Sun Apr 27 2025 02:16:49.520941] i LSUPDATE :12002 9 F 6 :12000_39_1745745409.520919 1745745378.140808 :12000 (:12002)
[Sun Apr 27 2025 02:16:49.521158] r LSUPDATE :12002 9 F 20 :12002_25_1745745409.503443 1745745378.141016 :12002 (:12000,:12004,:12010)
[Sun Apr 27 2025 02:16:49.541915] r LSUPDATE :12002 4 F 20 :12002_24_1745745409.502694 1745745378.141016 :12002 (:12000,:12004,:12010)
[Sun Apr 27 2025 02:22:55.120236] r LSUPDATE :12002 9 F 13 :12002_33_1745745775.118543 1745745378.141016 :12002 (:12000,:12010)
[Sun Apr 27 2025 02:22:55.120479] r LSUPDATE :12002 6 F 6 :12006_27_1745745775.118716 1745745394.856215 :12006 (:12008)
[Sun Apr 27 2025 02:22:55.120540] i LSUPDATE :12002 9 F 6 :12000_50_1745745775.120529 1745745378.140808 :12000 (:12002)
[Sun Apr 27 2025 02:22:55.120758] r LSUPDATE :12002 9 F 13 :12002_34_1745745775.119912 1745745378.141016 :12002 (:12000,:12010)
[Sun Apr 27 2025 02:23:30.955743] r LSUPDATE :12002 6 F 13 :12006_32_1745745810.954477 1745745394.856215 :12006 (:12008,:12004)
[Sun Apr 27 2025 02:23:30.955780] i LSUPDATE :12002 9 F 6 :12000_57_1745745810.955771 1745745378.140808 :12000 (:12002)
[Sun Apr 27 2025 02:23:30.958199] r LSUPDATE :12002 9 F 13 :12002_37_1745745810.955451 1745745378.141016 :12002 (:12000,:12010)
[Sun Apr 27 2025 02:23:30.962920] r LSUPDATE :12002 5 F 13 :12004_2_1745745810.958670 1745745810.958384 :12004 (:12002,:12006)
[Sun Apr 27 2025 02:23:30.962985] i LSUPDATE :12002 9 F 6 :12000_59_1745745810.962953 1745745378.140808 :12000 (:12002)
[Sun Apr 27 2025 02:23:30.963205] r LSUPDATE :12002 9 F 13 :12002_39_1745745810.960929 1745745378.141016 :12002 (:12000,:12010)
[Sun Apr 27 2025 02:23:30.963852] r LSUPDATE :12002 8 F 13 :12010_17_1745745810.960081 1745745409.457056 :12010 (:12002,:12008)
[Sun Apr 27 2025 02:23:30.963895] i LSUPDATE :12002 9 F 6 :12000_60_1745745810.963871 1745745378.140808 :12000 (:12002)
[Sun Apr 27 2025 02:23:30.964112] r LSUPDATE :12002 7 F 13 :12008_16_1745745810.959768 1745745403.540731 :12008 (:12006,:12010)
[Sun Apr 27 2025 02:23:30.965466] i LSUPDATE :12002 9 F 6 :12000_61_1745745810.964128 1745745378.140808 :12000 (:12002)
[Sun Apr 27 2025 02:23:30.965695] r LSUPDATE :12002 9 F 13 :12002_40_1745745810.961479 1745745378.141016 :12002 (:12000,:12010)
[Sun Apr 27 2025 02:23:30.966426] r LSUPDATE :12002 9 F 20 :12002_41_1745745810.965850 1745745378.141016 :12002 (:12000,:12010,:12004)
[Sun Apr 27 2025 02:23:30.976382] r LSUPDATE :12002 5 F 13 :12004_5_1745745810.968309 1745745810.958384 :12004 (:12002,:12006)
[Sun Apr 27 2025 02:23:30.976433] i LSUPDATE :12002 9 F 6 :12000_62_1745745810.976405 1745745378.140808 :12000 (:12002)
[Sun Apr 27 2025 02:23:30.976661] r LSUPDATE :12002 8 F 13 :12010_18_1745745810.971431 1745745409.457056 :12010 (:12002,:12008)
[Sun Apr 27 2025 02:23:30.976702] i LSUPDATE :12002 9 F 6 :12000_63_1745745810.976679 1745745378.140808 :12000 (:12002)
[Sun Apr 27 2025 02:23:30.976920] r LSUPDATE :12002 4 F 13 :12002_37_1745745810.955451 1745745378.141016 :12002 (:12000,:12010)
[Sun Apr 27 2025 02:23:30.981893] r LSUPDATE :12002 7 F 13 :12008_17_1745745810.970369 1745745403.540731 :12008 (:12006,:12010)
[Sun Apr 27 2025 02:23:30.981959] i LSUPDATE :12002 9 F 6 :12000_64_1745745810.981926 1745745378.140808 :12000 (:12002)
[Sun Apr 27 2025 02:23:30.988765] r LSUPDATE :12002 9 F 20 :12002_42_1745745810.977713 1745745378.141016 :12002 (:12000,:12010,:12004)
[Sun Apr 27 2025 02:23:31.032392] r LSUPDATE :12002 6 F 13 :12006_34_1745745810.969790 1745745394.856215 :12006 (:12008,:12004)
[Sun Apr 27 2025 02:23:31.032450] i LSUPDATE :12002 9 F 6 :12000_65_1745745811.032421 1745745378.140808 :12000 (:12002)
[Sun Apr 27 2025 02:23:31.032675] r LSUPDATE :12002 9 F 20 :12002_43_1745745810.978017 1745745378.141016 :12002 (:12000,:12010,:12004)
[Sun Apr 27 2025 02:23:31.032895] r LSUPDATE :12002 8 F 13 :12004_7_1745745810.968831 1745745810.958384 :12004 (:12002,:12006)
[Sun Apr 27 2025 02:23:31.032929] i LSUPDATE :12002 9 F 6 :12000_66_1745745811.032911 1745745378.140808 :12000 (:12002)
[Sun Apr 27 2025 02:23:31.033150] r LSUPDATE :12002 8 F 13 :12004_9_1745745810.985127 1745745810.958384 :12004 (:12002,:12006)
[Sun Apr 27 2025 02:23:31.033184] i LSUPDATE :12002 9 F 6 :12000_67_1745745811.033166 1745745378.140808 :12000 (:12002)
[Sun Apr 27 2025 02:23:31.034292] r LSUPDATE :12002 6 F 13 :12006_35_1745745810.983020 1745745394.856215 :12006 (:12008,:12004)
[Sun Apr 27 2025 02:23:31.034333] i LSUPDATE :12002 9 F 6 :12000_68_1745745811.034313 1745745378.140808 :12000 (:12002)
[Sun Apr 27 2025 02:23:31.034558] r LSUPDATE :12002 9 F 20 :12002_44_1745745811.006634 1745745378.141016 :12002 (:12000,:12010,:12004)
[Sun Apr 27 2025 02:23:31.034790] r LSUPDATE :12002 8 F 13 :12004_11_1745745810.990998 1745745810.958384 :12004 (:12002,:12006)
[Sun Apr 27 2025 02:23:31.034825] i LSUPDATE :12002 9 F 6 :12000_69_1745745811.034807 1745745378.140808 :12000 (:12002)
[Sun Apr 27 2025 02:23:31.035060] r LSUPDATE :12002 4 F 13 :12002_39_1745745810.960929 1745745378.141016 :12002 (:12000,:12010)
[Sun Apr 27 2025 02:23:31.035278] r LSUPDATE :12002 8 F 13 :12010_19_1745745811.000579 1745745409.457056 :12010 (:12002,:12008)
[Sun Apr 27 2025 02:23:31.035312] i LSUPDATE :12002 9 F 6 :12000_70_1745745811.035294 1745745378.140808 :12000 (:12002)
[Sun Apr 27 2025 02:23:31.035528] r LSUPDATE :12002 7 F 13 :12008_18_1745745810.996193 1745745403.540731 :12008 (:12006,:12010)
[Sun Apr 27 2025 02:23:31.035560] i LSUPDATE :12002 9 F 6 :12000_71_1745745811.035543 1745745378.140808 :12000 (:12002)
[Sun Apr 27 2025 02:23:31.036123] r LSUPDATE :12002 9 F 20 :12002_45_1745745811.014923 1745745378.141016 :12002 (:12000,:12010,:12004)
[Sun Apr 27 2025 02:23:31.036636] r LSUPDATE :12002 8 F 13 :12010_20_1745745811.001082 1745745409.457056 :12010 (:12002,:12008)
[Sun Apr 27 2025 02:23:31.036673] i LSUPDATE :12002 9 F 6 :12000_72_1745745811.036654 1745745378.140808 :12000 (:12002)
[Sun Apr 27 2025 02:23:31.036888] r LSUPDATE :12002 7 F 13 :12008_19_1745745810.996541 1745745403.540731 :12008 (:12006,:12010)
[Sun Apr 27 2025 02:23:31.037177] i LSUPDATE :12002 9 F 6 :12000_73_1745745811.036903 1745745378.140808 :12000 (:12002)
[Sun Apr 27 2025 02:23:31.037394] r LSUPDATE :12002 9 F 20 :12002_46_1745745811.022074 1745745378.141016 :12002 (:12000,:12010,:12004)
[Sun Apr 27 2025 02:23:31.037614] r LSUPDATE :12002 8 F 13 :12010_21_1745745811.008433 1745745409.457056 :12010 (:12002,:12008)
[Sun Apr 27 2025 02:23:31.037647] i LSUPDATE :12002 9 F 6 :12000_74_1745745811.037630 1745745378.140808 :12000 (:12002)
[Sun Apr 27 2025 02:23:31.037862] r LSUPDATE :12002 7 F 13 :12008_20_1745745811.002747 1745745403.540731 :12008 (:12006,:12010)
[Sun Apr 27 2025 02:23:31.037894] i LSUPDATE :12002 9 F 6 :12000_75_1745745811.037877 1745745378.140808 :12000 (:12002)
[Sun Apr 27 2025 02:23:31.038110] r LSUPDATE :12002 9 F 20 :12002_47_1745745811.025622 1745745378.141016 :12002 (:12000,:12010,:12004)
[Sun Apr 27 2025 02:23:31.038336] r LSUPDATE :12002 4 F 13 :12002_40_1745745810.961479 1745745378.141016 :12002 (:12000,:12010)
[Sun Apr 27 2025 02:23:31.038609] r LSUPDATE :12002 8 F 13 :12004_13_1745745811.001907 1745745810.958384 :12004 (:12002,:12006)
[Sun Apr 27 2025 02:23:31.038645] i LSUPDATE :12002 9 F 6 :12000_76_1745745811.038626 1745745378.140808 :12000 (:12002)
[Sun Apr 27 2025 02:23:31.038859] r LSUPDATE :12002 8 F 13 :12010_22_1745745811.008979 1745745409.457056 :12010 (:12002,:12008)
[Sun Apr 27 2025 02:23:31.038891] i LSUPDATE :12002 9 F 6 :12000_77_1745745811.038874 1745745378.140808 :12000 (:12002)
[Sun Apr 27 2025 02:23:31.039118] r LSUPDATE :12002 7 F 13 :12008_21_1745745811.003063 1745745403.540731 :12008 (:12006,:12010)
[Sun Apr 27 2025 02:23:31.039158] i LSUPDATE :12002 9 F 6 :12000_78_1745745811.039140 1745745378.140808 :12000 (:12002)
[Sun Apr 27 2025 02:23:31.039382] r LSUPDATE :12002 9 F 20 :12002_48_1745745811.030330 1745745378.141016 :12002 (:12000,:12010,:12004)
[Sun Apr 27 2025 02:23:31.067982] r LSUPDATE :12002 6 F 13 :12006_36_1745745811.047573 1745745394.856215 :12006 (:12008,:12004)
[Sun Apr 27 2025 02:23:31.080129] i LSUPDATE :12002 9 F 6 :12000_79_1745745811.068027 1745745378.140808 :12000 (:12002)
[Sun Apr 27 2025 02:23:31.080370] r LSUPDATE :12002 9 F 20 :12002_49_1745745811.060659 1745745378.141016 :12002 (:12000,:12010,:12004)
[Sun Apr 27 2025 02:23:31.080602] r LSUPDATE :12002 6 F 13 :12006_37_1745745811.055870 1745745394.856215 :12006 (:12008,:12004)
[Sun Apr 27 2025 02:23:31.080644] i LSUPDATE :12002 9 F 6 :12000_80_1745745811.080620 1745745378.140808 :12000 (:12002)
[Sun Apr 27 2025 02:23:31.080860] r LSUPDATE :12002 9 F 20 :12002_50_1745745811.064350 1745745378.141016 :12002 (:12000,:12010,:12004)
[Sun Apr 27 2025 02:23:31.081085] r LSUPDATE :12002 6 F 13 :12006_38_1745745811.056404 1745745394.856215 :12006 (:12008,:12004)
[Sun Apr 27 2025 02:23:31.081120] i LSUPDATE :12002 9 F 6 :12000_81_1745745811.081102 1745745378.140808 :12000 (:12002)
[Sun Apr 27 2025 02:23:31.081335] r LSUPDATE :12002 9 F 20 :12002_51_1745745811.077644 1745745378.141016 :12002 (:12000,:12010,:12004)
[Sun Apr 27 2025 02:23:31.086623] r LSUPDATE :12002 6 F 13 :12006_39_1745745811.062826 1745745394.856215 :12006 (:12008,:12004)
[Sun Apr 27 2025 02:23:31.086667] i LSUPDATE :12002 9 F 6 :12000_82_1745745811.086646 1745745378.140808 :12000 (:12002)
[Sun Apr 27 2025 02:23:31.092126] r LSUPDATE :12002 9 F 20 :12002_52_1745745811.091890 1745745378.141016 :12002 (:12000,:12010,:12004)
[Sun Apr 27 2025 02:23:45.094318] r LSUPDATE :12002 6 F 6 :12006_42_1745745825.092597 1745745394.856215 :12006 (:12008)
[Sun Apr 27 2025 02:23:45.094376] i LSUPDATE :12002 9 F 6 :12000_83_1745745825.094346 1745745378.140808 :12000 (:12002)
[Sun Apr 27 2025 02:23:45.094607] r LSUPDATE :12002 9 F 13 :12002_53_1745745825.093918 1745745378.141016 :12002 (:12000,:12010)
[Sun Apr 27 2025 02:23:45.094831] r LSUPDATE :12002 9 F 13 :12002_54_1745745825.093990 1745745378.141016 :12002 (:12000,:12010)
