[Sun Apr 27 2025 01:56:39.387475] i SAYHELLO :12004 1 - 0
[Sun Apr 27 2025 01:56:39.387612] r SAYHELLO :12004 1 - 0
[Sun Apr 27 2025 01:56:39.387667] i LSUPDATE :12004 9 F 6 :12006_2_1745744199.387628 1745744199.387626 :12006 (:12004)
[Sun Apr 27 2025 01:56:39.390427] r LSUPDATE :12004 9 F 13 :12004_6_1745744199.386273 1745744191.648661 :12004 (:12002,:12006)
[Sun Apr 27 2025 01:56:39.390660] r LSUPDATE :12004 7 F 6 :12000_7_1745744199.386910 1745744182.665022 :12000 (:12002)
[Sun Apr 27 2025 01:56:39.391526] i LSUPDATE :12004 9 F 6 :12006_5_1745744199.390680 1745744199.387626 :12006 (:12004)
[Sun Apr 27 2025 01:56:39.391760] r LSUPDATE :12004 8 F 13 :12002_7_1745744199.388813 1745744182.665235 :12002 (:12000,:12004)
[Sun Apr 27 2025 01:56:39.393546] i LSUPDATE :12004 9 F 6 :12006_7_1745744199.391782 1745744199.387626 :12006 (:12004)
[Sun Apr 27 2025 01:56:39.393760] r LSUPDATE :12004 7 F 6 :12000_9_1745744199.389534 1745744182.665022 :12000 (:12002)
[Sun Apr 27 2025 01:56:39.393985] r LSUPDATE :12004 8 F 13 :12002_8_1745744199.391463 1745744182.665235 :12002 (:12000,:12004)
[Sun Apr 27 2025 01:56:39.440208] r LSUPDATE :12004 8 F 13 :12002_9_1745744199.392578 1745744182.665235 :12002 (:12000,:12004)
[Sun Apr 27 2025 01:56:39.440450] r LSUPDATE :12004 7 F 6 :12000_10_1745744199.432503 1745744182.665022 :12000 (:12002)
[Sun Apr 27 2025 01:56:39.477394] r LSUPDATE :12004 7 F 6 :12000_11_1745744199.433014 1745744182.665022 :12000 (:12002)
[Sun Apr 27 2025 01:56:47.351365] r SAYHELLO :12008 1 - 0
[Sun Apr 27 2025 01:56:47.351420] i SAYHELLO :12008 1 - 0
[Sun Apr 27 2025 01:56:47.351455] i LSUPDATE :12004 9 F 13 :12006_8_1745744207.351400 1745744199.387626 :12006 (:12004,:12008)
[Sun Apr 27 2025 01:56:47.351472] i LSUPDATE :12008 9 F 13 :12006_8_1745744207.351400 1745744199.387626 :12006 (:12004,:12008)
[Sun Apr 27 2025 01:56:47.353716] r LSUPDATE :12004 8 F 13 :12002_10_1745744207.352092 1745744182.665235 :12002 (:12000,:12004)
[Sun Apr 27 2025 01:56:47.353736] d LSUPDATE :12008 7 F 13 :12002_10_1745744207.352092 1745744182.665235 :12002 (:12000,:12004)
[Sun Apr 27 2025 01:56:47.353958] r LSUPDATE :12004 7 F 6 :12000_12_1745744207.352436 1745744182.665022 :12000 (:12002)
[Sun Apr 27 2025 01:56:47.353972] d LSUPDATE :12008 6 F 6 :12000_12_1745744207.352436 1745744182.665022 :12000 (:12002)
[Sun Apr 27 2025 01:56:47.356039] r LSUPDATE :12008 9 F 6 :12008_2_1745744207.354166 1745744207.354164 :12008 (:12006)
[Sun Apr 27 2025 01:56:47.356056] d LSUPDATE :12004 8 F 6 :12008_2_1745744207.354166 1745744207.354164 :12008 (:12006)
[Sun Apr 27 2025 01:56:47.357623] r LSUPDATE :12004 9 F 13 :12004_9_1745744207.356381 1745744191.648661 :12004 (:12002,:12006)
[Sun Apr 27 2025 01:56:47.357641] d LSUPDATE :12008 8 F 13 :12004_9_1745744207.356381 1745744191.648661 :12004 (:12002,:12006)
[Sun Apr 27 2025 01:56:47.358147] r LSUPDATE :12008 9 F 6 :12008_5_1745744207.355542 1745744207.354164 :12008 (:12006)
[Sun Apr 27 2025 01:56:47.358164] d LSUPDATE :12004 8 F 6 :12008_5_1745744207.355542 1745744207.354164 :12008 (:12006)
[Sun Apr 27 2025 01:56:47.358408] r LSUPDATE :12004 8 F 13 :12002_12_1745744207.356710 1745744182.665235 :12002 (:12000,:12004)
[Sun Apr 27 2025 01:56:47.358436] d LSUPDATE :12008 7 F 13 :12002_12_1745744207.356710 1745744182.665235 :12002 (:12000,:12004)
[Sun Apr 27 2025 01:56:47.359833] r LSUPDATE :12008 9 F 6 :12008_7_1745744207.355796 1745744207.354164 :12008 (:12006)
[Sun Apr 27 2025 01:56:47.359859] d LSUPDATE :12004 8 F 6 :12008_7_1745744207.355796 1745744207.354164 :12008 (:12006)
[Sun Apr 27 2025 01:56:47.360102] r LSUPDATE :12004 9 F 13 :12004_10_1745744207.358717 1745744191.648661 :12004 (:12002,:12006)
[Sun Apr 27 2025 01:56:47.360480] d LSUPDATE :12008 8 F 13 :12004_10_1745744207.358717 1745744191.648661 :12004 (:12002,:12006)
[Sun Apr 27 2025 01:56:47.361441] r LSUPDATE :12008 9 F 6 :12008_9_1745744207.361216 1745744207.354164 :12008 (:12006)
[Sun Apr 27 2025 01:56:47.361457] d LSUPDATE :12004 8 F 6 :12008_9_1745744207.361216 1745744207.354164 :12008 (:12006)
[Sun Apr 27 2025 01:56:47.362422] r LSUPDATE :12004 9 F 13 :12004_11_1745744207.360403 1745744191.648661 :12004 (:12002,:12006)
[Sun Apr 27 2025 01:56:47.362458] d LSUPDATE :12008 8 F 13 :12004_11_1745744207.360403 1745744191.648661 :12004 (:12002,:12006)
[Sun Apr 27 2025 01:56:47.405042] r LSUPDATE :12004 9 F 13 :12004_12_1745744207.361736 1745744191.648661 :12004 (:12002,:12006)
[Sun Apr 27 2025 01:56:47.405085] d LSUPDATE :12008 8 F 13 :12004_12_1745744207.361736 1745744191.648661 :12004 (:12002,:12006)
[Sun Apr 27 2025 01:56:47.405344] r LSUPDATE :12004 7 F 6 :12000_14_1745744207.396472 1745744182.665022 :12000 (:12002)
[Sun Apr 27 2025 01:56:47.405360] d LSUPDATE :12008 6 F 6 :12000_14_1745744207.396472 1745744182.665022 :12000 (:12002)
[Sun Apr 27 2025 01:56:47.405972] r LSUPDATE :12004 8 F 13 :12002_13_1745744207.397757 1745744182.665235 :12002 (:12000,:12004)
[Sun Apr 27 2025 01:56:47.405989] d LSUPDATE :12008 7 F 13 :12002_13_1745744207.397757 1745744182.665235 :12002 (:12000,:12004)
[Sun Apr 27 2025 01:56:47.441536] r LSUPDATE :12004 7 F 6 :12000_15_1745744207.396971 1745744182.665022 :12000 (:12002)
[Sun Apr 27 2025 01:56:47.441560] d LSUPDATE :12008 6 F 6 :12000_15_1745744207.396971 1745744182.665022 :12000 (:12002)
[Sun Apr 27 2025 01:56:47.442156] r LSUPDATE :12004 7 F 6 :12000_16_1745744207.399947 1745744182.665022 :12000 (:12002)
[Sun Apr 27 2025 01:56:47.442174] d LSUPDATE :12008 6 F 6 :12000_16_1745744207.399947 1745744182.665022 :12000 (:12002)
[Sun Apr 27 2025 01:56:47.442414] r LSUPDATE :12004 8 F 13 :12002_14_1745744207.400953 1745744182.665235 :12002 (:12000,:12004)
[Sun Apr 27 2025 01:56:47.442430] d LSUPDATE :12008 7 F 13 :12002_14_1745744207.400953 1745744182.665235 :12002 (:12000,:12004)
[Sun Apr 27 2025 01:56:47.445405] r LSUPDATE :12004 8 F 13 :12002_15_1745744207.401493 1745744182.665235 :12002 (:12000,:12004)
[Sun Apr 27 2025 01:56:47.445442] d LSUPDATE :12008 7 F 13 :12002_15_1745744207.401493 1745744182.665235 :12002 (:12000,:12004)
[Sun Apr 27 2025 01:56:47.445956] r LSUPDATE :12004 7 F 6 :12000_17_1745744207.406267 1745744182.665022 :12000 (:12002)
[Sun Apr 27 2025 01:56:47.445975] d LSUPDATE :12008 6 F 6 :12000_17_1745744207.406267 1745744182.665022 :12000 (:12002)
[Sun Apr 27 2025 01:56:47.446505] r LSUPDATE :12004 7 F 6 :12000_18_1745744207.406527 1745744182.665022 :12000 (:12002)
[Sun Apr 27 2025 01:56:47.446521] d LSUPDATE :12008 6 F 6 :12000_18_1745744207.406527 1745744182.665022 :12000 (:12002)
[Sun Apr 27 2025 01:56:47.450481] r LSUPDATE :12004 7 F 6 :12000_19_1745744207.407016 1745744182.665022 :12000 (:12002)
[Sun Apr 27 2025 01:56:47.450500] d LSUPDATE :12008 6 F 6 :12000_19_1745744207.407016 1745744182.665022 :12000 (:12002)
[Sun Apr 27 2025 01:56:47.450992] r LSUPDATE :12004 7 F 6 :12000_20_1745744207.407260 1745744182.665022 :12000 (:12002)
[Sun Apr 27 2025 01:56:47.451007] d LSUPDATE :12008 6 F 6 :12000_20_1745744207.407260 1745744182.665022 :12000 (:12002)
[Sun Apr 27 2025 01:56:47.451484] r LSUPDATE :12004 7 F 6 :12000_21_1745744207.407741 1745744182.665022 :12000 (:12002)
[Sun Apr 27 2025 01:56:47.451500] d LSUPDATE :12008 6 F 6 :12000_21_1745744207.407741 1745744182.665022 :12000 (:12002)
[Sun Apr 27 2025 01:56:56.568071] r LSUPDATE :12008 9 F 13 :12008_10_1745744216.567724 1745744207.354164 :12008 (:12006,:12010)
[Sun Apr 27 2025 01:56:56.568098] d LSUPDATE :12004 8 F 13 :12008_10_1745744216.567724 1745744207.354164 :12008 (:12006,:12010)
[Sun Apr 27 2025 01:56:56.570114] r LSUPDATE :12004 9 F 13 :12004_13_1745744216.568446 1745744191.648661 :12004 (:12002,:12006)
[Sun Apr 27 2025 01:56:56.570133] d LSUPDATE :12008 8 F 13 :12004_13_1745744216.568446 1745744191.648661 :12004 (:12002,:12006)
[Sun Apr 27 2025 01:56:56.571400] r LSUPDATE :12004 8 F 13 :12002_16_1745744216.568806 1745744182.665235 :12002 (:12000,:12004)
[Sun Apr 27 2025 01:56:56.571419] d LSUPDATE :12008 7 F 13 :12002_16_1745744216.568806 1745744182.665235 :12002 (:12000,:12004)
[Sun Apr 27 2025 01:56:56.573152] r LSUPDATE :12004 7 F 6 :12000_22_1745744216.569378 1745744182.665022 :12000 (:12002)
[Sun Apr 27 2025 01:56:56.573173] d LSUPDATE :12008 6 F 6 :12000_22_1745744216.569378 1745744182.665022 :12000 (:12002)
[Sun Apr 27 2025 01:56:56.576201] r LSUPDATE :12008 8 F 13 :12010_2_1745744216.573662 1745744216.573660 :12010 (:12002,:12008)
[Sun Apr 27 2025 01:56:56.576222] d LSUPDATE :12004 7 F 13 :12010_2_1745744216.573662 1745744216.573660 :12010 (:12002,:12008)
[Sun Apr 27 2025 01:56:56.578741] i LSUPDATE :12004 9 F 13 :12006_11_1745744216.578710 1745744199.387626 :12006 (:12004,:12008)
[Sun Apr 27 2025 01:56:56.578776] i LSUPDATE :12008 9 F 13 :12006_11_1745744216.578710 1745744199.387626 :12006 (:12004,:12008)
[Sun Apr 27 2025 01:56:56.579008] r LSUPDATE :12004 9 F 13 :12004_15_1745744216.577009 1745744191.648661 :12004 (:12002,:12006)
[Sun Apr 27 2025 01:56:56.579025] d LSUPDATE :12008 8 F 13 :12004_15_1745744216.577009 1745744191.648661 :12004 (:12002,:12006)
[Sun Apr 27 2025 01:56:56.580329] r LSUPDATE :12004 7 F 6 :12000_23_1745744216.569864 1745744182.665022 :12000 (:12002)
[Sun Apr 27 2025 01:56:56.580347] d LSUPDATE :12008 6 F 6 :12000_23_1745744216.569864 1745744182.665022 :12000 (:12002)
[Sun Apr 27 2025 01:56:56.583471] r LSUPDATE :12008 8 F 13 :12010_5_1745744216.574194 1745744216.573660 :12010 (:12002,:12008)
[Sun Apr 27 2025 01:56:56.583489] d LSUPDATE :12004 7 F 13 :12010_5_1745744216.574194 1745744216.573660 :12010 (:12002,:12008)
[Sun Apr 27 2025 01:56:56.583514] i LSUPDATE :12004 9 F 13 :12006_12_1745744216.583508 1745744199.387626 :12006 (:12004,:12008)
[Sun Apr 27 2025 01:56:56.583530] i LSUPDATE :12008 9 F 13 :12006_12_1745744216.583508 1745744199.387626 :12006 (:12004,:12008)
[Sun Apr 27 2025 01:56:56.583775] r LSUPDATE :12004 8 F 13 :12002_18_1745744216.579825 1745744182.665235 :12002 (:12000,:12004)
[Sun Apr 27 2025 01:56:56.583790] d LSUPDATE :12008 7 F 13 :12002_18_1745744216.579825 1745744182.665235 :12002 (:12000,:12004)
[Sun Apr 27 2025 01:56:56.586666] r LSUPDATE :12004 8 F 13 :12002_19_1745744216.581199 1745744182.665235 :12002 (:12000,:12004)
[Sun Apr 27 2025 01:56:56.586685] d LSUPDATE :12008 7 F 13 :12002_19_1745744216.581199 1745744182.665235 :12002 (:12000,:12004)
[Sun Apr 27 2025 01:56:56.586921] r LSUPDATE :12004 9 F 13 :12004_16_1745744216.584501 1745744191.648661 :12004 (:12002,:12006)
[Sun Apr 27 2025 01:56:56.586936] d LSUPDATE :12008 8 F 13 :12004_16_1745744216.584501 1745744191.648661 :12004 (:12002,:12006)
[Sun Apr 27 2025 01:56:56.591161] r LSUPDATE :12008 8 F 13 :12010_8_1745744216.574750 1745744216.573660 :12010 (:12002,:12008)
[Sun Apr 27 2025 01:56:56.591179] d LSUPDATE :12004 7 F 13 :12010_8_1745744216.574750 1745744216.573660 :12010 (:12002,:12008)
[Sun Apr 27 2025 01:56:56.591204] i LSUPDATE :12004 9 F 13 :12006_13_1745744216.591198 1745744199.387626 :12006 (:12004,:12008)
[Sun Apr 27 2025 01:56:56.591219] i LSUPDATE :12008 9 F 13 :12006_13_1745744216.591198 1745744199.387626 :12006 (:12004,:12008)
[Sun Apr 27 2025 01:56:56.591466] r LSUPDATE :12004 7 F 6 :12000_25_1745744216.578615 1745744182.665022 :12000 (:12002)
[Sun Apr 27 2025 01:56:56.591481] d LSUPDATE :12008 6 F 6 :12000_25_1745744216.578615 1745744182.665022 :12000 (:12002)
[Sun Apr 27 2025 01:56:56.591714] r LSUPDATE :12004 8 F 13 :12002_20_1745744216.585318 1745744182.665235 :12002 (:12000,:12004)
[Sun Apr 27 2025 01:56:56.591729] d LSUPDATE :12008 7 F 13 :12002_20_1745744216.585318 1745744182.665235 :12002 (:12000,:12004)
[Sun Apr 27 2025 01:56:56.591972] r LSUPDATE :12004 8 F 13 :12002_21_1745744216.585879 1745744182.665235 :12002 (:12000,:12004)
[Sun Apr 27 2025 01:56:56.591987] d LSUPDATE :12008 7 F 13 :12002_21_1745744216.585879 1745744182.665235 :12002 (:12000,:12004)
[Sun Apr 27 2025 01:56:56.600943] r LSUPDATE :12008 8 F 13 :12010_10_1745744216.596971 1745744216.573660 :12010 (:12002,:12008)
[Sun Apr 27 2025 01:56:56.600972] d LSUPDATE :12004 7 F 13 :12010_10_1745744216.596971 1745744216.573660 :12010 (:12002,:12008)
[Sun Apr 27 2025 01:56:56.600999] i LSUPDATE :12004 9 F 13 :12006_14_1745744216.600992 1745744199.387626 :12006 (:12004,:12008)
[Sun Apr 27 2025 01:56:56.601015] i LSUPDATE :12008 9 F 13 :12006_14_1745744216.600992 1745744199.387626 :12006 (:12004,:12008)
[Sun Apr 27 2025 01:56:56.601237] r LSUPDATE :12008 8 F 13 :12010_11_1745744216.597057 1745744216.573660 :12010 (:12002,:12008)
[Sun Apr 27 2025 01:56:56.601251] d LSUPDATE :12004 7 F 13 :12010_11_1745744216.597057 1745744216.573660 :12010 (:12002,:12008)
[Sun Apr 27 2025 01:56:56.601272] i LSUPDATE :12004 9 F 13 :12006_15_1745744216.601266 1745744199.387626 :12006 (:12004,:12008)
[Sun Apr 27 2025 01:56:56.601284] i LSUPDATE :12008 9 F 13 :12006_15_1745744216.601266 1745744199.387626 :12006 (:12004,:12008)
[Sun Apr 27 2025 01:56:56.604829] r LSUPDATE :12004 9 F 13 :12004_17_1745744216.592260 1745744191.648661 :12004 (:12002,:12006)
[Sun Apr 27 2025 01:56:56.604849] d LSUPDATE :12008 8 F 13 :12004_17_1745744216.592260 1745744191.648661 :12004 (:12002,:12006)
[Sun Apr 27 2025 01:56:56.605083] r LSUPDATE :12004 9 F 13 :12004_18_1745744216.601902 1745744191.648661 :12004 (:12002,:12006)
[Sun Apr 27 2025 01:56:56.605098] d LSUPDATE :12008 8 F 13 :12004_18_1745744216.601902 1745744191.648661 :12004 (:12002,:12006)
[Sun Apr 27 2025 01:56:56.610272] r LSUPDATE :12008 7 F 20 :12002_22_1745744216.589765 1745744182.665235 :12002 (:12000,:12004,:12010)
[Sun Apr 27 2025 01:56:56.610293] d LSUPDATE :12004 6 F 20 :12002_22_1745744216.589765 1745744182.665235 :12002 (:12000,:12004,:12010)
[Sun Apr 27 2025 01:56:56.611074] r LSUPDATE :12004 9 F 13 :12004_19_1745744216.606377 1745744191.648661 :12004 (:12002,:12006)
[Sun Apr 27 2025 01:56:56.611094] d LSUPDATE :12008 8 F 13 :12004_19_1745744216.606377 1745744191.648661 :12004 (:12002,:12006)
[Sun Apr 27 2025 01:56:56.614255] r LSUPDATE :12008 7 F 20 :12002_24_1745744216.602736 1745744182.665235 :12002 (:12000,:12004,:12010)
[Sun Apr 27 2025 01:56:56.614282] d LSUPDATE :12004 6 F 20 :12002_24_1745744216.602736 1745744182.665235 :12002 (:12000,:12004,:12010)
[Sun Apr 27 2025 01:56:56.614504] r LSUPDATE :12008 6 F 13 :12004_17_1745744216.592260 1745744191.648661 :12004 (:12002,:12006)
[Sun Apr 27 2025 01:56:56.614746] r LSUPDATE :12004 8 F 20 :12002_22_1745744216.589765 1745744182.665235 :12002 (:12000,:12004,:12010)
[Sun Apr 27 2025 01:56:56.614966] r LSUPDATE :12004 8 F 20 :12002_24_1745744216.602736 1745744182.665235 :12002 (:12000,:12004,:12010)
[Sun Apr 27 2025 01:56:56.615183] r LSUPDATE :12004 8 F 20 :12002_25_1745744216.611398 1745744182.665235 :12002 (:12000,:12004,:12010)
[Sun Apr 27 2025 01:56:56.615197] d LSUPDATE :12008 7 F 20 :12002_25_1745744216.611398 1745744182.665235 :12002 (:12000,:12004,:12010)
[Sun Apr 27 2025 01:56:56.656448] r LSUPDATE :12004 8 F 20 :12002_26_1745744216.617414 1745744182.665235 :12002 (:12000,:12004,:12010)
[Sun Apr 27 2025 01:56:56.656491] d LSUPDATE :12008 7 F 20 :12002_26_1745744216.617414 1745744182.665235 :12002 (:12000,:12004,:12010)
[Sun Apr 27 2025 01:56:56.658550] r LSUPDATE :12008 6 F 6 :12000_26_1745744216.620438 1745744182.665022 :12000 (:12002)
[Sun Apr 27 2025 01:56:56.658568] d LSUPDATE :12004 5 F 6 :12000_26_1745744216.620438 1745744182.665022 :12000 (:12002)
[Sun Apr 27 2025 01:56:56.660542] r LSUPDATE :12004 7 F 6 :12000_27_1745744216.620703 1745744182.665022 :12000 (:12002)
[Sun Apr 27 2025 01:56:56.660564] d LSUPDATE :12008 6 F 6 :12000_27_1745744216.620703 1745744182.665022 :12000 (:12002)
[Sun Apr 27 2025 01:56:56.661328] r LSUPDATE :12008 6 F 6 :12000_27_1745744216.620703 1745744182.665022 :12000 (:12002)
[Sun Apr 27 2025 01:56:56.700442] r LSUPDATE :12004 7 F 6 :12000_28_1745744216.621170 1745744182.665022 :12000 (:12002)
[Sun Apr 27 2025 01:56:56.700487] d LSUPDATE :12008 6 F 6 :12000_28_1745744216.621170 1745744182.665022 :12000 (:12002)
[Sun Apr 27 2025 01:56:56.700748] r LSUPDATE :12008 6 F 6 :12000_28_1745744216.621170 1745744182.665022 :12000 (:12002)
[Sun Apr 27 2025 01:56:56.700985] r LSUPDATE :12004 7 F 6 :12000_29_1745744216.622153 1745744182.665022 :12000 (:12002)
[Sun Apr 27 2025 01:56:56.701009] d LSUPDATE :12008 6 F 6 :12000_29_1745744216.622153 1745744182.665022 :12000 (:12002)
[Sun Apr 27 2025 01:56:56.701248] r LSUPDATE :12004 7 F 6 :12000_30_1745744216.622411 1745744182.665022 :12000 (:12002)
[Sun Apr 27 2025 01:56:56.701271] d LSUPDATE :12008 6 F 6 :12000_30_1745744216.622411 1745744182.665022 :12000 (:12002)
[Sun Apr 27 2025 01:56:56.704321] r LSUPDATE :12008 6 F 6 :12000_29_1745744216.622153 1745744182.665022 :12000 (:12002)
[Sun Apr 27 2025 01:56:56.704555] r LSUPDATE :12008 6 F 6 :12000_30_1745744216.622411 1745744182.665022 :12000 (:12002)
[Sun Apr 27 2025 01:56:56.704781] r LSUPDATE :12008 7 F 20 :12002_27_1745744216.641989 1745744182.665235 :12002 (:12000,:12004,:12010)
[Sun Apr 27 2025 01:56:56.704799] d LSUPDATE :12004 6 F 20 :12002_27_1745744216.641989 1745744182.665235 :12002 (:12000,:12004,:12010)
[Sun Apr 27 2025 01:56:56.705022] r LSUPDATE :12008 6 F 6 :12000_31_1745744216.630383 1745744182.665022 :12000 (:12002)
[Sun Apr 27 2025 01:56:56.705037] d LSUPDATE :12004 5 F 6 :12000_31_1745744216.630383 1745744182.665022 :12000 (:12002)
[Sun Apr 27 2025 01:56:56.705252] r LSUPDATE :12008 6 F 6 :12000_32_1745744216.630638 1745744182.665022 :12000 (:12002)
[Sun Apr 27 2025 01:56:56.705265] d LSUPDATE :12004 5 F 6 :12000_32_1745744216.630638 1745744182.665022 :12000 (:12002)
[Sun Apr 27 2025 01:56:56.705479] r LSUPDATE :12008 6 F 6 :12000_33_1745744216.630886 1745744182.665022 :12000 (:12002)
[Sun Apr 27 2025 01:56:56.705492] d LSUPDATE :12004 5 F 6 :12000_33_1745744216.630886 1745744182.665022 :12000 (:12002)
[Sun Apr 27 2025 01:56:56.705746] r LSUPDATE :12004 8 F 20 :12002_27_1745744216.641989 1745744182.665235 :12002 (:12000,:12004,:12010)
[Sun Apr 27 2025 01:56:56.705973] r LSUPDATE :12004 7 F 6 :12000_31_1745744216.630383 1745744182.665022 :12000 (:12002)
[Sun Apr 27 2025 01:56:56.706187] r LSUPDATE :12004 7 F 6 :12000_32_1745744216.630638 1745744182.665022 :12000 (:12002)
[Sun Apr 27 2025 01:56:56.706401] r LSUPDATE :12004 7 F 6 :12000_33_1745744216.630886 1745744182.665022 :12000 (:12002)
[Sun Apr 27 2025 01:56:56.706616] r LSUPDATE :12004 7 F 6 :12000_34_1745744216.631143 1745744182.665022 :12000 (:12002)
[Sun Apr 27 2025 01:56:56.706630] d LSUPDATE :12008 6 F 6 :12000_34_1745744216.631143 1745744182.665022 :12000 (:12002)
[Sun Apr 27 2025 01:56:56.707592] r LSUPDATE :12004 7 F 6 :12000_35_1745744216.631611 1745744182.665022 :12000 (:12002)
[Sun Apr 27 2025 01:56:56.707614] d LSUPDATE :12008 6 F 6 :12000_35_1745744216.631611 1745744182.665022 :12000 (:12002)
[Sun Apr 27 2025 01:56:56.710234] r LSUPDATE :12008 6 F 6 :12000_34_1745744216.631143 1745744182.665022 :12000 (:12002)
[Sun Apr 27 2025 01:56:56.710457] r LSUPDATE :12008 6 F 6 :12000_35_1745744216.631611 1745744182.665022 :12000 (:12002)
[Sun Apr 27 2025 01:56:56.710677] r LSUPDATE :12008 6 F 6 :12000_36_1745744216.639715 1745744182.665022 :12000 (:12002)
[Sun Apr 27 2025 01:56:56.710693] d LSUPDATE :12004 5 F 6 :12000_36_1745744216.639715 1745744182.665022 :12000 (:12002)
[Sun Apr 27 2025 01:56:56.710909] r LSUPDATE :12008 6 F 6 :12000_37_1745744216.640216 1745744182.665022 :12000 (:12002)
[Sun Apr 27 2025 01:56:56.710922] d LSUPDATE :12004 5 F 6 :12000_37_1745744216.640216 1745744182.665022 :12000 (:12002)
[Sun Apr 27 2025 01:56:56.711140] r LSUPDATE :12008 6 F 6 :12000_38_1745744216.642586 1745744182.665022 :12000 (:12002)
[Sun Apr 27 2025 01:56:56.711154] d LSUPDATE :12004 5 F 6 :12000_38_1745744216.642586 1745744182.665022 :12000 (:12002)
[Sun Apr 27 2025 01:56:56.711373] r LSUPDATE :12008 6 F 6 :12000_39_1745744216.642841 1745744182.665022 :12000 (:12002)
[Sun Apr 27 2025 01:56:56.711388] d LSUPDATE :12004 5 F 6 :12000_39_1745744216.642841 1745744182.665022 :12000 (:12002)
[Sun Apr 27 2025 01:56:56.711629] r LSUPDATE :12004 7 F 6 :12000_36_1745744216.639715 1745744182.665022 :12000 (:12002)
[Sun Apr 27 2025 01:56:56.711860] r LSUPDATE :12004 7 F 6 :12000_37_1745744216.640216 1745744182.665022 :12000 (:12002)
[Sun Apr 27 2025 01:56:56.712990] r LSUPDATE :12004 7 F 6 :12000_38_1745744216.642586 1745744182.665022 :12000 (:12002)
[Sun Apr 27 2025 01:56:56.713217] r LSUPDATE :12004 7 F 6 :12000_39_1745744216.642841 1745744182.665022 :12000 (:12002)
[Sun Apr 27 2025 02:00:05.876028] r LSUPDATE :12004 8 F 13 :12002_33_1745744405.874996 1745744182.665235 :12002 (:12004,:12010)
[Sun Apr 27 2025 02:00:05.876057] d LSUPDATE :12008 7 F 13 :12002_33_1745744405.874996 1745744182.665235 :12002 (:12004,:12010)
[Sun Apr 27 2025 02:00:06.910057] r LSUPDATE :12004 9 F 6 :12004_21_1745744406.909679 1745744191.648661 :12004 (:12006)
[Sun Apr 27 2025 02:00:06.910084] d LSUPDATE :12008 8 F 6 :12004_21_1745744406.909679 1745744191.648661 :12004 (:12006)
[Sun Apr 27 2025 02:00:06.911966] r LSUPDATE :12008 8 F 6 :12010_14_1745744406.910651 1745744216.573660 :12010 (:12008)
[Sun Apr 27 2025 02:00:06.911986] d LSUPDATE :12004 7 F 6 :12010_14_1745744406.910651 1745744216.573660 :12010 (:12008)
[Sun Apr 27 2025 02:00:06.912013] i LSUPDATE :12004 9 F 13 :12006_20_1745744406.912006 1745744199.387626 :12006 (:12004,:12008)
[Sun Apr 27 2025 02:00:06.912029] i LSUPDATE :12008 9 F 13 :12006_20_1745744406.912006 1745744199.387626 :12006 (:12004,:12008)
[Sun Apr 27 2025 02:00:06.912891] r LSUPDATE :12004 9 F 6 :12004_22_1745744406.912415 1745744191.648661 :12004 (:12006)
[Sun Apr 27 2025 02:00:06.912910] d LSUPDATE :12008 8 F 6 :12004_22_1745744406.912415 1745744191.648661 :12004 (:12006)
[Sun Apr 27 2025 02:08:44.826351] i SAYHELLO :12004 1 - 0
[Sun Apr 27 2025 02:08:44.826351] i SAYHELLO :12004 1 - 0
[Sun Apr 27 2025 02:08:44.826915] r SAYHELLO :12004 1 - 0
[Sun Apr 27 2025 02:08:44.827007] i LSUPDATE :12004 9 F 6 :12006_2_1745744924.826993 1745744924.826990 :12006 (:12004)
[Sun Apr 27 2025 02:08:44.827228] r LSUPDATE :12004 9 F 13 :12004_6_1745744924.824668 1745744917.328278 :12004 (:12002,:12006)
[Sun Apr 27 2025 02:08:44.827458] r LSUPDATE :12004 7 F 6 :12000_7_1745744924.825767 1745744909.656949 :12000 (:12002)
[Sun Apr 27 2025 02:08:44.827485] i LSUPDATE :12004 9 F 6 :12006_5_1745744924.827479 1745744924.826990 :12006 (:12004)
[Sun Apr 27 2025 02:08:44.830637] r LSUPDATE :12004 8 F 13 :12002_7_1745744924.828473 1745744909.657145 :12002 (:12000,:12004)
[Sun Apr 27 2025 02:08:44.831990] i LSUPDATE :12004 9 F 6 :12006_7_1745744924.830671 1745744924.826990 :12006 (:12004)
[Sun Apr 27 2025 02:08:44.832236] r LSUPDATE :12004 7 F 6 :12000_9_1745744924.828771 1745744909.656949 :12000 (:12002)
[Sun Apr 27 2025 02:08:44.832456] r LSUPDATE :12004 8 F 13 :12002_8_1745744924.830352 1745744909.657145 :12002 (:12000,:12004)
[Sun Apr 27 2025 02:08:44.873737] r LSUPDATE :12004 8 F 13 :12002_9_1745744924.831872 1745744909.657145 :12002 (:12000,:12004)
[Sun Apr 27 2025 02:08:44.874519] r LSUPDATE :12004 7 F 6 :12000_10_1745744924.872785 1745744909.656949 :12000 (:12002)
[Sun Apr 27 2025 02:08:44.917491] r LSUPDATE :12004 7 F 6 :12000_11_1745744924.873262 1745744909.656949 :12000 (:12002)
[Sun Apr 27 2025 02:08:51.577610] r SAYHELLO :12008 1 - 0
[Sun Apr 27 2025 02:08:51.577662] i SAYHELLO :12008 1 - 0
[Sun Apr 27 2025 02:08:51.577697] i LSUPDATE :12004 9 F 13 :12006_8_1745744931.577645 1745744924.826990 :12006 (:12004,:12008)
[Sun Apr 27 2025 02:08:51.577714] i LSUPDATE :12008 9 F 13 :12006_8_1745744931.577645 1745744924.826990 :12006 (:12004,:12008)
[Sun Apr 27 2025 02:08:51.580382] r LSUPDATE :12004 8 F 13 :12002_10_1745744931.578762 1745744909.657145 :12002 (:12000,:12004)
[Sun Apr 27 2025 02:08:51.580404] d LSUPDATE :12008 7 F 13 :12002_10_1745744931.578762 1745744909.657145 :12002 (:12000,:12004)
[Sun Apr 27 2025 02:08:51.580633] r LSUPDATE :12004 7 F 6 :12000_12_1745744931.579091 1745744909.656949 :12000 (:12002)
[Sun Apr 27 2025 02:08:51.580648] d LSUPDATE :12008 6 F 6 :12000_12_1745744931.579091 1745744909.656949 :12000 (:12002)
[Sun Apr 27 2025 02:08:51.583374] r LSUPDATE :12008 9 F 6 :12008_2_1745744931.582370 1745744931.582366 :12008 (:12006)
[Sun Apr 27 2025 02:08:51.583395] d LSUPDATE :12004 8 F 6 :12008_2_1745744931.582370 1745744931.582366 :12008 (:12006)
[Sun Apr 27 2025 02:08:51.584620] r LSUPDATE :12004 9 F 13 :12004_9_1745744931.583714 1745744917.328278 :12004 (:12002,:12006)
[Sun Apr 27 2025 02:08:51.584638] d LSUPDATE :12008 8 F 13 :12004_9_1745744931.583714 1745744917.328278 :12004 (:12002,:12006)
[Sun Apr 27 2025 02:08:51.586738] r LSUPDATE :12008 9 F 6 :12008_5_1745744931.582893 1745744931.582366 :12008 (:12006)
[Sun Apr 27 2025 02:08:51.586768] d LSUPDATE :12004 8 F 6 :12008_5_1745744931.582893 1745744931.582366 :12008 (:12006)
[Sun Apr 27 2025 02:08:51.587010] r LSUPDATE :12004 8 F 13 :12002_12_1745744931.584063 1745744909.657145 :12002 (:12000,:12004)
[Sun Apr 27 2025 02:08:51.587032] d LSUPDATE :12008 7 F 13 :12002_12_1745744931.584063 1745744909.657145 :12002 (:12000,:12004)
[Sun Apr 27 2025 02:08:51.587597] r LSUPDATE :12008 9 F 6 :12008_7_1745744931.583129 1745744931.582366 :12008 (:12006)
[Sun Apr 27 2025 02:08:51.587613] d LSUPDATE :12004 8 F 6 :12008_7_1745744931.583129 1745744931.582366 :12008 (:12006)
[Sun Apr 27 2025 02:08:51.587855] r LSUPDATE :12004 9 F 13 :12004_10_1745744931.587325 1745744917.328278 :12004 (:12002,:12006)
[Sun Apr 27 2025 02:08:51.587877] d LSUPDATE :12008 8 F 13 :12004_10_1745744931.587325 1745744917.328278 :12004 (:12002,:12006)
[Sun Apr 27 2025 02:08:51.588701] r LSUPDATE :12008 9 F 6 :12008_9_1745744931.588479 1745744931.582366 :12008 (:12006)
[Sun Apr 27 2025 02:08:51.588718] d LSUPDATE :12004 8 F 6 :12008_9_1745744931.588479 1745744931.582366 :12008 (:12006)
[Sun Apr 27 2025 02:08:51.588960] r LSUPDATE :12004 9 F 13 :12004_11_1745744931.588186 1745744917.328278 :12004 (:12002,:12006)
[Sun Apr 27 2025 02:08:51.588982] d LSUPDATE :12008 8 F 13 :12004_11_1745744931.588186 1745744917.328278 :12004 (:12002,:12006)
[Sun Apr 27 2025 02:08:51.632411] r LSUPDATE :12004 9 F 13 :12004_12_1745744931.589264 1745744917.328278 :12004 (:12002,:12006)
[Sun Apr 27 2025 02:08:51.632450] d LSUPDATE :12008 8 F 13 :12004_12_1745744931.589264 1745744917.328278 :12004 (:12002,:12006)
[Sun Apr 27 2025 02:08:51.632675] r LSUPDATE :12004 7 F 6 :12000_14_1745744931.620674 1745744909.656949 :12000 (:12002)
[Sun Apr 27 2025 02:08:51.632690] d LSUPDATE :12008 6 F 6 :12000_14_1745744931.620674 1745744909.656949 :12000 (:12002)
[Sun Apr 27 2025 02:08:51.632913] r LSUPDATE :12004 7 F 6 :12000_15_1745744931.621179 1745744909.656949 :12000 (:12002)
[Sun Apr 27 2025 02:08:51.632927] d LSUPDATE :12008 6 F 6 :12000_15_1745744931.621179 1745744909.656949 :12000 (:12002)
[Sun Apr 27 2025 02:08:51.665571] r LSUPDATE :12004 8 F 13 :12002_13_1745744931.622597 1745744909.657145 :12002 (:12000,:12004)
[Sun Apr 27 2025 02:08:51.665595] d LSUPDATE :12008 7 F 13 :12002_13_1745744931.622597 1745744909.657145 :12002 (:12000,:12004)
[Sun Apr 27 2025 02:08:51.665843] r LSUPDATE :12004 7 F 6 :12000_16_1745744931.623374 1745744909.656949 :12000 (:12002)
[Sun Apr 27 2025 02:08:51.665857] d LSUPDATE :12008 6 F 6 :12000_16_1745744931.623374 1745744909.656949 :12000 (:12002)
[Sun Apr 27 2025 02:08:51.666094] r LSUPDATE :12004 7 F 6 :12000_17_1745744931.623853 1745744909.656949 :12000 (:12002)
[Sun Apr 27 2025 02:08:51.666109] d LSUPDATE :12008 6 F 6 :12000_17_1745744931.623853 1745744909.656949 :12000 (:12002)
[Sun Apr 27 2025 02:08:51.667970] r LSUPDATE :12004 8 F 13 :12002_14_1745744931.625319 1745744909.657145 :12002 (:12000,:12004)
[Sun Apr 27 2025 02:08:51.667988] d LSUPDATE :12008 7 F 13 :12002_14_1745744931.625319 1745744909.657145 :12002 (:12000,:12004)
[Sun Apr 27 2025 02:08:51.670229] r LSUPDATE :12004 7 F 6 :12000_18_1745744931.625826 1745744909.656949 :12000 (:12002)
[Sun Apr 27 2025 02:08:51.670247] d LSUPDATE :12008 6 F 6 :12000_18_1745744931.625826 1745744909.656949 :12000 (:12002)
[Sun Apr 27 2025 02:08:51.671302] r LSUPDATE :12004 8 F 13 :12002_15_1745744931.626625 1745744909.657145 :12002 (:12000,:12004)
[Sun Apr 27 2025 02:08:51.671320] d LSUPDATE :12008 7 F 13 :12002_15_1745744931.626625 1745744909.657145 :12002 (:12000,:12004)
[Sun Apr 27 2025 02:08:51.671559] r LSUPDATE :12004 7 F 6 :12000_19_1745744931.668421 1745744909.656949 :12000 (:12002)
[Sun Apr 27 2025 02:08:51.671573] d LSUPDATE :12008 6 F 6 :12000_19_1745744931.668421 1745744909.656949 :12000 (:12002)
[Sun Apr 27 2025 02:08:51.713613] r LSUPDATE :12004 7 F 6 :12000_20_1745744931.668690 1745744909.656949 :12000 (:12002)
[Sun Apr 27 2025 02:08:51.713638] d LSUPDATE :12008 6 F 6 :12000_20_1745744931.668690 1745744909.656949 :12000 (:12002)
[Sun Apr 27 2025 02:08:51.713893] r LSUPDATE :12004 7 F 6 :12000_21_1745744931.669264 1745744909.656949 :12000 (:12002)
[Sun Apr 27 2025 02:08:51.713908] d LSUPDATE :12008 6 F 6 :12000_21_1745744931.669264 1745744909.656949 :12000 (:12002)
[Sun Apr 27 2025 02:08:57.077682] r LSUPDATE :12008 9 F 13 :12008_10_1745744937.077352 1745744931.582366 :12008 (:12006,:12010)
[Sun Apr 27 2025 02:08:57.077711] d LSUPDATE :12004 8 F 13 :12008_10_1745744937.077352 1745744931.582366 :12008 (:12006,:12010)
[Sun Apr 27 2025 02:08:57.079091] r LSUPDATE :12004 9 F 13 :12004_13_1745744937.078023 1745744917.328278 :12004 (:12002,:12006)
[Sun Apr 27 2025 02:08:57.079112] d LSUPDATE :12008 8 F 13 :12004_13_1745744937.078023 1745744917.328278 :12004 (:12002,:12006)
[Sun Apr 27 2025 02:08:57.080071] r LSUPDATE :12004 8 F 20 :12002_16_1745744937.075930 1745744909.657145 :12002 (:12000,:12004,:12010)
[Sun Apr 27 2025 02:08:57.080111] d LSUPDATE :12008 7 F 20 :12002_16_1745744937.075930 1745744909.657145 :12002 (:12000,:12004,:12010)
[Sun Apr 27 2025 02:08:57.081001] r LSUPDATE :12004 8 F 20 :12002_17_1745744937.078483 1745744909.657145 :12002 (:12000,:12004,:12010)
[Sun Apr 27 2025 02:08:57.081021] d LSUPDATE :12008 7 F 20 :12002_17_1745744937.078483 1745744909.657145 :12002 (:12000,:12004,:12010)
[Sun Apr 27 2025 02:08:57.084361] r LSUPDATE :12004 7 F 13 :12010_2_1745744937.082381 1745744937.082378 :12010 (:12002,:12008)
[Sun Apr 27 2025 02:08:57.084382] d LSUPDATE :12008 6 F 13 :12010_2_1745744937.082381 1745744937.082378 :12010 (:12002,:12008)
[Sun Apr 27 2025 02:08:57.084448] i LSUPDATE :12004 9 F 13 :12006_11_1745744937.084424 1745744924.826990 :12006 (:12004,:12008)
[Sun Apr 27 2025 02:08:57.084478] i LSUPDATE :12008 9 F 13 :12006_11_1745744937.084424 1745744924.826990 :12006 (:12004,:12008)
[Sun Apr 27 2025 02:08:57.084693] r LSUPDATE :12004 9 F 13 :12004_15_1745744937.084054 1745744917.328278 :12004 (:12002,:12006)
[Sun Apr 27 2025 02:08:57.084709] d LSUPDATE :12008 8 F 13 :12004_15_1745744937.084054 1745744917.328278 :12004 (:12002,:12006)
[Sun Apr 27 2025 02:08:57.088896] r LSUPDATE :12004 7 F 13 :12010_6_1745744937.083421 1745744937.082378 :12010 (:12002,:12008)
[Sun Apr 27 2025 02:08:57.088915] d LSUPDATE :12008 6 F 13 :12010_6_1745744937.083421 1745744937.082378 :12010 (:12002,:12008)
[Sun Apr 27 2025 02:08:57.089215] i LSUPDATE :12004 9 F 13 :12006_12_1745744937.089169 1745744924.826990 :12006 (:12004,:12008)
[Sun Apr 27 2025 02:08:57.089270] i LSUPDATE :12008 9 F 13 :12006_12_1745744937.089169 1745744924.826990 :12006 (:12004,:12008)
[Sun Apr 27 2025 02:08:57.089493] r LSUPDATE :12004 9 F 13 :12004_16_1745744937.088629 1745744917.328278 :12004 (:12002,:12006)
[Sun Apr 27 2025 02:08:57.089514] d LSUPDATE :12008 8 F 13 :12004_16_1745744937.088629 1745744917.328278 :12004 (:12002,:12006)
[Sun Apr 27 2025 02:08:57.133496] r LSUPDATE :12004 8 F 20 :12002_19_1745744937.088352 1745744909.657145 :12002 (:12000,:12004,:12010)
[Sun Apr 27 2025 02:08:57.133521] d LSUPDATE :12008 7 F 20 :12002_19_1745744937.088352 1745744909.657145 :12002 (:12000,:12004,:12010)
[Sun Apr 27 2025 02:08:57.133780] r LSUPDATE :12004 8 F 20 :12002_20_1745744937.091931 1745744909.657145 :12002 (:12000,:12004,:12010)
[Sun Apr 27 2025 02:08:57.133797] d LSUPDATE :12008 7 F 20 :12002_20_1745744937.091931 1745744909.657145 :12002 (:12000,:12004,:12010)
[Sun Apr 27 2025 02:08:57.134035] r LSUPDATE :12004 7 F 13 :12010_7_1745744937.092343 1745744937.082378 :12010 (:12002,:12008)
[Sun Apr 27 2025 02:08:57.134050] d LSUPDATE :12008 6 F 13 :12010_7_1745744937.092343 1745744937.082378 :12010 (:12002,:12008)
[Sun Apr 27 2025 02:08:57.134106] i LSUPDATE :12004 9 F 13 :12006_13_1745744937.134082 1745744924.826990 :12006 (:12004,:12008)
[Sun Apr 27 2025 02:08:57.134136] i LSUPDATE :12008 9 F 13 :12006_13_1745744937.134082 1745744924.826990 :12006 (:12004,:12008)
[Sun Apr 27 2025 02:08:57.134351] r LSUPDATE :12004 9 F 13 :12004_17_1745744937.132972 1745744917.328278 :12004 (:12002,:12006)
[Sun Apr 27 2025 02:08:57.134365] d LSUPDATE :12008 8 F 13 :12004_17_1745744937.132972 1745744917.328278 :12004 (:12002,:12006)
[Sun Apr 27 2025 02:08:57.139882] r LSUPDATE :12008 4 F 13 :12008_10_1745744937.077352 1745744931.582366 :12008 (:12006,:12010)
[Sun Apr 27 2025 02:08:57.140114] r LSUPDATE :12008 9 F 13 :12008_13_1745744937.135533 1745744931.582366 :12008 (:12006,:12010)
[Sun Apr 27 2025 02:08:57.140130] d LSUPDATE :12004 8 F 13 :12008_13_1745744937.135533 1745744931.582366 :12008 (:12006,:12010)
[Sun Apr 27 2025 02:08:57.140395] r LSUPDATE :12004 7 F 6 :12000_22_1745744937.116467 1745744909.656949 :12000 (:12002)
[Sun Apr 27 2025 02:08:57.140412] d LSUPDATE :12008 6 F 6 :12000_22_1745744937.116467 1745744909.656949 :12000 (:12002)
[Sun Apr 27 2025 02:08:57.140650] r LSUPDATE :12004 7 F 6 :12000_23_1745744937.116998 1745744909.656949 :12000 (:12002)
[Sun Apr 27 2025 02:08:57.140666] d LSUPDATE :12008 6 F 6 :12000_23_1745744937.116998 1745744909.656949 :12000 (:12002)
[Sun Apr 27 2025 02:08:57.151991] r LSUPDATE :12008 8 F 13 :12010_9_1745744937.094391 1745744937.082378 :12010 (:12002,:12008)
[Sun Apr 27 2025 02:08:57.152012] d LSUPDATE :12004 7 F 13 :12010_9_1745744937.094391 1745744937.082378 :12010 (:12002,:12008)
[Sun Apr 27 2025 02:08:57.152039] i LSUPDATE :12004 9 F 13 :12006_14_1745744937.152033 1745744924.826990 :12006 (:12004,:12008)
[Sun Apr 27 2025 02:08:57.152055] i LSUPDATE :12008 9 F 13 :12006_14_1745744937.152033 1745744924.826990 :12006 (:12004,:12008)
[Sun Apr 27 2025 02:08:57.152312] r LSUPDATE :12004 7 F 13 :12010_9_1745744937.094391 1745744937.082378 :12010 (:12002,:12008)
[Sun Apr 27 2025 02:08:57.152530] r LSUPDATE :12004 9 F 13 :12004_18_1745744937.145241 1745744917.328278 :12004 (:12002,:12006)
[Sun Apr 27 2025 02:08:57.152545] d LSUPDATE :12008 8 F 13 :12004_18_1745744937.145241 1745744917.328278 :12004 (:12002,:12006)
[Sun Apr 27 2025 02:08:57.152778] r LSUPDATE :12004 9 F 13 :12004_19_1745744937.145310 1745744917.328278 :12004 (:12002,:12006)
[Sun Apr 27 2025 02:08:57.152793] d LSUPDATE :12008 8 F 13 :12004_19_1745744937.145310 1745744917.328278 :12004 (:12002,:12006)
[Sun Apr 27 2025 02:08:57.153031] r LSUPDATE :12004 7 F 13 :12010_11_1745744937.094683 1745744937.082378 :12010 (:12002,:12008)
[Sun Apr 27 2025 02:08:57.153045] d LSUPDATE :12008 6 F 13 :12010_11_1745744937.094683 1745744937.082378 :12010 (:12002,:12008)
[Sun Apr 27 2025 02:08:57.153092] i LSUPDATE :12004 9 F 13 :12006_15_1745744937.153073 1745744924.826990 :12006 (:12004,:12008)
[Sun Apr 27 2025 02:08:57.153116] i LSUPDATE :12008 9 F 13 :12006_15_1745744937.153073 1745744924.826990 :12006 (:12004,:12008)
[Sun Apr 27 2025 02:08:57.153330] r LSUPDATE :12004 9 F 13 :12004_20_1745744937.145611 1745744917.328278 :12004 (:12002,:12006)
[Sun Apr 27 2025 02:08:57.153344] d LSUPDATE :12008 8 F 13 :12004_20_1745744937.145611 1745744917.328278 :12004 (:12002,:12006)
[Sun Apr 27 2025 02:08:57.153573] r LSUPDATE :12004 7 F 6 :12000_25_1745744937.117272 1745744909.656949 :12000 (:12002)
[Sun Apr 27 2025 02:08:57.153587] d LSUPDATE :12008 6 F 6 :12000_25_1745744937.117272 1745744909.656949 :12000 (:12002)
[Sun Apr 27 2025 02:08:57.153815] r LSUPDATE :12004 7 F 6 :12000_26_1745744937.119143 1745744909.656949 :12000 (:12002)
[Sun Apr 27 2025 02:08:57.153829] d LSUPDATE :12008 6 F 6 :12000_26_1745744937.119143 1745744909.656949 :12000 (:12002)
[Sun Apr 27 2025 02:08:57.158907] r LSUPDATE :12008 8 F 13 :12010_11_1745744937.094683 1745744937.082378 :12010 (:12002,:12008)
[Sun Apr 27 2025 02:08:57.160137] r LSUPDATE :12004 7 F 13 :12010_13_1745744937.122883 1745744937.082378 :12010 (:12002,:12008)
[Sun Apr 27 2025 02:08:57.171770] d LSUPDATE :12008 6 F 13 :12010_13_1745744937.122883 1745744937.082378 :12010 (:12002,:12008)
[Sun Apr 27 2025 02:08:57.171835] i LSUPDATE :12004 9 F 13 :12006_16_1745744937.171808 1745744924.826990 :12006 (:12004,:12008)
[Sun Apr 27 2025 02:08:57.171861] i LSUPDATE :12008 9 F 13 :12006_16_1745744937.171808 1745744924.826990 :12006 (:12004,:12008)
[Sun Apr 27 2025 02:08:57.172079] r LSUPDATE :12004 9 F 13 :12004_21_1745744937.155057 1745744917.328278 :12004 (:12002,:12006)
[Sun Apr 27 2025 02:08:57.172095] d LSUPDATE :12008 8 F 13 :12004_21_1745744937.155057 1745744917.328278 :12004 (:12002,:12006)
[Sun Apr 27 2025 02:08:57.172779] r LSUPDATE :12004 7 F 6 :12000_27_1745744937.120087 1745744909.656949 :12000 (:12002)
[Sun Apr 27 2025 02:08:57.172800] d LSUPDATE :12008 6 F 6 :12000_27_1745744937.120087 1745744909.656949 :12000 (:12002)
[Sun Apr 27 2025 02:08:57.173039] r LSUPDATE :12004 7 F 6 :12000_28_1745744937.120353 1745744909.656949 :12000 (:12002)
[Sun Apr 27 2025 02:08:57.173054] d LSUPDATE :12008 6 F 6 :12000_28_1745744937.120353 1745744909.656949 :12000 (:12002)
[Sun Apr 27 2025 02:08:57.173282] r LSUPDATE :12004 7 F 6 :12000_29_1745744937.121860 1745744909.656949 :12000 (:12002)
[Sun Apr 27 2025 02:08:57.173296] d LSUPDATE :12008 6 F 6 :12000_29_1745744937.121860 1745744909.656949 :12000 (:12002)
[Sun Apr 27 2025 02:08:57.178847] r LSUPDATE :12008 8 F 13 :12010_13_1745744937.122883 1745744937.082378 :12010 (:12002,:12008)
[Sun Apr 27 2025 02:08:57.179083] r LSUPDATE :12004 7 F 6 :12000_30_1745744937.122109 1745744909.656949 :12000 (:12002)
[Sun Apr 27 2025 02:08:57.179099] d LSUPDATE :12008 6 F 6 :12000_30_1745744937.122109 1745744909.656949 :12000 (:12002)
[Sun Apr 27 2025 02:08:57.179328] r LSUPDATE :12004 7 F 6 :12000_31_1745744937.122574 1745744909.656949 :12000 (:12002)
[Sun Apr 27 2025 02:08:57.179342] d LSUPDATE :12008 6 F 6 :12000_31_1745744937.122574 1745744909.656949 :12000 (:12002)
[Sun Apr 27 2025 02:08:57.192756] r LSUPDATE :12008 6 F 6 :12000_27_1745744937.120087 1745744909.656949 :12000 (:12002)
[Sun Apr 27 2025 02:08:57.197287] r LSUPDATE :12008 6 F 6 :12000_30_1745744937.122109 1745744909.656949 :12000 (:12002)
[Sun Apr 27 2025 02:08:57.212476] r LSUPDATE :12004 7 F 6 :12000_32_1745744937.126230 1745744909.656949 :12000 (:12002)
[Sun Apr 27 2025 02:08:57.212511] d LSUPDATE :12008 6 F 6 :12000_32_1745744937.126230 1745744909.656949 :12000 (:12002)
[Sun Apr 27 2025 02:08:57.212767] r LSUPDATE :12008 6 F 6 :12000_32_1745744937.126230 1745744909.656949 :12000 (:12002)
[Sun Apr 27 2025 02:08:57.213001] r LSUPDATE :12008 6 F 6 :12000_33_1745744937.126489 1745744909.656949 :12000 (:12002)
[Sun Apr 27 2025 02:08:57.213016] d LSUPDATE :12004 5 F 6 :12000_33_1745744937.126489 1745744909.656949 :12000 (:12002)
[Sun Apr 27 2025 02:08:57.213239] r LSUPDATE :12008 6 F 6 :12000_34_1745744937.126755 1745744909.656949 :12000 (:12002)
[Sun Apr 27 2025 02:08:57.213253] d LSUPDATE :12004 5 F 6 :12000_34_1745744937.126755 1745744909.656949 :12000 (:12002)
[Sun Apr 27 2025 02:08:57.213909] r LSUPDATE :12008 7 F 20 :12002_21_1745744937.144485 1745744909.657145 :12002 (:12000,:12004,:12010)
[Sun Apr 27 2025 02:08:57.213938] d LSUPDATE :12004 6 F 20 :12002_21_1745744937.144485 1745744909.657145 :12002 (:12000,:12004,:12010)
[Sun Apr 27 2025 02:08:57.214175] r LSUPDATE :12008 7 F 20 :12002_22_1745744937.147884 1745744909.657145 :12002 (:12000,:12004,:12010)
[Sun Apr 27 2025 02:08:57.214191] d LSUPDATE :12004 6 F 20 :12002_22_1745744937.147884 1745744909.657145 :12002 (:12000,:12004,:12010)
[Sun Apr 27 2025 02:08:57.214425] r LSUPDATE :12008 6 F 6 :12000_35_1745744937.149187 1745744909.656949 :12000 (:12002)
[Sun Apr 27 2025 02:08:57.214439] d LSUPDATE :12004 5 F 6 :12000_35_1745744937.149187 1745744909.656949 :12000 (:12002)
[Sun Apr 27 2025 02:08:57.214881] r LSUPDATE :12008 6 F 6 :12000_36_1745744937.149877 1745744909.656949 :12000 (:12002)
[Sun Apr 27 2025 02:08:57.214897] d LSUPDATE :12004 5 F 6 :12000_36_1745744937.149877 1745744909.656949 :12000 (:12002)
[Sun Apr 27 2025 02:08:57.215115] r LSUPDATE :12008 6 F 6 :12000_37_1745744937.150354 1745744909.656949 :12000 (:12002)
[Sun Apr 27 2025 02:08:57.215129] d LSUPDATE :12004 5 F 6 :12000_37_1745744937.150354 1745744909.656949 :12000 (:12002)
[Sun Apr 27 2025 02:08:57.215644] r LSUPDATE :12004 7 F 6 :12000_33_1745744937.126489 1745744909.656949 :12000 (:12002)
[Sun Apr 27 2025 02:08:57.215869] r LSUPDATE :12004 7 F 6 :12000_34_1745744937.126755 1745744909.656949 :12000 (:12002)
[Sun Apr 27 2025 02:08:57.216086] r LSUPDATE :12004 8 F 20 :12002_21_1745744937.144485 1745744909.657145 :12002 (:12000,:12004,:12010)
[Sun Apr 27 2025 02:08:57.216324] r LSUPDATE :12004 8 F 20 :12002_22_1745744937.147884 1745744909.657145 :12002 (:12000,:12004,:12010)
[Sun Apr 27 2025 02:08:57.216539] r LSUPDATE :12004 7 F 6 :12000_35_1745744937.149187 1745744909.656949 :12000 (:12002)
[Sun Apr 27 2025 02:08:57.216758] r LSUPDATE :12004 7 F 6 :12000_36_1745744937.149877 1745744909.656949 :12000 (:12002)
[Sun Apr 27 2025 02:08:57.216975] r LSUPDATE :12004 7 F 6 :12000_37_1745744937.150354 1745744909.656949 :12000 (:12002)
[Sun Apr 27 2025 02:08:57.217195] r LSUPDATE :12004 7 F 6 :12000_38_1745744937.151244 1745744909.656949 :12000 (:12002)
[Sun Apr 27 2025 02:08:57.217210] d LSUPDATE :12008 6 F 6 :12000_38_1745744937.151244 1745744909.656949 :12000 (:12002)
[Sun Apr 27 2025 02:08:57.223910] r LSUPDATE :12008 7 F 20 :12002_23_1745744937.179624 1745744909.657145 :12002 (:12000,:12004,:12010)
[Sun Apr 27 2025 02:08:57.223942] d LSUPDATE :12004 6 F 20 :12002_23_1745744937.179624 1745744909.657145 :12002 (:12000,:12004,:12010)
[Sun Apr 27 2025 02:08:57.224210] r LSUPDATE :12004 8 F 20 :12002_23_1745744937.179624 1745744909.657145 :12002 (:12000,:12004,:12010)
[Sun Apr 27 2025 02:08:57.225339] r LSUPDATE :12004 8 F 20 :12002_24_1745744937.187512 1745744909.657145 :12002 (:12000,:12004,:12010)
[Sun Apr 27 2025 02:08:57.225357] d LSUPDATE :12008 7 F 20 :12002_24_1745744937.187512 1745744909.657145 :12002 (:12000,:12004,:12010)
[Sun Apr 27 2025 02:08:57.225841] r LSUPDATE :12008 7 F 20 :12002_24_1745744937.187512 1745744909.657145 :12002 (:12000,:12004,:12010)
[Sun Apr 27 2025 02:08:57.226066] r LSUPDATE :12008 6 F 6 :12000_39_1745744937.169693 1745744909.656949 :12000 (:12002)
[Sun Apr 27 2025 02:08:57.226081] d LSUPDATE :12004 5 F 6 :12000_39_1745744937.169693 1745744909.656949 :12000 (:12002)
[Sun Apr 27 2025 02:08:57.227989] r LSUPDATE :12004 7 F 6 :12000_39_1745744937.169693 1745744909.656949 :12000 (:12002)
[Sun Apr 27 2025 02:08:57.230131] r LSUPDATE :12004 7 F 6 :12000_40_1745744937.169953 1745744909.656949 :12000 (:12002)
[Sun Apr 27 2025 02:08:57.230149] d LSUPDATE :12008 6 F 6 :12000_40_1745744937.169953 1745744909.656949 :12000 (:12002)
[Sun Apr 27 2025 02:08:57.230783] r LSUPDATE :12008 6 F 6 :12000_40_1745744937.169953 1745744909.656949 :12000 (:12002)
[Sun Apr 27 2025 02:08:57.231016] r LSUPDATE :12008 6 F 6 :12000_41_1745744937.178158 1745744909.656949 :12000 (:12002)
[Sun Apr 27 2025 02:08:57.231031] d LSUPDATE :12004 5 F 6 :12000_41_1745744937.178158 1745744909.656949 :12000 (:12002)
[Sun Apr 27 2025 02:08:57.231252] r LSUPDATE :12008 6 F 6 :12000_42_1745744937.185017 1745744909.656949 :12000 (:12002)
[Sun Apr 27 2025 02:08:57.231266] d LSUPDATE :12004 5 F 6 :12000_42_1745744937.185017 1745744909.656949 :12000 (:12002)
[Sun Apr 27 2025 02:08:57.231487] r LSUPDATE :12008 7 F 20 :12002_25_1745744937.191139 1745744909.657145 :12002 (:12000,:12004,:12010)
[Sun Apr 27 2025 02:08:57.231510] d LSUPDATE :12004 6 F 20 :12002_25_1745744937.191139 1745744909.657145 :12002 (:12000,:12004,:12010)
[Sun Apr 27 2025 02:08:57.232229] r LSUPDATE :12004 7 F 6 :12000_41_1745744937.178158 1745744909.656949 :12000 (:12002)
[Sun Apr 27 2025 02:08:57.232445] r LSUPDATE :12004 7 F 6 :12000_42_1745744937.185017 1745744909.656949 :12000 (:12002)
[Sun Apr 27 2025 02:08:57.232662] r LSUPDATE :12004 8 F 20 :12002_25_1745744937.191139 1745744909.657145 :12002 (:12000,:12004,:12010)
[Sun Apr 27 2025 02:08:57.233442] r LSUPDATE :12004 7 F 6 :12000_43_1745744937.228423 1745744909.656949 :12000 (:12002)
[Sun Apr 27 2025 02:08:57.233461] d LSUPDATE :12008 6 F 6 :12000_43_1745744937.228423 1745744909.656949 :12000 (:12002)
[Sun Apr 27 2025 02:08:57.274583] r LSUPDATE :12004 7 F 6 :12000_44_1745744937.228692 1745744909.656949 :12000 (:12002)
[Sun Apr 27 2025 02:08:57.274607] d LSUPDATE :12008 6 F 6 :12000_44_1745744937.228692 1745744909.656949 :12000 (:12002)
[Sun Apr 27 2025 02:14:26.452391] r LSUPDATE :12004 8 F 13 :12002_31_1745745266.450282 1745744909.657145 :12002 (:12004,:12010)
[Sun Apr 27 2025 02:14:26.452419] d LSUPDATE :12008 7 F 13 :12002_31_1745745266.450282 1745744909.657145 :12002 (:12004,:12010)
[Sun Apr 27 2025 02:14:34.491366] r LSUPDATE :12008 8 F 6 :12010_16_1745745274.490735 1745744937.082378 :12010 (:12008)
[Sun Apr 27 2025 02:14:34.491402] d LSUPDATE :12004 7 F 6 :12010_16_1745745274.490735 1745744937.082378 :12010 (:12008)
[Sun Apr 27 2025 02:14:34.491432] i LSUPDATE :12004 9 F 13 :12006_21_1745745274.491425 1745744924.826990 :12006 (:12004,:12008)
[Sun Apr 27 2025 02:14:34.491448] i LSUPDATE :12008 9 F 13 :12006_21_1745745274.491425 1745744924.826990 :12006 (:12004,:12008)
[Sun Apr 27 2025 02:14:34.493258] r LSUPDATE :12004 9 F 6 :12004_23_1745745274.490130 1745744917.328278 :12004 (:12006)
[Sun Apr 27 2025 02:14:34.493279] d LSUPDATE :12008 8 F 6 :12004_23_1745745274.490130 1745744917.328278 :12004 (:12006)
[Sun Apr 27 2025 02:14:34.493503] r LSUPDATE :12004 9 F 6 :12004_24_1745745274.492338 1745744917.328278 :12004 (:12006)
[Sun Apr 27 2025 02:14:34.493517] d LSUPDATE :12008 8 F 6 :12004_24_1745745274.492338 1745744917.328278 :12004 (:12006)
[Sun Apr 27 2025 02:14:38.477174] i LSUPDATE :12008 9 F 6 :12006_22_1745745278.477152 1745744924.826990 :12006 (:12008)
[Sun Apr 27 2025 02:16:34.856041] i SAYHELLO :12004 1 - 0
[Sun Apr 27 2025 02:16:34.856197] r SAYHELLO :12004 1 - 0
[Sun Apr 27 2025 02:16:34.856230] i LSUPDATE :12004 9 F 6 :12006_2_1745745394.856217 1745745394.856215 :12006 (:12004)
[Sun Apr 27 2025 02:16:34.856465] r LSUPDATE :12004 9 F 13 :12004_6_1745745394.854749 1745745388.526631 :12004 (:12002,:12006)
[Sun Apr 27 2025 02:16:34.856689] r LSUPDATE :12004 7 F 6 :12000_7_1745745394.855425 1745745378.140808 :12000 (:12002)
[Sun Apr 27 2025 02:16:34.856714] i LSUPDATE :12004 9 F 6 :12006_5_1745745394.856709 1745745394.856215 :12006 (:12004)
[Sun Apr 27 2025 02:16:34.860753] r LSUPDATE :12004 8 F 13 :12002_7_1745745394.857280 1745745378.141016 :12002 (:12000,:12004)
[Sun Apr 27 2025 02:16:34.861628] i LSUPDATE :12004 9 F 6 :12006_7_1745745394.860779 1745745394.856215 :12006 (:12004)
[Sun Apr 27 2025 02:16:34.861843] r LSUPDATE :12004 7 F 6 :12000_9_1745745394.857576 1745745378.140808 :12000 (:12002)
[Sun Apr 27 2025 02:16:34.862061] r LSUPDATE :12004 8 F 13 :12002_8_1745745394.860482 1745745378.141016 :12002 (:12000,:12004)
[Sun Apr 27 2025 02:16:34.905276] r LSUPDATE :12004 8 F 13 :12002_9_1745745394.861567 1745745378.141016 :12002 (:12000,:12004)
[Sun Apr 27 2025 02:16:34.905504] r LSUPDATE :12004 7 F 6 :12000_10_1745745394.900543 1745745378.140808 :12000 (:12002)
[Sun Apr 27 2025 02:16:34.945087] r LSUPDATE :12004 7 F 6 :12000_11_1745745394.901064 1745745378.140808 :12000 (:12002)
[Sun Apr 27 2025 02:16:43.537534] r SAYHELLO :12008 1 - 0
[Sun Apr 27 2025 02:16:43.537587] i SAYHELLO :12008 1 - 0
[Sun Apr 27 2025 02:16:43.537621] i LSUPDATE :12004 9 F 13 :12006_8_1745745403.537568 1745745394.856215 :12006 (:12004,:12008)
[Sun Apr 27 2025 02:16:43.537639] i LSUPDATE :12008 9 F 13 :12006_8_1745745403.537568 1745745394.856215 :12006 (:12004,:12008)
[Sun Apr 27 2025 02:16:43.539356] r LSUPDATE :12004 8 F 13 :12002_10_1745745403.538255 1745745378.141016 :12002 (:12000,:12004)
[Sun Apr 27 2025 02:16:43.539376] d LSUPDATE :12008 7 F 13 :12002_10_1745745403.538255 1745745378.141016 :12002 (:12000,:12004)
[Sun Apr 27 2025 02:16:43.540493] r LSUPDATE :12004 7 F 6 :12000_12_1745745403.538579 1745745378.140808 :12000 (:12002)
[Sun Apr 27 2025 02:16:43.540511] d LSUPDATE :12008 6 F 6 :12000_12_1745745403.538579 1745745378.140808 :12000 (:12002)
[Sun Apr 27 2025 02:16:43.541863] r LSUPDATE :12008 9 F 6 :12008_2_1745745403.540733 1745745403.540731 :12008 (:12006)
[Sun Apr 27 2025 02:16:43.541880] d LSUPDATE :12004 8 F 6 :12008_2_1745745403.540733 1745745403.540731 :12008 (:12006)
[Sun Apr 27 2025 02:16:43.543030] r LSUPDATE :12004 9 F 13 :12004_9_1745745403.542191 1745745388.526631 :12004 (:12002,:12006)
[Sun Apr 27 2025 02:16:43.543066] d LSUPDATE :12008 8 F 13 :12004_9_1745745403.542191 1745745388.526631 :12004 (:12002,:12006)
[Sun Apr 27 2025 02:16:43.543580] r LSUPDATE :12008 9 F 6 :12008_5_1745745403.541393 1745745403.540731 :12008 (:12006)
[Sun Apr 27 2025 02:16:43.543600] d LSUPDATE :12004 8 F 6 :12008_5_1745745403.541393 1745745403.540731 :12008 (:12006)
[Sun Apr 27 2025 02:16:43.543835] r LSUPDATE :12004 8 F 13 :12002_12_1745745403.542511 1745745378.141016 :12002 (:12000,:12004)
[Sun Apr 27 2025 02:16:43.543862] d LSUPDATE :12008 7 F 13 :12002_12_1745745403.542511 1745745378.141016 :12002 (:12000,:12004)
[Sun Apr 27 2025 02:16:43.544435] r LSUPDATE :12008 9 F 6 :12008_7_1745745403.541629 1745745403.540731 :12008 (:12006)
[Sun Apr 27 2025 02:16:43.545558] d LSUPDATE :12004 8 F 6 :12008_7_1745745403.541629 1745745403.540731 :12008 (:12006)
[Sun Apr 27 2025 02:16:43.546163] r LSUPDATE :12004 9 F 13 :12004_10_1745745403.544140 1745745388.526631 :12004 (:12002,:12006)
[Sun Apr 27 2025 02:16:43.546187] d LSUPDATE :12008 8 F 13 :12004_10_1745745403.544140 1745745388.526631 :12004 (:12002,:12006)
[Sun Apr 27 2025 02:16:43.547922] r LSUPDATE :12008 9 F 6 :12008_9_1745745403.546487 1745745403.540731 :12008 (:12006)
[Sun Apr 27 2025 02:16:43.547943] d LSUPDATE :12004 8 F 6 :12008_9_1745745403.546487 1745745403.540731 :12008 (:12006)
[Sun Apr 27 2025 02:16:43.548590] r LSUPDATE :12004 9 F 13 :12004_11_1745745403.545893 1745745388.526631 :12004 (:12002,:12006)
[Sun Apr 27 2025 02:16:43.548616] d LSUPDATE :12008 8 F 13 :12004_11_1745745403.545893 1745745388.526631 :12004 (:12002,:12006)
[Sun Apr 27 2025 02:16:43.588395] r LSUPDATE :12004 9 F 13 :12004_12_1745745403.548294 1745745388.526631 :12004 (:12002,:12006)
[Sun Apr 27 2025 02:16:43.588421] d LSUPDATE :12008 8 F 13 :12004_12_1745745403.548294 1745745388.526631 :12004 (:12002,:12006)
[Sun Apr 27 2025 02:16:43.588660] r LSUPDATE :12004 7 F 6 :12000_14_1745745403.580509 1745745378.140808 :12000 (:12002)
[Sun Apr 27 2025 02:16:43.588674] d LSUPDATE :12008 6 F 6 :12000_14_1745745403.580509 1745745378.140808 :12000 (:12002)
[Sun Apr 27 2025 02:16:43.588904] r LSUPDATE :12004 7 F 6 :12000_15_1745745403.581014 1745745378.140808 :12000 (:12002)
[Sun Apr 27 2025 02:16:43.588918] d LSUPDATE :12008 6 F 6 :12000_15_1745745403.581014 1745745378.140808 :12000 (:12002)
[Sun Apr 27 2025 02:16:43.625978] r LSUPDATE :12004 8 F 13 :12002_13_1745745403.581851 1745745378.141016 :12002 (:12000,:12004)
[Sun Apr 27 2025 02:16:43.626004] d LSUPDATE :12008 7 F 13 :12002_13_1745745403.581851 1745745378.141016 :12002 (:12000,:12004)
[Sun Apr 27 2025 02:16:43.626250] r LSUPDATE :12004 7 F 6 :12000_16_1745745403.583869 1745745378.140808 :12000 (:12002)
[Sun Apr 27 2025 02:16:43.626266] d LSUPDATE :12008 6 F 6 :12000_16_1745745403.583869 1745745378.140808 :12000 (:12002)
[Sun Apr 27 2025 02:16:43.627410] r LSUPDATE :12004 7 F 6 :12000_17_1745745403.584373 1745745378.140808 :12000 (:12002)
[Sun Apr 27 2025 02:16:43.627426] d LSUPDATE :12008 6 F 6 :12000_17_1745745403.584373 1745745378.140808 :12000 (:12002)
[Sun Apr 27 2025 02:16:43.628978] r LSUPDATE :12004 8 F 13 :12002_14_1745745403.584934 1745745378.141016 :12002 (:12000,:12004)
[Sun Apr 27 2025 02:16:43.628996] d LSUPDATE :12008 7 F 13 :12002_14_1745745403.584934 1745745378.141016 :12002 (:12000,:12004)
[Sun Apr 27 2025 02:16:43.630413] r LSUPDATE :12004 8 F 13 :12002_15_1745745403.585468 1745745378.141016 :12002 (:12000,:12004)
[Sun Apr 27 2025 02:16:43.630430] d LSUPDATE :12008 7 F 13 :12002_15_1745745403.585468 1745745378.141016 :12002 (:12000,:12004)
[Sun Apr 27 2025 02:16:43.630667] r LSUPDATE :12004 7 F 6 :12000_18_1745745403.586356 1745745378.140808 :12000 (:12002)
[Sun Apr 27 2025 02:16:43.630682] d LSUPDATE :12008 6 F 6 :12000_18_1745745403.586356 1745745378.140808 :12000 (:12002)
[Sun Apr 27 2025 02:16:43.630915] r LSUPDATE :12004 7 F 6 :12000_19_1745745403.586840 1745745378.140808 :12000 (:12002)
[Sun Apr 27 2025 02:16:43.630930] d LSUPDATE :12008 6 F 6 :12000_19_1745745403.586840 1745745378.140808 :12000 (:12002)
[Sun Apr 27 2025 02:16:43.633082] r LSUPDATE :12004 7 F 6 :12000_20_1745745403.587102 1745745378.140808 :12000 (:12002)
[Sun Apr 27 2025 02:16:43.633104] d LSUPDATE :12008 6 F 6 :12000_20_1745745403.587102 1745745378.140808 :12000 (:12002)
[Sun Apr 27 2025 02:16:43.633352] r LSUPDATE :12004 7 F 6 :12000_21_1745745403.587565 1745745378.140808 :12000 (:12002)
[Sun Apr 27 2025 02:16:43.633374] d LSUPDATE :12008 6 F 6 :12000_21_1745745403.587565 1745745378.140808 :12000 (:12002)
[Sun Apr 27 2025 02:16:49.449757] r LSUPDATE :12008 9 F 13 :12008_10_1745745409.449437 1745745403.540731 :12008 (:12006,:12010)
[Sun Apr 27 2025 02:16:49.449784] d LSUPDATE :12004 8 F 13 :12008_10_1745745409.449437 1745745403.540731 :12008 (:12006,:12010)
[Sun Apr 27 2025 02:16:49.451793] r LSUPDATE :12004 9 F 13 :12004_13_1745745409.450099 1745745388.526631 :12004 (:12002,:12006)
[Sun Apr 27 2025 02:16:49.451813] d LSUPDATE :12008 8 F 13 :12004_13_1745745409.450099 1745745388.526631 :12004 (:12002,:12006)
[Sun Apr 27 2025 02:16:49.452620] r LSUPDATE :12004 8 F 13 :12002_16_1745745409.450459 1745745378.141016 :12002 (:12000,:12004)
[Sun Apr 27 2025 02:16:49.452638] d LSUPDATE :12008 7 F 13 :12002_16_1745745409.450459 1745745378.141016 :12002 (:12000,:12004)
[Sun Apr 27 2025 02:16:49.454773] r LSUPDATE :12004 7 F 6 :12000_22_1745745409.451025 1745745378.140808 :12000 (:12002)
[Sun Apr 27 2025 02:16:49.454790] d LSUPDATE :12008 6 F 6 :12000_22_1745745409.451025 1745745378.140808 :12000 (:12002)
[Sun Apr 27 2025 02:16:49.460495] r LSUPDATE :12008 8 F 13 :12010_2_1745745409.457058 1745745409.457056 :12010 (:12002,:12008)
[Sun Apr 27 2025 02:16:49.460515] d LSUPDATE :12004 7 F 13 :12010_2_1745745409.457058 1745745409.457056 :12010 (:12002,:12008)
[Sun Apr 27 2025 02:16:49.460544] i LSUPDATE :12004 9 F 13 :12006_11_1745745409.460538 1745745394.856215 :12006 (:12004,:12008)
[Sun Apr 27 2025 02:16:49.460560] i LSUPDATE :12008 9 F 13 :12006_11_1745745409.460538 1745745394.856215 :12006 (:12004,:12008)
[Sun Apr 27 2025 02:16:49.464945] r LSUPDATE :12004 9 F 13 :12004_15_1745745409.460863 1745745388.526631 :12004 (:12002,:12006)
[Sun Apr 27 2025 02:16:49.464970] d LSUPDATE :12008 8 F 13 :12004_15_1745745409.460863 1745745388.526631 :12004 (:12002,:12006)
[Sun Apr 27 2025 02:16:49.466700] r LSUPDATE :12004 7 F 6 :12000_23_1745745409.451531 1745745378.140808 :12000 (:12002)
[Sun Apr 27 2025 02:16:49.466718] d LSUPDATE :12008 6 F 6 :12000_23_1745745409.451531 1745745378.140808 :12000 (:12002)
[Sun Apr 27 2025 02:16:49.471034] r LSUPDATE :12008 8 F 13 :12010_5_1745745409.457578 1745745409.457056 :12010 (:12002,:12008)
[Sun Apr 27 2025 02:16:49.471053] d LSUPDATE :12004 7 F 13 :12010_5_1745745409.457578 1745745409.457056 :12010 (:12002,:12008)
[Sun Apr 27 2025 02:16:49.471079] i LSUPDATE :12004 9 F 13 :12006_12_1745745409.471072 1745745394.856215 :12006 (:12004,:12008)
[Sun Apr 27 2025 02:16:49.471105] i LSUPDATE :12008 9 F 13 :12006_12_1745745409.471072 1745745394.856215 :12006 (:12004,:12008)
[Sun Apr 27 2025 02:16:49.471352] r LSUPDATE :12004 8 F 20 :12002_17_1745745409.458544 1745745378.141016 :12002 (:12000,:12004,:12010)
[Sun Apr 27 2025 02:16:49.471369] d LSUPDATE :12008 7 F 20 :12002_17_1745745409.458544 1745745378.141016 :12002 (:12000,:12004,:12010)
[Sun Apr 27 2025 02:16:49.471600] r LSUPDATE :12004 7 F 13 :12010_5_1745745409.457578 1745745409.457056 :12010 (:12002,:12008)
[Sun Apr 27 2025 02:16:49.471816] r LSUPDATE :12004 9 F 13 :12004_16_1745745409.467960 1745745388.526631 :12004 (:12002,:12006)
[Sun Apr 27 2025 02:16:49.471830] d LSUPDATE :12008 8 F 13 :12004_16_1745745409.467960 1745745388.526631 :12004 (:12002,:12006)
[Sun Apr 27 2025 02:16:49.472062] r LSUPDATE :12004 8 F 20 :12002_19_1745745409.465554 1745745378.141016 :12002 (:12000,:12004,:12010)
[Sun Apr 27 2025 02:16:49.472077] d LSUPDATE :12008 7 F 20 :12002_19_1745745409.465554 1745745378.141016 :12002 (:12000,:12004,:12010)
[Sun Apr 27 2025 02:16:49.477189] r LSUPDATE :12008 8 F 13 :12010_8_1745745409.458372 1745745409.457056 :12010 (:12002,:12008)
[Sun Apr 27 2025 02:16:49.477216] d LSUPDATE :12004 7 F 13 :12010_8_1745745409.458372 1745745409.457056 :12010 (:12002,:12008)
[Sun Apr 27 2025 02:16:49.477245] i LSUPDATE :12004 9 F 13 :12006_13_1745745409.477239 1745745394.856215 :12006 (:12004,:12008)
[Sun Apr 27 2025 02:16:49.477261] i LSUPDATE :12008 9 F 13 :12006_13_1745745409.477239 1745745394.856215 :12006 (:12004,:12008)
[Sun Apr 27 2025 02:16:49.480547] r LSUPDATE :12008 8 F 13 :12010_9_1745745409.459688 1745745409.457056 :12010 (:12002,:12008)
[Sun Apr 27 2025 02:16:49.480568] d LSUPDATE :12004 7 F 13 :12010_9_1745745409.459688 1745745409.457056 :12010 (:12002,:12008)
[Sun Apr 27 2025 02:16:49.480594] i LSUPDATE :12004 9 F 13 :12006_14_1745745409.480588 1745745394.856215 :12006 (:12004,:12008)
[Sun Apr 27 2025 02:16:49.480610] i LSUPDATE :12008 9 F 13 :12006_14_1745745409.480588 1745745394.856215 :12006 (:12004,:12008)
[Sun Apr 27 2025 02:16:49.481751] r LSUPDATE :12004 8 F 20 :12002_21_1745745409.465942 1745745378.141016 :12002 (:12000,:12004,:12010)
[Sun Apr 27 2025 02:16:49.481770] d LSUPDATE :12008 7 F 20 :12002_21_1745745409.465942 1745745378.141016 :12002 (:12000,:12004,:12010)
[Sun Apr 27 2025 02:16:49.485907] r LSUPDATE :12004 9 F 13 :12004_17_1745745409.482626 1745745388.526631 :12004 (:12002,:12006)
[Sun Apr 27 2025 02:16:49.485943] d LSUPDATE :12008 8 F 13 :12004_17_1745745409.482626 1745745388.526631 :12004 (:12002,:12006)
[Sun Apr 27 2025 02:16:49.487792] r LSUPDATE :12008 8 F 13 :12010_11_1745745409.470040 1745745409.457056 :12010 (:12002,:12008)
[Sun Apr 27 2025 02:16:49.487811] d LSUPDATE :12004 7 F 13 :12010_11_1745745409.470040 1745745409.457056 :12010 (:12002,:12008)
[Sun Apr 27 2025 02:16:49.487837] i LSUPDATE :12004 9 F 13 :12006_15_1745745409.487830 1745745394.856215 :12006 (:12004,:12008)
[Sun Apr 27 2025 02:16:49.487852] i LSUPDATE :12008 9 F 13 :12006_15_1745745409.487830 1745745394.856215 :12006 (:12004,:12008)
[Sun Apr 27 2025 02:16:49.488698] r LSUPDATE :12004 9 F 13 :12004_18_1745745409.483138 1745745388.526631 :12004 (:12002,:12006)
[Sun Apr 27 2025 02:16:49.488717] d LSUPDATE :12008 8 F 13 :12004_18_1745745409.483138 1745745388.526631 :12004 (:12002,:12006)
[Sun Apr 27 2025 02:16:49.492457] r LSUPDATE :12004 9 F 13 :12004_19_1745745409.489017 1745745388.526631 :12004 (:12002,:12006)
[Sun Apr 27 2025 02:16:49.492480] d LSUPDATE :12008 8 F 13 :12004_19_1745745409.489017 1745745388.526631 :12004 (:12002,:12006)
[Sun Apr 27 2025 02:16:49.530697] r LSUPDATE :12008 7 F 20 :12002_22_1745745409.483677 1745745378.141016 :12002 (:12000,:12004,:12010)
[Sun Apr 27 2025 02:16:49.530723] d LSUPDATE :12004 6 F 20 :12002_22_1745745409.483677 1745745378.141016 :12002 (:12000,:12004,:12010)
[Sun Apr 27 2025 02:16:49.530978] r LSUPDATE :12004 8 F 20 :12002_22_1745745409.483677 1745745378.141016 :12002 (:12000,:12004,:12010)
[Sun Apr 27 2025 02:16:49.531221] r LSUPDATE :12004 7 F 6 :12000_25_1745745409.500612 1745745378.140808 :12000 (:12002)
[Sun Apr 27 2025 02:16:49.531236] d LSUPDATE :12008 6 F 6 :12000_25_1745745409.500612 1745745378.140808 :12000 (:12002)
[Sun Apr 27 2025 02:16:49.531487] r LSUPDATE :12004 8 F 20 :12002_23_1745745409.501939 1745745378.141016 :12002 (:12000,:12004,:12010)
[Sun Apr 27 2025 02:16:49.531504] d LSUPDATE :12008 7 F 20 :12002_23_1745745409.501939 1745745378.141016 :12002 (:12000,:12004,:12010)
[Sun Apr 27 2025 02:16:49.533100] r LSUPDATE :12008 7 F 20 :12002_23_1745745409.501939 1745745378.141016 :12002 (:12000,:12004,:12010)
[Sun Apr 27 2025 02:16:49.535464] r LSUPDATE :12008 7 F 20 :12002_24_1745745409.502694 1745745378.141016 :12002 (:12000,:12004,:12010)
[Sun Apr 27 2025 02:16:49.535482] d LSUPDATE :12004 6 F 20 :12002_24_1745745409.502694 1745745378.141016 :12002 (:12000,:12004,:12010)
[Sun Apr 27 2025 02:16:49.540390] r LSUPDATE :12004 8 F 20 :12002_25_1745745409.503443 1745745378.141016 :12002 (:12000,:12004,:12010)
[Sun Apr 27 2025 02:16:49.540415] d LSUPDATE :12008 7 F 20 :12002_25_1745745409.503443 1745745378.141016 :12002 (:12000,:12004,:12010)
[Sun Apr 27 2025 02:16:49.543372] r LSUPDATE :12008 6 F 6 :12000_26_1745745409.500876 1745745378.140808 :12000 (:12002)
[Sun Apr 27 2025 02:16:49.543392] d LSUPDATE :12004 5 F 6 :12000_26_1745745409.500876 1745745378.140808 :12000 (:12002)
[Sun Apr 27 2025 02:16:49.543643] r LSUPDATE :12004 7 F 6 :12000_26_1745745409.500876 1745745378.140808 :12000 (:12002)
[Sun Apr 27 2025 02:16:49.543864] r LSUPDATE :12004 7 F 6 :12000_27_1745745409.501123 1745745378.140808 :12000 (:12002)
[Sun Apr 27 2025 02:16:49.543879] d LSUPDATE :12008 6 F 6 :12000_27_1745745409.501123 1745745378.140808 :12000 (:12002)
[Sun Apr 27 2025 02:16:49.544115] r LSUPDATE :12004 7 F 6 :12000_28_1745745409.501380 1745745378.140808 :12000 (:12002)
[Sun Apr 27 2025 02:16:49.544131] d LSUPDATE :12008 6 F 6 :12000_28_1745745409.501380 1745745378.140808 :12000 (:12002)
[Sun Apr 27 2025 02:16:49.544375] r LSUPDATE :12004 7 F 6 :12000_29_1745745409.505293 1745745378.140808 :12000 (:12002)
[Sun Apr 27 2025 02:16:49.544391] d LSUPDATE :12008 6 F 6 :12000_29_1745745409.505293 1745745378.140808 :12000 (:12002)
[Sun Apr 27 2025 02:16:49.544620] r LSUPDATE :12004 7 F 6 :12000_30_1745745409.507460 1745745378.140808 :12000 (:12002)
[Sun Apr 27 2025 02:16:49.544635] d LSUPDATE :12008 6 F 6 :12000_30_1745745409.507460 1745745378.140808 :12000 (:12002)
[Sun Apr 27 2025 02:16:49.559647] r LSUPDATE :12008 6 F 6 :12000_28_1745745409.501380 1745745378.140808 :12000 (:12002)
[Sun Apr 27 2025 02:16:49.564671] r LSUPDATE :12008 6 F 6 :12000_31_1745745409.507719 1745745378.140808 :12000 (:12002)
[Sun Apr 27 2025 02:16:49.564693] d LSUPDATE :12004 5 F 6 :12000_31_1745745409.507719 1745745378.140808 :12000 (:12002)
[Sun Apr 27 2025 02:16:49.567133] r LSUPDATE :12004 7 F 6 :12000_32_1745745409.507966 1745745378.140808 :12000 (:12002)
[Sun Apr 27 2025 02:16:49.567155] d LSUPDATE :12008 6 F 6 :12000_32_1745745409.507966 1745745378.140808 :12000 (:12002)
[Sun Apr 27 2025 02:16:49.569894] r LSUPDATE :12008 6 F 6 :12000_33_1745745409.508226 1745745378.140808 :12000 (:12002)
[Sun Apr 27 2025 02:16:49.569913] d LSUPDATE :12004 5 F 6 :12000_33_1745745409.508226 1745745378.140808 :12000 (:12002)
[Sun Apr 27 2025 02:16:49.570161] r LSUPDATE :12004 7 F 6 :12000_33_1745745409.508226 1745745378.140808 :12000 (:12002)
[Sun Apr 27 2025 02:16:49.570378] r LSUPDATE :12004 7 F 6 :12000_34_1745745409.508701 1745745378.140808 :12000 (:12002)
[Sun Apr 27 2025 02:16:49.570393] d LSUPDATE :12008 6 F 6 :12000_34_1745745409.508701 1745745378.140808 :12000 (:12002)
[Sun Apr 27 2025 02:16:49.570629] r LSUPDATE :12004 7 F 6 :12000_35_1745745409.514428 1745745378.140808 :12000 (:12002)
[Sun Apr 27 2025 02:16:49.570643] d LSUPDATE :12008 6 F 6 :12000_35_1745745409.514428 1745745378.140808 :12000 (:12002)
[Sun Apr 27 2025 02:16:49.570877] r LSUPDATE :12004 7 F 6 :12000_36_1745745409.514907 1745745378.140808 :12000 (:12002)
[Sun Apr 27 2025 02:16:49.570892] d LSUPDATE :12008 6 F 6 :12000_36_1745745409.514907 1745745378.140808 :12000 (:12002)
[Sun Apr 27 2025 02:16:49.571133] r LSUPDATE :12004 7 F 6 :12000_37_1745745409.515160 1745745378.140808 :12000 (:12002)
[Sun Apr 27 2025 02:16:49.571147] d LSUPDATE :12008 6 F 6 :12000_37_1745745409.515160 1745745378.140808 :12000 (:12002)
[Sun Apr 27 2025 02:16:49.571383] r LSUPDATE :12004 7 F 6 :12000_38_1745745409.515629 1745745378.140808 :12000 (:12002)
[Sun Apr 27 2025 02:16:49.571397] d LSUPDATE :12008 6 F 6 :12000_38_1745745409.515629 1745745378.140808 :12000 (:12002)
[Sun Apr 27 2025 02:16:49.571626] r LSUPDATE :12004 7 F 6 :12000_39_1745745409.520919 1745745378.140808 :12000 (:12002)
[Sun Apr 27 2025 02:16:49.571640] d LSUPDATE :12008 6 F 6 :12000_39_1745745409.520919 1745745378.140808 :12000 (:12002)
[Sun Apr 27 2025 02:16:49.574195] r LSUPDATE :12008 6 F 6 :12000_35_1745745409.514428 1745745378.140808 :12000 (:12002)
[Sun Apr 27 2025 02:22:55.118731] i LSUPDATE :12008 9 F 6 :12006_27_1745745775.118716 1745745394.856215 :12006 (:12008)
[Sun Apr 27 2025 02:22:55.122157] r LSUPDATE :12008 7 F 13 :12002_33_1745745775.118543 1745745378.141016 :12002 (:12000,:12010)
[Sun Apr 27 2025 02:22:55.164956] r LSUPDATE :12008 7 F 13 :12002_34_1745745775.119912 1745745378.141016 :12002 (:12000,:12010)
[Sun Apr 27 2025 02:22:55.165195] r LSUPDATE :12008 6 F 6 :12000_50_1745745775.120529 1745745378.140808 :12000 (:12002)
[Sun Apr 27 2025 02:23:30.954440] r SAYHELLO :12004 1 - 0
[Sun Apr 27 2025 02:23:30.954494] i SAYHELLO :12004 1 - 0
[Sun Apr 27 2025 02:23:30.954537] i LSUPDATE :12008 9 F 13 :12006_32_1745745810.954477 1745745394.856215 :12006 (:12008,:12004)
[Sun Apr 27 2025 02:23:30.954554] i LSUPDATE :12004 9 F 13 :12006_32_1745745810.954477 1745745394.856215 :12006 (:12008,:12004)
[Sun Apr 27 2025 02:23:30.957833] r LSUPDATE :12008 7 F 13 :12002_37_1745745810.955451 1745745378.141016 :12002 (:12000,:12010)
[Sun Apr 27 2025 02:23:30.957855] d LSUPDATE :12004 6 F 13 :12002_37_1745745810.955451 1745745378.141016 :12002 (:12000,:12010)
[Sun Apr 27 2025 02:23:30.959440] r LSUPDATE :12004 9 F 13 :12004_2_1745745810.958670 1745745810.958384 :12004 (:12002,:12006)
[Sun Apr 27 2025 02:23:30.959460] d LSUPDATE :12008 8 F 13 :12004_2_1745745810.958670 1745745810.958384 :12004 (:12002,:12006)
[Sun Apr 27 2025 02:23:30.961747] r LSUPDATE :12008 9 F 13 :12008_16_1745745810.959768 1745745403.540731 :12008 (:12006,:12010)
[Sun Apr 27 2025 02:23:30.961765] d LSUPDATE :12004 8 F 13 :12008_16_1745745810.959768 1745745403.540731 :12008 (:12006,:12010)
[Sun Apr 27 2025 02:23:30.969086] r LSUPDATE :12004 9 F 13 :12004_5_1745745810.968309 1745745810.958384 :12004 (:12002,:12006)
[Sun Apr 27 2025 02:23:30.969106] d LSUPDATE :12008 8 F 13 :12004_5_1745745810.968309 1745745810.958384 :12004 (:12002,:12006)
[Sun Apr 27 2025 02:23:30.969747] r LSUPDATE :12008 8 F 13 :12010_17_1745745810.960081 1745745409.457056 :12010 (:12002,:12008)
[Sun Apr 27 2025 02:23:30.969772] d LSUPDATE :12004 7 F 13 :12010_17_1745745810.960081 1745745409.457056 :12010 (:12002,:12008)
[Sun Apr 27 2025 02:23:30.969798] i LSUPDATE :12008 9 F 13 :12006_34_1745745810.969790 1745745394.856215 :12006 (:12008,:12004)
[Sun Apr 27 2025 02:23:30.969812] i LSUPDATE :12004 9 F 13 :12006_34_1745745810.969790 1745745394.856215 :12006 (:12008,:12004)
[Sun Apr 27 2025 02:23:30.970025] r LSUPDATE :12008 6 F 6 :12000_57_1745745810.955771 1745745378.140808 :12000 (:12002)
[Sun Apr 27 2025 02:23:30.970039] d LSUPDATE :12004 5 F 6 :12000_57_1745745810.955771 1745745378.140808 :12000 (:12002)
[Sun Apr 27 2025 02:23:30.974183] r LSUPDATE :12008 9 F 13 :12008_17_1745745810.970369 1745745403.540731 :12008 (:12006,:12010)
[Sun Apr 27 2025 02:23:30.974204] d LSUPDATE :12004 8 F 13 :12008_17_1745745810.970369 1745745403.540731 :12008 (:12006,:12010)
[Sun Apr 27 2025 02:23:30.982208] r LSUPDATE :12004 8 F 20 :12002_41_1745745810.965850 1745745378.141016 :12002 (:12000,:12010,:12004)
[Sun Apr 27 2025 02:23:30.982231] d LSUPDATE :12008 7 F 20 :12002_41_1745745810.965850 1745745378.141016 :12002 (:12000,:12010,:12004)
[Sun Apr 27 2025 02:23:30.982471] r LSUPDATE :12008 7 F 13 :12002_39_1745745810.960929 1745745378.141016 :12002 (:12000,:12010)
[Sun Apr 27 2025 02:23:30.982493] d LSUPDATE :12004 6 F 13 :12002_39_1745745810.960929 1745745378.141016 :12002 (:12000,:12010)
[Sun Apr 27 2025 02:23:30.982730] r LSUPDATE :12008 7 F 13 :12002_40_1745745810.961479 1745745378.141016 :12002 (:12000,:12010)
[Sun Apr 27 2025 02:23:30.982745] d LSUPDATE :12004 6 F 13 :12002_40_1745745810.961479 1745745378.141016 :12002 (:12000,:12010)
[Sun Apr 27 2025 02:23:30.982989] r LSUPDATE :12008 8 F 13 :12010_18_1745745810.971431 1745745409.457056 :12010 (:12002,:12008)
[Sun Apr 27 2025 02:23:30.983004] d LSUPDATE :12004 7 F 13 :12010_18_1745745810.971431 1745745409.457056 :12010 (:12002,:12008)
[Sun Apr 27 2025 02:23:30.983059] i LSUPDATE :12008 9 F 13 :12006_35_1745745810.983020 1745745394.856215 :12006 (:12008,:12004)
[Sun Apr 27 2025 02:23:30.983075] i LSUPDATE :12004 9 F 13 :12006_35_1745745810.983020 1745745394.856215 :12006 (:12008,:12004)
[Sun Apr 27 2025 02:23:30.983289] r LSUPDATE :12008 6 F 6 :12000_59_1745745810.962953 1745745378.140808 :12000 (:12002)
[Sun Apr 27 2025 02:23:30.983304] d LSUPDATE :12004 5 F 6 :12000_59_1745745810.962953 1745745378.140808 :12000 (:12002)
[Sun Apr 27 2025 02:23:30.985843] r LSUPDATE :12004 7 F 6 :12000_61_1745745810.964128 1745745378.140808 :12000 (:12002)
[Sun Apr 27 2025 02:23:30.985864] d LSUPDATE :12008 6 F 6 :12000_61_1745745810.964128 1745745378.140808 :12000 (:12002)
[Sun Apr 27 2025 02:23:30.986100] r LSUPDATE :12004 9 F 13 :12004_7_1745745810.968831 1745745810.958384 :12004 (:12002,:12006)
[Sun Apr 27 2025 02:23:30.986121] d LSUPDATE :12008 8 F 13 :12004_7_1745745810.968831 1745745810.958384 :12004 (:12002,:12006)
[Sun Apr 27 2025 02:23:30.988229] r LSUPDATE :12008 6 F 6 :12000_60_1745745810.963871 1745745378.140808 :12000 (:12002)
[Sun Apr 27 2025 02:23:30.988247] d LSUPDATE :12004 5 F 6 :12000_60_1745745810.963871 1745745378.140808 :12000 (:12002)
[Sun Apr 27 2025 02:23:30.988485] r LSUPDATE :12004 9 F 13 :12004_9_1745745810.985127 1745745810.958384 :12004 (:12002,:12006)
[Sun Apr 27 2025 02:23:30.988501] d LSUPDATE :12008 8 F 13 :12004_9_1745745810.985127 1745745810.958384 :12004 (:12002,:12006)
[Sun Apr 27 2025 02:23:30.997493] r LSUPDATE :12008 9 F 13 :12008_18_1745745810.996193 1745745403.540731 :12008 (:12006,:12010)
[Sun Apr 27 2025 02:23:30.997513] d LSUPDATE :12004 8 F 13 :12008_18_1745745810.996193 1745745403.540731 :12008 (:12006,:12010)
[Sun Apr 27 2025 02:23:30.997737] r LSUPDATE :12008 9 F 13 :12008_19_1745745810.996541 1745745403.540731 :12008 (:12006,:12010)
[Sun Apr 27 2025 02:23:30.997752] d LSUPDATE :12004 8 F 13 :12008_19_1745745810.996541 1745745403.540731 :12008 (:12006,:12010)
[Sun Apr 27 2025 02:23:30.997992] r LSUPDATE :12004 9 F 13 :12004_11_1745745810.990998 1745745810.958384 :12004 (:12002,:12006)
[Sun Apr 27 2025 02:23:30.998008] d LSUPDATE :12008 8 F 13 :12004_11_1745745810.990998 1745745810.958384 :12004 (:12002,:12006)
[Sun Apr 27 2025 02:23:31.001769] r LSUPDATE :12008 6 F 6 :12000_62_1745745810.976405 1745745378.140808 :12000 (:12002)
[Sun Apr 27 2025 02:23:31.001790] d LSUPDATE :12004 5 F 6 :12000_62_1745745810.976405 1745745378.140808 :12000 (:12002)
[Sun Apr 27 2025 02:23:31.002404] r LSUPDATE :12004 4 F 13 :12004_5_1745745810.968309 1745745810.958384 :12004 (:12002,:12006)
[Sun Apr 27 2025 02:23:31.002622] r LSUPDATE :12004 9 F 13 :12004_13_1745745811.001907 1745745810.958384 :12004 (:12002,:12006)
[Sun Apr 27 2025 02:23:31.002637] d LSUPDATE :12008 8 F 13 :12004_13_1745745811.001907 1745745810.958384 :12004 (:12002,:12006)
[Sun Apr 27 2025 02:23:31.004224] r LSUPDATE :12008 9 F 13 :12008_20_1745745811.002747 1745745403.540731 :12008 (:12006,:12010)
[Sun Apr 27 2025 02:23:31.004243] d LSUPDATE :12004 8 F 13 :12008_20_1745745811.002747 1745745403.540731 :12008 (:12006,:12010)
[Sun Apr 27 2025 02:23:31.005454] r LSUPDATE :12004 7 F 13 :12010_18_1745745810.971431 1745745409.457056 :12010 (:12002,:12008)
[Sun Apr 27 2025 02:23:31.044710] r LSUPDATE :12008 9 F 13 :12008_21_1745745811.003063 1745745403.540731 :12008 (:12006,:12010)
[Sun Apr 27 2025 02:23:31.044755] d LSUPDATE :12004 8 F 13 :12008_21_1745745811.003063 1745745403.540731 :12008 (:12006,:12010)
[Sun Apr 27 2025 02:23:31.045017] r LSUPDATE :12008 6 F 6 :12000_63_1745745810.976679 1745745378.140808 :12000 (:12002)
[Sun Apr 27 2025 02:23:31.045034] d LSUPDATE :12004 5 F 6 :12000_63_1745745810.976679 1745745378.140808 :12000 (:12002)
[Sun Apr 27 2025 02:23:31.045279] r LSUPDATE :12008 7 F 20 :12002_42_1745745810.977713 1745745378.141016 :12002 (:12000,:12010,:12004)
[Sun Apr 27 2025 02:23:31.045296] d LSUPDATE :12004 6 F 20 :12002_42_1745745810.977713 1745745378.141016 :12002 (:12000,:12010,:12004)
[Sun Apr 27 2025 02:23:31.045550] r LSUPDATE :12008 8 F 13 :12010_19_1745745811.000579 1745745409.457056 :12010 (:12002,:12008)
[Sun Apr 27 2025 02:23:31.045567] d LSUPDATE :12004 7 F 13 :12010_19_1745745811.000579 1745745409.457056 :12010 (:12002,:12008)
[Sun Apr 27 2025 02:23:31.055546] i LSUPDATE :12008 9 F 13 :12006_36_1745745811.047573 1745745394.856215 :12006 (:12008,:12004)
[Sun Apr 27 2025 02:23:31.055600] i LSUPDATE :12004 9 F 13 :12006_36_1745745811.047573 1745745394.856215 :12006 (:12008,:12004)
[Sun Apr 27 2025 02:23:31.055821] r LSUPDATE :12008 8 F 13 :12010_20_1745745811.001082 1745745409.457056 :12010 (:12002,:12008)
[Sun Apr 27 2025 02:23:31.055838] d LSUPDATE :12004 7 F 13 :12010_20_1745745811.001082 1745745409.457056 :12010 (:12002,:12008)
[Sun Apr 27 2025 02:23:31.055888] i LSUPDATE :12008 9 F 13 :12006_37_1745745811.055870 1745745394.856215 :12006 (:12008,:12004)
[Sun Apr 27 2025 02:23:31.055919] i LSUPDATE :12004 9 F 13 :12006_37_1745745811.055870 1745745394.856215 :12006 (:12008,:12004)
[Sun Apr 27 2025 02:23:31.056135] r LSUPDATE :12008 8 F 13 :12010_21_1745745811.008433 1745745409.457056 :12010 (:12002,:12008)
[Sun Apr 27 2025 02:23:31.056149] d LSUPDATE :12004 7 F 13 :12010_21_1745745811.008433 1745745409.457056 :12010 (:12002,:12008)
[Sun Apr 27 2025 02:23:31.056419] r LSUPDATE :12004 7 F 6 :12000_62_1745745810.976405 1745745378.140808 :12000 (:12002)
[Sun Apr 27 2025 02:23:31.056443] i LSUPDATE :12008 9 F 13 :12006_38_1745745811.056404 1745745394.856215 :12006 (:12008,:12004)
[Sun Apr 27 2025 02:23:31.056467] i LSUPDATE :12004 9 F 13 :12006_38_1745745811.056404 1745745394.856215 :12006 (:12008,:12004)
[Sun Apr 27 2025 02:23:31.056683] r LSUPDATE :12008 8 F 13 :12010_22_1745745811.008979 1745745409.457056 :12010 (:12002,:12008)
[Sun Apr 27 2025 02:23:31.056698] d LSUPDATE :12004 7 F 13 :12010_22_1745745811.008979 1745745409.457056 :12010 (:12002,:12008)
[Sun Apr 27 2025 02:23:31.062852] i LSUPDATE :12008 9 F 13 :12006_39_1745745811.062826 1745745394.856215 :12006 (:12008,:12004)
[Sun Apr 27 2025 02:23:31.062883] i LSUPDATE :12004 9 F 13 :12006_39_1745745811.062826 1745745394.856215 :12006 (:12008,:12004)
[Sun Apr 27 2025 02:23:31.063118] r LSUPDATE :12008 7 F 20 :12002_43_1745745810.978017 1745745378.141016 :12002 (:12000,:12010,:12004)
[Sun Apr 27 2025 02:23:31.063136] d LSUPDATE :12004 6 F 20 :12002_43_1745745810.978017 1745745378.141016 :12002 (:12000,:12010,:12004)
[Sun Apr 27 2025 02:23:31.063371] r LSUPDATE :12008 6 F 6 :12000_64_1745745810.981926 1745745378.140808 :12000 (:12002)
[Sun Apr 27 2025 02:23:31.063386] d LSUPDATE :12004 5 F 6 :12000_64_1745745810.981926 1745745378.140808 :12000 (:12002)
[Sun Apr 27 2025 02:23:31.073331] r LSUPDATE :12004 7 F 6 :12000_63_1745745810.976679 1745745378.140808 :12000 (:12002)
[Sun Apr 27 2025 02:23:31.073562] r LSUPDATE :12004 8 F 20 :12002_42_1745745810.977713 1745745378.141016 :12002 (:12000,:12010,:12004)
[Sun Apr 27 2025 02:23:31.073783] r LSUPDATE :12004 8 F 20 :12002_43_1745745810.978017 1745745378.141016 :12002 (:12000,:12010,:12004)
[Sun Apr 27 2025 02:23:31.073996] r LSUPDATE :12004 7 F 6 :12000_64_1745745810.981926 1745745378.140808 :12000 (:12002)
[Sun Apr 27 2025 02:23:31.074210] r LSUPDATE :12004 8 F 20 :12002_44_1745745811.006634 1745745378.141016 :12002 (:12000,:12010,:12004)
[Sun Apr 27 2025 02:23:31.074225] d LSUPDATE :12008 7 F 20 :12002_44_1745745811.006634 1745745378.141016 :12002 (:12000,:12010,:12004)
[Sun Apr 27 2025 02:23:31.081589] r LSUPDATE :12008 7 F 20 :12002_44_1745745811.006634 1745745378.141016 :12002 (:12000,:12010,:12004)
[Sun Apr 27 2025 02:23:31.082205] r LSUPDATE :12004 7 F 13 :12010_19_1745745811.000579 1745745409.457056 :12010 (:12002,:12008)
[Sun Apr 27 2025 02:23:31.082423] r LSUPDATE :12004 8 F 20 :12002_45_1745745811.014923 1745745378.141016 :12002 (:12000,:12010,:12004)
[Sun Apr 27 2025 02:23:31.082439] d LSUPDATE :12008 7 F 20 :12002_45_1745745811.014923 1745745378.141016 :12002 (:12000,:12010,:12004)
[Sun Apr 27 2025 02:23:31.082685] r LSUPDATE :12004 7 F 13 :12010_20_1745745811.001082 1745745409.457056 :12010 (:12002,:12008)
[Sun Apr 27 2025 02:23:31.082915] r LSUPDATE :12004 8 F 20 :12002_46_1745745811.022074 1745745378.141016 :12002 (:12000,:12010,:12004)
[Sun Apr 27 2025 02:23:31.082932] d LSUPDATE :12008 7 F 20 :12002_46_1745745811.022074 1745745378.141016 :12002 (:12000,:12010,:12004)
[Sun Apr 27 2025 02:23:31.086931] r LSUPDATE :12008 7 F 20 :12002_45_1745745811.014923 1745745378.141016 :12002 (:12000,:12010,:12004)
[Sun Apr 27 2025 02:23:31.087153] r LSUPDATE :12008 7 F 20 :12002_46_1745745811.022074 1745745378.141016 :12002 (:12000,:12010,:12004)
[Sun Apr 27 2025 02:23:31.087371] r LSUPDATE :12008 7 F 20 :12002_47_1745745811.025622 1745745378.141016 :12002 (:12000,:12010,:12004)
[Sun Apr 27 2025 02:23:31.087386] d LSUPDATE :12004 6 F 20 :12002_47_1745745811.025622 1745745378.141016 :12002 (:12000,:12010,:12004)
[Sun Apr 27 2025 02:23:31.087626] r LSUPDATE :12008 7 F 20 :12002_48_1745745811.030330 1745745378.141016 :12002 (:12000,:12010,:12004)
[Sun Apr 27 2025 02:23:31.088036] d LSUPDATE :12004 6 F 20 :12002_48_1745745811.030330 1745745378.141016 :12002 (:12000,:12010,:12004)
[Sun Apr 27 2025 02:23:31.092390] r LSUPDATE :12004 7 F 13 :12010_21_1745745811.008433 1745745409.457056 :12010 (:12002,:12008)
[Sun Apr 27 2025 02:23:31.093034] r LSUPDATE :12004 8 F 20 :12002_47_1745745811.025622 1745745378.141016 :12002 (:12000,:12010,:12004)
[Sun Apr 27 2025 02:23:31.093252] r LSUPDATE :12004 7 F 13 :12010_22_1745745811.008979 1745745409.457056 :12010 (:12002,:12008)
[Sun Apr 27 2025 02:23:31.093468] r LSUPDATE :12004 8 F 20 :12002_48_1745745811.030330 1745745378.141016 :12002 (:12000,:12010,:12004)
[Sun Apr 27 2025 02:23:31.093681] r LSUPDATE :12004 7 F 6 :12000_65_1745745811.032421 1745745378.140808 :12000 (:12002)
[Sun Apr 27 2025 02:23:31.094118] d LSUPDATE :12008 6 F 6 :12000_65_1745745811.032421 1745745378.140808 :12000 (:12002)
[Sun Apr 27 2025 02:23:31.098266] r LSUPDATE :12008 6 F 6 :12000_65_1745745811.032421 1745745378.140808 :12000 (:12002)
[Sun Apr 27 2025 02:23:31.098486] r LSUPDATE :12008 6 F 6 :12000_66_1745745811.032911 1745745378.140808 :12000 (:12002)
[Sun Apr 27 2025 02:23:31.098500] d LSUPDATE :12004 5 F 6 :12000_66_1745745811.032911 1745745378.140808 :12000 (:12002)
[Sun Apr 27 2025 02:23:31.100227] r LSUPDATE :12008 6 F 6 :12000_67_1745745811.033166 1745745378.140808 :12000 (:12002)
[Sun Apr 27 2025 02:23:31.100245] d LSUPDATE :12004 5 F 6 :12000_67_1745745811.033166 1745745378.140808 :12000 (:12002)
[Sun Apr 27 2025 02:23:31.100484] r LSUPDATE :12008 6 F 6 :12000_68_1745745811.034313 1745745378.140808 :12000 (:12002)
[Sun Apr 27 2025 02:23:31.100500] d LSUPDATE :12004 5 F 6 :12000_68_1745745811.034313 1745745378.140808 :12000 (:12002)
[Sun Apr 27 2025 02:23:31.100732] r LSUPDATE :12008 6 F 6 :12000_69_1745745811.034807 1745745378.140808 :12000 (:12002)
[Sun Apr 27 2025 02:23:31.100746] d LSUPDATE :12004 5 F 6 :12000_69_1745745811.034807 1745745378.140808 :12000 (:12002)
[Sun Apr 27 2025 02:23:31.100981] r LSUPDATE :12008 6 F 6 :12000_70_1745745811.035294 1745745378.140808 :12000 (:12002)
[Sun Apr 27 2025 02:23:31.100996] d LSUPDATE :12004 5 F 6 :12000_70_1745745811.035294 1745745378.140808 :12000 (:12002)
[Sun Apr 27 2025 02:23:31.101224] r LSUPDATE :12004 7 F 6 :12000_66_1745745811.032911 1745745378.140808 :12000 (:12002)
[Sun Apr 27 2025 02:23:31.101436] r LSUPDATE :12004 7 F 6 :12000_67_1745745811.033166 1745745378.140808 :12000 (:12002)
[Sun Apr 27 2025 02:23:31.101648] r LSUPDATE :12004 7 F 6 :12000_68_1745745811.034313 1745745378.140808 :12000 (:12002)
[Sun Apr 27 2025 02:23:31.101859] r LSUPDATE :12004 7 F 6 :12000_69_1745745811.034807 1745745378.140808 :12000 (:12002)
[Sun Apr 27 2025 02:23:31.102070] r LSUPDATE :12004 7 F 6 :12000_70_1745745811.035294 1745745378.140808 :12000 (:12002)
[Sun Apr 27 2025 02:23:31.103152] r LSUPDATE :12004 8 F 20 :12002_49_1745745811.060659 1745745378.141016 :12002 (:12000,:12010,:12004)
[Sun Apr 27 2025 02:23:31.103170] d LSUPDATE :12008 7 F 20 :12002_49_1745745811.060659 1745745378.141016 :12002 (:12000,:12010,:12004)
[Sun Apr 27 2025 02:23:31.106460] r LSUPDATE :12008 6 F 6 :12000_71_1745745811.035543 1745745378.140808 :12000 (:12002)
[Sun Apr 27 2025 02:23:31.106476] d LSUPDATE :12004 5 F 6 :12000_71_1745745811.035543 1745745378.140808 :12000 (:12002)
[Sun Apr 27 2025 02:23:31.106708] r LSUPDATE :12008 6 F 6 :12000_72_1745745811.036654 1745745378.140808 :12000 (:12002)
[Sun Apr 27 2025 02:23:31.106721] d LSUPDATE :12004 5 F 6 :12000_72_1745745811.036654 1745745378.140808 :12000 (:12002)
[Sun Apr 27 2025 02:23:31.106968] r LSUPDATE :12004 7 F 6 :12000_71_1745745811.035543 1745745378.140808 :12000 (:12002)
[Sun Apr 27 2025 02:23:31.107191] r LSUPDATE :12004 8 F 20 :12002_50_1745745811.064350 1745745378.141016 :12002 (:12000,:12010,:12004)
[Sun Apr 27 2025 02:23:31.107207] d LSUPDATE :12008 7 F 20 :12002_50_1745745811.064350 1745745378.141016 :12002 (:12000,:12010,:12004)
[Sun Apr 27 2025 02:23:31.107670] r LSUPDATE :12008 7 F 20 :12002_50_1745745811.064350 1745745378.141016 :12002 (:12000,:12010,:12004)
[Sun Apr 27 2025 02:23:31.107899] r LSUPDATE :12008 6 F 6 :12000_73_1745745811.036903 1745745378.140808 :12000 (:12002)
[Sun Apr 27 2025 02:23:31.107913] d LSUPDATE :12004 5 F 6 :12000_73_1745745811.036903 1745745378.140808 :12000 (:12002)
[Sun Apr 27 2025 02:23:31.108141] r LSUPDATE :12008 6 F 6 :12000_74_1745745811.037630 1745745378.140808 :12000 (:12002)
[Sun Apr 27 2025 02:23:31.108167] d LSUPDATE :12004 5 F 6 :12000_74_1745745811.037630 1745745378.140808 :12000 (:12002)
[Sun Apr 27 2025 02:23:31.109090] r LSUPDATE :12008 6 F 6 :12000_75_1745745811.037877 1745745378.140808 :12000 (:12002)
[Sun Apr 27 2025 02:23:31.109116] d LSUPDATE :12004 5 F 6 :12000_75_1745745811.037877 1745745378.140808 :12000 (:12002)
[Sun Apr 27 2025 02:23:31.109349] r LSUPDATE :12008 6 F 6 :12000_76_1745745811.038626 1745745378.140808 :12000 (:12002)
[Sun Apr 27 2025 02:23:31.109363] d LSUPDATE :12004 5 F 6 :12000_76_1745745811.038626 1745745378.140808 :12000 (:12002)
[Sun Apr 27 2025 02:23:31.109846] r LSUPDATE :12004 7 F 6 :12000_72_1745745811.036654 1745745378.140808 :12000 (:12002)
[Sun Apr 27 2025 02:23:31.110060] r LSUPDATE :12004 7 F 6 :12000_73_1745745811.036903 1745745378.140808 :12000 (:12002)
[Sun Apr 27 2025 02:23:31.110270] r LSUPDATE :12004 7 F 6 :12000_74_1745745811.037630 1745745378.140808 :12000 (:12002)
[Sun Apr 27 2025 02:23:31.110481] r LSUPDATE :12004 7 F 6 :12000_75_1745745811.037877 1745745378.140808 :12000 (:12002)
[Sun Apr 27 2025 02:23:31.110698] r LSUPDATE :12004 7 F 6 :12000_76_1745745811.038626 1745745378.140808 :12000 (:12002)
[Sun Apr 27 2025 02:23:31.110920] r LSUPDATE :12004 7 F 6 :12000_77_1745745811.038874 1745745378.140808 :12000 (:12002)
[Sun Apr 27 2025 02:23:31.110933] d LSUPDATE :12008 6 F 6 :12000_77_1745745811.038874 1745745378.140808 :12000 (:12002)
[Sun Apr 27 2025 02:23:31.115349] r LSUPDATE :12008 7 F 20 :12002_51_1745745811.077644 1745745378.141016 :12002 (:12000,:12010,:12004)
[Sun Apr 27 2025 02:23:31.115378] d LSUPDATE :12004 6 F 20 :12002_51_1745745811.077644 1745745378.141016 :12002 (:12000,:12010,:12004)
[Sun Apr 27 2025 02:23:31.115825] r LSUPDATE :12004 8 F 20 :12002_51_1745745811.077644 1745745378.141016 :12002 (:12000,:12010,:12004)
[Sun Apr 27 2025 02:23:31.124377] r LSUPDATE :12004 8 F 20 :12002_52_1745745811.091890 1745745378.141016 :12002 (:12000,:12010,:12004)
[Sun Apr 27 2025 02:23:31.124400] d LSUPDATE :12008 7 F 20 :12002_52_1745745811.091890 1745745378.141016 :12002 (:12000,:12010,:12004)
[Sun Apr 27 2025 02:23:31.127572] r LSUPDATE :12008 6 F 6 :12000_78_1745745811.039140 1745745378.140808 :12000 (:12002)
[Sun Apr 27 2025 02:23:31.127604] d LSUPDATE :12004 5 F 6 :12000_78_1745745811.039140 1745745378.140808 :12000 (:12002)
[Sun Apr 27 2025 02:23:31.127859] r LSUPDATE :12004 7 F 6 :12000_78_1745745811.039140 1745745378.140808 :12000 (:12002)
[Sun Apr 27 2025 02:23:31.128074] r LSUPDATE :12004 7 F 6 :12000_79_1745745811.068027 1745745378.140808 :12000 (:12002)
[Sun Apr 27 2025 02:23:31.128089] d LSUPDATE :12008 6 F 6 :12000_79_1745745811.068027 1745745378.140808 :12000 (:12002)
[Sun Apr 27 2025 02:23:31.129669] r LSUPDATE :12008 6 F 6 :12000_79_1745745811.068027 1745745378.140808 :12000 (:12002)
[Sun Apr 27 2025 02:23:31.129893] r LSUPDATE :12008 6 F 6 :12000_80_1745745811.080620 1745745378.140808 :12000 (:12002)
[Sun Apr 27 2025 02:23:31.129909] d LSUPDATE :12004 5 F 6 :12000_80_1745745811.080620 1745745378.140808 :12000 (:12002)
[Sun Apr 27 2025 02:23:31.130134] r LSUPDATE :12008 6 F 6 :12000_81_1745745811.081102 1745745378.140808 :12000 (:12002)
[Sun Apr 27 2025 02:23:31.130149] d LSUPDATE :12004 5 F 6 :12000_81_1745745811.081102 1745745378.140808 :12000 (:12002)
[Sun Apr 27 2025 02:23:31.130371] r LSUPDATE :12008 6 F 6 :12000_82_1745745811.086646 1745745378.140808 :12000 (:12002)
[Sun Apr 27 2025 02:23:31.130385] d LSUPDATE :12004 5 F 6 :12000_82_1745745811.086646 1745745378.140808 :12000 (:12002)
[Sun Apr 27 2025 02:23:31.130633] r LSUPDATE :12004 7 F 6 :12000_80_1745745811.080620 1745745378.140808 :12000 (:12002)
[Sun Apr 27 2025 02:23:31.130852] r LSUPDATE :12004 7 F 6 :12000_81_1745745811.081102 1745745378.140808 :12000 (:12002)
[Sun Apr 27 2025 02:23:31.131784] r LSUPDATE :12004 7 F 6 :12000_82_1745745811.086646 1745745378.140808 :12000 (:12002)
[Sun Apr 27 2025 02:23:45.092630] i LSUPDATE :12008 9 F 6 :12006_42_1745745825.092597 1745745394.856215 :12006 (:12008)
[Sun Apr 27 2025 02:23:45.096440] r LSUPDATE :12008 7 F 13 :12002_53_1745745825.093918 1745745378.141016 :12002 (:12000,:12010)
[Sun Apr 27 2025 02:23:45.096669] r LSUPDATE :12008 7 F 13 :12002_54_1745745825.093990 1745745378.141016 :12002 (:12000,:12010)
[Sun Apr 27 2025 02:23:45.098583] r LSUPDATE :12008 6 F 6 :12000_83_1745745825.094346 1745745378.140808 :12000 (:12002)
[Sun Apr 27 2025 02:24:13.584813] r LSUPDATE :12008 7 F 6 :12002_57_1745745853.583845 1745745378.141016 :12002 (:12010)
[Sun Apr 27 2025 02:24:17.272762] r LSUPDATE :12008 8 F 6 :12010_25_1745745857.272082 1745745409.457056 :12010 (:12008)
[Sun Apr 27 2025 02:24:17.272799] i LSUPDATE :12008 9 F 6 :12006_47_1745745857.272790 1745745394.856215 :12006 (:12008)
