[Sun Apr 27 2025 01:56:56.573482] i SAYHELLO :12008 1 - 0
[Sun Apr 27 2025 01:56:56.573645] r SAYHELLO :12008 1 - 0
[Sun Apr 27 2025 01:56:56.573674] i LSUPDATE :12002 9 F 13 :12010_2_1745744216.573662 1745744216.573660 :12010 (:12002,:12008)
[Sun Apr 27 2025 01:56:56.573693] i LSUPDATE :12008 9 F 13 :12010_2_1745744216.573662 1745744216.573660 :12010 (:12002,:12008)
[Sun Apr 27 2025 01:56:56.573910] r LSUPDATE :12008 9 F 13 :12008_10_1745744216.567724 1745744207.354164 :12008 (:12006,:12010)
[Sun Apr 27 2025 01:56:56.573925] d LSUPDATE :12002 8 F 13 :12008_10_1745744216.567724 1745744207.354164 :12008 (:12006,:12010)
[Sun Apr 27 2025 01:56:56.574150] r LSUPDATE :12008 7 F 13 :12004_13_1745744216.568446 1745744191.648661 :12004 (:12002,:12006)
[Sun Apr 27 2025 01:56:56.574175] d LSUPDATE :12002 6 F 13 :12004_13_1745744216.568446 1745744191.648661 :12004 (:12002,:12006)
[Sun Apr 27 2025 01:56:56.574200] i LSUPDATE :12002 9 F 13 :12010_5_1745744216.574194 1745744216.573660 :12010 (:12002,:12008)
[Sun Apr 27 2025 01:56:56.574213] i LSUPDATE :12008 9 F 13 :12010_5_1745744216.574194 1745744216.573660 :12010 (:12002,:12008)
[Sun Apr 27 2025 01:56:56.574478] r LSUPDATE :12008 6 F 13 :12002_16_1745744216.568806 1745744182.665235 :12002 (:12000,:12004)
[Sun Apr 27 2025 01:56:56.574496] d LSUPDATE :12002 5 F 13 :12002_16_1745744216.568806 1745744182.665235 :12002 (:12000,:12004)
[Sun Apr 27 2025 01:56:56.574718] r LSUPDATE :12008 5 F 6 :12000_22_1745744216.569378 1745744182.665022 :12000 (:12002)
[Sun Apr 27 2025 01:56:56.574732] d LSUPDATE :12002 4 F 6 :12000_22_1745744216.569378 1745744182.665022 :12000 (:12002)
[Sun Apr 27 2025 01:56:56.574755] i LSUPDATE :12002 9 F 13 :12010_8_1745744216.574750 1745744216.573660 :12010 (:12002,:12008)
[Sun Apr 27 2025 01:56:56.574768] i LSUPDATE :12008 9 F 13 :12010_8_1745744216.574750 1745744216.573660 :12010 (:12002,:12008)
[Sun Apr 27 2025 01:56:56.589271] i SAYHELLO :12002 1 - 0
[Sun Apr 27 2025 01:56:56.589560] r LSUPDATE :12008 8 F 13 :12006_11_1745744216.578710 1745744199.387626 :12006 (:12004,:12008)
[Sun Apr 27 2025 01:56:56.589577] d LSUPDATE :12002 7 F 13 :12006_11_1745744216.578710 1745744199.387626 :12006 (:12004,:12008)
[Sun Apr 27 2025 01:56:56.596926] r SAYHELLO :12002 1 - 0
[Sun Apr 27 2025 01:56:56.597004] i LSUPDATE :12002 9 F 13 :12010_10_1745744216.596971 1745744216.573660 :12010 (:12002,:12008)
[Sun Apr 27 2025 01:56:56.597043] i LSUPDATE :12008 9 F 13 :12010_10_1745744216.596971 1745744216.573660 :12010 (:12002,:12008)
[Sun Apr 27 2025 01:56:56.597065] i LSUPDATE :12002 9 F 13 :12010_11_1745744216.597057 1745744216.573660 :12010 (:12002,:12008)
[Sun Apr 27 2025 01:56:56.597079] i LSUPDATE :12008 9 F 13 :12010_11_1745744216.597057 1745744216.573660 :12010 (:12002,:12008)
[Sun Apr 27 2025 01:56:56.597310] r LSUPDATE :12002 9 F 20 :12002_22_1745744216.589765 1745744182.665235 :12002 (:12000,:12004,:12010)
[Sun Apr 27 2025 01:56:56.597326] d LSUPDATE :12008 8 F 20 :12002_22_1745744216.589765 1745744182.665235 :12002 (:12000,:12004,:12010)
[Sun Apr 27 2025 01:56:56.597574] r LSUPDATE :12008 7 F 13 :12004_15_1745744216.577009 1745744191.648661 :12004 (:12002,:12006)
[Sun Apr 27 2025 01:56:56.597590] d LSUPDATE :12002 6 F 13 :12004_15_1745744216.577009 1745744191.648661 :12004 (:12002,:12006)
[Sun Apr 27 2025 01:56:56.597818] r LSUPDATE :12008 5 F 6 :12000_23_1745744216.569864 1745744182.665022 :12000 (:12002)
[Sun Apr 27 2025 01:56:56.597831] d LSUPDATE :12002 4 F 6 :12000_23_1745744216.569864 1745744182.665022 :12000 (:12002)
[Sun Apr 27 2025 01:56:56.598060] r LSUPDATE :12008 8 F 13 :12006_12_1745744216.583508 1745744199.387626 :12006 (:12004,:12008)
[Sun Apr 27 2025 01:56:56.598074] d LSUPDATE :12002 7 F 13 :12006_12_1745744216.583508 1745744199.387626 :12006 (:12004,:12008)
[Sun Apr 27 2025 01:56:56.598302] r LSUPDATE :12008 6 F 13 :12002_18_1745744216.579825 1745744182.665235 :12002 (:12000,:12004)
[Sun Apr 27 2025 01:56:56.598315] d LSUPDATE :12002 5 F 13 :12002_18_1745744216.579825 1745744182.665235 :12002 (:12000,:12004)
[Sun Apr 27 2025 01:56:56.608097] r LSUPDATE :12002 9 F 20 :12002_24_1745744216.602736 1745744182.665235 :12002 (:12000,:12004,:12010)
[Sun Apr 27 2025 01:56:56.608129] d LSUPDATE :12008 8 F 20 :12002_24_1745744216.602736 1745744182.665235 :12002 (:12000,:12004,:12010)
[Sun Apr 27 2025 01:56:56.608367] r LSUPDATE :12002 8 F 13 :12004_17_1745744216.592260 1745744191.648661 :12004 (:12002,:12006)
[Sun Apr 27 2025 01:56:56.608383] d LSUPDATE :12008 7 F 13 :12004_17_1745744216.592260 1745744191.648661 :12004 (:12002,:12006)
[Sun Apr 27 2025 01:56:56.608632] r LSUPDATE :12008 6 F 13 :12002_19_1745744216.581199 1745744182.665235 :12002 (:12000,:12004)
[Sun Apr 27 2025 01:56:56.608647] d LSUPDATE :12002 5 F 13 :12002_19_1745744216.581199 1745744182.665235 :12002 (:12000,:12004)
[Sun Apr 27 2025 01:56:56.608878] r LSUPDATE :12008 7 F 13 :12004_16_1745744216.584501 1745744191.648661 :12004 (:12002,:12006)
[Sun Apr 27 2025 01:56:56.608891] d LSUPDATE :12002 6 F 13 :12004_16_1745744216.584501 1745744191.648661 :12004 (:12002,:12006)
[Sun Apr 27 2025 01:56:56.609120] r LSUPDATE :12008 8 F 13 :12006_13_1745744216.591198 1745744199.387626 :12006 (:12004,:12008)
[Sun Apr 27 2025 01:56:56.609134] d LSUPDATE :12002 7 F 13 :12006_13_1745744216.591198 1745744199.387626 :12006 (:12004,:12008)
[Sun Apr 27 2025 01:56:56.610014] r LSUPDATE :12008 5 F 6 :12000_25_1745744216.578615 1745744182.665022 :12000 (:12002)
[Sun Apr 27 2025 01:56:56.610042] d LSUPDATE :12002 4 F 6 :12000_25_1745744216.578615 1745744182.665022 :12000 (:12002)
[Sun Apr 27 2025 01:56:56.626719] r LSUPDATE :12002 7 F 13 :12006_13_1745744216.591198 1745744199.387626 :12006 (:12004,:12008)
[Sun Apr 27 2025 01:56:56.626952] r LSUPDATE :12002 9 F 20 :12002_25_1745744216.611398 1745744182.665235 :12002 (:12000,:12004,:12010)
[Sun Apr 27 2025 01:56:56.626968] d LSUPDATE :12008 8 F 20 :12002_25_1745744216.611398 1745744182.665235 :12002 (:12000,:12004,:12010)
[Sun Apr 27 2025 01:56:56.627189] r LSUPDATE :12002 8 F 13 :12004_18_1745744216.601902 1745744191.648661 :12004 (:12002,:12006)
[Sun Apr 27 2025 01:56:56.627203] d LSUPDATE :12008 7 F 13 :12004_18_1745744216.601902 1745744191.648661 :12004 (:12002,:12006)
[Sun Apr 27 2025 01:56:56.627848] r LSUPDATE :12002 7 F 13 :12006_14_1745744216.600992 1745744199.387626 :12006 (:12004,:12008)
[Sun Apr 27 2025 01:56:56.627863] d LSUPDATE :12008 6 F 13 :12006_14_1745744216.600992 1745744199.387626 :12006 (:12004,:12008)
[Sun Apr 27 2025 01:56:56.628082] r LSUPDATE :12002 9 F 20 :12002_26_1745744216.617414 1745744182.665235 :12002 (:12000,:12004,:12010)
[Sun Apr 27 2025 01:56:56.628096] d LSUPDATE :12008 8 F 20 :12002_26_1745744216.617414 1745744182.665235 :12002 (:12000,:12004,:12010)
[Sun Apr 27 2025 01:56:56.635672] r LSUPDATE :12008 6 F 13 :12002_20_1745744216.585318 1745744182.665235 :12002 (:12000,:12004)
[Sun Apr 27 2025 01:56:56.635702] d LSUPDATE :12002 5 F 13 :12002_20_1745744216.585318 1745744182.665235 :12002 (:12000,:12004)
[Sun Apr 27 2025 01:56:56.635962] r LSUPDATE :12002 8 F 6 :12000_26_1745744216.620438 1745744182.665022 :12000 (:12002)
[Sun Apr 27 2025 01:56:56.635985] d LSUPDATE :12008 7 F 6 :12000_26_1745744216.620438 1745744182.665022 :12000 (:12002)
[Sun Apr 27 2025 01:56:56.636237] r LSUPDATE :12008 6 F 13 :12002_21_1745744216.585879 1745744182.665235 :12002 (:12000,:12004)
[Sun Apr 27 2025 01:56:56.636252] d LSUPDATE :12002 5 F 13 :12002_21_1745744216.585879 1745744182.665235 :12002 (:12000,:12004)
[Sun Apr 27 2025 01:56:56.636947] r LSUPDATE :12008 8 F 13 :12006_14_1745744216.600992 1745744199.387626 :12006 (:12004,:12008)
[Sun Apr 27 2025 01:56:56.637170] r LSUPDATE :12008 8 F 13 :12006_15_1745744216.601266 1745744199.387626 :12006 (:12004,:12008)
[Sun Apr 27 2025 01:56:56.637185] d LSUPDATE :12002 7 F 13 :12006_15_1745744216.601266 1745744199.387626 :12006 (:12004,:12008)
[Sun Apr 27 2025 01:56:56.637416] r LSUPDATE :12008 7 F 13 :12004_18_1745744216.601902 1745744191.648661 :12004 (:12002,:12006)
[Sun Apr 27 2025 01:56:56.637641] r LSUPDATE :12008 7 F 13 :12004_19_1745744216.606377 1745744191.648661 :12004 (:12002,:12006)
[Sun Apr 27 2025 01:56:56.637655] d LSUPDATE :12002 6 F 13 :12004_19_1745744216.606377 1745744191.648661 :12004 (:12002,:12006)
[Sun Apr 27 2025 01:56:56.641116] r LSUPDATE :12008 6 F 20 :12002_25_1745744216.611398 1745744182.665235 :12002 (:12000,:12004,:12010)
[Sun Apr 27 2025 01:56:56.643309] r LSUPDATE :12002 8 F 6 :12000_27_1745744216.620703 1745744182.665022 :12000 (:12002)
[Sun Apr 27 2025 01:56:56.643325] d LSUPDATE :12008 7 F 6 :12000_27_1745744216.620703 1745744182.665022 :12000 (:12002)
[Sun Apr 27 2025 01:56:56.643544] r LSUPDATE :12002 8 F 6 :12000_28_1745744216.621170 1745744182.665022 :12000 (:12002)
[Sun Apr 27 2025 01:56:56.643557] d LSUPDATE :12008 7 F 6 :12000_28_1745744216.621170 1745744182.665022 :12000 (:12002)
[Sun Apr 27 2025 01:56:56.658063] r LSUPDATE :12008 6 F 20 :12002_26_1745744216.617414 1745744182.665235 :12002 (:12000,:12004,:12010)
[Sun Apr 27 2025 01:56:56.684821] r LSUPDATE :12002 8 F 6 :12000_29_1745744216.622153 1745744182.665022 :12000 (:12002)
[Sun Apr 27 2025 01:56:56.684870] d LSUPDATE :12008 7 F 6 :12000_29_1745744216.622153 1745744182.665022 :12000 (:12002)
[Sun Apr 27 2025 01:56:56.685102] r LSUPDATE :12002 8 F 6 :12000_30_1745744216.622411 1745744182.665022 :12000 (:12002)
[Sun Apr 27 2025 01:56:56.685117] d LSUPDATE :12008 7 F 6 :12000_30_1745744216.622411 1745744182.665022 :12000 (:12002)
[Sun Apr 27 2025 01:56:56.685784] r LSUPDATE :12002 8 F 13 :12004_19_1745744216.606377 1745744191.648661 :12004 (:12002,:12006)
[Sun Apr 27 2025 01:56:56.685998] r LSUPDATE :12002 7 F 13 :12006_15_1745744216.601266 1745744199.387626 :12006 (:12004,:12008)
[Sun Apr 27 2025 01:56:56.686211] r LSUPDATE :12002 9 F 20 :12002_27_1745744216.641989 1745744182.665235 :12002 (:12000,:12004,:12010)
[Sun Apr 27 2025 01:56:56.686226] d LSUPDATE :12008 8 F 20 :12002_27_1745744216.641989 1745744182.665235 :12002 (:12000,:12004,:12010)
[Sun Apr 27 2025 01:56:56.686439] r LSUPDATE :12002 8 F 6 :12000_31_1745744216.630383 1745744182.665022 :12000 (:12002)
[Sun Apr 27 2025 01:56:56.686453] d LSUPDATE :12008 7 F 6 :12000_31_1745744216.630383 1745744182.665022 :12000 (:12002)
[Sun Apr 27 2025 01:56:56.686863] r LSUPDATE :12002 8 F 6 :12000_32_1745744216.630638 1745744182.665022 :12000 (:12002)
[Sun Apr 27 2025 01:56:56.686877] d LSUPDATE :12008 7 F 6 :12000_32_1745744216.630638 1745744182.665022 :12000 (:12002)
[Sun Apr 27 2025 01:56:56.687089] r LSUPDATE :12002 8 F 6 :12000_33_1745744216.630886 1745744182.665022 :12000 (:12002)
[Sun Apr 27 2025 01:56:56.687102] d LSUPDATE :12008 7 F 6 :12000_33_1745744216.630886 1745744182.665022 :12000 (:12002)
[Sun Apr 27 2025 01:56:56.687314] r LSUPDATE :12002 8 F 6 :12000_34_1745744216.631143 1745744182.665022 :12000 (:12002)
[Sun Apr 27 2025 01:56:56.687326] d LSUPDATE :12008 7 F 6 :12000_34_1745744216.631143 1745744182.665022 :12000 (:12002)
[Sun Apr 27 2025 01:56:56.687538] r LSUPDATE :12002 8 F 6 :12000_35_1745744216.631611 1745744182.665022 :12000 (:12002)
[Sun Apr 27 2025 01:56:56.687550] d LSUPDATE :12008 7 F 6 :12000_35_1745744216.631611 1745744182.665022 :12000 (:12002)
[Sun Apr 27 2025 01:56:56.687772] r LSUPDATE :12002 8 F 6 :12000_36_1745744216.639715 1745744182.665022 :12000 (:12002)
[Sun Apr 27 2025 01:56:56.687786] d LSUPDATE :12008 7 F 6 :12000_36_1745744216.639715 1745744182.665022 :12000 (:12002)
[Sun Apr 27 2025 01:56:56.688025] r LSUPDATE :12002 8 F 6 :12000_37_1745744216.640216 1745744182.665022 :12000 (:12002)
[Sun Apr 27 2025 01:56:56.688039] d LSUPDATE :12008 7 F 6 :12000_37_1745744216.640216 1745744182.665022 :12000 (:12002)
[Sun Apr 27 2025 01:56:56.688786] r LSUPDATE :12002 8 F 6 :12000_38_1745744216.642586 1745744182.665022 :12000 (:12002)
[Sun Apr 27 2025 01:56:56.688802] d LSUPDATE :12008 7 F 6 :12000_38_1745744216.642586 1745744182.665022 :12000 (:12002)
[Sun Apr 27 2025 01:56:56.689038] r LSUPDATE :12002 8 F 6 :12000_39_1745744216.642841 1745744182.665022 :12000 (:12002)
[Sun Apr 27 2025 01:56:56.689052] d LSUPDATE :12008 7 F 6 :12000_39_1745744216.642841 1745744182.665022 :12000 (:12002)
[Sun Apr 27 2025 02:00:05.875721] r LSUPDATE :12002 9 F 13 :12002_33_1745744405.874996 1745744182.665235 :12002 (:12004,:12010)
[Sun Apr 27 2025 02:00:05.875757] d LSUPDATE :12008 8 F 13 :12002_33_1745744405.874996 1745744182.665235 :12002 (:12004,:12010)
[Sun Apr 27 2025 02:00:05.877062] r LSUPDATE :12008 6 F 13 :12002_33_1745744405.874996 1745744182.665235 :12002 (:12004,:12010)
[Sun Apr 27 2025 02:00:06.910623] r LSUPDATE :12008 7 F 6 :12004_21_1745744406.909679 1745744191.648661 :12004 (:12006)
[Sun Apr 27 2025 02:00:06.910677] i LSUPDATE :12008 9 F 6 :12010_14_1745744406.910651 1745744216.573660 :12010 (:12008)
[Sun Apr 27 2025 02:00:06.913556] r LSUPDATE :12008 8 F 13 :12006_20_1745744406.912006 1745744199.387626 :12006 (:12004,:12008)
[Sun Apr 27 2025 02:00:06.956748] r LSUPDATE :12008 7 F 6 :12004_22_1745744406.912415 1745744191.648661 :12004 (:12006)
[Sun Apr 27 2025 02:00:08.756536] r LSUPDATE :12008 9 F 6 :12008_14_1745744408.756187 1745744207.354164 :12008 (:12010)
[Sun Apr 27 2025 02:08:57.076630] i SAYHELLO :12002 1 - 0
[Sun Apr 27 2025 02:08:57.076630] i SAYHELLO :12002 1 - 0
[Sun Apr 27 2025 02:08:57.076757] r SAYHELLO :12002 1 - 0
[Sun Apr 27 2025 02:08:57.082396] i LSUPDATE :12002 9 F 13 :12010_2_1745744937.082381 1745744937.082378 :12010 (:12002,:12008)
[Sun Apr 27 2025 02:08:57.082415] i LSUPDATE :12008 9 F 13 :12010_2_1745744937.082381 1745744937.082378 :12010 (:12002,:12008)
[Sun Apr 27 2025 02:08:57.082652] r LSUPDATE :12002 9 F 20 :12002_16_1745744937.075930 1745744909.657145 :12002 (:12000,:12004,:12010)
[Sun Apr 27 2025 02:08:57.082669] d LSUPDATE :12008 8 F 20 :12002_16_1745744937.075930 1745744909.657145 :12002 (:12000,:12004,:12010)
[Sun Apr 27 2025 02:08:57.082898] r LSUPDATE :12002 6 F 13 :12008_10_1745744937.077352 1745744931.582366 :12008 (:12006,:12010)
[Sun Apr 27 2025 02:08:57.082921] d LSUPDATE :12008 5 F 13 :12008_10_1745744937.077352 1745744931.582366 :12008 (:12006,:12010)
[Sun Apr 27 2025 02:08:57.083146] r LSUPDATE :12002 9 F 20 :12002_17_1745744937.078483 1745744909.657145 :12002 (:12000,:12004,:12010)
[Sun Apr 27 2025 02:08:57.083162] d LSUPDATE :12008 8 F 20 :12002_17_1745744937.078483 1745744909.657145 :12002 (:12000,:12004,:12010)
[Sun Apr 27 2025 02:08:57.083388] r LSUPDATE :12002 8 F 13 :12004_13_1745744937.078023 1745744917.328278 :12004 (:12002,:12006)
[Sun Apr 27 2025 02:08:57.083403] d LSUPDATE :12008 7 F 13 :12004_13_1745744937.078023 1745744917.328278 :12004 (:12002,:12006)
[Sun Apr 27 2025 02:08:57.083427] i LSUPDATE :12002 9 F 13 :12010_6_1745744937.083421 1745744937.082378 :12010 (:12002,:12008)
[Sun Apr 27 2025 02:08:57.083444] i LSUPDATE :12008 9 F 13 :12010_6_1745744937.083421 1745744937.082378 :12010 (:12002,:12008)
[Sun Apr 27 2025 02:08:57.076630] i SAYHELLO :12002 1 - 0
[Sun Apr 27 2025 02:08:57.076757] r SAYHELLO :12002 1 - 0
[Sun Apr 27 2025 02:08:57.081586] i SAYHELLO :12008 1 - 0
[Sun Apr 27 2025 02:08:57.076630] i SAYHELLO :12002 1 - 0
[Sun Apr 27 2025 02:08:57.076757] r SAYHELLO :12002 1 - 0
[Sun Apr 27 2025 02:08:57.081586] i SAYHELLO :12008 1 - 0
[Sun Apr 27 2025 02:08:57.082133] r SAYHELLO :12008 1 - 0
[Sun Apr 27 2025 02:08:57.092354] i LSUPDATE :12002 9 F 13 :12010_7_1745744937.092343 1745744937.082378 :12010 (:12002,:12008)
[Sun Apr 27 2025 02:08:57.092376] i LSUPDATE :12008 9 F 13 :12010_7_1745744937.092343 1745744937.082378 :12010 (:12002,:12008)
[Sun Apr 27 2025 02:08:57.093486] r LSUPDATE :12008 9 F 13 :12008_10_1745744937.077352 1745744931.582366 :12008 (:12006,:12010)
[Sun Apr 27 2025 02:08:57.093704] r LSUPDATE :12008 7 F 13 :12004_13_1745744937.078023 1745744917.328278 :12004 (:12002,:12006)
[Sun Apr 27 2025 02:08:57.093926] r LSUPDATE :12008 6 F 20 :12002_16_1745744937.075930 1745744909.657145 :12002 (:12000,:12004,:12010)
[Sun Apr 27 2025 02:08:57.094143] r LSUPDATE :12008 6 F 20 :12002_17_1745744937.078483 1745744909.657145 :12002 (:12000,:12004,:12010)
[Sun Apr 27 2025 02:08:57.094356] r LSUPDATE :12008 5 F 13 :12010_2_1745744937.082381 1745744937.082378 :12010 (:12002,:12008)
[Sun Apr 27 2025 02:08:57.094370] d LSUPDATE :12002 4 F 13 :12010_2_1745744937.082381 1745744937.082378 :12010 (:12002,:12008)
[Sun Apr 27 2025 02:08:57.094397] i LSUPDATE :12002 9 F 13 :12010_9_1745744937.094391 1745744937.082378 :12010 (:12002,:12008)
[Sun Apr 27 2025 02:08:57.094416] i LSUPDATE :12008 9 F 13 :12010_9_1745744937.094391 1745744937.082378 :12010 (:12002,:12008)
[Sun Apr 27 2025 02:08:57.094649] r LSUPDATE :12008 8 F 13 :12006_11_1745744937.084424 1745744924.826990 :12006 (:12004,:12008)
[Sun Apr 27 2025 02:08:57.094664] d LSUPDATE :12002 7 F 13 :12006_11_1745744937.084424 1745744924.826990 :12006 (:12004,:12008)
[Sun Apr 27 2025 02:08:57.094689] i LSUPDATE :12002 9 F 13 :12010_11_1745744937.094683 1745744937.082378 :12010 (:12002,:12008)
[Sun Apr 27 2025 02:08:57.094702] i LSUPDATE :12008 9 F 13 :12010_11_1745744937.094683 1745744937.082378 :12010 (:12002,:12008)
[Sun Apr 27 2025 02:08:57.096382] r LSUPDATE :12002 8 F 13 :12004_15_1745744937.084054 1745744917.328278 :12004 (:12002,:12006)
[Sun Apr 27 2025 02:08:57.096404] d LSUPDATE :12008 7 F 13 :12004_15_1745744937.084054 1745744917.328278 :12004 (:12002,:12006)
[Sun Apr 27 2025 02:08:57.096652] r LSUPDATE :12002 7 F 13 :12006_11_1745744937.084424 1745744924.826990 :12006 (:12004,:12008)
[Sun Apr 27 2025 02:08:57.096870] r LSUPDATE :12002 9 F 20 :12002_19_1745744937.088352 1745744909.657145 :12002 (:12000,:12004,:12010)
[Sun Apr 27 2025 02:08:57.096885] d LSUPDATE :12008 8 F 20 :12002_19_1745744937.088352 1745744909.657145 :12002 (:12000,:12004,:12010)
[Sun Apr 27 2025 02:08:57.097117] r LSUPDATE :12002 8 F 13 :12004_16_1745744937.088629 1745744917.328278 :12004 (:12002,:12006)
[Sun Apr 27 2025 02:08:57.097131] d LSUPDATE :12008 7 F 13 :12004_16_1745744937.088629 1745744917.328278 :12004 (:12002,:12006)
[Sun Apr 27 2025 02:08:57.097360] r LSUPDATE :12002 7 F 13 :12006_12_1745744937.089169 1745744924.826990 :12006 (:12004,:12008)
[Sun Apr 27 2025 02:08:57.097374] d LSUPDATE :12008 6 F 13 :12006_12_1745744937.089169 1745744924.826990 :12006 (:12004,:12008)
[Sun Apr 27 2025 02:08:57.097616] r LSUPDATE :12002 9 F 20 :12002_20_1745744937.091931 1745744909.657145 :12002 (:12000,:12004,:12010)
[Sun Apr 27 2025 02:08:57.097631] d LSUPDATE :12008 8 F 20 :12002_20_1745744937.091931 1745744909.657145 :12002 (:12000,:12004,:12010)
[Sun Apr 27 2025 02:08:57.097867] r LSUPDATE :12008 7 F 13 :12004_15_1745744937.084054 1745744917.328278 :12004 (:12002,:12006)
[Sun Apr 27 2025 02:08:57.098082] r LSUPDATE :12008 5 F 13 :12010_6_1745744937.083421 1745744937.082378 :12010 (:12002,:12008)
[Sun Apr 27 2025 02:08:57.098096] d LSUPDATE :12002 4 F 13 :12010_6_1745744937.083421 1745744937.082378 :12010 (:12002,:12008)
[Sun Apr 27 2025 02:08:57.098371] r LSUPDATE :12008 8 F 13 :12006_12_1745744937.089169 1745744924.826990 :12006 (:12004,:12008)
[Sun Apr 27 2025 02:08:57.098587] r LSUPDATE :12008 7 F 13 :12004_16_1745744937.088629 1745744917.328278 :12004 (:12002,:12006)
[Sun Apr 27 2025 02:08:57.122822] r LSUPDATE :12002 8 F 6 :12000_22_1745744937.116467 1745744909.656949 :12000 (:12002)
[Sun Apr 27 2025 02:08:57.122844] d LSUPDATE :12008 7 F 6 :12000_22_1745744937.116467 1745744909.656949 :12000 (:12002)
[Sun Apr 27 2025 02:08:57.124170] i LSUPDATE :12002 9 F 13 :12010_13_1745744937.122883 1745744937.082378 :12010 (:12002,:12008)
[Sun Apr 27 2025 02:08:57.124202] i LSUPDATE :12008 9 F 13 :12010_13_1745744937.122883 1745744937.082378 :12010 (:12002,:12008)
[Sun Apr 27 2025 02:08:57.124418] r LSUPDATE :12002 8 F 6 :12000_23_1745744937.116998 1745744909.656949 :12000 (:12002)
[Sun Apr 27 2025 02:08:57.124432] d LSUPDATE :12008 7 F 6 :12000_23_1745744937.116998 1745744909.656949 :12000 (:12002)
[Sun Apr 27 2025 02:08:57.124662] r LSUPDATE :12002 8 F 6 :12000_25_1745744937.117272 1745744909.656949 :12000 (:12002)
[Sun Apr 27 2025 02:08:57.124675] d LSUPDATE :12008 7 F 6 :12000_25_1745744937.117272 1745744909.656949 :12000 (:12002)
[Sun Apr 27 2025 02:08:57.124904] r LSUPDATE :12002 8 F 6 :12000_26_1745744937.119143 1745744909.656949 :12000 (:12002)
[Sun Apr 27 2025 02:08:57.124918] d LSUPDATE :12008 7 F 6 :12000_26_1745744937.119143 1745744909.656949 :12000 (:12002)
[Sun Apr 27 2025 02:08:57.140908] r LSUPDATE :12008 6 F 20 :12002_19_1745744937.088352 1745744909.657145 :12002 (:12000,:12004,:12010)
[Sun Apr 27 2025 02:08:57.141142] r LSUPDATE :12008 6 F 20 :12002_20_1745744937.091931 1745744909.657145 :12002 (:12000,:12004,:12010)
[Sun Apr 27 2025 02:08:57.164404] r LSUPDATE :12002 8 F 6 :12000_27_1745744937.120087 1745744909.656949 :12000 (:12002)
[Sun Apr 27 2025 02:08:57.164441] d LSUPDATE :12008 7 F 6 :12000_27_1745744937.120087 1745744909.656949 :12000 (:12002)
[Sun Apr 27 2025 02:08:57.164692] r LSUPDATE :12002 8 F 6 :12000_28_1745744937.120353 1745744909.656949 :12000 (:12002)
[Sun Apr 27 2025 02:08:57.164707] d LSUPDATE :12008 7 F 6 :12000_28_1745744937.120353 1745744909.656949 :12000 (:12002)
[Sun Apr 27 2025 02:08:57.164940] r LSUPDATE :12002 8 F 6 :12000_29_1745744937.121860 1745744909.656949 :12000 (:12002)
[Sun Apr 27 2025 02:08:57.164955] d LSUPDATE :12008 7 F 6 :12000_29_1745744937.121860 1745744909.656949 :12000 (:12002)
[Sun Apr 27 2025 02:08:57.166042] r LSUPDATE :12002 8 F 6 :12000_30_1745744937.122109 1745744909.656949 :12000 (:12002)
[Sun Apr 27 2025 02:08:57.166061] d LSUPDATE :12008 7 F 6 :12000_30_1745744937.122109 1745744909.656949 :12000 (:12002)
[Sun Apr 27 2025 02:08:57.166305] r LSUPDATE :12008 9 F 13 :12008_13_1745744937.135533 1745744931.582366 :12008 (:12006,:12010)
[Sun Apr 27 2025 02:08:57.166529] r LSUPDATE :12002 8 F 13 :12004_17_1745744937.132972 1745744917.328278 :12004 (:12002,:12006)
[Sun Apr 27 2025 02:08:57.166543] d LSUPDATE :12008 7 F 13 :12004_17_1745744937.132972 1745744917.328278 :12004 (:12002,:12006)
[Sun Apr 27 2025 02:08:57.166793] r LSUPDATE :12002 8 F 6 :12000_31_1745744937.122574 1745744909.656949 :12000 (:12002)
[Sun Apr 27 2025 02:08:57.166808] d LSUPDATE :12008 7 F 6 :12000_31_1745744937.122574 1745744909.656949 :12000 (:12002)
[Sun Apr 27 2025 02:08:57.166843] d LSUPDATE :12002 8 F 13 :12008_13_1745744937.135533 1745744931.582366 :12008 (:12006,:12010)
[Sun Apr 27 2025 02:08:57.167092] r LSUPDATE :12008 5 F 13 :12010_7_1745744937.092343 1745744937.082378 :12010 (:12002,:12008)
[Sun Apr 27 2025 02:08:57.167108] d LSUPDATE :12002 4 F 13 :12010_7_1745744937.092343 1745744937.082378 :12010 (:12002,:12008)
[Sun Apr 27 2025 02:08:57.167340] r LSUPDATE :12008 8 F 13 :12006_13_1745744937.134082 1745744924.826990 :12006 (:12004,:12008)
[Sun Apr 27 2025 02:08:57.167354] d LSUPDATE :12002 7 F 13 :12006_13_1745744937.134082 1745744924.826990 :12006 (:12004,:12008)
[Sun Apr 27 2025 02:08:57.168000] r LSUPDATE :12008 7 F 13 :12004_17_1745744937.132972 1745744917.328278 :12004 (:12002,:12006)
[Sun Apr 27 2025 02:08:57.173952] r LSUPDATE :12002 8 F 6 :12000_32_1745744937.126230 1745744909.656949 :12000 (:12002)
[Sun Apr 27 2025 02:08:57.173974] d LSUPDATE :12008 7 F 6 :12000_32_1745744937.126230 1745744909.656949 :12000 (:12002)
[Sun Apr 27 2025 02:08:57.174073] r LSUPDATE :12008 5 F 6 :12000_22_1745744937.116467 1745744909.656949 :12000 (:12002)
[Sun Apr 27 2025 02:08:57.174294] r LSUPDATE :12002 8 F 6 :12000_33_1745744937.126489 1745744909.656949 :12000 (:12002)
[Sun Apr 27 2025 02:08:57.174308] d LSUPDATE :12008 7 F 6 :12000_33_1745744937.126489 1745744909.656949 :12000 (:12002)
[Sun Apr 27 2025 02:08:57.174539] r LSUPDATE :12002 8 F 6 :12000_34_1745744937.126755 1745744909.656949 :12000 (:12002)
[Sun Apr 27 2025 02:08:57.174553] d LSUPDATE :12008 7 F 6 :12000_34_1745744937.126755 1745744909.656949 :12000 (:12002)
[Sun Apr 27 2025 02:08:57.180125] r LSUPDATE :12002 7 F 13 :12006_13_1745744937.134082 1745744924.826990 :12006 (:12004,:12008)
[Sun Apr 27 2025 02:08:57.180362] r LSUPDATE :12002 9 F 20 :12002_21_1745744937.144485 1745744909.657145 :12002 (:12000,:12004,:12010)
[Sun Apr 27 2025 02:08:57.180379] d LSUPDATE :12008 8 F 20 :12002_21_1745744937.144485 1745744909.657145 :12002 (:12000,:12004,:12010)
[Sun Apr 27 2025 02:08:57.180619] r LSUPDATE :12008 5 F 6 :12000_23_1745744937.116998 1745744909.656949 :12000 (:12002)
[Sun Apr 27 2025 02:08:57.180843] r LSUPDATE :12008 8 F 13 :12006_14_1745744937.152033 1745744924.826990 :12006 (:12004,:12008)
[Sun Apr 27 2025 02:08:57.180858] d LSUPDATE :12002 7 F 13 :12006_14_1745744937.152033 1745744924.826990 :12006 (:12004,:12008)
[Sun Apr 27 2025 02:08:57.181103] r LSUPDATE :12008 7 F 13 :12004_18_1745744937.145241 1745744917.328278 :12004 (:12002,:12006)
[Sun Apr 27 2025 02:08:57.181118] d LSUPDATE :12002 6 F 13 :12004_18_1745744937.145241 1745744917.328278 :12004 (:12002,:12006)
[Sun Apr 27 2025 02:08:57.191473] r LSUPDATE :12002 6 F 13 :12008_13_1745744937.135533 1745744931.582366 :12008 (:12006,:12010)
[Sun Apr 27 2025 02:08:57.191707] r LSUPDATE :12002 9 F 20 :12002_22_1745744937.147884 1745744909.657145 :12002 (:12000,:12004,:12010)
[Sun Apr 27 2025 02:08:57.191724] d LSUPDATE :12008 8 F 20 :12002_22_1745744937.147884 1745744909.657145 :12002 (:12000,:12004,:12010)
[Sun Apr 27 2025 02:08:57.191974] r LSUPDATE :12002 8 F 13 :12004_18_1745744937.145241 1745744917.328278 :12004 (:12002,:12006)
[Sun Apr 27 2025 02:08:57.192206] r LSUPDATE :12002 8 F 13 :12004_19_1745744937.145310 1745744917.328278 :12004 (:12002,:12006)
[Sun Apr 27 2025 02:08:57.192221] d LSUPDATE :12008 7 F 13 :12004_19_1745744937.145310 1745744917.328278 :12004 (:12002,:12006)
[Sun Apr 27 2025 02:08:57.192265] r LSUPDATE :12008 7 F 13 :12004_19_1745744937.145310 1745744917.328278 :12004 (:12002,:12006)
[Sun Apr 27 2025 02:08:57.192489] r LSUPDATE :12002 8 F 13 :12004_20_1745744937.145611 1745744917.328278 :12004 (:12002,:12006)
[Sun Apr 27 2025 02:08:57.192503] d LSUPDATE :12008 7 F 13 :12004_20_1745744937.145611 1745744917.328278 :12004 (:12002,:12006)
[Sun Apr 27 2025 02:08:57.195121] r LSUPDATE :12002 8 F 6 :12000_35_1745744937.149187 1745744909.656949 :12000 (:12002)
[Sun Apr 27 2025 02:08:57.195141] d LSUPDATE :12008 7 F 6 :12000_35_1745744937.149187 1745744909.656949 :12000 (:12002)
[Sun Apr 27 2025 02:08:57.195691] r LSUPDATE :12002 8 F 6 :12000_36_1745744937.149877 1745744909.656949 :12000 (:12002)
[Sun Apr 27 2025 02:08:57.195707] d LSUPDATE :12008 7 F 6 :12000_36_1745744937.149877 1745744909.656949 :12000 (:12002)
[Sun Apr 27 2025 02:08:57.195946] r LSUPDATE :12008 8 F 13 :12006_15_1745744937.153073 1745744924.826990 :12006 (:12004,:12008)
[Sun Apr 27 2025 02:08:57.195961] d LSUPDATE :12002 7 F 13 :12006_15_1745744937.153073 1745744924.826990 :12006 (:12004,:12008)
[Sun Apr 27 2025 02:08:57.197633] r LSUPDATE :12008 7 F 13 :12004_20_1745744937.145611 1745744917.328278 :12004 (:12002,:12006)
[Sun Apr 27 2025 02:08:57.197892] r LSUPDATE :12008 5 F 6 :12000_25_1745744937.117272 1745744909.656949 :12000 (:12002)
[Sun Apr 27 2025 02:08:57.198109] r LSUPDATE :12008 5 F 6 :12000_26_1745744937.119143 1745744909.656949 :12000 (:12002)
[Sun Apr 27 2025 02:08:57.198326] r LSUPDATE :12008 8 F 13 :12006_16_1745744937.171808 1745744924.826990 :12006 (:12004,:12008)
[Sun Apr 27 2025 02:08:57.198341] d LSUPDATE :12002 7 F 13 :12006_16_1745744937.171808 1745744924.826990 :12006 (:12004,:12008)
[Sun Apr 27 2025 02:08:57.200366] r LSUPDATE :12008 7 F 13 :12004_21_1745744937.155057 1745744917.328278 :12004 (:12002,:12006)
[Sun Apr 27 2025 02:08:57.200384] d LSUPDATE :12002 6 F 13 :12004_21_1745744937.155057 1745744917.328278 :12004 (:12002,:12006)
[Sun Apr 27 2025 02:08:57.200615] r LSUPDATE :12002 8 F 6 :12000_37_1745744937.150354 1745744909.656949 :12000 (:12002)
[Sun Apr 27 2025 02:08:57.200629] d LSUPDATE :12008 7 F 6 :12000_37_1745744937.150354 1745744909.656949 :12000 (:12002)
[Sun Apr 27 2025 02:08:57.200865] r LSUPDATE :12008 5 F 6 :12000_28_1745744937.120353 1745744909.656949 :12000 (:12002)
[Sun Apr 27 2025 02:08:57.201081] r LSUPDATE :12008 5 F 6 :12000_29_1745744937.121860 1745744909.656949 :12000 (:12002)
[Sun Apr 27 2025 02:08:57.201303] r LSUPDATE :12008 5 F 6 :12000_31_1745744937.122574 1745744909.656949 :12000 (:12002)
[Sun Apr 27 2025 02:08:57.201527] r LSUPDATE :12002 8 F 6 :12000_38_1745744937.151244 1745744909.656949 :12000 (:12002)
[Sun Apr 27 2025 02:08:57.201541] d LSUPDATE :12008 7 F 6 :12000_38_1745744937.151244 1745744909.656949 :12000 (:12002)
[Sun Apr 27 2025 02:08:57.201772] r LSUPDATE :12002 7 F 13 :12006_14_1745744937.152033 1745744924.826990 :12006 (:12004,:12008)
[Sun Apr 27 2025 02:08:57.201990] r LSUPDATE :12002 9 F 20 :12002_23_1745744937.179624 1745744909.657145 :12002 (:12000,:12004,:12010)
[Sun Apr 27 2025 02:08:57.202011] d LSUPDATE :12008 8 F 20 :12002_23_1745744937.179624 1745744909.657145 :12002 (:12000,:12004,:12010)
[Sun Apr 27 2025 02:08:57.202243] r LSUPDATE :12002 7 F 13 :12006_15_1745744937.153073 1745744924.826990 :12006 (:12004,:12008)
[Sun Apr 27 2025 02:08:57.202460] r LSUPDATE :12002 9 F 20 :12002_24_1745744937.187512 1745744909.657145 :12002 (:12000,:12004,:12010)
[Sun Apr 27 2025 02:08:57.202474] d LSUPDATE :12008 8 F 20 :12002_24_1745744937.187512 1745744909.657145 :12002 (:12000,:12004,:12010)
[Sun Apr 27 2025 02:08:57.205729] r LSUPDATE :12002 8 F 13 :12004_21_1745744937.155057 1745744917.328278 :12004 (:12002,:12006)
[Sun Apr 27 2025 02:08:57.205947] r LSUPDATE :12002 7 F 13 :12006_16_1745744937.171808 1745744924.826990 :12006 (:12004,:12008)
[Sun Apr 27 2025 02:08:57.206167] r LSUPDATE :12002 8 F 6 :12000_39_1745744937.169693 1745744909.656949 :12000 (:12002)
[Sun Apr 27 2025 02:08:57.206181] d LSUPDATE :12008 7 F 6 :12000_39_1745744937.169693 1745744909.656949 :12000 (:12002)
[Sun Apr 27 2025 02:08:57.206412] r LSUPDATE :12002 8 F 6 :12000_40_1745744937.169953 1745744909.656949 :12000 (:12002)
[Sun Apr 27 2025 02:08:57.206426] d LSUPDATE :12008 7 F 6 :12000_40_1745744937.169953 1745744909.656949 :12000 (:12002)
[Sun Apr 27 2025 02:08:57.206657] r LSUPDATE :12002 8 F 6 :12000_41_1745744937.178158 1745744909.656949 :12000 (:12002)
[Sun Apr 27 2025 02:08:57.206672] d LSUPDATE :12008 7 F 6 :12000_41_1745744937.178158 1745744909.656949 :12000 (:12002)
[Sun Apr 27 2025 02:08:57.206900] r LSUPDATE :12002 8 F 6 :12000_42_1745744937.185017 1745744909.656949 :12000 (:12002)
[Sun Apr 27 2025 02:08:57.206914] d LSUPDATE :12008 7 F 6 :12000_42_1745744937.185017 1745744909.656949 :12000 (:12002)
[Sun Apr 27 2025 02:08:57.207145] r LSUPDATE :12002 9 F 20 :12002_25_1745744937.191139 1745744909.657145 :12002 (:12000,:12004,:12010)
[Sun Apr 27 2025 02:08:57.207160] d LSUPDATE :12008 8 F 20 :12002_25_1745744937.191139 1745744909.657145 :12002 (:12000,:12004,:12010)
[Sun Apr 27 2025 02:08:57.217946] r LSUPDATE :12008 5 F 6 :12000_38_1745744937.151244 1745744909.656949 :12000 (:12002)
[Sun Apr 27 2025 02:08:57.229734] r LSUPDATE :12002 8 F 6 :12000_43_1745744937.228423 1745744909.656949 :12000 (:12002)
[Sun Apr 27 2025 02:08:57.229759] d LSUPDATE :12008 7 F 6 :12000_43_1745744937.228423 1745744909.656949 :12000 (:12002)
[Sun Apr 27 2025 02:08:57.234211] r LSUPDATE :12008 5 F 6 :12000_43_1745744937.228423 1745744909.656949 :12000 (:12002)
[Sun Apr 27 2025 02:08:57.274030] r LSUPDATE :12002 8 F 6 :12000_44_1745744937.228692 1745744909.656949 :12000 (:12002)
[Sun Apr 27 2025 02:08:57.274060] d LSUPDATE :12008 7 F 6 :12000_44_1745744937.228692 1745744909.656949 :12000 (:12002)
[Sun Apr 27 2025 02:08:57.276936] r LSUPDATE :12008 5 F 6 :12000_44_1745744937.228692 1745744909.656949 :12000 (:12002)
[Sun Apr 27 2025 02:14:26.452090] r LSUPDATE :12002 9 F 13 :12002_31_1745745266.450282 1745744909.657145 :12002 (:12004,:12010)
[Sun Apr 27 2025 02:14:26.452126] d LSUPDATE :12008 8 F 13 :12002_31_1745745266.450282 1745744909.657145 :12002 (:12004,:12010)
[Sun Apr 27 2025 02:14:26.453361] r LSUPDATE :12008 6 F 13 :12002_31_1745745266.450282 1745744909.657145 :12002 (:12004,:12010)
[Sun Apr 27 2025 02:14:34.490772] i LSUPDATE :12008 9 F 6 :12010_16_1745745274.490735 1745744937.082378 :12010 (:12008)
[Sun Apr 27 2025 02:14:34.492037] r LSUPDATE :12008 8 F 13 :12006_21_1745745274.491425 1745744924.826990 :12006 (:12004,:12008)
[Sun Apr 27 2025 02:14:34.532428] r LSUPDATE :12008 7 F 6 :12004_23_1745745274.490130 1745744917.328278 :12004 (:12006)
[Sun Apr 27 2025 02:14:34.532962] r LSUPDATE :12008 7 F 6 :12004_24_1745745274.492338 1745744917.328278 :12004 (:12006)
[Sun Apr 27 2025 02:14:38.478294] r LSUPDATE :12008 8 F 6 :12006_22_1745745278.477152 1745744924.826990 :12006 (:12008)
[Sun Apr 27 2025 02:14:42.832683] r LSUPDATE :12008 9 F 6 :12008_16_1745745282.832336 1745744931.582366 :12008 (:12010)
[Sun Apr 27 2025 02:16:49.457020] r SAYHELLO :12008 1 - 0
[Sun Apr 27 2025 02:16:49.457071] i LSUPDATE :12002 9 F 13 :12010_2_1745745409.457058 1745745409.457056 :12010 (:12002,:12008)
[Sun Apr 27 2025 02:16:49.457088] i LSUPDATE :12008 9 F 13 :12010_2_1745745409.457058 1745745409.457056 :12010 (:12002,:12008)
[Sun Apr 27 2025 02:16:49.457305] r LSUPDATE :12008 9 F 13 :12008_10_1745745409.449437 1745745403.540731 :12008 (:12006,:12010)
[Sun Apr 27 2025 02:16:49.457320] d LSUPDATE :12002 8 F 13 :12008_10_1745745409.449437 1745745403.540731 :12008 (:12006,:12010)
[Sun Apr 27 2025 02:16:49.457544] r LSUPDATE :12008 7 F 13 :12004_13_1745745409.450099 1745745388.526631 :12004 (:12002,:12006)
[Sun Apr 27 2025 02:16:49.457560] d LSUPDATE :12002 6 F 13 :12004_13_1745745409.450099 1745745388.526631 :12004 (:12002,:12006)
[Sun Apr 27 2025 02:16:49.457583] i LSUPDATE :12002 9 F 13 :12010_5_1745745409.457578 1745745409.457056 :12010 (:12002,:12008)
[Sun Apr 27 2025 02:16:49.457596] i LSUPDATE :12008 9 F 13 :12010_5_1745745409.457578 1745745409.457056 :12010 (:12002,:12008)
[Sun Apr 27 2025 02:16:49.458104] r LSUPDATE :12008 6 F 13 :12002_16_1745745409.450459 1745745378.141016 :12002 (:12000,:12004)
[Sun Apr 27 2025 02:16:49.458121] d LSUPDATE :12002 5 F 13 :12002_16_1745745409.450459 1745745378.141016 :12002 (:12000,:12004)
[Sun Apr 27 2025 02:16:49.458341] r LSUPDATE :12008 5 F 6 :12000_22_1745745409.451025 1745745378.140808 :12000 (:12002)
[Sun Apr 27 2025 02:16:49.458354] d LSUPDATE :12002 4 F 6 :12000_22_1745745409.451025 1745745378.140808 :12000 (:12002)
[Sun Apr 27 2025 02:16:49.458377] i LSUPDATE :12002 9 F 13 :12010_8_1745745409.458372 1745745409.457056 :12010 (:12002,:12008)
[Sun Apr 27 2025 02:16:49.458393] i LSUPDATE :12008 9 F 13 :12010_8_1745745409.458372 1745745409.457056 :12010 (:12002,:12008)
[Sun Apr 27 2025 02:16:49.459219] i SAYHELLO :12002 1 - 0
[Sun Apr 27 2025 02:16:49.459675] r SAYHELLO :12002 1 - 0
[Sun Apr 27 2025 02:16:49.459707] i LSUPDATE :12002 9 F 13 :12010_9_1745745409.459688 1745745409.457056 :12010 (:12002,:12008)
[Sun Apr 27 2025 02:16:49.459721] i LSUPDATE :12008 9 F 13 :12010_9_1745745409.459688 1745745409.457056 :12010 (:12002,:12008)
[Sun Apr 27 2025 02:16:49.459935] r LSUPDATE :12002 9 F 20 :12002_17_1745745409.458544 1745745378.141016 :12002 (:12000,:12004,:12010)
[Sun Apr 27 2025 02:16:49.459952] d LSUPDATE :12008 8 F 20 :12002_17_1745745409.458544 1745745378.141016 :12002 (:12000,:12004,:12010)
[Sun Apr 27 2025 02:16:49.455082] i SAYHELLO :12008 1 - 0
[Sun Apr 27 2025 02:16:49.469969] r LSUPDATE :12008 8 F 13 :12006_11_1745745409.460538 1745745394.856215 :12006 (:12004,:12008)
[Sun Apr 27 2025 02:16:49.469990] d LSUPDATE :12002 7 F 13 :12006_11_1745745409.460538 1745745394.856215 :12006 (:12004,:12008)
[Sun Apr 27 2025 02:16:49.477879] i LSUPDATE :12002 9 F 13 :12010_11_1745745409.470040 1745745409.457056 :12010 (:12002,:12008)
[Sun Apr 27 2025 02:16:49.477901] i LSUPDATE :12008 9 F 13 :12010_11_1745745409.470040 1745745409.457056 :12010 (:12002,:12008)
[Sun Apr 27 2025 02:16:49.478118] r LSUPDATE :12008 7 F 13 :12004_15_1745745409.460863 1745745388.526631 :12004 (:12002,:12006)
[Sun Apr 27 2025 02:16:49.478133] d LSUPDATE :12002 6 F 13 :12004_15_1745745409.460863 1745745388.526631 :12004 (:12002,:12006)
[Sun Apr 27 2025 02:16:49.479248] r LSUPDATE :12008 5 F 6 :12000_23_1745745409.451531 1745745378.140808 :12000 (:12002)
[Sun Apr 27 2025 02:16:49.479274] d LSUPDATE :12002 4 F 6 :12000_23_1745745409.451531 1745745378.140808 :12000 (:12002)
[Sun Apr 27 2025 02:16:49.486550] r LSUPDATE :12002 8 F 13 :12004_15_1745745409.460863 1745745388.526631 :12004 (:12002,:12006)
[Sun Apr 27 2025 02:16:49.486793] r LSUPDATE :12002 7 F 13 :12006_11_1745745409.460538 1745745394.856215 :12006 (:12004,:12008)
[Sun Apr 27 2025 02:16:49.487019] r LSUPDATE :12002 9 F 20 :12002_19_1745745409.465554 1745745378.141016 :12002 (:12000,:12004,:12010)
[Sun Apr 27 2025 02:16:49.487036] d LSUPDATE :12008 8 F 20 :12002_19_1745745409.465554 1745745378.141016 :12002 (:12000,:12004,:12010)
[Sun Apr 27 2025 02:16:49.496424] r LSUPDATE :12002 9 F 20 :12002_21_1745745409.465942 1745745378.141016 :12002 (:12000,:12004,:12010)
[Sun Apr 27 2025 02:16:49.496457] d LSUPDATE :12008 8 F 20 :12002_21_1745745409.465942 1745745378.141016 :12002 (:12000,:12004,:12010)
[Sun Apr 27 2025 02:16:49.484229] r LSUPDATE :12008 8 F 13 :12006_12_1745745409.471072 1745745394.856215 :12006 (:12004,:12008)
[Sun Apr 27 2025 02:16:49.496704] r LSUPDATE :12002 8 F 13 :12004_16_1745745409.467960 1745745388.526631 :12004 (:12002,:12006)
[Sun Apr 27 2025 02:16:49.496720] d LSUPDATE :12008 7 F 13 :12004_16_1745745409.467960 1745745388.526631 :12004 (:12002,:12006)
[Sun Apr 27 2025 02:16:49.497408] r LSUPDATE :12002 7 F 13 :12006_12_1745745409.471072 1745745394.856215 :12006 (:12004,:12008)
[Sun Apr 27 2025 02:16:49.497423] d LSUPDATE :12008 6 F 13 :12006_12_1745745409.471072 1745745394.856215 :12006 (:12004,:12008)
[Sun Apr 27 2025 02:16:49.498555] r LSUPDATE :12002 9 F 20 :12002_22_1745745409.483677 1745745378.141016 :12002 (:12000,:12004,:12010)
[Sun Apr 27 2025 02:16:49.498574] d LSUPDATE :12008 8 F 20 :12002_22_1745745409.483677 1745745378.141016 :12002 (:12000,:12004,:12010)
[Sun Apr 27 2025 02:16:49.498822] r LSUPDATE :12008 6 F 20 :12002_17_1745745409.458544 1745745378.141016 :12002 (:12000,:12004,:12010)
[Sun Apr 27 2025 02:16:49.499038] r LSUPDATE :12008 7 F 13 :12004_16_1745745409.467960 1745745388.526631 :12004 (:12002,:12006)
[Sun Apr 27 2025 02:16:49.499270] r LSUPDATE :12008 6 F 20 :12002_19_1745745409.465554 1745745378.141016 :12002 (:12000,:12004,:12010)
[Sun Apr 27 2025 02:16:49.499484] r LSUPDATE :12008 8 F 13 :12006_13_1745745409.477239 1745745394.856215 :12006 (:12004,:12008)
[Sun Apr 27 2025 02:16:49.499500] d LSUPDATE :12002 7 F 13 :12006_13_1745745409.477239 1745745394.856215 :12006 (:12004,:12008)
[Sun Apr 27 2025 02:16:49.508946] r LSUPDATE :12008 8 F 13 :12006_14_1745745409.480588 1745745394.856215 :12006 (:12004,:12008)
[Sun Apr 27 2025 02:16:49.508965] d LSUPDATE :12002 7 F 13 :12006_14_1745745409.480588 1745745394.856215 :12006 (:12004,:12008)
[Sun Apr 27 2025 02:16:49.509214] r LSUPDATE :12008 6 F 20 :12002_21_1745745409.465942 1745745378.141016 :12002 (:12000,:12004,:12010)
[Sun Apr 27 2025 02:16:49.509431] r LSUPDATE :12008 7 F 13 :12004_17_1745745409.482626 1745745388.526631 :12004 (:12002,:12006)
[Sun Apr 27 2025 02:16:49.509445] d LSUPDATE :12002 6 F 13 :12004_17_1745745409.482626 1745745388.526631 :12004 (:12002,:12006)
[Sun Apr 27 2025 02:16:49.510302] r LSUPDATE :12002 8 F 13 :12004_17_1745745409.482626 1745745388.526631 :12004 (:12002,:12006)
[Sun Apr 27 2025 02:16:49.510531] r LSUPDATE :12002 8 F 6 :12000_25_1745745409.500612 1745745378.140808 :12000 (:12002)
[Sun Apr 27 2025 02:16:49.510547] d LSUPDATE :12008 7 F 6 :12000_25_1745745409.500612 1745745378.140808 :12000 (:12002)
[Sun Apr 27 2025 02:16:49.516844] r LSUPDATE :12002 7 F 13 :12006_13_1745745409.477239 1745745394.856215 :12006 (:12004,:12008)
[Sun Apr 27 2025 02:16:49.517084] r LSUPDATE :12002 9 F 20 :12002_23_1745745409.501939 1745745378.141016 :12002 (:12000,:12004,:12010)
[Sun Apr 27 2025 02:16:49.517105] d LSUPDATE :12008 8 F 20 :12002_23_1745745409.501939 1745745378.141016 :12002 (:12000,:12004,:12010)
[Sun Apr 27 2025 02:16:49.517349] r LSUPDATE :12002 8 F 13 :12004_18_1745745409.483138 1745745388.526631 :12004 (:12002,:12006)
[Sun Apr 27 2025 02:16:49.517365] d LSUPDATE :12008 7 F 13 :12004_18_1745745409.483138 1745745388.526631 :12004 (:12002,:12006)
[Sun Apr 27 2025 02:16:49.517594] r LSUPDATE :12002 7 F 13 :12006_14_1745745409.480588 1745745394.856215 :12006 (:12004,:12008)
[Sun Apr 27 2025 02:16:49.517810] r LSUPDATE :12002 9 F 20 :12002_24_1745745409.502694 1745745378.141016 :12002 (:12000,:12004,:12010)
[Sun Apr 27 2025 02:16:49.517824] d LSUPDATE :12008 8 F 20 :12002_24_1745745409.502694 1745745378.141016 :12002 (:12000,:12004,:12010)
[Sun Apr 27 2025 02:16:49.519294] r LSUPDATE :12002 8 F 13 :12004_19_1745745409.489017 1745745388.526631 :12004 (:12002,:12006)
[Sun Apr 27 2025 02:16:49.519317] d LSUPDATE :12008 7 F 13 :12004_19_1745745409.489017 1745745388.526631 :12004 (:12002,:12006)
[Sun Apr 27 2025 02:16:49.519555] r LSUPDATE :12002 7 F 13 :12006_15_1745745409.487830 1745745394.856215 :12006 (:12004,:12008)
[Sun Apr 27 2025 02:16:49.519570] d LSUPDATE :12008 6 F 13 :12006_15_1745745409.487830 1745745394.856215 :12006 (:12004,:12008)
[Sun Apr 27 2025 02:16:49.519801] r LSUPDATE :12002 9 F 20 :12002_25_1745745409.503443 1745745378.141016 :12002 (:12000,:12004,:12010)
[Sun Apr 27 2025 02:16:49.519816] d LSUPDATE :12008 8 F 20 :12002_25_1745745409.503443 1745745378.141016 :12002 (:12000,:12004,:12010)
[Sun Apr 27 2025 02:16:49.520052] r LSUPDATE :12002 8 F 6 :12000_26_1745745409.500876 1745745378.140808 :12000 (:12002)
[Sun Apr 27 2025 02:16:49.520067] d LSUPDATE :12008 7 F 6 :12000_26_1745745409.500876 1745745378.140808 :12000 (:12002)
[Sun Apr 27 2025 02:16:49.520310] r LSUPDATE :12002 8 F 6 :12000_27_1745745409.501123 1745745378.140808 :12000 (:12002)
[Sun Apr 27 2025 02:16:49.520325] d LSUPDATE :12008 7 F 6 :12000_27_1745745409.501123 1745745378.140808 :12000 (:12002)
[Sun Apr 27 2025 02:16:49.533344] r LSUPDATE :12008 8 F 13 :12006_15_1745745409.487830 1745745394.856215 :12006 (:12004,:12008)
[Sun Apr 27 2025 02:16:49.533571] r LSUPDATE :12008 7 F 13 :12004_18_1745745409.483138 1745745388.526631 :12004 (:12002,:12006)
[Sun Apr 27 2025 02:16:49.534393] r LSUPDATE :12008 7 F 13 :12004_19_1745745409.489017 1745745388.526631 :12004 (:12002,:12006)
[Sun Apr 27 2025 02:16:49.556437] r LSUPDATE :12002 8 F 6 :12000_28_1745745409.501380 1745745378.140808 :12000 (:12002)
[Sun Apr 27 2025 02:16:49.556480] d LSUPDATE :12008 7 F 6 :12000_28_1745745409.501380 1745745378.140808 :12000 (:12002)
[Sun Apr 27 2025 02:16:49.556956] r LSUPDATE :12008 5 F 6 :12000_25_1745745409.500612 1745745378.140808 :12000 (:12002)
[Sun Apr 27 2025 02:16:49.557192] r LSUPDATE :12008 6 F 20 :12002_25_1745745409.503443 1745745378.141016 :12002 (:12000,:12004,:12010)
[Sun Apr 27 2025 02:16:49.557413] r LSUPDATE :12008 5 F 6 :12000_27_1745745409.501123 1745745378.140808 :12000 (:12002)
[Sun Apr 27 2025 02:16:49.557632] r LSUPDATE :12002 8 F 6 :12000_29_1745745409.505293 1745745378.140808 :12000 (:12002)
[Sun Apr 27 2025 02:16:49.557647] d LSUPDATE :12008 7 F 6 :12000_29_1745745409.505293 1745745378.140808 :12000 (:12002)
[Sun Apr 27 2025 02:16:49.557881] r LSUPDATE :12002 8 F 6 :12000_30_1745745409.507460 1745745378.140808 :12000 (:12002)
[Sun Apr 27 2025 02:16:49.557896] d LSUPDATE :12008 7 F 6 :12000_30_1745745409.507460 1745745378.140808 :12000 (:12002)
[Sun Apr 27 2025 02:16:49.558134] r LSUPDATE :12002 4 F 20 :12002_24_1745745409.502694 1745745378.141016 :12002 (:12000,:12004,:12010)
[Sun Apr 27 2025 02:16:49.558353] r LSUPDATE :12002 8 F 6 :12000_31_1745745409.507719 1745745378.140808 :12000 (:12002)
[Sun Apr 27 2025 02:16:49.558368] d LSUPDATE :12008 7 F 6 :12000_31_1745745409.507719 1745745378.140808 :12000 (:12002)
[Sun Apr 27 2025 02:16:49.558605] r LSUPDATE :12002 8 F 6 :12000_32_1745745409.507966 1745745378.140808 :12000 (:12002)
[Sun Apr 27 2025 02:16:49.558619] d LSUPDATE :12008 7 F 6 :12000_32_1745745409.507966 1745745378.140808 :12000 (:12002)
[Sun Apr 27 2025 02:16:49.558847] r LSUPDATE :12002 8 F 6 :12000_33_1745745409.508226 1745745378.140808 :12000 (:12002)
[Sun Apr 27 2025 02:16:49.558861] d LSUPDATE :12008 7 F 6 :12000_33_1745745409.508226 1745745378.140808 :12000 (:12002)
[Sun Apr 27 2025 02:16:49.559101] r LSUPDATE :12002 8 F 6 :12000_34_1745745409.508701 1745745378.140808 :12000 (:12002)
[Sun Apr 27 2025 02:16:49.559119] d LSUPDATE :12008 7 F 6 :12000_34_1745745409.508701 1745745378.140808 :12000 (:12002)
[Sun Apr 27 2025 02:16:49.562385] r LSUPDATE :12008 5 F 6 :12000_29_1745745409.505293 1745745378.140808 :12000 (:12002)
[Sun Apr 27 2025 02:16:49.562610] r LSUPDATE :12008 5 F 6 :12000_30_1745745409.507460 1745745378.140808 :12000 (:12002)
[Sun Apr 27 2025 02:16:49.562963] r LSUPDATE :12002 8 F 6 :12000_35_1745745409.514428 1745745378.140808 :12000 (:12002)
[Sun Apr 27 2025 02:16:49.562980] d LSUPDATE :12008 7 F 6 :12000_35_1745745409.514428 1745745378.140808 :12000 (:12002)
[Sun Apr 27 2025 02:16:49.563250] r LSUPDATE :12002 8 F 6 :12000_36_1745745409.514907 1745745378.140808 :12000 (:12002)
[Sun Apr 27 2025 02:16:49.563278] d LSUPDATE :12008 7 F 6 :12000_36_1745745409.514907 1745745378.140808 :12000 (:12002)
[Sun Apr 27 2025 02:16:49.563871] r LSUPDATE :12002 8 F 6 :12000_37_1745745409.515160 1745745378.140808 :12000 (:12002)
[Sun Apr 27 2025 02:16:49.563890] d LSUPDATE :12008 7 F 6 :12000_37_1745745409.515160 1745745378.140808 :12000 (:12002)
[Sun Apr 27 2025 02:16:49.564131] r LSUPDATE :12002 8 F 6 :12000_38_1745745409.515629 1745745378.140808 :12000 (:12002)
[Sun Apr 27 2025 02:16:49.564146] d LSUPDATE :12008 7 F 6 :12000_38_1745745409.515629 1745745378.140808 :12000 (:12002)
[Sun Apr 27 2025 02:16:49.564391] r LSUPDATE :12002 8 F 6 :12000_39_1745745409.520919 1745745378.140808 :12000 (:12002)
[Sun Apr 27 2025 02:16:49.564406] d LSUPDATE :12008 7 F 6 :12000_39_1745745409.520919 1745745378.140808 :12000 (:12002)
[Sun Apr 27 2025 02:16:49.572103] r LSUPDATE :12008 5 F 6 :12000_32_1745745409.507966 1745745378.140808 :12000 (:12002)
[Sun Apr 27 2025 02:16:49.573529] r LSUPDATE :12008 5 F 6 :12000_34_1745745409.508701 1745745378.140808 :12000 (:12002)
[Sun Apr 27 2025 02:16:49.616637] r LSUPDATE :12008 5 F 6 :12000_36_1745745409.514907 1745745378.140808 :12000 (:12002)
[Sun Apr 27 2025 02:16:49.616900] r LSUPDATE :12008 5 F 6 :12000_37_1745745409.515160 1745745378.140808 :12000 (:12002)
[Sun Apr 27 2025 02:16:49.617116] r LSUPDATE :12008 5 F 6 :12000_38_1745745409.515629 1745745378.140808 :12000 (:12002)
[Sun Apr 27 2025 02:16:49.617348] r LSUPDATE :12008 5 F 6 :12000_39_1745745409.520919 1745745378.140808 :12000 (:12002)
[Sun Apr 27 2025 02:22:55.119412] r LSUPDATE :12008 8 F 6 :12006_27_1745745775.118716 1745745394.856215 :12006 (:12008)
[Sun Apr 27 2025 02:22:55.119440] d LSUPDATE :12002 7 F 6 :12006_27_1745745775.118716 1745745394.856215 :12006 (:12008)
[Sun Apr 27 2025 02:22:55.121191] r LSUPDATE :12002 9 F 13 :12002_33_1745745775.118543 1745745378.141016 :12002 (:12000,:12010)
[Sun Apr 27 2025 02:22:55.121215] d LSUPDATE :12008 8 F 13 :12002_33_1745745775.118543 1745745378.141016 :12002 (:12000,:12010)
[Sun Apr 27 2025 02:22:55.160413] r LSUPDATE :12002 9 F 13 :12002_34_1745745775.119912 1745745378.141016 :12002 (:12000,:12010)
[Sun Apr 27 2025 02:22:55.160461] d LSUPDATE :12008 8 F 13 :12002_34_1745745775.119912 1745745378.141016 :12002 (:12000,:12010)
[Sun Apr 27 2025 02:22:55.160707] r LSUPDATE :12002 8 F 6 :12000_50_1745745775.120529 1745745378.140808 :12000 (:12002)
[Sun Apr 27 2025 02:22:55.160723] d LSUPDATE :12008 7 F 6 :12000_50_1745745775.120529 1745745378.140808 :12000 (:12002)
[Sun Apr 27 2025 02:23:30.955123] r LSUPDATE :12008 8 F 13 :12006_32_1745745810.954477 1745745394.856215 :12006 (:12008,:12004)
[Sun Apr 27 2025 02:23:30.955150] d LSUPDATE :12002 7 F 13 :12006_32_1745745810.954477 1745745394.856215 :12006 (:12008,:12004)
[Sun Apr 27 2025 02:23:30.957256] r LSUPDATE :12002 9 F 13 :12002_37_1745745810.955451 1745745378.141016 :12002 (:12000,:12010)
[Sun Apr 27 2025 02:23:30.957288] d LSUPDATE :12008 8 F 13 :12002_37_1745745810.955451 1745745378.141016 :12002 (:12000,:12010)
[Sun Apr 27 2025 02:23:30.960040] r LSUPDATE :12008 7 F 13 :12004_2_1745745810.958670 1745745810.958384 :12004 (:12002,:12006)
[Sun Apr 27 2025 02:23:30.960059] d LSUPDATE :12002 6 F 13 :12004_2_1745745810.958670 1745745810.958384 :12004 (:12002,:12006)
[Sun Apr 27 2025 02:23:30.960087] i LSUPDATE :12002 9 F 13 :12010_17_1745745810.960081 1745745409.457056 :12010 (:12002,:12008)
[Sun Apr 27 2025 02:23:30.960103] i LSUPDATE :12008 9 F 13 :12010_17_1745745810.960081 1745745409.457056 :12010 (:12002,:12008)
[Sun Apr 27 2025 02:23:30.960370] r LSUPDATE :12008 9 F 13 :12008_16_1745745810.959768 1745745403.540731 :12008 (:12006,:12010)
[Sun Apr 27 2025 02:23:30.960387] d LSUPDATE :12002 8 F 13 :12008_16_1745745810.959768 1745745403.540731 :12008 (:12006,:12010)
[Sun Apr 27 2025 02:23:30.960616] r LSUPDATE :12002 8 F 6 :12000_57_1745745810.955771 1745745378.140808 :12000 (:12002)
[Sun Apr 27 2025 02:23:30.960631] d LSUPDATE :12008 7 F 6 :12000_57_1745745810.955771 1745745378.140808 :12000 (:12002)
[Sun Apr 27 2025 02:23:30.964361] r LSUPDATE :12002 9 F 13 :12002_39_1745745810.960929 1745745378.141016 :12002 (:12000,:12010)
[Sun Apr 27 2025 02:23:30.964379] d LSUPDATE :12008 8 F 13 :12002_39_1745745810.960929 1745745378.141016 :12002 (:12000,:12010)
[Sun Apr 27 2025 02:23:30.964621] r LSUPDATE :12002 9 F 13 :12002_40_1745745810.961479 1745745378.141016 :12002 (:12000,:12010)
[Sun Apr 27 2025 02:23:30.964637] d LSUPDATE :12008 8 F 13 :12002_40_1745745810.961479 1745745378.141016 :12002 (:12000,:12010)
[Sun Apr 27 2025 02:23:30.971394] r LSUPDATE :12008 7 F 13 :12004_5_1745745810.968309 1745745810.958384 :12004 (:12002,:12006)
[Sun Apr 27 2025 02:23:30.971413] d LSUPDATE :12002 6 F 13 :12004_5_1745745810.968309 1745745810.958384 :12004 (:12002,:12006)
[Sun Apr 27 2025 02:23:30.971437] i LSUPDATE :12002 9 F 13 :12010_18_1745745810.971431 1745745409.457056 :12010 (:12002,:12008)
[Sun Apr 27 2025 02:23:30.971452] i LSUPDATE :12008 9 F 13 :12010_18_1745745810.971431 1745745409.457056 :12010 (:12002,:12008)
[Sun Apr 27 2025 02:23:30.971665] r LSUPDATE :12008 9 F 13 :12008_17_1745745810.970369 1745745403.540731 :12008 (:12006,:12010)
[Sun Apr 27 2025 02:23:30.971686] d LSUPDATE :12002 8 F 13 :12008_17_1745745810.970369 1745745403.540731 :12008 (:12006,:12010)
[Sun Apr 27 2025 02:23:30.971945] r LSUPDATE :12008 8 F 13 :12006_34_1745745810.969790 1745745394.856215 :12006 (:12008,:12004)
[Sun Apr 27 2025 02:23:30.971960] d LSUPDATE :12002 7 F 13 :12006_34_1745745810.969790 1745745394.856215 :12006 (:12008,:12004)
[Sun Apr 27 2025 02:23:30.972200] r LSUPDATE :12002 8 F 6 :12000_59_1745745810.962953 1745745378.140808 :12000 (:12002)
[Sun Apr 27 2025 02:23:30.972216] d LSUPDATE :12008 7 F 6 :12000_59_1745745810.962953 1745745378.140808 :12000 (:12002)
[Sun Apr 27 2025 02:23:30.972447] r LSUPDATE :12002 8 F 6 :12000_60_1745745810.963871 1745745378.140808 :12000 (:12002)
[Sun Apr 27 2025 02:23:30.972461] d LSUPDATE :12008 7 F 6 :12000_60_1745745810.963871 1745745378.140808 :12000 (:12002)
[Sun Apr 27 2025 02:23:30.972690] r LSUPDATE :12002 9 F 20 :12002_41_1745745810.965850 1745745378.141016 :12002 (:12000,:12010,:12004)
[Sun Apr 27 2025 02:23:30.972705] d LSUPDATE :12008 8 F 20 :12002_41_1745745810.965850 1745745378.141016 :12002 (:12000,:12010,:12004)
[Sun Apr 27 2025 02:23:30.973915] r LSUPDATE :12002 8 F 6 :12000_61_1745745810.964128 1745745378.140808 :12000 (:12002)
[Sun Apr 27 2025 02:23:30.973944] d LSUPDATE :12008 7 F 6 :12000_61_1745745810.964128 1745745378.140808 :12000 (:12002)
[Sun Apr 27 2025 02:23:30.986853] r LSUPDATE :12002 4 F 13 :12002_37_1745745810.955451 1745745378.141016 :12002 (:12000,:12010)
[Sun Apr 27 2025 02:23:30.987083] r LSUPDATE :12002 8 F 6 :12000_62_1745745810.976405 1745745378.140808 :12000 (:12002)
[Sun Apr 27 2025 02:23:30.987099] d LSUPDATE :12008 7 F 6 :12000_62_1745745810.976405 1745745378.140808 :12000 (:12002)
[Sun Apr 27 2025 02:23:30.992955] r LSUPDATE :12008 6 F 20 :12002_41_1745745810.965850 1745745378.141016 :12002 (:12000,:12010,:12004)
[Sun Apr 27 2025 02:23:30.993175] r LSUPDATE :12008 8 F 13 :12006_35_1745745810.983020 1745745394.856215 :12006 (:12008,:12004)
[Sun Apr 27 2025 02:23:30.993191] d LSUPDATE :12002 7 F 13 :12006_35_1745745810.983020 1745745394.856215 :12006 (:12008,:12004)
[Sun Apr 27 2025 02:23:30.993436] r LSUPDATE :12002 8 F 6 :12000_63_1745745810.976679 1745745378.140808 :12000 (:12002)
[Sun Apr 27 2025 02:23:30.993452] d LSUPDATE :12008 7 F 6 :12000_63_1745745810.976679 1745745378.140808 :12000 (:12002)
[Sun Apr 27 2025 02:23:30.993688] r LSUPDATE :12008 5 F 6 :12000_61_1745745810.964128 1745745378.140808 :12000 (:12002)
[Sun Apr 27 2025 02:23:31.000256] r LSUPDATE :12002 9 F 20 :12002_42_1745745810.977713 1745745378.141016 :12002 (:12000,:12010,:12004)
[Sun Apr 27 2025 02:23:31.000289] d LSUPDATE :12008 8 F 20 :12002_42_1745745810.977713 1745745378.141016 :12002 (:12000,:12010,:12004)
[Sun Apr 27 2025 02:23:31.000531] r LSUPDATE :12008 7 F 13 :12004_7_1745745810.968831 1745745810.958384 :12004 (:12002,:12006)
[Sun Apr 27 2025 02:23:31.000559] d LSUPDATE :12002 6 F 13 :12004_7_1745745810.968831 1745745810.958384 :12004 (:12002,:12006)
[Sun Apr 27 2025 02:23:31.000586] i LSUPDATE :12002 9 F 13 :12010_19_1745745811.000579 1745745409.457056 :12010 (:12002,:12008)
[Sun Apr 27 2025 02:23:31.000602] i LSUPDATE :12008 9 F 13 :12010_19_1745745811.000579 1745745409.457056 :12010 (:12002,:12008)
[Sun Apr 27 2025 02:23:31.000823] r LSUPDATE :12008 9 F 13 :12008_18_1745745810.996193 1745745403.540731 :12008 (:12006,:12010)
[Sun Apr 27 2025 02:23:31.000838] d LSUPDATE :12002 8 F 13 :12008_18_1745745810.996193 1745745403.540731 :12008 (:12006,:12010)
[Sun Apr 27 2025 02:23:31.001053] r LSUPDATE :12008 7 F 13 :12004_9_1745745810.985127 1745745810.958384 :12004 (:12002,:12006)
[Sun Apr 27 2025 02:23:31.001067] d LSUPDATE :12002 6 F 13 :12004_9_1745745810.985127 1745745810.958384 :12004 (:12002,:12006)
[Sun Apr 27 2025 02:23:31.001088] i LSUPDATE :12002 9 F 13 :12010_20_1745745811.001082 1745745409.457056 :12010 (:12002,:12008)
[Sun Apr 27 2025 02:23:31.001101] i LSUPDATE :12008 9 F 13 :12010_20_1745745811.001082 1745745409.457056 :12010 (:12002,:12008)
[Sun Apr 27 2025 02:23:31.001312] r LSUPDATE :12008 9 F 13 :12008_19_1745745810.996541 1745745403.540731 :12008 (:12006,:12010)
[Sun Apr 27 2025 02:23:31.001326] d LSUPDATE :12002 8 F 13 :12008_19_1745745810.996541 1745745403.540731 :12008 (:12006,:12010)
[Sun Apr 27 2025 02:23:31.008385] r LSUPDATE :12008 7 F 13 :12004_11_1745745810.990998 1745745810.958384 :12004 (:12002,:12006)
[Sun Apr 27 2025 02:23:31.008404] d LSUPDATE :12002 6 F 13 :12004_11_1745745810.990998 1745745810.958384 :12004 (:12002,:12006)
[Sun Apr 27 2025 02:23:31.008450] i LSUPDATE :12002 9 F 13 :12010_21_1745745811.008433 1745745409.457056 :12010 (:12002,:12008)
[Sun Apr 27 2025 02:23:31.008477] i LSUPDATE :12008 9 F 13 :12010_21_1745745811.008433 1745745409.457056 :12010 (:12002,:12008)
[Sun Apr 27 2025 02:23:31.008693] r LSUPDATE :12008 9 F 13 :12008_20_1745745811.002747 1745745403.540731 :12008 (:12006,:12010)
[Sun Apr 27 2025 02:23:31.008708] d LSUPDATE :12002 8 F 13 :12008_20_1745745811.002747 1745745403.540731 :12008 (:12006,:12010)
[Sun Apr 27 2025 02:23:31.008937] r LSUPDATE :12008 7 F 13 :12004_13_1745745811.001907 1745745810.958384 :12004 (:12002,:12006)
[Sun Apr 27 2025 02:23:31.008952] d LSUPDATE :12002 6 F 13 :12004_13_1745745811.001907 1745745810.958384 :12004 (:12002,:12006)
[Sun Apr 27 2025 02:23:31.008995] i LSUPDATE :12002 9 F 13 :12010_22_1745745811.008979 1745745409.457056 :12010 (:12002,:12008)
[Sun Apr 27 2025 02:23:31.009021] i LSUPDATE :12008 9 F 13 :12010_22_1745745811.008979 1745745409.457056 :12010 (:12002,:12008)
[Sun Apr 27 2025 02:23:31.010050] r LSUPDATE :12002 9 F 20 :12002_43_1745745810.978017 1745745378.141016 :12002 (:12000,:12010,:12004)
[Sun Apr 27 2025 02:23:31.010079] d LSUPDATE :12008 8 F 20 :12002_43_1745745810.978017 1745745378.141016 :12002 (:12000,:12010,:12004)
[Sun Apr 27 2025 02:23:31.017418] r LSUPDATE :12008 9 F 13 :12008_21_1745745811.003063 1745745403.540731 :12008 (:12006,:12010)
[Sun Apr 27 2025 02:23:31.017445] d LSUPDATE :12002 8 F 13 :12008_21_1745745811.003063 1745745403.540731 :12008 (:12006,:12010)
[Sun Apr 27 2025 02:23:31.017692] r LSUPDATE :12002 8 F 6 :12000_64_1745745810.981926 1745745378.140808 :12000 (:12002)
[Sun Apr 27 2025 02:23:31.017708] d LSUPDATE :12008 7 F 6 :12000_64_1745745810.981926 1745745378.140808 :12000 (:12002)
[Sun Apr 27 2025 02:23:31.017938] r LSUPDATE :12002 8 F 13 :12004_7_1745745810.968831 1745745810.958384 :12004 (:12002,:12006)
[Sun Apr 27 2025 02:23:31.018150] r LSUPDATE :12002 8 F 13 :12004_9_1745745810.985127 1745745810.958384 :12004 (:12002,:12006)
[Sun Apr 27 2025 02:23:31.018364] r LSUPDATE :12002 9 F 20 :12002_44_1745745811.006634 1745745378.141016 :12002 (:12000,:12010,:12004)
[Sun Apr 27 2025 02:23:31.018379] d LSUPDATE :12008 8 F 20 :12002_44_1745745811.006634 1745745378.141016 :12002 (:12000,:12010,:12004)
[Sun Apr 27 2025 02:23:31.018619] r LSUPDATE :12002 8 F 13 :12004_11_1745745810.990998 1745745810.958384 :12004 (:12002,:12006)
[Sun Apr 27 2025 02:23:31.018846] r LSUPDATE :12002 4 F 13 :12002_39_1745745810.960929 1745745378.141016 :12002 (:12000,:12010)
[Sun Apr 27 2025 02:23:31.023535] r LSUPDATE :12002 9 F 20 :12002_45_1745745811.014923 1745745378.141016 :12002 (:12000,:12010,:12004)
[Sun Apr 27 2025 02:23:31.023553] d LSUPDATE :12008 8 F 20 :12002_45_1745745811.014923 1745745378.141016 :12002 (:12000,:12010,:12004)
[Sun Apr 27 2025 02:23:31.023802] r LSUPDATE :12002 9 F 20 :12002_46_1745745811.022074 1745745378.141016 :12002 (:12000,:12010,:12004)
[Sun Apr 27 2025 02:23:31.023820] d LSUPDATE :12008 8 F 20 :12002_46_1745745811.022074 1745745378.141016 :12002 (:12000,:12010,:12004)
[Sun Apr 27 2025 02:23:31.049136] r LSUPDATE :12008 8 F 13 :12006_36_1745745811.047573 1745745394.856215 :12006 (:12008,:12004)
[Sun Apr 27 2025 02:23:31.049160] d LSUPDATE :12002 7 F 13 :12006_36_1745745811.047573 1745745394.856215 :12006 (:12008,:12004)
[Sun Apr 27 2025 02:23:31.049424] r LSUPDATE :12002 9 F 20 :12002_47_1745745811.025622 1745745378.141016 :12002 (:12000,:12010,:12004)
[Sun Apr 27 2025 02:23:31.049442] d LSUPDATE :12008 8 F 20 :12002_47_1745745811.025622 1745745378.141016 :12002 (:12000,:12010,:12004)
[Sun Apr 27 2025 02:23:31.049674] r LSUPDATE :12002 4 F 13 :12002_40_1745745810.961479 1745745378.141016 :12002 (:12000,:12010)
[Sun Apr 27 2025 02:23:31.049892] r LSUPDATE :12002 8 F 13 :12004_13_1745745811.001907 1745745810.958384 :12004 (:12002,:12006)
[Sun Apr 27 2025 02:23:31.050104] r LSUPDATE :12002 9 F 20 :12002_48_1745745811.030330 1745745378.141016 :12002 (:12000,:12010,:12004)
[Sun Apr 27 2025 02:23:31.050120] d LSUPDATE :12008 8 F 20 :12002_48_1745745811.030330 1745745378.141016 :12002 (:12000,:12010,:12004)
[Sun Apr 27 2025 02:23:31.050354] r LSUPDATE :12002 8 F 6 :12000_65_1745745811.032421 1745745378.140808 :12000 (:12002)
[Sun Apr 27 2025 02:23:31.050369] d LSUPDATE :12008 7 F 6 :12000_65_1745745811.032421 1745745378.140808 :12000 (:12002)
[Sun Apr 27 2025 02:23:31.059643] r LSUPDATE :12008 8 F 13 :12006_37_1745745811.055870 1745745394.856215 :12006 (:12008,:12004)
[Sun Apr 27 2025 02:23:31.059672] d LSUPDATE :12002 7 F 13 :12006_37_1745745811.055870 1745745394.856215 :12006 (:12008,:12004)
[Sun Apr 27 2025 02:23:31.062744] r LSUPDATE :12002 8 F 6 :12000_66_1745745811.032911 1745745378.140808 :12000 (:12002)
[Sun Apr 27 2025 02:23:31.062765] d LSUPDATE :12008 7 F 6 :12000_66_1745745811.032911 1745745378.140808 :12000 (:12002)
[Sun Apr 27 2025 02:23:31.068307] r LSUPDATE :12008 8 F 13 :12006_38_1745745811.056404 1745745394.856215 :12006 (:12008,:12004)
[Sun Apr 27 2025 02:23:31.068342] d LSUPDATE :12002 7 F 13 :12006_38_1745745811.056404 1745745394.856215 :12006 (:12008,:12004)
[Sun Apr 27 2025 02:23:31.068593] r LSUPDATE :12002 8 F 6 :12000_67_1745745811.033166 1745745378.140808 :12000 (:12002)
[Sun Apr 27 2025 02:23:31.068610] d LSUPDATE :12008 7 F 6 :12000_67_1745745811.033166 1745745378.140808 :12000 (:12002)
[Sun Apr 27 2025 02:23:31.068857] r LSUPDATE :12002 8 F 6 :12000_68_1745745811.034313 1745745378.140808 :12000 (:12002)
[Sun Apr 27 2025 02:23:31.068872] d LSUPDATE :12008 7 F 6 :12000_68_1745745811.034313 1745745378.140808 :12000 (:12002)
[Sun Apr 27 2025 02:23:31.069097] r LSUPDATE :12002 8 F 6 :12000_69_1745745811.034807 1745745378.140808 :12000 (:12002)
[Sun Apr 27 2025 02:23:31.069111] d LSUPDATE :12008 7 F 6 :12000_69_1745745811.034807 1745745378.140808 :12000 (:12002)
[Sun Apr 27 2025 02:23:31.069335] r LSUPDATE :12002 8 F 6 :12000_70_1745745811.035294 1745745378.140808 :12000 (:12002)
[Sun Apr 27 2025 02:23:31.069349] d LSUPDATE :12008 7 F 6 :12000_70_1745745811.035294 1745745378.140808 :12000 (:12002)
[Sun Apr 27 2025 02:23:31.069851] r LSUPDATE :12002 8 F 6 :12000_71_1745745811.035543 1745745378.140808 :12000 (:12002)
[Sun Apr 27 2025 02:23:31.069867] d LSUPDATE :12008 7 F 6 :12000_71_1745745811.035543 1745745378.140808 :12000 (:12002)
[Sun Apr 27 2025 02:23:31.070095] r LSUPDATE :12002 9 F 20 :12002_49_1745745811.060659 1745745378.141016 :12002 (:12000,:12010,:12004)
[Sun Apr 27 2025 02:23:31.070110] d LSUPDATE :12008 8 F 20 :12002_49_1745745811.060659 1745745378.141016 :12002 (:12000,:12010,:12004)
[Sun Apr 27 2025 02:23:31.076259] r LSUPDATE :12008 8 F 13 :12006_39_1745745811.062826 1745745394.856215 :12006 (:12008,:12004)
[Sun Apr 27 2025 02:23:31.076286] d LSUPDATE :12002 7 F 13 :12006_39_1745745811.062826 1745745394.856215 :12006 (:12008,:12004)
[Sun Apr 27 2025 02:23:31.076525] r LSUPDATE :12002 8 F 6 :12000_72_1745745811.036654 1745745378.140808 :12000 (:12002)
[Sun Apr 27 2025 02:23:31.076541] d LSUPDATE :12008 7 F 6 :12000_72_1745745811.036654 1745745378.140808 :12000 (:12002)
[Sun Apr 27 2025 02:23:31.082982] r LSUPDATE :12002 9 F 20 :12002_50_1745745811.064350 1745745378.141016 :12002 (:12000,:12010,:12004)
[Sun Apr 27 2025 02:23:31.083001] d LSUPDATE :12008 8 F 20 :12002_50_1745745811.064350 1745745378.141016 :12002 (:12000,:12010,:12004)
[Sun Apr 27 2025 02:23:31.083228] r LSUPDATE :12002 8 F 6 :12000_73_1745745811.036903 1745745378.140808 :12000 (:12002)
[Sun Apr 27 2025 02:23:31.083243] d LSUPDATE :12008 7 F 6 :12000_73_1745745811.036903 1745745378.140808 :12000 (:12002)
[Sun Apr 27 2025 02:23:31.083467] r LSUPDATE :12002 8 F 6 :12000_74_1745745811.037630 1745745378.140808 :12000 (:12002)
[Sun Apr 27 2025 02:23:31.083482] d LSUPDATE :12008 7 F 6 :12000_74_1745745811.037630 1745745378.140808 :12000 (:12002)
[Sun Apr 27 2025 02:23:31.083705] r LSUPDATE :12002 8 F 6 :12000_75_1745745811.037877 1745745378.140808 :12000 (:12002)
[Sun Apr 27 2025 02:23:31.083719] d LSUPDATE :12008 7 F 6 :12000_75_1745745811.037877 1745745378.140808 :12000 (:12002)
[Sun Apr 27 2025 02:23:31.083945] r LSUPDATE :12002 8 F 6 :12000_76_1745745811.038626 1745745378.140808 :12000 (:12002)
[Sun Apr 27 2025 02:23:31.083959] d LSUPDATE :12008 7 F 6 :12000_76_1745745811.038626 1745745378.140808 :12000 (:12002)
[Sun Apr 27 2025 02:23:31.105240] r LSUPDATE :12008 6 F 20 :12002_49_1745745811.060659 1745745378.141016 :12002 (:12000,:12010,:12004)
[Sun Apr 27 2025 02:23:31.111435] r LSUPDATE :12008 5 F 6 :12000_77_1745745811.038874 1745745378.140808 :12000 (:12002)
[Sun Apr 27 2025 02:23:31.111456] d LSUPDATE :12002 4 F 6 :12000_77_1745745811.038874 1745745378.140808 :12000 (:12002)
[Sun Apr 27 2025 02:23:31.111698] r LSUPDATE :12002 8 F 6 :12000_77_1745745811.038874 1745745378.140808 :12000 (:12002)
[Sun Apr 27 2025 02:23:31.111923] r LSUPDATE :12002 9 F 20 :12002_51_1745745811.077644 1745745378.141016 :12002 (:12000,:12010,:12004)
[Sun Apr 27 2025 02:23:31.111940] d LSUPDATE :12008 8 F 20 :12002_51_1745745811.077644 1745745378.141016 :12002 (:12000,:12010,:12004)
[Sun Apr 27 2025 02:23:31.112188] r LSUPDATE :12002 8 F 6 :12000_78_1745745811.039140 1745745378.140808 :12000 (:12002)
[Sun Apr 27 2025 02:23:31.112204] d LSUPDATE :12008 7 F 6 :12000_78_1745745811.039140 1745745378.140808 :12000 (:12002)
[Sun Apr 27 2025 02:23:31.112434] r LSUPDATE :12002 9 F 20 :12002_52_1745745811.091890 1745745378.141016 :12002 (:12000,:12010,:12004)
[Sun Apr 27 2025 02:23:31.112449] d LSUPDATE :12008 8 F 20 :12002_52_1745745811.091890 1745745378.141016 :12002 (:12000,:12010,:12004)
[Sun Apr 27 2025 02:23:31.112914] r LSUPDATE :12002 8 F 6 :12000_79_1745745811.068027 1745745378.140808 :12000 (:12002)
[Sun Apr 27 2025 02:23:31.112930] d LSUPDATE :12008 7 F 6 :12000_79_1745745811.068027 1745745378.140808 :12000 (:12002)
[Sun Apr 27 2025 02:23:31.114146] r LSUPDATE :12002 8 F 6 :12000_80_1745745811.080620 1745745378.140808 :12000 (:12002)
[Sun Apr 27 2025 02:23:31.114166] d LSUPDATE :12008 7 F 6 :12000_80_1745745811.080620 1745745378.140808 :12000 (:12002)
[Sun Apr 27 2025 02:23:31.114835] r LSUPDATE :12002 8 F 6 :12000_81_1745745811.081102 1745745378.140808 :12000 (:12002)
[Sun Apr 27 2025 02:23:31.114851] d LSUPDATE :12008 7 F 6 :12000_81_1745745811.081102 1745745378.140808 :12000 (:12002)
[Sun Apr 27 2025 02:23:31.115089] r LSUPDATE :12002 8 F 6 :12000_82_1745745811.086646 1745745378.140808 :12000 (:12002)
[Sun Apr 27 2025 02:23:31.115104] d LSUPDATE :12008 7 F 6 :12000_82_1745745811.086646 1745745378.140808 :12000 (:12002)
[Sun Apr 27 2025 02:23:31.127302] r LSUPDATE :12008 6 F 20 :12002_52_1745745811.091890 1745745378.141016 :12002 (:12000,:12010,:12004)
[Sun Apr 27 2025 02:23:45.093221] r LSUPDATE :12008 8 F 6 :12006_42_1745745825.092597 1745745394.856215 :12006 (:12008)
[Sun Apr 27 2025 02:23:45.093247] d LSUPDATE :12002 7 F 6 :12006_42_1745745825.092597 1745745394.856215 :12006 (:12008)
[Sun Apr 27 2025 02:23:45.095333] r LSUPDATE :12002 9 F 13 :12002_53_1745745825.093918 1745745378.141016 :12002 (:12000,:12010)
[Sun Apr 27 2025 02:23:45.095356] d LSUPDATE :12008 8 F 13 :12002_53_1745745825.093918 1745745378.141016 :12002 (:12000,:12010)
[Sun Apr 27 2025 02:23:45.095600] r LSUPDATE :12002 9 F 13 :12002_54_1745745825.093990 1745745378.141016 :12002 (:12000,:12010)
[Sun Apr 27 2025 02:23:45.095616] d LSUPDATE :12008 8 F 13 :12002_54_1745745825.093990 1745745378.141016 :12002 (:12000,:12010)
[Sun Apr 27 2025 02:23:45.098054] r LSUPDATE :12002 8 F 6 :12000_83_1745745825.094346 1745745378.140808 :12000 (:12002)
[Sun Apr 27 2025 02:23:45.098074] d LSUPDATE :12008 7 F 6 :12000_83_1745745825.094346 1745745378.140808 :12000 (:12002)
[Sun Apr 27 2025 02:24:13.584210] r LSUPDATE :12002 9 F 6 :12002_57_1745745853.583845 1745745378.141016 :12002 (:12010)
[Sun Apr 27 2025 02:24:13.584242] d LSUPDATE :12008 8 F 6 :12002_57_1745745853.583845 1745745378.141016 :12002 (:12010)
[Sun Apr 27 2025 02:24:17.272118] i LSUPDATE :12008 9 F 6 :12010_25_1745745857.272082 1745745409.457056 :12010 (:12008)
[Sun Apr 27 2025 02:24:17.273391] r LSUPDATE :12008 8 F 6 :12006_47_1745745857.272790 1745745394.856215 :12006 (:12008)
[Sun Apr 27 2025 02:24:29.541123] r LSUPDATE :12008 9 F 6 :12008_23_1745745869.540570 1745745403.540731 :12008 (:12010)
