[Sun Apr 27 2025 01:56:47.354012] i SAYHELLO :12006 1 - 0
[Sun Apr 27 2025 01:56:47.354149] r SAYHELLO :12006 1 - 0
[Sun Apr 27 2025 01:56:47.354179] i LSUPDATE :12006 9 F 6 :12008_2_1745744207.354166 1745744207.354164 :12008 (:12006)
[Sun Apr 27 2025 01:56:47.354396] r LSUPDATE :12006 9 F 13 :12006_8_1745744207.351400 1745744199.387626 :12006 (:12004,:12008)
[Sun Apr 27 2025 01:56:47.355521] r LSUPDATE :12006 7 F 13 :12002_10_1745744207.352092 1745744182.665235 :12002 (:12000,:12004)
[Sun Apr 27 2025 01:56:47.355548] i LSUPDATE :12006 9 F 6 :12008_5_1745744207.355542 1745744207.354164 :12008 (:12006)
[Sun Apr 27 2025 01:56:47.355777] r LSUPDATE :12006 6 F 6 :12000_12_1745744207.352436 1745744182.665022 :12000 (:12002)
[Sun Apr 27 2025 01:56:47.355801] i LSUPDATE :12006 9 F 6 :12008_7_1745744207.355796 1745744207.354164 :12008 (:12006)
[Sun Apr 27 2025 01:56:47.361187] r LSUPDATE :12006 8 F 13 :12004_9_1745744207.356381 1745744191.648661 :12004 (:12002,:12006)
[Sun Apr 27 2025 01:56:47.362500] i LSUPDATE :12006 9 F 6 :12008_9_1745744207.361216 1745744207.354164 :12008 (:12006)
[Sun Apr 27 2025 01:56:47.362717] r LSUPDATE :12006 7 F 13 :12002_12_1745744207.356710 1745744182.665235 :12002 (:12000,:12004)
[Sun Apr 27 2025 01:56:47.362934] r LSUPDATE :12006 8 F 13 :12004_10_1745744207.358717 1745744191.648661 :12004 (:12002,:12006)
[Sun Apr 27 2025 01:56:47.363572] r LSUPDATE :12006 8 F 13 :12004_11_1745744207.360403 1745744191.648661 :12004 (:12002,:12006)
[Sun Apr 27 2025 01:56:47.408610] r LSUPDATE :12006 8 F 13 :12004_12_1745744207.361736 1745744191.648661 :12004 (:12002,:12006)
[Sun Apr 27 2025 01:56:47.408836] r LSUPDATE :12006 6 F 6 :12000_14_1745744207.396472 1745744182.665022 :12000 (:12002)
[Sun Apr 27 2025 01:56:47.409766] r LSUPDATE :12006 7 F 13 :12002_13_1745744207.397757 1745744182.665235 :12002 (:12000,:12004)
[Sun Apr 27 2025 01:56:47.442663] r LSUPDATE :12006 6 F 6 :12000_15_1745744207.396971 1745744182.665022 :12000 (:12002)
[Sun Apr 27 2025 01:56:47.442895] r LSUPDATE :12006 6 F 6 :12000_16_1745744207.399947 1745744182.665022 :12000 (:12002)
[Sun Apr 27 2025 01:56:47.443142] r LSUPDATE :12006 7 F 13 :12002_14_1745744207.400953 1745744182.665235 :12002 (:12000,:12004)
[Sun Apr 27 2025 01:56:47.445706] r LSUPDATE :12006 7 F 13 :12002_15_1745744207.401493 1745744182.665235 :12002 (:12000,:12004)
[Sun Apr 27 2025 01:56:47.446210] r LSUPDATE :12006 6 F 6 :12000_17_1745744207.406267 1745744182.665022 :12000 (:12002)
[Sun Apr 27 2025 01:56:47.446750] r LSUPDATE :12006 6 F 6 :12000_18_1745744207.406527 1745744182.665022 :12000 (:12002)
[Sun Apr 27 2025 01:56:47.450752] r LSUPDATE :12006 6 F 6 :12000_19_1745744207.407016 1745744182.665022 :12000 (:12002)
[Sun Apr 27 2025 01:56:47.451240] r LSUPDATE :12006 6 F 6 :12000_20_1745744207.407260 1745744182.665022 :12000 (:12002)
[Sun Apr 27 2025 01:56:47.451743] r LSUPDATE :12006 6 F 6 :12000_21_1745744207.407741 1745744182.665022 :12000 (:12002)
[Sun Apr 27 2025 01:56:56.567692] r SAYHELLO :12010 1 - 0
[Sun Apr 27 2025 01:56:56.567741] i SAYHELLO :12010 1 - 0
[Sun Apr 27 2025 01:56:56.567774] i LSUPDATE :12006 9 F 13 :12008_10_1745744216.567724 1745744207.354164 :12008 (:12006,:12010)
[Sun Apr 27 2025 01:56:56.567791] i LSUPDATE :12010 9 F 13 :12008_10_1745744216.567724 1745744207.354164 :12008 (:12006,:12010)
[Sun Apr 27 2025 01:56:56.570387] r LSUPDATE :12006 8 F 13 :12004_13_1745744216.568446 1745744191.648661 :12004 (:12002,:12006)
[Sun Apr 27 2025 01:56:56.570408] d LSUPDATE :12010 7 F 13 :12004_13_1745744216.568446 1745744191.648661 :12004 (:12002,:12006)
[Sun Apr 27 2025 01:56:56.571665] r LSUPDATE :12006 7 F 13 :12002_16_1745744216.568806 1745744182.665235 :12002 (:12000,:12004)
[Sun Apr 27 2025 01:56:56.571683] d LSUPDATE :12010 6 F 13 :12002_16_1745744216.568806 1745744182.665235 :12002 (:12000,:12004)
[Sun Apr 27 2025 01:56:56.573424] r LSUPDATE :12006 6 F 6 :12000_22_1745744216.569378 1745744182.665022 :12000 (:12002)
[Sun Apr 27 2025 01:56:56.573443] d LSUPDATE :12010 5 F 6 :12000_22_1745744216.569378 1745744182.665022 :12000 (:12002)
[Sun Apr 27 2025 01:56:56.575056] r LSUPDATE :12010 9 F 13 :12010_2_1745744216.573662 1745744216.573660 :12010 (:12002,:12008)
[Sun Apr 27 2025 01:56:56.575080] d LSUPDATE :12006 8 F 13 :12010_2_1745744216.573662 1745744216.573660 :12010 (:12002,:12008)
[Sun Apr 27 2025 01:56:56.579250] r LSUPDATE :12006 9 F 13 :12006_11_1745744216.578710 1745744199.387626 :12006 (:12004,:12008)
[Sun Apr 27 2025 01:56:56.579269] d LSUPDATE :12010 8 F 13 :12006_11_1745744216.578710 1745744199.387626 :12006 (:12004,:12008)
[Sun Apr 27 2025 01:56:56.582282] r LSUPDATE :12010 9 F 13 :12010_5_1745744216.574194 1745744216.573660 :12010 (:12002,:12008)
[Sun Apr 27 2025 01:56:56.582301] d LSUPDATE :12006 8 F 13 :12010_5_1745744216.574194 1745744216.573660 :12010 (:12002,:12008)
[Sun Apr 27 2025 01:56:56.582539] r LSUPDATE :12006 8 F 13 :12004_15_1745744216.577009 1745744191.648661 :12004 (:12002,:12006)
[Sun Apr 27 2025 01:56:56.582560] d LSUPDATE :12010 7 F 13 :12004_15_1745744216.577009 1745744191.648661 :12004 (:12002,:12006)
[Sun Apr 27 2025 01:56:56.583204] r LSUPDATE :12006 6 F 6 :12000_23_1745744216.569864 1745744182.665022 :12000 (:12002)
[Sun Apr 27 2025 01:56:56.583220] d LSUPDATE :12010 5 F 6 :12000_23_1745744216.569864 1745744182.665022 :12000 (:12002)
[Sun Apr 27 2025 01:56:56.587189] r LSUPDATE :12010 9 F 13 :12010_8_1745744216.574750 1745744216.573660 :12010 (:12002,:12008)
[Sun Apr 27 2025 01:56:56.587208] d LSUPDATE :12006 8 F 13 :12010_8_1745744216.574750 1745744216.573660 :12010 (:12002,:12008)
[Sun Apr 27 2025 01:56:56.587444] r LSUPDATE :12006 9 F 13 :12006_12_1745744216.583508 1745744199.387626 :12006 (:12004,:12008)
[Sun Apr 27 2025 01:56:56.587936] d LSUPDATE :12010 8 F 13 :12006_12_1745744216.583508 1745744199.387626 :12006 (:12004,:12008)
[Sun Apr 27 2025 01:56:56.588182] r LSUPDATE :12006 7 F 13 :12002_18_1745744216.579825 1745744182.665235 :12002 (:12000,:12004)
[Sun Apr 27 2025 01:56:56.588198] d LSUPDATE :12010 6 F 13 :12002_18_1745744216.579825 1745744182.665235 :12002 (:12000,:12004)
[Sun Apr 27 2025 01:56:56.588429] r LSUPDATE :12006 7 F 13 :12002_19_1745744216.581199 1745744182.665235 :12002 (:12000,:12004)
[Sun Apr 27 2025 01:56:56.588443] d LSUPDATE :12010 6 F 13 :12002_19_1745744216.581199 1745744182.665235 :12002 (:12000,:12004)
[Sun Apr 27 2025 01:56:56.589093] r LSUPDATE :12006 8 F 13 :12004_16_1745744216.584501 1745744191.648661 :12004 (:12002,:12006)
[Sun Apr 27 2025 01:56:56.589109] d LSUPDATE :12010 7 F 13 :12004_16_1745744216.584501 1745744191.648661 :12004 (:12002,:12006)
[Sun Apr 27 2025 01:56:56.599245] r LSUPDATE :12010 9 F 13 :12010_10_1745744216.596971 1745744216.573660 :12010 (:12002,:12008)
[Sun Apr 27 2025 01:56:56.599268] d LSUPDATE :12006 8 F 13 :12010_10_1745744216.596971 1745744216.573660 :12010 (:12002,:12008)
[Sun Apr 27 2025 01:56:56.599523] r LSUPDATE :12010 9 F 13 :12010_11_1745744216.597057 1745744216.573660 :12010 (:12002,:12008)
[Sun Apr 27 2025 01:56:56.599993] d LSUPDATE :12006 8 F 13 :12010_11_1745744216.597057 1745744216.573660 :12010 (:12002,:12008)
[Sun Apr 27 2025 01:56:56.600248] r LSUPDATE :12006 9 F 13 :12006_13_1745744216.591198 1745744199.387626 :12006 (:12004,:12008)
[Sun Apr 27 2025 01:56:56.600265] d LSUPDATE :12010 8 F 13 :12006_13_1745744216.591198 1745744199.387626 :12006 (:12004,:12008)
[Sun Apr 27 2025 01:56:56.600501] r LSUPDATE :12010 8 F 20 :12002_22_1745744216.589765 1745744182.665235 :12002 (:12000,:12004,:12010)
[Sun Apr 27 2025 01:56:56.605341] r LSUPDATE :12006 6 F 6 :12000_25_1745744216.578615 1745744182.665022 :12000 (:12002)
[Sun Apr 27 2025 01:56:56.605359] d LSUPDATE :12010 5 F 6 :12000_25_1745744216.578615 1745744182.665022 :12000 (:12002)
[Sun Apr 27 2025 01:56:56.606021] r LSUPDATE :12006 7 F 13 :12002_20_1745744216.585318 1745744182.665235 :12002 (:12000,:12004)
[Sun Apr 27 2025 01:56:56.606037] d LSUPDATE :12010 6 F 13 :12002_20_1745744216.585318 1745744182.665235 :12002 (:12000,:12004)
[Sun Apr 27 2025 01:56:56.606072] d LSUPDATE :12006 7 F 20 :12002_22_1745744216.589765 1745744182.665235 :12002 (:12000,:12004,:12010)
[Sun Apr 27 2025 01:56:56.606318] r LSUPDATE :12006 7 F 13 :12002_21_1745744216.585879 1745744182.665235 :12002 (:12000,:12004)
[Sun Apr 27 2025 01:56:56.606337] d LSUPDATE :12010 6 F 13 :12002_21_1745744216.585879 1745744182.665235 :12002 (:12000,:12004)
[Sun Apr 27 2025 01:56:56.612897] r LSUPDATE :12010 8 F 20 :12002_24_1745744216.602736 1745744182.665235 :12002 (:12000,:12004,:12010)
[Sun Apr 27 2025 01:56:56.612926] d LSUPDATE :12006 7 F 20 :12002_24_1745744216.602736 1745744182.665235 :12002 (:12000,:12004,:12010)
[Sun Apr 27 2025 01:56:56.613168] r LSUPDATE :12010 7 F 13 :12004_17_1745744216.592260 1745744191.648661 :12004 (:12002,:12006)
[Sun Apr 27 2025 01:56:56.613184] d LSUPDATE :12006 6 F 13 :12004_17_1745744216.592260 1745744191.648661 :12004 (:12002,:12006)
[Sun Apr 27 2025 01:56:56.613425] r LSUPDATE :12006 9 F 13 :12006_14_1745744216.600992 1745744199.387626 :12006 (:12004,:12008)
[Sun Apr 27 2025 01:56:56.613440] d LSUPDATE :12010 8 F 13 :12006_14_1745744216.600992 1745744199.387626 :12006 (:12004,:12008)
[Sun Apr 27 2025 01:56:56.616254] r LSUPDATE :12006 9 F 13 :12006_15_1745744216.601266 1745744199.387626 :12006 (:12004,:12008)
[Sun Apr 27 2025 01:56:56.616277] d LSUPDATE :12010 8 F 13 :12006_15_1745744216.601266 1745744199.387626 :12006 (:12004,:12008)
[Sun Apr 27 2025 01:56:56.616866] r LSUPDATE :12006 8 F 13 :12004_17_1745744216.592260 1745744191.648661 :12004 (:12002,:12006)
[Sun Apr 27 2025 01:56:56.617085] r LSUPDATE :12006 8 F 13 :12004_18_1745744216.601902 1745744191.648661 :12004 (:12002,:12006)
[Sun Apr 27 2025 01:56:56.617099] d LSUPDATE :12010 7 F 13 :12004_18_1745744216.601902 1745744191.648661 :12004 (:12002,:12006)
[Sun Apr 27 2025 01:56:56.617331] r LSUPDATE :12006 8 F 13 :12004_19_1745744216.606377 1745744191.648661 :12004 (:12002,:12006)
[Sun Apr 27 2025 01:56:56.617345] d LSUPDATE :12010 7 F 13 :12004_19_1745744216.606377 1745744191.648661 :12004 (:12002,:12006)
[Sun Apr 27 2025 01:56:56.631862] r LSUPDATE :12006 7 F 20 :12002_25_1745744216.611398 1745744182.665235 :12002 (:12000,:12004,:12010)
[Sun Apr 27 2025 01:56:56.631883] d LSUPDATE :12010 6 F 20 :12002_25_1745744216.611398 1745744182.665235 :12002 (:12000,:12004,:12010)
[Sun Apr 27 2025 01:56:56.636481] r LSUPDATE :12010 8 F 20 :12002_25_1745744216.611398 1745744182.665235 :12002 (:12000,:12004,:12010)
[Sun Apr 27 2025 01:56:56.636707] r LSUPDATE :12010 7 F 13 :12004_18_1745744216.601902 1745744191.648661 :12004 (:12002,:12006)
[Sun Apr 27 2025 01:56:56.656781] r LSUPDATE :12006 7 F 20 :12002_26_1745744216.617414 1745744182.665235 :12002 (:12000,:12004,:12010)
[Sun Apr 27 2025 01:56:56.656809] d LSUPDATE :12010 6 F 20 :12002_26_1745744216.617414 1745744182.665235 :12002 (:12000,:12004,:12010)
[Sun Apr 27 2025 01:56:56.657061] r LSUPDATE :12010 6 F 13 :12006_14_1745744216.600992 1745744199.387626 :12006 (:12004,:12008)
[Sun Apr 27 2025 01:56:56.657289] r LSUPDATE :12010 8 F 20 :12002_26_1745744216.617414 1745744182.665235 :12002 (:12000,:12004,:12010)
[Sun Apr 27 2025 01:56:56.657507] r LSUPDATE :12010 7 F 6 :12000_26_1745744216.620438 1745744182.665022 :12000 (:12002)
[Sun Apr 27 2025 01:56:56.657831] d LSUPDATE :12006 6 F 6 :12000_26_1745744216.620438 1745744182.665022 :12000 (:12002)
[Sun Apr 27 2025 01:56:56.658313] r LSUPDATE :12010 7 F 6 :12000_27_1745744216.620703 1745744182.665022 :12000 (:12002)
[Sun Apr 27 2025 01:56:56.658329] d LSUPDATE :12006 6 F 6 :12000_27_1745744216.620703 1745744182.665022 :12000 (:12002)
[Sun Apr 27 2025 01:56:56.660840] r LSUPDATE :12010 7 F 6 :12000_28_1745744216.621170 1745744182.665022 :12000 (:12002)
[Sun Apr 27 2025 01:56:56.660859] d LSUPDATE :12006 6 F 6 :12000_28_1745744216.621170 1745744182.665022 :12000 (:12002)
[Sun Apr 27 2025 01:56:56.661096] r LSUPDATE :12006 6 F 6 :12000_27_1745744216.620703 1745744182.665022 :12000 (:12002)
[Sun Apr 27 2025 01:56:56.701507] r LSUPDATE :12010 7 F 6 :12000_29_1745744216.622153 1745744182.665022 :12000 (:12002)
[Sun Apr 27 2025 01:56:56.701532] d LSUPDATE :12006 6 F 6 :12000_29_1745744216.622153 1745744182.665022 :12000 (:12002)
[Sun Apr 27 2025 01:56:56.701774] r LSUPDATE :12010 7 F 6 :12000_30_1745744216.622411 1745744182.665022 :12000 (:12002)
[Sun Apr 27 2025 01:56:56.701794] d LSUPDATE :12006 6 F 6 :12000_30_1745744216.622411 1745744182.665022 :12000 (:12002)
[Sun Apr 27 2025 01:56:56.702031] r LSUPDATE :12010 8 F 20 :12002_27_1745744216.641989 1745744182.665235 :12002 (:12000,:12004,:12010)
[Sun Apr 27 2025 01:56:56.702047] d LSUPDATE :12006 7 F 20 :12002_27_1745744216.641989 1745744182.665235 :12002 (:12000,:12004,:12010)
[Sun Apr 27 2025 01:56:56.702584] r LSUPDATE :12010 7 F 6 :12000_31_1745744216.630383 1745744182.665022 :12000 (:12002)
[Sun Apr 27 2025 01:56:56.702601] d LSUPDATE :12006 6 F 6 :12000_31_1745744216.630383 1745744182.665022 :12000 (:12002)
[Sun Apr 27 2025 01:56:56.703049] r LSUPDATE :12010 7 F 6 :12000_32_1745744216.630638 1745744182.665022 :12000 (:12002)
[Sun Apr 27 2025 01:56:56.703063] d LSUPDATE :12006 6 F 6 :12000_32_1745744216.630638 1745744182.665022 :12000 (:12002)
[Sun Apr 27 2025 01:56:56.703094] r LSUPDATE :12006 6 F 6 :12000_28_1745744216.621170 1745744182.665022 :12000 (:12002)
[Sun Apr 27 2025 01:56:56.703312] r LSUPDATE :12010 7 F 6 :12000_33_1745744216.630886 1745744182.665022 :12000 (:12002)
[Sun Apr 27 2025 01:56:56.703325] d LSUPDATE :12006 6 F 6 :12000_33_1745744216.630886 1745744182.665022 :12000 (:12002)
[Sun Apr 27 2025 01:56:56.704006] r LSUPDATE :12010 7 F 6 :12000_34_1745744216.631143 1745744182.665022 :12000 (:12002)
[Sun Apr 27 2025 01:56:56.704044] d LSUPDATE :12006 6 F 6 :12000_34_1745744216.631143 1745744182.665022 :12000 (:12002)
[Sun Apr 27 2025 01:56:56.707896] r LSUPDATE :12010 7 F 6 :12000_35_1745744216.631611 1745744182.665022 :12000 (:12002)
[Sun Apr 27 2025 01:56:56.707917] d LSUPDATE :12006 6 F 6 :12000_35_1745744216.631611 1745744182.665022 :12000 (:12002)
[Sun Apr 27 2025 01:56:56.708165] r LSUPDATE :12006 6 F 6 :12000_29_1745744216.622153 1745744182.665022 :12000 (:12002)
[Sun Apr 27 2025 01:56:56.708803] r LSUPDATE :12006 6 F 6 :12000_30_1745744216.622411 1745744182.665022 :12000 (:12002)
[Sun Apr 27 2025 01:56:56.709015] r LSUPDATE :12006 6 F 6 :12000_34_1745744216.631143 1745744182.665022 :12000 (:12002)
[Sun Apr 27 2025 01:56:56.709234] r LSUPDATE :12010 7 F 6 :12000_36_1745744216.639715 1745744182.665022 :12000 (:12002)
[Sun Apr 27 2025 01:56:56.709249] d LSUPDATE :12006 6 F 6 :12000_36_1745744216.639715 1745744182.665022 :12000 (:12002)
[Sun Apr 27 2025 01:56:56.709484] r LSUPDATE :12010 7 F 6 :12000_37_1745744216.640216 1745744182.665022 :12000 (:12002)
[Sun Apr 27 2025 01:56:56.709499] d LSUPDATE :12006 6 F 6 :12000_37_1745744216.640216 1745744182.665022 :12000 (:12002)
[Sun Apr 27 2025 01:56:56.709725] r LSUPDATE :12010 7 F 6 :12000_38_1745744216.642586 1745744182.665022 :12000 (:12002)
[Sun Apr 27 2025 01:56:56.709739] d LSUPDATE :12006 6 F 6 :12000_38_1745744216.642586 1745744182.665022 :12000 (:12002)
[Sun Apr 27 2025 01:56:56.709965] r LSUPDATE :12010 7 F 6 :12000_39_1745744216.642841 1745744182.665022 :12000 (:12002)
[Sun Apr 27 2025 01:56:56.709979] d LSUPDATE :12006 6 F 6 :12000_39_1745744216.642841 1745744182.665022 :12000 (:12002)
[Sun Apr 27 2025 01:56:56.713442] r LSUPDATE :12006 6 F 6 :12000_35_1745744216.631611 1745744182.665022 :12000 (:12002)
[Sun Apr 27 2025 02:00:05.876332] r LSUPDATE :12006 7 F 13 :12002_33_1745744405.874996 1745744182.665235 :12002 (:12004,:12010)
[Sun Apr 27 2025 02:00:05.876359] d LSUPDATE :12010 6 F 13 :12002_33_1745744405.874996 1745744182.665235 :12002 (:12004,:12010)
[Sun Apr 27 2025 02:00:05.876608] r LSUPDATE :12010 8 F 13 :12002_33_1745744405.874996 1745744182.665235 :12002 (:12004,:12010)
[Sun Apr 27 2025 02:00:06.910344] r LSUPDATE :12006 8 F 6 :12004_21_1745744406.909679 1745744191.648661 :12004 (:12006)
[Sun Apr 27 2025 02:00:06.910370] d LSUPDATE :12010 7 F 6 :12004_21_1745744406.909679 1745744191.648661 :12004 (:12006)
[Sun Apr 27 2025 02:00:06.911684] r LSUPDATE :12010 9 F 6 :12010_14_1745744406.910651 1745744216.573660 :12010 (:12008)
[Sun Apr 27 2025 02:00:06.911705] d LSUPDATE :12006 8 F 6 :12010_14_1745744406.910651 1745744216.573660 :12010 (:12008)
[Sun Apr 27 2025 02:00:06.913281] r LSUPDATE :12006 9 F 13 :12006_20_1745744406.912006 1745744199.387626 :12006 (:12004,:12008)
[Sun Apr 27 2025 02:00:06.913312] d LSUPDATE :12010 8 F 13 :12006_20_1745744406.912006 1745744199.387626 :12006 (:12004,:12008)
[Sun Apr 27 2025 02:00:06.956418] r LSUPDATE :12006 8 F 6 :12004_22_1745744406.912415 1745744191.648661 :12004 (:12006)
[Sun Apr 27 2025 02:00:06.956471] d LSUPDATE :12010 7 F 6 :12004_22_1745744406.912415 1745744191.648661 :12004 (:12006)
[Sun Apr 27 2025 02:00:08.756224] i LSUPDATE :12010 9 F 6 :12008_14_1745744408.756187 1745744207.354164 :12008 (:12010)
[Sun Apr 27 2025 02:08:51.580698] i SAYHELLO :12006 1 - 0
[Sun Apr 27 2025 02:08:51.580698] i SAYHELLO :12006 1 - 0
[Sun Apr 27 2025 02:08:51.580849] r SAYHELLO :12006 1 - 0
[Sun Apr 27 2025 02:08:51.582386] i LSUPDATE :12006 9 F 6 :12008_2_1745744931.582370 1745744931.582366 :12008 (:12006)
[Sun Apr 27 2025 02:08:51.582634] r LSUPDATE :12006 9 F 13 :12006_8_1745744931.577645 1745744924.826990 :12006 (:12004,:12008)
[Sun Apr 27 2025 02:08:51.582872] r LSUPDATE :12006 7 F 13 :12002_10_1745744931.578762 1745744909.657145 :12002 (:12000,:12004)
[Sun Apr 27 2025 02:08:51.582899] i LSUPDATE :12006 9 F 6 :12008_5_1745744931.582893 1745744931.582366 :12008 (:12006)
[Sun Apr 27 2025 02:08:51.583111] r LSUPDATE :12006 6 F 6 :12000_12_1745744931.579091 1745744909.656949 :12000 (:12002)
[Sun Apr 27 2025 02:08:51.583134] i LSUPDATE :12006 9 F 6 :12008_7_1745744931.583129 1745744931.582366 :12008 (:12006)
[Sun Apr 27 2025 02:08:51.588452] r LSUPDATE :12006 8 F 13 :12004_9_1745744931.583714 1745744917.328278 :12004 (:12002,:12006)
[Sun Apr 27 2025 02:08:51.589326] i LSUPDATE :12006 9 F 6 :12008_9_1745744931.588479 1745744931.582366 :12008 (:12006)
[Sun Apr 27 2025 02:08:51.589548] r LSUPDATE :12006 7 F 13 :12002_12_1745744931.584063 1745744909.657145 :12002 (:12000,:12004)
[Sun Apr 27 2025 02:08:51.589768] r LSUPDATE :12006 8 F 13 :12004_10_1745744931.587325 1745744917.328278 :12004 (:12002,:12006)
[Sun Apr 27 2025 02:08:51.589986] r LSUPDATE :12006 8 F 13 :12004_11_1745744931.588186 1745744917.328278 :12004 (:12002,:12006)
[Sun Apr 27 2025 02:08:51.633218] r LSUPDATE :12006 8 F 13 :12004_12_1745744931.589264 1745744917.328278 :12004 (:12002,:12006)
[Sun Apr 27 2025 02:08:51.633448] r LSUPDATE :12006 6 F 6 :12000_14_1745744931.620674 1745744909.656949 :12000 (:12002)
[Sun Apr 27 2025 02:08:51.634159] r LSUPDATE :12006 6 F 6 :12000_15_1745744931.621179 1745744909.656949 :12000 (:12002)
[Sun Apr 27 2025 02:08:51.666373] r LSUPDATE :12006 7 F 13 :12002_13_1745744931.622597 1745744909.657145 :12002 (:12000,:12004)
[Sun Apr 27 2025 02:08:51.666632] r LSUPDATE :12006 6 F 6 :12000_16_1745744931.623374 1745744909.656949 :12000 (:12002)
[Sun Apr 27 2025 02:08:51.666873] r LSUPDATE :12006 6 F 6 :12000_17_1745744931.623853 1745744909.656949 :12000 (:12002)
[Sun Apr 27 2025 02:08:51.669767] r LSUPDATE :12006 7 F 13 :12002_14_1745744931.625319 1745744909.657145 :12002 (:12000,:12004)
[Sun Apr 27 2025 02:08:51.670492] r LSUPDATE :12006 6 F 6 :12000_18_1745744931.625826 1745744909.656949 :12000 (:12002)
[Sun Apr 27 2025 02:08:51.671814] r LSUPDATE :12006 7 F 13 :12002_15_1745744931.626625 1745744909.657145 :12002 (:12000,:12004)
[Sun Apr 27 2025 02:08:51.672039] r LSUPDATE :12006 6 F 6 :12000_19_1745744931.668421 1745744909.656949 :12000 (:12002)
[Sun Apr 27 2025 02:08:51.714144] r LSUPDATE :12006 6 F 6 :12000_20_1745744931.668690 1745744909.656949 :12000 (:12002)
[Sun Apr 27 2025 02:08:51.714401] r LSUPDATE :12006 6 F 6 :12000_21_1745744931.669264 1745744909.656949 :12000 (:12002)
[Sun Apr 27 2025 02:08:57.077322] r SAYHELLO :12010 1 - 0
[Sun Apr 27 2025 02:08:57.077370] i SAYHELLO :12010 1 - 0
[Sun Apr 27 2025 02:08:57.077403] i LSUPDATE :12006 9 F 13 :12008_10_1745744937.077352 1745744931.582366 :12008 (:12006,:12010)
[Sun Apr 27 2025 02:08:57.077420] i LSUPDATE :12010 9 F 13 :12008_10_1745744937.077352 1745744931.582366 :12008 (:12006,:12010)
[Sun Apr 27 2025 02:08:57.080681] r LSUPDATE :12006 8 F 13 :12004_13_1745744937.078023 1745744917.328278 :12004 (:12002,:12006)
[Sun Apr 27 2025 02:08:57.080711] d LSUPDATE :12010 7 F 13 :12004_13_1745744937.078023 1745744917.328278 :12004 (:12002,:12006)
[Sun Apr 27 2025 02:08:57.081266] r LSUPDATE :12006 7 F 20 :12002_16_1745744937.075930 1745744909.657145 :12002 (:12000,:12004,:12010)
[Sun Apr 27 2025 02:08:57.081284] d LSUPDATE :12010 6 F 20 :12002_16_1745744937.075930 1745744909.657145 :12002 (:12000,:12004,:12010)
[Sun Apr 27 2025 02:08:57.081507] r LSUPDATE :12006 7 F 20 :12002_17_1745744937.078483 1745744909.657145 :12002 (:12000,:12004,:12010)
[Sun Apr 27 2025 02:08:57.081522] d LSUPDATE :12010 6 F 20 :12002_17_1745744937.078483 1745744909.657145 :12002 (:12000,:12004,:12010)
[Sun Apr 27 2025 02:08:57.084953] r LSUPDATE :12006 6 F 13 :12010_2_1745744937.082381 1745744937.082378 :12010 (:12002,:12008)
[Sun Apr 27 2025 02:08:57.084973] d LSUPDATE :12010 5 F 13 :12010_2_1745744937.082381 1745744937.082378 :12010 (:12002,:12008)
[Sun Apr 27 2025 02:08:57.085200] r LSUPDATE :12006 9 F 13 :12006_11_1745744937.084424 1745744924.826990 :12006 (:12004,:12008)
[Sun Apr 27 2025 02:08:57.085216] d LSUPDATE :12010 8 F 13 :12006_11_1745744937.084424 1745744924.826990 :12006 (:12004,:12008)
[Sun Apr 27 2025 02:08:57.087118] r LSUPDATE :12006 8 F 13 :12004_15_1745744937.084054 1745744917.328278 :12004 (:12002,:12006)
[Sun Apr 27 2025 02:08:57.087136] d LSUPDATE :12010 7 F 13 :12004_15_1745744937.084054 1745744917.328278 :12004 (:12002,:12006)
[Sun Apr 27 2025 02:08:57.090397] r LSUPDATE :12006 6 F 13 :12010_6_1745744937.083421 1745744937.082378 :12010 (:12002,:12008)
[Sun Apr 27 2025 02:08:57.090423] d LSUPDATE :12010 5 F 13 :12010_6_1745744937.083421 1745744937.082378 :12010 (:12002,:12008)
[Sun Apr 27 2025 02:08:57.090697] r LSUPDATE :12006 9 F 13 :12006_12_1745744937.089169 1745744924.826990 :12006 (:12004,:12008)
[Sun Apr 27 2025 02:08:57.090714] d LSUPDATE :12010 8 F 13 :12006_12_1745744937.089169 1745744924.826990 :12006 (:12004,:12008)
[Sun Apr 27 2025 02:08:57.090955] r LSUPDATE :12006 8 F 13 :12004_16_1745744937.088629 1745744917.328278 :12004 (:12002,:12006)
[Sun Apr 27 2025 02:08:57.090971] d LSUPDATE :12010 7 F 13 :12004_16_1745744937.088629 1745744917.328278 :12004 (:12002,:12006)
[Sun Apr 27 2025 02:08:57.095379] r LSUPDATE :12010 9 F 13 :12010_2_1745744937.082381 1745744937.082378 :12010 (:12002,:12008)
[Sun Apr 27 2025 02:08:57.134610] r LSUPDATE :12006 7 F 20 :12002_19_1745744937.088352 1745744909.657145 :12002 (:12000,:12004,:12010)
[Sun Apr 27 2025 02:08:57.134654] d LSUPDATE :12010 6 F 20 :12002_19_1745744937.088352 1745744909.657145 :12002 (:12000,:12004,:12010)
[Sun Apr 27 2025 02:08:57.134922] r LSUPDATE :12010 8 F 20 :12002_16_1745744937.075930 1745744909.657145 :12002 (:12000,:12004,:12010)
[Sun Apr 27 2025 02:08:57.135151] r LSUPDATE :12006 7 F 20 :12002_20_1745744937.091931 1745744909.657145 :12002 (:12000,:12004,:12010)
[Sun Apr 27 2025 02:08:57.135172] d LSUPDATE :12010 6 F 20 :12002_20_1745744937.091931 1745744909.657145 :12002 (:12000,:12004,:12010)
[Sun Apr 27 2025 02:08:57.135420] r LSUPDATE :12010 5 F 13 :12008_10_1745744937.077352 1745744931.582366 :12008 (:12006,:12010)
[Sun Apr 27 2025 02:08:57.135436] d LSUPDATE :12006 4 F 13 :12008_10_1745744937.077352 1745744931.582366 :12008 (:12006,:12010)
[Sun Apr 27 2025 02:08:57.135553] i LSUPDATE :12006 9 F 13 :12008_13_1745744937.135533 1745744931.582366 :12008 (:12006,:12010)
[Sun Apr 27 2025 02:08:57.135580] i LSUPDATE :12010 9 F 13 :12008_13_1745744937.135533 1745744931.582366 :12008 (:12006,:12010)
[Sun Apr 27 2025 02:08:57.135799] r LSUPDATE :12010 8 F 20 :12002_17_1745744937.078483 1745744909.657145 :12002 (:12000,:12004,:12010)
[Sun Apr 27 2025 02:08:57.136018] r LSUPDATE :12010 7 F 13 :12004_13_1745744937.078023 1745744917.328278 :12004 (:12002,:12006)
[Sun Apr 27 2025 02:08:57.146631] r LSUPDATE :12006 6 F 13 :12010_7_1745744937.092343 1745744937.082378 :12010 (:12002,:12008)
[Sun Apr 27 2025 02:08:57.146654] d LSUPDATE :12010 5 F 13 :12010_7_1745744937.092343 1745744937.082378 :12010 (:12002,:12008)
[Sun Apr 27 2025 02:08:57.146893] r LSUPDATE :12006 9 F 13 :12006_13_1745744937.134082 1745744924.826990 :12006 (:12004,:12008)
[Sun Apr 27 2025 02:08:57.146912] d LSUPDATE :12010 8 F 13 :12006_13_1745744937.134082 1745744924.826990 :12006 (:12004,:12008)
[Sun Apr 27 2025 02:08:57.147153] r LSUPDATE :12006 8 F 13 :12004_17_1745744937.132972 1745744917.328278 :12004 (:12002,:12006)
[Sun Apr 27 2025 02:08:57.147168] d LSUPDATE :12010 7 F 13 :12004_17_1745744937.132972 1745744917.328278 :12004 (:12002,:12006)
[Sun Apr 27 2025 02:08:57.147572] r LSUPDATE :12006 6 F 6 :12000_22_1745744937.116467 1745744909.656949 :12000 (:12002)
[Sun Apr 27 2025 02:08:57.147586] d LSUPDATE :12010 5 F 6 :12000_22_1745744937.116467 1745744909.656949 :12000 (:12002)
[Sun Apr 27 2025 02:08:57.151277] r LSUPDATE :12010 9 F 13 :12010_6_1745744937.083421 1745744937.082378 :12010 (:12002,:12008)
[Sun Apr 27 2025 02:08:57.151510] r LSUPDATE :12010 9 F 13 :12010_7_1745744937.092343 1745744937.082378 :12010 (:12002,:12008)
[Sun Apr 27 2025 02:08:57.151725] r LSUPDATE :12010 9 F 13 :12010_9_1745744937.094391 1745744937.082378 :12010 (:12002,:12008)
[Sun Apr 27 2025 02:08:57.151739] d LSUPDATE :12006 8 F 13 :12010_9_1745744937.094391 1745744937.082378 :12010 (:12002,:12008)
[Sun Apr 27 2025 02:08:57.156879] r LSUPDATE :12006 6 F 6 :12000_23_1745744937.116998 1745744909.656949 :12000 (:12002)
[Sun Apr 27 2025 02:08:57.157107] r LSUPDATE :12010 9 F 13 :12010_11_1745744937.094683 1745744937.082378 :12010 (:12002,:12008)
[Sun Apr 27 2025 02:08:57.157122] d LSUPDATE :12006 8 F 13 :12010_11_1745744937.094683 1745744937.082378 :12010 (:12002,:12008)
[Sun Apr 27 2025 02:08:57.157364] r LSUPDATE :12010 7 F 13 :12004_15_1745744937.084054 1745744917.328278 :12004 (:12002,:12006)
[Sun Apr 27 2025 02:08:57.157583] r LSUPDATE :12010 8 F 20 :12002_19_1745744937.088352 1745744909.657145 :12002 (:12000,:12004,:12010)
[Sun Apr 27 2025 02:08:57.157799] r LSUPDATE :12010 7 F 13 :12004_16_1745744937.088629 1745744917.328278 :12004 (:12002,:12006)
[Sun Apr 27 2025 02:08:57.158023] r LSUPDATE :12010 6 F 13 :12006_12_1745744937.089169 1745744924.826990 :12006 (:12004,:12008)
[Sun Apr 27 2025 02:08:57.158239] r LSUPDATE :12010 8 F 20 :12002_20_1745744937.091931 1745744909.657145 :12002 (:12000,:12004,:12010)
[Sun Apr 27 2025 02:08:57.158452] r LSUPDATE :12010 7 F 6 :12000_22_1745744937.116467 1745744909.656949 :12000 (:12002)
[Sun Apr 27 2025 02:08:57.158671] r LSUPDATE :12010 9 F 13 :12010_13_1745744937.122883 1745744937.082378 :12010 (:12002,:12008)
[Sun Apr 27 2025 02:08:57.158686] d LSUPDATE :12006 8 F 13 :12010_13_1745744937.122883 1745744937.082378 :12010 (:12002,:12008)
[Sun Apr 27 2025 02:08:57.174608] d LSUPDATE :12010 5 F 6 :12000_23_1745744937.116998 1745744909.656949 :12000 (:12002)
[Sun Apr 27 2025 02:08:57.174886] r LSUPDATE :12006 9 F 13 :12006_14_1745744937.152033 1745744924.826990 :12006 (:12004,:12008)
[Sun Apr 27 2025 02:08:57.174905] d LSUPDATE :12010 8 F 13 :12006_14_1745744937.152033 1745744924.826990 :12006 (:12004,:12008)
[Sun Apr 27 2025 02:08:57.175156] r LSUPDATE :12006 8 F 13 :12004_18_1745744937.145241 1745744917.328278 :12004 (:12002,:12006)
[Sun Apr 27 2025 02:08:57.175173] d LSUPDATE :12010 7 F 13 :12004_18_1745744937.145241 1745744917.328278 :12004 (:12002,:12006)
[Sun Apr 27 2025 02:08:57.175407] r LSUPDATE :12006 8 F 13 :12004_19_1745744937.145310 1745744917.328278 :12004 (:12002,:12006)
[Sun Apr 27 2025 02:08:57.175422] d LSUPDATE :12010 7 F 13 :12004_19_1745744937.145310 1745744917.328278 :12004 (:12002,:12006)
[Sun Apr 27 2025 02:08:57.175653] r LSUPDATE :12006 6 F 13 :12010_11_1745744937.094683 1745744937.082378 :12010 (:12002,:12008)
[Sun Apr 27 2025 02:08:57.175872] r LSUPDATE :12006 9 F 13 :12006_15_1745744937.153073 1745744924.826990 :12006 (:12004,:12008)
[Sun Apr 27 2025 02:08:57.175886] d LSUPDATE :12010 8 F 13 :12006_15_1745744937.153073 1745744924.826990 :12006 (:12004,:12008)
[Sun Apr 27 2025 02:08:57.181365] r LSUPDATE :12006 8 F 13 :12004_20_1745744937.145611 1745744917.328278 :12004 (:12002,:12006)
[Sun Apr 27 2025 02:08:57.181384] d LSUPDATE :12010 7 F 13 :12004_20_1745744937.145611 1745744917.328278 :12004 (:12002,:12006)
[Sun Apr 27 2025 02:08:57.181621] r LSUPDATE :12006 6 F 6 :12000_25_1745744937.117272 1745744909.656949 :12000 (:12002)
[Sun Apr 27 2025 02:08:57.181635] d LSUPDATE :12010 5 F 6 :12000_25_1745744937.117272 1745744909.656949 :12000 (:12002)
[Sun Apr 27 2025 02:08:57.181866] r LSUPDATE :12006 6 F 6 :12000_26_1745744937.119143 1745744909.656949 :12000 (:12002)
[Sun Apr 27 2025 02:08:57.181880] d LSUPDATE :12010 5 F 6 :12000_26_1745744937.119143 1745744909.656949 :12000 (:12002)
[Sun Apr 27 2025 02:08:57.183056] r LSUPDATE :12010 7 F 6 :12000_23_1745744937.116998 1745744909.656949 :12000 (:12002)
[Sun Apr 27 2025 02:08:57.183309] r LSUPDATE :12010 7 F 6 :12000_25_1745744937.117272 1745744909.656949 :12000 (:12002)
[Sun Apr 27 2025 02:08:57.183537] r LSUPDATE :12010 7 F 6 :12000_26_1745744937.119143 1745744909.656949 :12000 (:12002)
[Sun Apr 27 2025 02:08:57.183763] r LSUPDATE :12010 7 F 6 :12000_27_1745744937.120087 1745744909.656949 :12000 (:12002)
[Sun Apr 27 2025 02:08:57.183778] d LSUPDATE :12006 6 F 6 :12000_27_1745744937.120087 1745744909.656949 :12000 (:12002)
[Sun Apr 27 2025 02:08:57.193003] r LSUPDATE :12006 6 F 13 :12010_13_1745744937.122883 1745744937.082378 :12010 (:12002,:12008)
[Sun Apr 27 2025 02:08:57.193230] r LSUPDATE :12006 9 F 13 :12006_16_1745744937.171808 1745744924.826990 :12006 (:12004,:12008)
[Sun Apr 27 2025 02:08:57.193246] d LSUPDATE :12010 8 F 13 :12006_16_1745744937.171808 1745744924.826990 :12006 (:12004,:12008)
[Sun Apr 27 2025 02:08:57.193488] r LSUPDATE :12006 8 F 13 :12004_21_1745744937.155057 1745744917.328278 :12004 (:12002,:12006)
[Sun Apr 27 2025 02:08:57.193503] d LSUPDATE :12010 7 F 13 :12004_21_1745744937.155057 1745744917.328278 :12004 (:12002,:12006)
[Sun Apr 27 2025 02:08:57.193735] r LSUPDATE :12006 6 F 6 :12000_27_1745744937.120087 1745744909.656949 :12000 (:12002)
[Sun Apr 27 2025 02:08:57.193952] r LSUPDATE :12006 6 F 6 :12000_28_1745744937.120353 1745744909.656949 :12000 (:12002)
[Sun Apr 27 2025 02:08:57.193966] d LSUPDATE :12010 5 F 6 :12000_28_1745744937.120353 1745744909.656949 :12000 (:12002)
[Sun Apr 27 2025 02:08:57.194827] r LSUPDATE :12006 6 F 6 :12000_29_1745744937.121860 1745744909.656949 :12000 (:12002)
[Sun Apr 27 2025 02:08:57.194856] d LSUPDATE :12010 5 F 6 :12000_29_1745744937.121860 1745744909.656949 :12000 (:12002)
[Sun Apr 27 2025 02:08:57.196596] r LSUPDATE :12010 7 F 6 :12000_28_1745744937.120353 1745744909.656949 :12000 (:12002)
[Sun Apr 27 2025 02:08:57.196815] r LSUPDATE :12010 7 F 6 :12000_29_1745744937.121860 1745744909.656949 :12000 (:12002)
[Sun Apr 27 2025 02:08:57.197030] r LSUPDATE :12010 7 F 6 :12000_30_1745744937.122109 1745744909.656949 :12000 (:12002)
[Sun Apr 27 2025 02:08:57.197044] d LSUPDATE :12006 6 F 6 :12000_30_1745744937.122109 1745744909.656949 :12000 (:12002)
[Sun Apr 27 2025 02:08:57.198828] r LSUPDATE :12006 6 F 6 :12000_30_1745744937.122109 1745744909.656949 :12000 (:12002)
[Sun Apr 27 2025 02:08:57.199415] r LSUPDATE :12006 6 F 6 :12000_31_1745744937.122574 1745744909.656949 :12000 (:12002)
[Sun Apr 27 2025 02:08:57.199430] d LSUPDATE :12010 5 F 6 :12000_31_1745744937.122574 1745744909.656949 :12000 (:12002)
[Sun Apr 27 2025 02:08:57.199671] r LSUPDATE :12010 7 F 13 :12004_17_1745744937.132972 1745744917.328278 :12004 (:12002,:12006)
[Sun Apr 27 2025 02:08:57.199887] r LSUPDATE :12010 7 F 6 :12000_31_1745744937.122574 1745744909.656949 :12000 (:12002)
[Sun Apr 27 2025 02:08:57.200108] r LSUPDATE :12010 7 F 6 :12000_32_1745744937.126230 1745744909.656949 :12000 (:12002)
[Sun Apr 27 2025 02:08:57.200122] d LSUPDATE :12006 6 F 6 :12000_32_1745744937.126230 1745744909.656949 :12000 (:12002)
[Sun Apr 27 2025 02:08:57.203628] r LSUPDATE :12010 7 F 6 :12000_33_1745744937.126489 1745744909.656949 :12000 (:12002)
[Sun Apr 27 2025 02:08:57.203646] d LSUPDATE :12006 6 F 6 :12000_33_1745744937.126489 1745744909.656949 :12000 (:12002)
[Sun Apr 27 2025 02:08:57.203891] r LSUPDATE :12010 7 F 6 :12000_34_1745744937.126755 1745744909.656949 :12000 (:12002)
[Sun Apr 27 2025 02:08:57.203906] d LSUPDATE :12006 6 F 6 :12000_34_1745744937.126755 1745744909.656949 :12000 (:12002)
[Sun Apr 27 2025 02:08:57.204145] r LSUPDATE :12010 8 F 20 :12002_21_1745744937.144485 1745744909.657145 :12002 (:12000,:12004,:12010)
[Sun Apr 27 2025 02:08:57.204174] d LSUPDATE :12006 7 F 20 :12002_21_1745744937.144485 1745744909.657145 :12002 (:12000,:12004,:12010)
[Sun Apr 27 2025 02:08:57.204409] r LSUPDATE :12010 8 F 20 :12002_22_1745744937.147884 1745744909.657145 :12002 (:12000,:12004,:12010)
[Sun Apr 27 2025 02:08:57.204424] d LSUPDATE :12006 7 F 20 :12002_22_1745744937.147884 1745744909.657145 :12002 (:12000,:12004,:12010)
[Sun Apr 27 2025 02:08:57.204657] r LSUPDATE :12010 7 F 13 :12004_19_1745744937.145310 1745744917.328278 :12004 (:12002,:12006)
[Sun Apr 27 2025 02:08:57.204874] r LSUPDATE :12010 7 F 13 :12004_20_1745744937.145611 1745744917.328278 :12004 (:12002,:12006)
[Sun Apr 27 2025 02:08:57.205476] r LSUPDATE :12010 7 F 6 :12000_35_1745744937.149187 1745744909.656949 :12000 (:12002)
[Sun Apr 27 2025 02:08:57.205491] d LSUPDATE :12006 6 F 6 :12000_35_1745744937.149187 1745744909.656949 :12000 (:12002)
[Sun Apr 27 2025 02:08:57.207476] r LSUPDATE :12010 7 F 6 :12000_36_1745744937.149877 1745744909.656949 :12000 (:12002)
[Sun Apr 27 2025 02:08:57.207493] d LSUPDATE :12006 6 F 6 :12000_36_1745744937.149877 1745744909.656949 :12000 (:12002)
[Sun Apr 27 2025 02:08:57.207726] r LSUPDATE :12010 7 F 6 :12000_37_1745744937.150354 1745744909.656949 :12000 (:12002)
[Sun Apr 27 2025 02:08:57.207740] d LSUPDATE :12006 6 F 6 :12000_37_1745744937.150354 1745744909.656949 :12000 (:12002)
[Sun Apr 27 2025 02:08:57.217437] r LSUPDATE :12006 6 F 6 :12000_32_1745744937.126230 1745744909.656949 :12000 (:12002)
[Sun Apr 27 2025 02:08:57.217680] r LSUPDATE :12006 6 F 6 :12000_38_1745744937.151244 1745744909.656949 :12000 (:12002)
[Sun Apr 27 2025 02:08:57.217696] d LSUPDATE :12010 5 F 6 :12000_38_1745744937.151244 1745744909.656949 :12000 (:12002)
[Sun Apr 27 2025 02:08:57.218177] r LSUPDATE :12010 7 F 6 :12000_38_1745744937.151244 1745744909.656949 :12000 (:12002)
[Sun Apr 27 2025 02:08:57.219330] r LSUPDATE :12010 8 F 20 :12002_23_1745744937.179624 1745744909.657145 :12002 (:12000,:12004,:12010)
[Sun Apr 27 2025 02:08:57.219361] d LSUPDATE :12006 7 F 20 :12002_23_1745744937.179624 1745744909.657145 :12002 (:12000,:12004,:12010)
[Sun Apr 27 2025 02:08:57.219628] r LSUPDATE :12010 8 F 20 :12002_24_1745744937.187512 1745744909.657145 :12002 (:12000,:12004,:12010)
[Sun Apr 27 2025 02:08:57.219646] d LSUPDATE :12006 7 F 20 :12002_24_1745744937.187512 1745744909.657145 :12002 (:12000,:12004,:12010)
[Sun Apr 27 2025 02:08:57.219888] r LSUPDATE :12010 7 F 6 :12000_39_1745744937.169693 1745744909.656949 :12000 (:12002)
[Sun Apr 27 2025 02:08:57.219903] d LSUPDATE :12006 6 F 6 :12000_39_1745744937.169693 1745744909.656949 :12000 (:12002)
[Sun Apr 27 2025 02:08:57.226312] r LSUPDATE :12006 7 F 20 :12002_24_1745744937.187512 1745744909.657145 :12002 (:12000,:12004,:12010)
[Sun Apr 27 2025 02:08:57.220146] r LSUPDATE :12010 7 F 6 :12000_40_1745744937.169953 1745744909.656949 :12000 (:12002)
[Sun Apr 27 2025 02:08:57.226342] d LSUPDATE :12006 6 F 6 :12000_40_1745744937.169953 1745744909.656949 :12000 (:12002)
[Sun Apr 27 2025 02:08:57.226574] r LSUPDATE :12010 7 F 6 :12000_41_1745744937.178158 1745744909.656949 :12000 (:12002)
[Sun Apr 27 2025 02:08:57.226589] d LSUPDATE :12006 6 F 6 :12000_41_1745744937.178158 1745744909.656949 :12000 (:12002)
[Sun Apr 27 2025 02:08:57.227232] r LSUPDATE :12010 7 F 6 :12000_42_1745744937.185017 1745744909.656949 :12000 (:12002)
[Sun Apr 27 2025 02:08:57.227249] d LSUPDATE :12006 6 F 6 :12000_42_1745744937.185017 1745744909.656949 :12000 (:12002)
[Sun Apr 27 2025 02:08:57.227484] r LSUPDATE :12010 8 F 20 :12002_25_1745744937.191139 1745744909.657145 :12002 (:12000,:12004,:12010)
[Sun Apr 27 2025 02:08:57.227500] d LSUPDATE :12006 7 F 20 :12002_25_1745744937.191139 1745744909.657145 :12002 (:12000,:12004,:12010)
[Sun Apr 27 2025 02:08:57.231737] r LSUPDATE :12006 6 F 6 :12000_40_1745744937.169953 1745744909.656949 :12000 (:12002)
[Sun Apr 27 2025 02:08:57.233699] r LSUPDATE :12006 6 F 6 :12000_43_1745744937.228423 1745744909.656949 :12000 (:12002)
[Sun Apr 27 2025 02:08:57.233724] d LSUPDATE :12010 5 F 6 :12000_43_1745744937.228423 1745744909.656949 :12000 (:12002)
[Sun Apr 27 2025 02:08:57.233978] r LSUPDATE :12010 7 F 6 :12000_43_1745744937.228423 1745744909.656949 :12000 (:12002)
[Sun Apr 27 2025 02:08:57.276426] r LSUPDATE :12006 6 F 6 :12000_44_1745744937.228692 1745744909.656949 :12000 (:12002)
[Sun Apr 27 2025 02:08:57.276460] d LSUPDATE :12010 5 F 6 :12000_44_1745744937.228692 1745744909.656949 :12000 (:12002)
[Sun Apr 27 2025 02:08:57.276707] r LSUPDATE :12010 7 F 6 :12000_44_1745744937.228692 1745744909.656949 :12000 (:12002)
[Sun Apr 27 2025 02:14:26.452705] r LSUPDATE :12006 7 F 13 :12002_31_1745745266.450282 1745744909.657145 :12002 (:12004,:12010)
[Sun Apr 27 2025 02:14:26.452734] d LSUPDATE :12010 6 F 13 :12002_31_1745745266.450282 1745744909.657145 :12002 (:12004,:12010)
[Sun Apr 27 2025 02:14:26.453326] r LSUPDATE :12010 8 F 13 :12002_31_1745745266.450282 1745744909.657145 :12002 (:12004,:12010)
[Sun Apr 27 2025 02:14:34.491071] r LSUPDATE :12010 9 F 6 :12010_16_1745745274.490735 1745744937.082378 :12010 (:12008)
[Sun Apr 27 2025 02:14:34.491098] d LSUPDATE :12006 8 F 6 :12010_16_1745745274.490735 1745744937.082378 :12010 (:12008)
[Sun Apr 27 2025 02:14:34.491768] r LSUPDATE :12006 9 F 13 :12006_21_1745745274.491425 1745744924.826990 :12006 (:12004,:12008)
[Sun Apr 27 2025 02:14:34.491788] d LSUPDATE :12010 8 F 13 :12006_21_1745745274.491425 1745744924.826990 :12006 (:12004,:12008)
[Sun Apr 27 2025 02:14:34.493762] r LSUPDATE :12006 8 F 6 :12004_23_1745745274.490130 1745744917.328278 :12004 (:12006)
[Sun Apr 27 2025 02:14:34.493781] d LSUPDATE :12010 7 F 6 :12004_23_1745745274.490130 1745744917.328278 :12004 (:12006)
[Sun Apr 27 2025 02:14:34.494919] r LSUPDATE :12006 8 F 6 :12004_24_1745745274.492338 1745744917.328278 :12004 (:12006)
[Sun Apr 27 2025 02:14:34.494940] d LSUPDATE :12010 7 F 6 :12004_24_1745745274.492338 1745744917.328278 :12004 (:12006)
[Sun Apr 27 2025 02:14:38.477574] r LSUPDATE :12006 9 F 6 :12006_22_1745745278.477152 1745744924.826990 :12006 (:12008)
[Sun Apr 27 2025 02:14:38.477607] d LSUPDATE :12010 8 F 6 :12006_22_1745745278.477152 1745744924.826990 :12006 (:12008)
[Sun Apr 27 2025 02:14:42.832373] i LSUPDATE :12010 9 F 6 :12008_16_1745745282.832336 1745744931.582366 :12008 (:12010)
[Sun Apr 27 2025 02:16:43.540581] i SAYHELLO :12006 1 - 0
[Sun Apr 27 2025 02:16:43.540716] r SAYHELLO :12006 1 - 0
[Sun Apr 27 2025 02:16:43.540746] i LSUPDATE :12006 9 F 6 :12008_2_1745745403.540733 1745745403.540731 :12008 (:12006)
[Sun Apr 27 2025 02:16:43.541146] r LSUPDATE :12006 9 F 13 :12006_8_1745745403.537568 1745745394.856215 :12006 (:12004,:12008)
[Sun Apr 27 2025 02:16:43.541373] r LSUPDATE :12006 7 F 13 :12002_10_1745745403.538255 1745745378.141016 :12002 (:12000,:12004)
[Sun Apr 27 2025 02:16:43.541398] i LSUPDATE :12006 9 F 6 :12008_5_1745745403.541393 1745745403.540731 :12008 (:12006)
[Sun Apr 27 2025 02:16:43.541611] r LSUPDATE :12006 6 F 6 :12000_12_1745745403.538579 1745745378.140808 :12000 (:12002)
[Sun Apr 27 2025 02:16:43.541634] i LSUPDATE :12006 9 F 6 :12008_7_1745745403.541629 1745745403.540731 :12008 (:12006)
[Sun Apr 27 2025 02:16:43.546456] r LSUPDATE :12006 8 F 13 :12004_9_1745745403.542191 1745745388.526631 :12004 (:12002,:12006)
[Sun Apr 27 2025 02:16:43.546788] i LSUPDATE :12006 9 F 6 :12008_9_1745745403.546487 1745745403.540731 :12008 (:12006)
[Sun Apr 27 2025 02:16:43.547439] r LSUPDATE :12006 7 F 13 :12002_12_1745745403.542511 1745745378.141016 :12002 (:12000,:12004)
[Sun Apr 27 2025 02:16:43.547689] r LSUPDATE :12006 8 F 13 :12004_10_1745745403.544140 1745745388.526631 :12004 (:12002,:12006)
[Sun Apr 27 2025 02:16:43.548867] r LSUPDATE :12006 8 F 13 :12004_11_1745745403.545893 1745745388.526631 :12004 (:12002,:12006)
[Sun Apr 27 2025 02:16:43.596419] r LSUPDATE :12006 8 F 13 :12004_12_1745745403.548294 1745745388.526631 :12004 (:12002,:12006)
[Sun Apr 27 2025 02:16:43.596671] r LSUPDATE :12006 6 F 6 :12000_14_1745745403.580509 1745745378.140808 :12000 (:12002)
[Sun Apr 27 2025 02:16:43.596900] r LSUPDATE :12006 6 F 6 :12000_15_1745745403.581014 1745745378.140808 :12000 (:12002)
[Sun Apr 27 2025 02:16:43.626514] r LSUPDATE :12006 7 F 13 :12002_13_1745745403.581851 1745745378.141016 :12002 (:12000,:12004)
[Sun Apr 27 2025 02:16:43.627177] r LSUPDATE :12006 6 F 6 :12000_16_1745745403.583869 1745745378.140808 :12000 (:12002)
[Sun Apr 27 2025 02:16:43.627667] r LSUPDATE :12006 6 F 6 :12000_17_1745745403.584373 1745745378.140808 :12000 (:12002)
[Sun Apr 27 2025 02:16:43.629258] r LSUPDATE :12006 7 F 13 :12002_14_1745745403.584934 1745745378.141016 :12002 (:12000,:12004)
[Sun Apr 27 2025 02:16:43.631179] r LSUPDATE :12006 7 F 13 :12002_15_1745745403.585468 1745745378.141016 :12002 (:12000,:12004)
[Sun Apr 27 2025 02:16:43.631401] r LSUPDATE :12006 6 F 6 :12000_18_1745745403.586356 1745745378.140808 :12000 (:12002)
[Sun Apr 27 2025 02:16:43.632216] r LSUPDATE :12006 6 F 6 :12000_19_1745745403.586840 1745745378.140808 :12000 (:12002)
[Sun Apr 27 2025 02:16:43.633614] r LSUPDATE :12006 6 F 6 :12000_20_1745745403.587102 1745745378.140808 :12000 (:12002)
[Sun Apr 27 2025 02:16:43.633846] r LSUPDATE :12006 6 F 6 :12000_21_1745745403.587565 1745745378.140808 :12000 (:12002)
[Sun Apr 27 2025 02:16:49.449189] r SAYHELLO :12010 1 - 0
[Sun Apr 27 2025 02:16:49.449457] i SAYHELLO :12010 1 - 0
[Sun Apr 27 2025 02:16:49.449492] i LSUPDATE :12006 9 F 13 :12008_10_1745745409.449437 1745745403.540731 :12008 (:12006,:12010)
[Sun Apr 27 2025 02:16:49.449510] i LSUPDATE :12010 9 F 13 :12008_10_1745745409.449437 1745745403.540731 :12008 (:12006,:12010)
[Sun Apr 27 2025 02:16:49.452357] r LSUPDATE :12006 8 F 13 :12004_13_1745745409.450099 1745745388.526631 :12004 (:12002,:12006)
[Sun Apr 27 2025 02:16:49.452378] d LSUPDATE :12010 7 F 13 :12004_13_1745745409.450099 1745745388.526631 :12004 (:12002,:12006)
[Sun Apr 27 2025 02:16:49.454521] r LSUPDATE :12006 7 F 13 :12002_16_1745745409.450459 1745745378.141016 :12002 (:12000,:12004)
[Sun Apr 27 2025 02:16:49.454540] d LSUPDATE :12010 6 F 13 :12002_16_1745745409.450459 1745745378.141016 :12002 (:12000,:12004)
[Sun Apr 27 2025 02:16:49.455029] r LSUPDATE :12006 6 F 6 :12000_22_1745745409.451025 1745745378.140808 :12000 (:12002)
[Sun Apr 27 2025 02:16:49.455045] d LSUPDATE :12010 5 F 6 :12000_22_1745745409.451025 1745745378.140808 :12000 (:12002)
[Sun Apr 27 2025 02:16:49.460219] r LSUPDATE :12010 9 F 13 :12010_2_1745745409.457058 1745745409.457056 :12010 (:12002,:12008)
[Sun Apr 27 2025 02:16:49.460240] d LSUPDATE :12006 8 F 13 :12010_2_1745745409.457058 1745745409.457056 :12010 (:12002,:12008)
[Sun Apr 27 2025 02:16:49.464464] r LSUPDATE :12006 9 F 13 :12006_11_1745745409.460538 1745745394.856215 :12006 (:12004,:12008)
[Sun Apr 27 2025 02:16:49.464488] d LSUPDATE :12010 8 F 13 :12006_11_1745745409.460538 1745745394.856215 :12006 (:12004,:12008)
[Sun Apr 27 2025 02:16:49.470265] r LSUPDATE :12010 9 F 13 :12010_5_1745745409.457578 1745745409.457056 :12010 (:12002,:12008)
[Sun Apr 27 2025 02:16:49.470286] d LSUPDATE :12006 8 F 13 :12010_5_1745745409.457578 1745745409.457056 :12010 (:12002,:12008)
[Sun Apr 27 2025 02:16:49.470523] r LSUPDATE :12006 8 F 13 :12004_15_1745745409.460863 1745745388.526631 :12004 (:12002,:12006)
[Sun Apr 27 2025 02:16:49.470552] d LSUPDATE :12010 7 F 13 :12004_15_1745745409.460863 1745745388.526631 :12004 (:12002,:12006)
[Sun Apr 27 2025 02:16:49.470772] r LSUPDATE :12006 6 F 6 :12000_23_1745745409.451531 1745745378.140808 :12000 (:12002)
[Sun Apr 27 2025 02:16:49.470786] d LSUPDATE :12010 5 F 6 :12000_23_1745745409.451531 1745745378.140808 :12000 (:12002)
[Sun Apr 27 2025 02:16:49.473501] r LSUPDATE :12010 9 F 13 :12010_8_1745745409.458372 1745745409.457056 :12010 (:12002,:12008)
[Sun Apr 27 2025 02:16:49.473530] d LSUPDATE :12006 8 F 13 :12010_8_1745745409.458372 1745745409.457056 :12010 (:12002,:12008)
[Sun Apr 27 2025 02:16:49.473778] r LSUPDATE :12006 9 F 13 :12006_12_1745745409.471072 1745745394.856215 :12006 (:12004,:12008)
[Sun Apr 27 2025 02:16:49.473801] d LSUPDATE :12010 8 F 13 :12006_12_1745745409.471072 1745745394.856215 :12006 (:12004,:12008)
[Sun Apr 27 2025 02:16:49.474043] r LSUPDATE :12006 7 F 20 :12002_17_1745745409.458544 1745745378.141016 :12002 (:12000,:12004,:12010)
[Sun Apr 27 2025 02:16:49.474058] d LSUPDATE :12010 6 F 20 :12002_17_1745745409.458544 1745745378.141016 :12002 (:12000,:12004,:12010)
[Sun Apr 27 2025 02:16:49.477528] r LSUPDATE :12006 8 F 13 :12004_16_1745745409.467960 1745745388.526631 :12004 (:12002,:12006)
[Sun Apr 27 2025 02:16:49.477546] d LSUPDATE :12010 7 F 13 :12004_16_1745745409.467960 1745745388.526631 :12004 (:12002,:12006)
[Sun Apr 27 2025 02:16:49.477779] r LSUPDATE :12006 7 F 20 :12002_19_1745745409.465554 1745745378.141016 :12002 (:12000,:12004,:12010)
[Sun Apr 27 2025 02:16:49.477794] d LSUPDATE :12010 6 F 20 :12002_19_1745745409.465554 1745745378.141016 :12002 (:12000,:12004,:12010)
[Sun Apr 27 2025 02:16:49.480277] r LSUPDATE :12010 9 F 13 :12010_9_1745745409.459688 1745745409.457056 :12010 (:12002,:12008)
[Sun Apr 27 2025 02:16:49.480299] d LSUPDATE :12006 8 F 13 :12010_9_1745745409.459688 1745745409.457056 :12010 (:12002,:12008)
[Sun Apr 27 2025 02:16:49.481033] r LSUPDATE :12006 9 F 13 :12006_13_1745745409.477239 1745745394.856215 :12006 (:12004,:12008)
[Sun Apr 27 2025 02:16:49.481057] d LSUPDATE :12010 8 F 13 :12006_13_1745745409.477239 1745745394.856215 :12006 (:12004,:12008)
[Sun Apr 27 2025 02:16:49.481303] r LSUPDATE :12010 8 F 20 :12002_17_1745745409.458544 1745745378.141016 :12002 (:12000,:12004,:12010)
[Sun Apr 27 2025 02:16:49.487305] r LSUPDATE :12010 9 F 13 :12010_11_1745745409.470040 1745745409.457056 :12010 (:12002,:12008)
[Sun Apr 27 2025 02:16:49.487327] d LSUPDATE :12006 8 F 13 :12010_11_1745745409.470040 1745745409.457056 :12010 (:12002,:12008)
[Sun Apr 27 2025 02:16:49.487568] r LSUPDATE :12006 9 F 13 :12006_14_1745745409.480588 1745745394.856215 :12006 (:12004,:12008)
[Sun Apr 27 2025 02:16:49.487910] d LSUPDATE :12010 8 F 13 :12006_14_1745745409.480588 1745745394.856215 :12006 (:12004,:12008)
[Sun Apr 27 2025 02:16:49.488168] r LSUPDATE :12006 7 F 20 :12002_21_1745745409.465942 1745745378.141016 :12002 (:12000,:12004,:12010)
[Sun Apr 27 2025 02:16:49.488186] d LSUPDATE :12010 6 F 20 :12002_21_1745745409.465942 1745745378.141016 :12002 (:12000,:12004,:12010)
[Sun Apr 27 2025 02:16:49.488421] r LSUPDATE :12006 8 F 13 :12004_17_1745745409.482626 1745745388.526631 :12004 (:12002,:12006)
[Sun Apr 27 2025 02:16:49.488437] d LSUPDATE :12010 7 F 13 :12004_17_1745745409.482626 1745745388.526631 :12004 (:12002,:12006)
[Sun Apr 27 2025 02:16:49.496944] r LSUPDATE :12010 8 F 20 :12002_19_1745745409.465554 1745745378.141016 :12002 (:12000,:12004,:12010)
[Sun Apr 27 2025 02:16:49.497168] r LSUPDATE :12010 8 F 20 :12002_21_1745745409.465942 1745745378.141016 :12002 (:12000,:12004,:12010)
[Sun Apr 27 2025 02:16:49.528673] r LSUPDATE :12006 9 F 13 :12006_15_1745745409.487830 1745745394.856215 :12006 (:12004,:12008)
[Sun Apr 27 2025 02:16:49.528712] d LSUPDATE :12010 8 F 13 :12006_15_1745745409.487830 1745745394.856215 :12006 (:12004,:12008)
[Sun Apr 27 2025 02:16:49.528980] r LSUPDATE :12006 8 F 13 :12004_18_1745745409.483138 1745745388.526631 :12004 (:12002,:12006)
[Sun Apr 27 2025 02:16:49.528997] d LSUPDATE :12010 7 F 13 :12004_18_1745745409.483138 1745745388.526631 :12004 (:12002,:12006)
[Sun Apr 27 2025 02:16:49.529283] r LSUPDATE :12006 8 F 13 :12004_19_1745745409.489017 1745745388.526631 :12004 (:12002,:12006)
[Sun Apr 27 2025 02:16:49.529300] d LSUPDATE :12010 7 F 13 :12004_19_1745745409.489017 1745745388.526631 :12004 (:12002,:12006)
[Sun Apr 27 2025 02:16:49.529701] r LSUPDATE :12010 7 F 13 :12004_16_1745745409.467960 1745745388.526631 :12004 (:12002,:12006)
[Sun Apr 27 2025 02:16:49.529921] r LSUPDATE :12010 6 F 13 :12006_12_1745745409.471072 1745745394.856215 :12006 (:12004,:12008)
[Sun Apr 27 2025 02:16:49.530137] r LSUPDATE :12010 8 F 20 :12002_22_1745745409.483677 1745745378.141016 :12002 (:12000,:12004,:12010)
[Sun Apr 27 2025 02:16:49.530433] d LSUPDATE :12006 7 F 20 :12002_22_1745745409.483677 1745745378.141016 :12002 (:12000,:12004,:12010)
[Sun Apr 27 2025 02:16:49.532087] r LSUPDATE :12006 6 F 6 :12000_25_1745745409.500612 1745745378.140808 :12000 (:12002)
[Sun Apr 27 2025 02:16:49.532115] d LSUPDATE :12010 5 F 6 :12000_25_1745745409.500612 1745745378.140808 :12000 (:12002)
[Sun Apr 27 2025 02:16:49.532368] r LSUPDATE :12010 7 F 6 :12000_25_1745745409.500612 1745745378.140808 :12000 (:12002)
[Sun Apr 27 2025 02:16:49.532594] r LSUPDATE :12010 8 F 20 :12002_23_1745745409.501939 1745745378.141016 :12002 (:12000,:12004,:12010)
[Sun Apr 27 2025 02:16:49.532610] d LSUPDATE :12006 7 F 20 :12002_23_1745745409.501939 1745745378.141016 :12002 (:12000,:12004,:12010)
[Sun Apr 27 2025 02:16:49.534624] r LSUPDATE :12006 7 F 20 :12002_23_1745745409.501939 1745745378.141016 :12002 (:12000,:12004,:12010)
[Sun Apr 27 2025 02:16:49.534856] r LSUPDATE :12010 7 F 13 :12004_18_1745745409.483138 1745745388.526631 :12004 (:12002,:12006)
[Sun Apr 27 2025 02:16:49.535208] r LSUPDATE :12010 8 F 20 :12002_24_1745745409.502694 1745745378.141016 :12002 (:12000,:12004,:12010)
[Sun Apr 27 2025 02:16:49.535225] d LSUPDATE :12006 7 F 20 :12002_24_1745745409.502694 1745745378.141016 :12002 (:12000,:12004,:12010)
[Sun Apr 27 2025 02:16:49.542160] r LSUPDATE :12006 7 F 20 :12002_25_1745745409.503443 1745745378.141016 :12002 (:12000,:12004,:12010)
[Sun Apr 27 2025 02:16:49.542191] d LSUPDATE :12010 6 F 20 :12002_25_1745745409.503443 1745745378.141016 :12002 (:12000,:12004,:12010)
[Sun Apr 27 2025 02:16:49.542451] r LSUPDATE :12010 7 F 13 :12004_19_1745745409.489017 1745745388.526631 :12004 (:12002,:12006)
[Sun Apr 27 2025 02:16:49.542669] r LSUPDATE :12010 6 F 13 :12006_15_1745745409.487830 1745745394.856215 :12006 (:12004,:12008)
[Sun Apr 27 2025 02:16:49.542886] r LSUPDATE :12010 8 F 20 :12002_25_1745745409.503443 1745745378.141016 :12002 (:12000,:12004,:12010)
[Sun Apr 27 2025 02:16:49.543111] r LSUPDATE :12010 7 F 6 :12000_26_1745745409.500876 1745745378.140808 :12000 (:12002)
[Sun Apr 27 2025 02:16:49.543127] d LSUPDATE :12006 6 F 6 :12000_26_1745745409.500876 1745745378.140808 :12000 (:12002)
[Sun Apr 27 2025 02:16:49.545818] r LSUPDATE :12006 6 F 6 :12000_27_1745745409.501123 1745745378.140808 :12000 (:12002)
[Sun Apr 27 2025 02:16:49.545842] d LSUPDATE :12010 5 F 6 :12000_27_1745745409.501123 1745745378.140808 :12000 (:12002)
[Sun Apr 27 2025 02:16:49.546563] r LSUPDATE :12010 7 F 6 :12000_27_1745745409.501123 1745745378.140808 :12000 (:12002)
[Sun Apr 27 2025 02:16:49.559372] r LSUPDATE :12010 7 F 6 :12000_28_1745745409.501380 1745745378.140808 :12000 (:12002)
[Sun Apr 27 2025 02:16:49.559398] d LSUPDATE :12006 6 F 6 :12000_28_1745745409.501380 1745745378.140808 :12000 (:12002)
[Sun Apr 27 2025 02:16:49.559881] r LSUPDATE :12006 6 F 6 :12000_28_1745745409.501380 1745745378.140808 :12000 (:12002)
[Sun Apr 27 2025 02:16:49.560107] r LSUPDATE :12006 6 F 6 :12000_29_1745745409.505293 1745745378.140808 :12000 (:12002)
[Sun Apr 27 2025 02:16:49.560121] d LSUPDATE :12010 5 F 6 :12000_29_1745745409.505293 1745745378.140808 :12000 (:12002)
[Sun Apr 27 2025 02:16:49.561065] r LSUPDATE :12006 6 F 6 :12000_30_1745745409.507460 1745745378.140808 :12000 (:12002)
[Sun Apr 27 2025 02:16:49.561082] d LSUPDATE :12010 5 F 6 :12000_30_1745745409.507460 1745745378.140808 :12000 (:12002)
[Sun Apr 27 2025 02:16:49.561323] r LSUPDATE :12010 7 F 6 :12000_29_1745745409.505293 1745745378.140808 :12000 (:12002)
[Sun Apr 27 2025 02:16:49.561536] r LSUPDATE :12010 7 F 6 :12000_30_1745745409.507460 1745745378.140808 :12000 (:12002)
[Sun Apr 27 2025 02:16:49.562124] r LSUPDATE :12010 7 F 6 :12000_31_1745745409.507719 1745745378.140808 :12000 (:12002)
[Sun Apr 27 2025 02:16:49.562142] d LSUPDATE :12006 6 F 6 :12000_31_1745745409.507719 1745745378.140808 :12000 (:12002)
[Sun Apr 27 2025 02:16:49.568695] r LSUPDATE :12006 6 F 6 :12000_32_1745745409.507966 1745745378.140808 :12000 (:12002)
[Sun Apr 27 2025 02:16:49.568723] d LSUPDATE :12010 5 F 6 :12000_32_1745745409.507966 1745745378.140808 :12000 (:12002)
[Sun Apr 27 2025 02:16:49.569419] r LSUPDATE :12010 7 F 6 :12000_32_1745745409.507966 1745745378.140808 :12000 (:12002)
[Sun Apr 27 2025 02:16:49.569643] r LSUPDATE :12010 7 F 6 :12000_33_1745745409.508226 1745745378.140808 :12000 (:12002)
[Sun Apr 27 2025 02:16:49.569658] d LSUPDATE :12006 6 F 6 :12000_33_1745745409.508226 1745745378.140808 :12000 (:12002)
[Sun Apr 27 2025 02:16:49.572346] r LSUPDATE :12006 6 F 6 :12000_34_1745745409.508701 1745745378.140808 :12000 (:12002)
[Sun Apr 27 2025 02:16:49.572370] d LSUPDATE :12010 5 F 6 :12000_34_1745745409.508701 1745745378.140808 :12000 (:12002)
[Sun Apr 27 2025 02:16:49.573073] r LSUPDATE :12010 7 F 6 :12000_34_1745745409.508701 1745745378.140808 :12000 (:12002)
[Sun Apr 27 2025 02:16:49.573292] r LSUPDATE :12010 7 F 6 :12000_35_1745745409.514428 1745745378.140808 :12000 (:12002)
[Sun Apr 27 2025 02:16:49.573306] d LSUPDATE :12006 6 F 6 :12000_35_1745745409.514428 1745745378.140808 :12000 (:12002)
[Sun Apr 27 2025 02:16:49.574427] r LSUPDATE :12006 6 F 6 :12000_35_1745745409.514428 1745745378.140808 :12000 (:12002)
[Sun Apr 27 2025 02:16:49.574651] r LSUPDATE :12006 6 F 6 :12000_36_1745745409.514907 1745745378.140808 :12000 (:12002)
[Sun Apr 27 2025 02:16:49.574666] d LSUPDATE :12010 5 F 6 :12000_36_1745745409.514907 1745745378.140808 :12000 (:12002)
[Sun Apr 27 2025 02:16:49.575311] r LSUPDATE :12006 6 F 6 :12000_37_1745745409.515160 1745745378.140808 :12000 (:12002)
[Sun Apr 27 2025 02:16:49.575331] d LSUPDATE :12010 5 F 6 :12000_37_1745745409.515160 1745745378.140808 :12000 (:12002)
[Sun Apr 27 2025 02:16:49.575550] r LSUPDATE :12006 6 F 6 :12000_38_1745745409.515629 1745745378.140808 :12000 (:12002)
[Sun Apr 27 2025 02:16:49.575563] d LSUPDATE :12010 5 F 6 :12000_38_1745745409.515629 1745745378.140808 :12000 (:12002)
[Sun Apr 27 2025 02:16:49.575778] r LSUPDATE :12006 6 F 6 :12000_39_1745745409.520919 1745745378.140808 :12000 (:12002)
[Sun Apr 27 2025 02:16:49.575791] d LSUPDATE :12010 5 F 6 :12000_39_1745745409.520919 1745745378.140808 :12000 (:12002)
[Sun Apr 27 2025 02:16:49.576032] r LSUPDATE :12010 7 F 6 :12000_36_1745745409.514907 1745745378.140808 :12000 (:12002)
[Sun Apr 27 2025 02:16:49.576262] r LSUPDATE :12010 7 F 6 :12000_37_1745745409.515160 1745745378.140808 :12000 (:12002)
[Sun Apr 27 2025 02:16:49.576480] r LSUPDATE :12010 7 F 6 :12000_38_1745745409.515629 1745745378.140808 :12000 (:12002)
[Sun Apr 27 2025 02:16:49.576694] r LSUPDATE :12010 7 F 6 :12000_39_1745745409.520919 1745745378.140808 :12000 (:12002)
[Sun Apr 27 2025 02:22:55.119073] r LSUPDATE :12006 9 F 6 :12006_27_1745745775.118716 1745745394.856215 :12006 (:12008)
[Sun Apr 27 2025 02:22:55.119102] d LSUPDATE :12010 8 F 6 :12006_27_1745745775.118716 1745745394.856215 :12006 (:12008)
[Sun Apr 27 2025 02:22:55.121480] r LSUPDATE :12010 8 F 13 :12002_33_1745745775.118543 1745745378.141016 :12002 (:12000,:12010)
[Sun Apr 27 2025 02:22:55.121502] d LSUPDATE :12006 7 F 13 :12002_33_1745745775.118543 1745745378.141016 :12002 (:12000,:12010)
[Sun Apr 27 2025 02:22:55.164404] r LSUPDATE :12010 8 F 13 :12002_34_1745745775.119912 1745745378.141016 :12002 (:12000,:12010)
[Sun Apr 27 2025 02:22:55.164436] d LSUPDATE :12006 7 F 13 :12002_34_1745745775.119912 1745745378.141016 :12002 (:12000,:12010)
[Sun Apr 27 2025 02:22:55.164685] r LSUPDATE :12010 7 F 6 :12000_50_1745745775.120529 1745745378.140808 :12000 (:12002)
[Sun Apr 27 2025 02:22:55.164701] d LSUPDATE :12006 6 F 6 :12000_50_1745745775.120529 1745745378.140808 :12000 (:12002)
[Sun Apr 27 2025 02:23:30.954808] r LSUPDATE :12006 9 F 13 :12006_32_1745745810.954477 1745745394.856215 :12006 (:12008,:12004)
[Sun Apr 27 2025 02:23:30.954838] d LSUPDATE :12010 8 F 13 :12006_32_1745745810.954477 1745745394.856215 :12006 (:12008,:12004)
[Sun Apr 27 2025 02:23:30.957554] r LSUPDATE :12010 8 F 13 :12002_37_1745745810.955451 1745745378.141016 :12002 (:12000,:12010)
[Sun Apr 27 2025 02:23:30.957577] d LSUPDATE :12006 7 F 13 :12002_37_1745745810.955451 1745745378.141016 :12002 (:12000,:12010)
[Sun Apr 27 2025 02:23:30.959719] r LSUPDATE :12006 8 F 13 :12004_2_1745745810.958670 1745745810.958384 :12004 (:12002,:12006)
[Sun Apr 27 2025 02:23:30.959739] d LSUPDATE :12010 7 F 13 :12004_2_1745745810.958670 1745745810.958384 :12004 (:12002,:12006)
[Sun Apr 27 2025 02:23:30.959777] i LSUPDATE :12006 9 F 13 :12008_16_1745745810.959768 1745745403.540731 :12008 (:12006,:12010)
[Sun Apr 27 2025 02:23:30.959795] i LSUPDATE :12010 9 F 13 :12008_16_1745745810.959768 1745745403.540731 :12008 (:12006,:12010)
[Sun Apr 27 2025 02:23:30.962008] r LSUPDATE :12010 9 F 13 :12010_17_1745745810.960081 1745745409.457056 :12010 (:12002,:12008)
[Sun Apr 27 2025 02:23:30.965170] d LSUPDATE :12006 8 F 13 :12010_17_1745745810.960081 1745745409.457056 :12010 (:12002,:12008)
[Sun Apr 27 2025 02:23:30.965406] r LSUPDATE :12010 7 F 6 :12000_57_1745745810.955771 1745745378.140808 :12000 (:12002)
[Sun Apr 27 2025 02:23:30.965421] d LSUPDATE :12006 6 F 6 :12000_57_1745745810.955771 1745745378.140808 :12000 (:12002)
[Sun Apr 27 2025 02:23:30.970329] r LSUPDATE :12006 8 F 13 :12004_5_1745745810.968309 1745745810.958384 :12004 (:12002,:12006)
[Sun Apr 27 2025 02:23:30.970350] d LSUPDATE :12010 7 F 13 :12004_5_1745745810.968309 1745745810.958384 :12004 (:12002,:12006)
[Sun Apr 27 2025 02:23:30.970377] i LSUPDATE :12006 9 F 13 :12008_17_1745745810.970369 1745745403.540731 :12008 (:12006,:12010)
[Sun Apr 27 2025 02:23:30.970391] i LSUPDATE :12010 9 F 13 :12008_17_1745745810.970369 1745745403.540731 :12008 (:12006,:12010)
[Sun Apr 27 2025 02:23:30.970613] r LSUPDATE :12006 9 F 13 :12006_34_1745745810.969790 1745745394.856215 :12006 (:12008,:12004)
[Sun Apr 27 2025 02:23:30.970629] d LSUPDATE :12010 8 F 13 :12006_34_1745745810.969790 1745745394.856215 :12006 (:12008,:12004)
[Sun Apr 27 2025 02:23:30.970886] r LSUPDATE :12010 8 F 13 :12002_39_1745745810.960929 1745745378.141016 :12002 (:12000,:12010)
[Sun Apr 27 2025 02:23:30.970909] d LSUPDATE :12006 7 F 13 :12002_39_1745745810.960929 1745745378.141016 :12002 (:12000,:12010)
[Sun Apr 27 2025 02:23:30.971144] r LSUPDATE :12010 8 F 13 :12002_40_1745745810.961479 1745745378.141016 :12002 (:12000,:12010)
[Sun Apr 27 2025 02:23:30.971159] d LSUPDATE :12006 7 F 13 :12002_40_1745745810.961479 1745745378.141016 :12002 (:12000,:12010)
[Sun Apr 27 2025 02:23:30.975851] r LSUPDATE :12010 9 F 13 :12010_18_1745745810.971431 1745745409.457056 :12010 (:12002,:12008)
[Sun Apr 27 2025 02:23:30.975874] d LSUPDATE :12006 8 F 13 :12010_18_1745745810.971431 1745745409.457056 :12010 (:12002,:12008)
[Sun Apr 27 2025 02:23:30.976112] r LSUPDATE :12010 7 F 6 :12000_59_1745745810.962953 1745745378.140808 :12000 (:12002)
[Sun Apr 27 2025 02:23:30.976127] d LSUPDATE :12006 6 F 6 :12000_59_1745745810.962953 1745745378.140808 :12000 (:12002)
[Sun Apr 27 2025 02:23:30.983552] r LSUPDATE :12006 7 F 20 :12002_41_1745745810.965850 1745745378.141016 :12002 (:12000,:12010,:12004)
[Sun Apr 27 2025 02:23:30.983573] d LSUPDATE :12010 6 F 20 :12002_41_1745745810.965850 1745745378.141016 :12002 (:12000,:12010,:12004)
[Sun Apr 27 2025 02:23:30.987209] r LSUPDATE :12006 9 F 13 :12006_35_1745745810.983020 1745745394.856215 :12006 (:12008,:12004)
[Sun Apr 27 2025 02:23:30.987231] d LSUPDATE :12010 8 F 13 :12006_35_1745745810.983020 1745745394.856215 :12006 (:12008,:12004)
[Sun Apr 27 2025 02:23:30.987479] r LSUPDATE :12010 7 F 6 :12000_60_1745745810.963871 1745745378.140808 :12000 (:12002)
[Sun Apr 27 2025 02:23:30.987495] d LSUPDATE :12006 6 F 6 :12000_60_1745745810.963871 1745745378.140808 :12000 (:12002)
[Sun Apr 27 2025 02:23:30.987729] r LSUPDATE :12006 6 F 6 :12000_61_1745745810.964128 1745745378.140808 :12000 (:12002)
[Sun Apr 27 2025 02:23:30.987750] d LSUPDATE :12010 5 F 6 :12000_61_1745745810.964128 1745745378.140808 :12000 (:12002)
[Sun Apr 27 2025 02:23:30.987981] r LSUPDATE :12006 8 F 13 :12004_7_1745745810.968831 1745745810.958384 :12004 (:12002,:12006)
[Sun Apr 27 2025 02:23:30.987996] d LSUPDATE :12010 7 F 13 :12004_7_1745745810.968831 1745745810.958384 :12004 (:12002,:12006)
[Sun Apr 27 2025 02:23:30.996224] i LSUPDATE :12006 9 F 13 :12008_18_1745745810.996193 1745745403.540731 :12008 (:12006,:12010)
[Sun Apr 27 2025 02:23:30.996260] i LSUPDATE :12010 9 F 13 :12008_18_1745745810.996193 1745745403.540731 :12008 (:12006,:12010)
[Sun Apr 27 2025 02:23:30.996495] r LSUPDATE :12006 8 F 13 :12004_9_1745745810.985127 1745745810.958384 :12004 (:12002,:12006)
[Sun Apr 27 2025 02:23:30.996512] d LSUPDATE :12010 7 F 13 :12004_9_1745745810.985127 1745745810.958384 :12004 (:12002,:12006)
[Sun Apr 27 2025 02:23:30.996563] i LSUPDATE :12006 9 F 13 :12008_19_1745745810.996541 1745745403.540731 :12008 (:12006,:12010)
[Sun Apr 27 2025 02:23:30.996589] i LSUPDATE :12010 9 F 13 :12008_19_1745745810.996541 1745745403.540731 :12008 (:12006,:12010)
[Sun Apr 27 2025 02:23:30.996812] r LSUPDATE :12010 8 F 20 :12002_41_1745745810.965850 1745745378.141016 :12002 (:12000,:12010,:12004)
[Sun Apr 27 2025 02:23:30.997033] r LSUPDATE :12010 7 F 6 :12000_61_1745745810.964128 1745745378.140808 :12000 (:12002)
[Sun Apr 27 2025 02:23:30.997254] r LSUPDATE :12010 7 F 6 :12000_62_1745745810.976405 1745745378.140808 :12000 (:12002)
[Sun Apr 27 2025 02:23:30.997268] d LSUPDATE :12006 6 F 6 :12000_62_1745745810.976405 1745745378.140808 :12000 (:12002)
[Sun Apr 27 2025 02:23:31.002687] r LSUPDATE :12006 8 F 13 :12004_11_1745745810.990998 1745745810.958384 :12004 (:12002,:12006)
[Sun Apr 27 2025 02:23:31.002716] d LSUPDATE :12010 7 F 13 :12004_11_1745745810.990998 1745745810.958384 :12004 (:12002,:12006)
[Sun Apr 27 2025 02:23:31.002769] i LSUPDATE :12006 9 F 13 :12008_20_1745745811.002747 1745745403.540731 :12008 (:12006,:12010)
[Sun Apr 27 2025 02:23:31.002795] i LSUPDATE :12010 9 F 13 :12008_20_1745745811.002747 1745745403.540731 :12008 (:12006,:12010)
[Sun Apr 27 2025 02:23:31.003020] r LSUPDATE :12006 8 F 13 :12004_13_1745745811.001907 1745745810.958384 :12004 (:12002,:12006)
[Sun Apr 27 2025 02:23:31.003035] d LSUPDATE :12010 7 F 13 :12004_13_1745745811.001907 1745745810.958384 :12004 (:12002,:12006)
[Sun Apr 27 2025 02:23:31.003081] i LSUPDATE :12006 9 F 13 :12008_21_1745745811.003063 1745745403.540731 :12008 (:12006,:12010)
[Sun Apr 27 2025 02:23:31.010131] i LSUPDATE :12010 9 F 13 :12008_21_1745745811.003063 1745745403.540731 :12008 (:12006,:12010)
[Sun Apr 27 2025 02:23:31.010651] r LSUPDATE :12010 7 F 6 :12000_63_1745745810.976679 1745745378.140808 :12000 (:12002)
[Sun Apr 27 2025 02:23:31.010669] d LSUPDATE :12006 6 F 6 :12000_63_1745745810.976679 1745745378.140808 :12000 (:12002)
[Sun Apr 27 2025 02:23:31.010917] r LSUPDATE :12010 8 F 20 :12002_42_1745745810.977713 1745745378.141016 :12002 (:12000,:12010,:12004)
[Sun Apr 27 2025 02:23:31.010933] d LSUPDATE :12006 7 F 20 :12002_42_1745745810.977713 1745745378.141016 :12002 (:12000,:12010,:12004)
[Sun Apr 27 2025 02:23:31.011165] r LSUPDATE :12010 9 F 13 :12010_19_1745745811.000579 1745745409.457056 :12010 (:12002,:12008)
[Sun Apr 27 2025 02:23:31.011180] d LSUPDATE :12006 8 F 13 :12010_19_1745745811.000579 1745745409.457056 :12010 (:12002,:12008)
[Sun Apr 27 2025 02:23:31.016645] r LSUPDATE :12010 9 F 13 :12010_20_1745745811.001082 1745745409.457056 :12010 (:12002,:12008)
[Sun Apr 27 2025 02:23:31.016667] d LSUPDATE :12006 8 F 13 :12010_20_1745745811.001082 1745745409.457056 :12010 (:12002,:12008)
[Sun Apr 27 2025 02:23:31.016903] r LSUPDATE :12010 9 F 13 :12010_21_1745745811.008433 1745745409.457056 :12010 (:12002,:12008)
[Sun Apr 27 2025 02:23:31.016918] d LSUPDATE :12006 8 F 13 :12010_21_1745745811.008433 1745745409.457056 :12010 (:12002,:12008)
[Sun Apr 27 2025 02:23:31.017149] r LSUPDATE :12010 9 F 13 :12010_22_1745745811.008979 1745745409.457056 :12010 (:12002,:12008)
[Sun Apr 27 2025 02:23:31.017163] d LSUPDATE :12006 8 F 13 :12010_22_1745745811.008979 1745745409.457056 :12010 (:12002,:12008)
[Sun Apr 27 2025 02:23:31.048826] r LSUPDATE :12006 9 F 13 :12006_36_1745745811.047573 1745745394.856215 :12006 (:12008,:12004)
[Sun Apr 27 2025 02:23:31.048862] d LSUPDATE :12010 8 F 13 :12006_36_1745745811.047573 1745745394.856215 :12006 (:12008,:12004)
[Sun Apr 27 2025 02:23:31.057888] r LSUPDATE :12010 8 F 20 :12002_43_1745745810.978017 1745745378.141016 :12002 (:12000,:12010,:12004)
[Sun Apr 27 2025 02:23:31.057917] d LSUPDATE :12006 7 F 20 :12002_43_1745745810.978017 1745745378.141016 :12002 (:12000,:12010,:12004)
[Sun Apr 27 2025 02:23:31.058162] r LSUPDATE :12006 9 F 13 :12006_37_1745745811.055870 1745745394.856215 :12006 (:12008,:12004)
[Sun Apr 27 2025 02:23:31.058382] r LSUPDATE :12010 7 F 6 :12000_64_1745745810.981926 1745745378.140808 :12000 (:12002)
[Sun Apr 27 2025 02:23:31.058397] d LSUPDATE :12006 6 F 6 :12000_64_1745745810.981926 1745745378.140808 :12000 (:12002)
[Sun Apr 27 2025 02:23:31.058433] d LSUPDATE :12010 8 F 13 :12006_37_1745745811.055870 1745745394.856215 :12006 (:12008,:12004)
[Sun Apr 27 2025 02:23:31.059381] r LSUPDATE :12006 9 F 13 :12006_38_1745745811.056404 1745745394.856215 :12006 (:12008,:12004)
[Sun Apr 27 2025 02:23:31.059400] d LSUPDATE :12010 8 F 13 :12006_38_1745745811.056404 1745745394.856215 :12006 (:12008,:12004)
[Sun Apr 27 2025 02:23:31.070364] r LSUPDATE :12006 9 F 13 :12006_39_1745745811.062826 1745745394.856215 :12006 (:12008,:12004)
[Sun Apr 27 2025 02:23:31.070387] d LSUPDATE :12010 8 F 13 :12006_39_1745745811.062826 1745745394.856215 :12006 (:12008,:12004)
[Sun Apr 27 2025 02:23:31.074335] r LSUPDATE :12010 8 F 20 :12002_44_1745745811.006634 1745745378.141016 :12002 (:12000,:12010,:12004)
[Sun Apr 27 2025 02:23:31.074812] d LSUPDATE :12006 7 F 20 :12002_44_1745745811.006634 1745745378.141016 :12002 (:12000,:12010,:12004)
[Sun Apr 27 2025 02:23:31.075086] r LSUPDATE :12010 8 F 20 :12002_45_1745745811.014923 1745745378.141016 :12002 (:12000,:12010,:12004)
[Sun Apr 27 2025 02:23:31.075104] d LSUPDATE :12006 7 F 20 :12002_45_1745745811.014923 1745745378.141016 :12002 (:12000,:12010,:12004)
[Sun Apr 27 2025 02:23:31.075335] r LSUPDATE :12010 8 F 20 :12002_46_1745745811.022074 1745745378.141016 :12002 (:12000,:12010,:12004)
[Sun Apr 27 2025 02:23:31.075350] d LSUPDATE :12006 7 F 20 :12002_46_1745745811.022074 1745745378.141016 :12002 (:12000,:12010,:12004)
[Sun Apr 27 2025 02:23:31.075999] r LSUPDATE :12010 8 F 20 :12002_47_1745745811.025622 1745745378.141016 :12002 (:12000,:12010,:12004)
[Sun Apr 27 2025 02:23:31.076015] d LSUPDATE :12006 7 F 20 :12002_47_1745745811.025622 1745745378.141016 :12002 (:12000,:12010,:12004)
[Sun Apr 27 2025 02:23:31.084236] r LSUPDATE :12006 7 F 20 :12002_44_1745745811.006634 1745745378.141016 :12002 (:12000,:12010,:12004)
[Sun Apr 27 2025 02:23:31.084467] r LSUPDATE :12006 7 F 20 :12002_45_1745745811.014923 1745745378.141016 :12002 (:12000,:12010,:12004)
[Sun Apr 27 2025 02:23:31.084687] r LSUPDATE :12010 8 F 20 :12002_48_1745745811.030330 1745745378.141016 :12002 (:12000,:12010,:12004)
[Sun Apr 27 2025 02:23:31.084703] d LSUPDATE :12006 7 F 20 :12002_48_1745745811.030330 1745745378.141016 :12002 (:12000,:12010,:12004)
[Sun Apr 27 2025 02:23:31.084931] r LSUPDATE :12010 7 F 6 :12000_65_1745745811.032421 1745745378.140808 :12000 (:12002)
[Sun Apr 27 2025 02:23:31.084945] d LSUPDATE :12006 6 F 6 :12000_65_1745745811.032421 1745745378.140808 :12000 (:12002)
[Sun Apr 27 2025 02:23:31.085172] r LSUPDATE :12010 7 F 6 :12000_66_1745745811.032911 1745745378.140808 :12000 (:12002)
[Sun Apr 27 2025 02:23:31.085186] d LSUPDATE :12006 6 F 6 :12000_66_1745745811.032911 1745745378.140808 :12000 (:12002)
[Sun Apr 27 2025 02:23:31.089740] r LSUPDATE :12006 7 F 20 :12002_46_1745745811.022074 1745745378.141016 :12002 (:12000,:12010,:12004)
[Sun Apr 27 2025 02:23:31.089968] r LSUPDATE :12010 7 F 6 :12000_67_1745745811.033166 1745745378.140808 :12000 (:12002)
[Sun Apr 27 2025 02:23:31.089983] d LSUPDATE :12006 6 F 6 :12000_67_1745745811.033166 1745745378.140808 :12000 (:12002)
[Sun Apr 27 2025 02:23:31.090217] r LSUPDATE :12010 7 F 6 :12000_68_1745745811.034313 1745745378.140808 :12000 (:12002)
[Sun Apr 27 2025 02:23:31.090232] d LSUPDATE :12006 6 F 6 :12000_68_1745745811.034313 1745745378.140808 :12000 (:12002)
[Sun Apr 27 2025 02:23:31.090459] r LSUPDATE :12010 7 F 6 :12000_69_1745745811.034807 1745745378.140808 :12000 (:12002)
[Sun Apr 27 2025 02:23:31.090473] d LSUPDATE :12006 6 F 6 :12000_69_1745745811.034807 1745745378.140808 :12000 (:12002)
[Sun Apr 27 2025 02:23:31.090699] r LSUPDATE :12010 7 F 6 :12000_70_1745745811.035294 1745745378.140808 :12000 (:12002)
[Sun Apr 27 2025 02:23:31.090717] d LSUPDATE :12006 6 F 6 :12000_70_1745745811.035294 1745745378.140808 :12000 (:12002)
[Sun Apr 27 2025 02:23:31.095516] r LSUPDATE :12010 7 F 6 :12000_71_1745745811.035543 1745745378.140808 :12000 (:12002)
[Sun Apr 27 2025 02:23:31.095533] d LSUPDATE :12006 6 F 6 :12000_71_1745745811.035543 1745745378.140808 :12000 (:12002)
[Sun Apr 27 2025 02:23:31.098035] r LSUPDATE :12006 6 F 6 :12000_65_1745745811.032421 1745745378.140808 :12000 (:12002)
[Sun Apr 27 2025 02:23:31.103856] r LSUPDATE :12006 7 F 20 :12002_49_1745745811.060659 1745745378.141016 :12002 (:12000,:12010,:12004)
[Sun Apr 27 2025 02:23:31.103875] d LSUPDATE :12010 6 F 20 :12002_49_1745745811.060659 1745745378.141016 :12002 (:12000,:12010,:12004)
[Sun Apr 27 2025 02:23:31.104114] r LSUPDATE :12010 8 F 20 :12002_49_1745745811.060659 1745745378.141016 :12002 (:12000,:12010,:12004)
[Sun Apr 27 2025 02:23:31.104339] r LSUPDATE :12010 7 F 6 :12000_72_1745745811.036654 1745745378.140808 :12000 (:12002)
[Sun Apr 27 2025 02:23:31.104354] d LSUPDATE :12006 6 F 6 :12000_72_1745745811.036654 1745745378.140808 :12000 (:12002)
[Sun Apr 27 2025 02:23:31.104998] r LSUPDATE :12010 8 F 20 :12002_50_1745745811.064350 1745745378.141016 :12002 (:12000,:12010,:12004)
[Sun Apr 27 2025 02:23:31.105016] d LSUPDATE :12006 7 F 20 :12002_50_1745745811.064350 1745745378.141016 :12002 (:12000,:12010,:12004)
[Sun Apr 27 2025 02:23:31.105479] r LSUPDATE :12010 7 F 6 :12000_73_1745745811.036903 1745745378.140808 :12000 (:12002)
[Sun Apr 27 2025 02:23:31.105494] d LSUPDATE :12006 6 F 6 :12000_73_1745745811.036903 1745745378.140808 :12000 (:12002)
[Sun Apr 27 2025 02:23:31.105721] r LSUPDATE :12010 7 F 6 :12000_74_1745745811.037630 1745745378.140808 :12000 (:12002)
[Sun Apr 27 2025 02:23:31.105735] d LSUPDATE :12006 6 F 6 :12000_74_1745745811.037630 1745745378.140808 :12000 (:12002)
[Sun Apr 27 2025 02:23:31.105968] r LSUPDATE :12010 7 F 6 :12000_75_1745745811.037877 1745745378.140808 :12000 (:12002)
[Sun Apr 27 2025 02:23:31.105982] d LSUPDATE :12006 6 F 6 :12000_75_1745745811.037877 1745745378.140808 :12000 (:12002)
[Sun Apr 27 2025 02:23:31.106209] r LSUPDATE :12010 7 F 6 :12000_76_1745745811.038626 1745745378.140808 :12000 (:12002)
[Sun Apr 27 2025 02:23:31.106223] d LSUPDATE :12006 6 F 6 :12000_76_1745745811.038626 1745745378.140808 :12000 (:12002)
[Sun Apr 27 2025 02:23:31.107443] r LSUPDATE :12006 7 F 20 :12002_50_1745745811.064350 1745745378.141016 :12002 (:12000,:12010,:12004)
[Sun Apr 27 2025 02:23:31.111172] r LSUPDATE :12006 6 F 6 :12000_77_1745745811.038874 1745745378.140808 :12000 (:12002)
[Sun Apr 27 2025 02:23:31.111193] d LSUPDATE :12010 5 F 6 :12000_77_1745745811.038874 1745745378.140808 :12000 (:12002)
[Sun Apr 27 2025 02:23:31.113840] r LSUPDATE :12010 8 F 20 :12002_51_1745745811.077644 1745745378.141016 :12002 (:12000,:12010,:12004)
[Sun Apr 27 2025 02:23:31.113869] d LSUPDATE :12006 7 F 20 :12002_51_1745745811.077644 1745745378.141016 :12002 (:12000,:12010,:12004)
[Sun Apr 27 2025 02:23:31.124643] r LSUPDATE :12006 7 F 20 :12002_52_1745745811.091890 1745745378.141016 :12002 (:12000,:12010,:12004)
[Sun Apr 27 2025 02:23:31.124665] d LSUPDATE :12010 6 F 20 :12002_52_1745745811.091890 1745745378.141016 :12002 (:12000,:12010,:12004)
[Sun Apr 27 2025 02:23:31.124908] r LSUPDATE :12010 7 F 6 :12000_78_1745745811.039140 1745745378.140808 :12000 (:12002)
[Sun Apr 27 2025 02:23:31.124924] d LSUPDATE :12006 6 F 6 :12000_78_1745745811.039140 1745745378.140808 :12000 (:12002)
[Sun Apr 27 2025 02:23:31.125172] r LSUPDATE :12010 8 F 20 :12002_52_1745745811.091890 1745745378.141016 :12002 (:12000,:12010,:12004)
[Sun Apr 27 2025 02:23:31.125387] r LSUPDATE :12010 7 F 6 :12000_79_1745745811.068027 1745745378.140808 :12000 (:12002)
[Sun Apr 27 2025 02:23:31.125401] d LSUPDATE :12006 6 F 6 :12000_79_1745745811.068027 1745745378.140808 :12000 (:12002)
[Sun Apr 27 2025 02:23:31.125630] r LSUPDATE :12010 7 F 6 :12000_80_1745745811.080620 1745745378.140808 :12000 (:12002)
[Sun Apr 27 2025 02:23:31.125650] d LSUPDATE :12006 6 F 6 :12000_80_1745745811.080620 1745745378.140808 :12000 (:12002)
[Sun Apr 27 2025 02:23:31.125887] r LSUPDATE :12010 7 F 6 :12000_81_1745745811.081102 1745745378.140808 :12000 (:12002)
[Sun Apr 27 2025 02:23:31.125902] d LSUPDATE :12006 6 F 6 :12000_81_1745745811.081102 1745745378.140808 :12000 (:12002)
[Sun Apr 27 2025 02:23:31.126130] r LSUPDATE :12010 7 F 6 :12000_82_1745745811.086646 1745745378.140808 :12000 (:12002)
[Sun Apr 27 2025 02:23:31.126144] d LSUPDATE :12006 6 F 6 :12000_82_1745745811.086646 1745745378.140808 :12000 (:12002)
[Sun Apr 27 2025 02:23:31.128344] r LSUPDATE :12006 6 F 6 :12000_79_1745745811.068027 1745745378.140808 :12000 (:12002)
[Sun Apr 27 2025 02:23:45.092935] r LSUPDATE :12006 9 F 6 :12006_42_1745745825.092597 1745745394.856215 :12006 (:12008)
[Sun Apr 27 2025 02:23:45.092963] d LSUPDATE :12010 8 F 6 :12006_42_1745745825.092597 1745745394.856215 :12006 (:12008)
[Sun Apr 27 2025 02:23:45.095887] r LSUPDATE :12010 8 F 13 :12002_53_1745745825.093918 1745745378.141016 :12002 (:12000,:12010)
[Sun Apr 27 2025 02:23:45.095910] d LSUPDATE :12006 7 F 13 :12002_53_1745745825.093918 1745745378.141016 :12002 (:12000,:12010)
[Sun Apr 27 2025 02:23:45.096171] r LSUPDATE :12010 8 F 13 :12002_54_1745745825.093990 1745745378.141016 :12002 (:12000,:12010)
[Sun Apr 27 2025 02:23:45.096188] d LSUPDATE :12006 7 F 13 :12002_54_1745745825.093990 1745745378.141016 :12002 (:12000,:12010)
[Sun Apr 27 2025 02:23:45.098323] r LSUPDATE :12010 7 F 6 :12000_83_1745745825.094346 1745745378.140808 :12000 (:12002)
[Sun Apr 27 2025 02:23:45.098341] d LSUPDATE :12006 6 F 6 :12000_83_1745745825.094346 1745745378.140808 :12000 (:12002)
[Sun Apr 27 2025 02:24:13.584523] r LSUPDATE :12010 8 F 6 :12002_57_1745745853.583845 1745745378.141016 :12002 (:12010)
[Sun Apr 27 2025 02:24:13.584550] d LSUPDATE :12006 7 F 6 :12002_57_1745745853.583845 1745745378.141016 :12002 (:12010)
[Sun Apr 27 2025 02:24:17.272461] r LSUPDATE :12010 9 F 6 :12010_25_1745745857.272082 1745745409.457056 :12010 (:12008)
[Sun Apr 27 2025 02:24:17.272491] d LSUPDATE :12006 8 F 6 :12010_25_1745745857.272082 1745745409.457056 :12010 (:12008)
[Sun Apr 27 2025 02:24:17.273126] r LSUPDATE :12006 9 F 6 :12006_47_1745745857.272790 1745745394.856215 :12006 (:12008)
[Sun Apr 27 2025 02:24:17.273146] d LSUPDATE :12010 8 F 6 :12006_47_1745745857.272790 1745745394.856215 :12006 (:12008)
[Sun Apr 27 2025 02:24:29.540592] i LSUPDATE :12010 9 F 6 :12008_23_1745745869.540570 1745745403.540731 :12008 (:12010)
