[Thu May  1 2025 03:50:17.994462] i SAYHELLO :12002 1 - 0
[Thu May  1 2025 03:50:17.994592] r SAYHELLO :12002 1 - 0
[Thu May  1 2025 03:50:17.994624] i LSUPDATE :12002 9 F 6 :12004_2_1746096617.994611 1746096617.994606 :12004 (:12002)
[Thu May  1 2025 03:50:17.994847] r LSUPDATE :12002 9 F 13 :12002_10_1746096617.994091 1746096587.061081 :12002 (:12000,:12004)
[Thu May  1 2025 03:50:17.995913] r LSUPDATE :12002 8 F 6 :12000_11_1746096617.995394 1746096587.060873 :12000 (:12002)
[Thu May  1 2025 03:50:17.995945] i LSUPDATE :12002 9 F 6 :12004_5_1746096617.995937 1746096617.994606 :12004 (:12002)
[Thu May  1 2025 03:50:17.997943] r LSUPDATE :12002 8 F 6 :12000_12_1746096617.997391 1746096587.060873 :12000 (:12002)
[Thu May  1 2025 04:39:47.997589] i SAYHELLO :12002 1 - 0
[Thu May  1 2025 04:39:47.997589] i SAYHELLO :12002 1 - 0
[Thu May  1 2025 04:39:47.997735] r SAYHELLO :12002 1 - 0
[Thu May  1 2025 04:39:47.998506] i LSUPDATE :12002 9 F 6 :12004_2_1746099587.998490 1746099587.998487 :12004 (:12002)
[Thu May  1 2025 04:39:47.999051] r LSUPDATE :12002 9 F 13 :12002_10_1746099587.997208 1746099572.182960 :12002 (:12000,:12004)
[Thu May  1 2025 04:39:48.000176] r LSUPDATE :12002 8 F 6 :12000_11_1746099587.999621 1746099572.182753 :12000 (:12002)
[Thu May  1 2025 04:39:48.001011] i LSUPDATE :12002 9 F 6 :12004_5_1746099588.000204 1746099587.998487 :12004 (:12002)
[Thu May  1 2025 04:39:48.001240] r LSUPDATE :12002 8 F 6 :12000_12_1746099588.000712 1746099572.182753 :12000 (:12002)
[Thu May  1 2025 04:44:48.606697] r LSUPDATE :12002 9 F 6 :12002_12_1746099888.606260 1746099572.182960 :12002 (:12004)
[Thu May  1 2025 04:45:37.075567] i SAYHELLO :12002 1 - 0
[Thu May  1 2025 04:45:37.075698] r SAYHELLO :12002 1 - 0
[Thu May  1 2025 04:45:37.075732] i LSUPDATE :12002 9 F 6 :12004_2_1746099937.075718 1746099937.075715 :12004 (:12002)
[Thu May  1 2025 04:45:37.075959] r LSUPDATE :12002 9 F 13 :12002_11_1746099937.075157 1746099909.487965 :12002 (:12000,:12004)
[Thu May  1 2025 04:45:37.077038] r LSUPDATE :12002 8 F 6 :12000_12_1746099937.076519 1746099909.487758 :12000 (:12002)
[Thu May  1 2025 04:45:37.078405] i LSUPDATE :12002 9 F 6 :12004_5_1746099937.077063 1746099937.075715 :12004 (:12002)
[Thu May  1 2025 04:45:37.078641] r LSUPDATE :12002 8 F 6 :12000_13_1746099937.077559 1746099909.487758 :12000 (:12002)
[Thu May  1 2025 04:55:13.873885] i SAYHELLO :12002 1 - 0
[Thu May  1 2025 04:55:13.874010] r SAYHELLO :12002 1 - 0
[Thu May  1 2025 04:55:13.874042] i LSUPDATE :12002 9 F 6 :12004_2_1746100513.874029 1746100513.874027 :12004 (:12002)
[Thu May  1 2025 04:55:13.875176] r LSUPDATE :12002 9 F 13 :12002_4_1746100513.873526 1746100511.158356 :12002 (:12000,:12004)
[Thu May  1 2025 04:55:13.876252] r LSUPDATE :12002 8 F 6 :12000_5_1746100513.875728 1746100511.158140 :12000 (:12002)
[Thu May  1 2025 04:55:13.877477] i LSUPDATE :12002 9 F 6 :12004_5_1746100513.876277 1746100513.874027 :12004 (:12002)
[Thu May  1 2025 04:55:13.877693] r LSUPDATE :12002 8 F 6 :12000_6_1746100513.877182 1746100511.158140 :12000 (:12002)
[Thu May  1 2025 04:57:21.786773] r SAYHELLO :12002 1 - 0
[Thu May  1 2025 04:57:21.786819] i LSUPDATE :12002 9 F 6 :12004_27_1746100641.786812 1746100513.874027 :12004 (:12002)
[Thu May  1 2025 04:57:21.786842] i SAYHELLO :12002 1 - 0
[Thu May  1 2025 04:57:21.787547] r LSUPDATE :12002 9 F 13 :12002_2_1746100641.787027 1746100641.787024 :12002 (:12000,:12004)
[Thu May  1 2025 04:57:21.828691] r LSUPDATE :12002 9 F 13 :12002_4_1746100641.790666 1746100641.787024 :12002 (:12000,:12004)
[Thu May  1 2025 04:57:21.828932] r LSUPDATE :12002 8 F 6 :12000_29_1746100641.789111 1746100511.158140 :12000 (:12002)
[Thu May  1 2025 04:57:21.833535] r LSUPDATE :12002 8 F 6 :12000_30_1746100641.790470 1746100511.158140 :12000 (:12002)
[Thu May  1 2025 05:06:12.811140] r LSUPDATE :12002 9 F 6 :12002_6_1746101172.810745 1746100641.787024 :12002 (:12004)
[Thu May  1 2025 05:06:25.893309] i SAYHELLO :12002 1 - 0
[Thu May  1 2025 05:06:25.893434] r SAYHELLO :12002 1 - 0
[Thu May  1 2025 05:06:25.894762] i LSUPDATE :12002 9 F 6 :12004_2_1746101185.893917 1746101185.893915 :12004 (:12002)
[Thu May  1 2025 05:06:25.895019] r LSUPDATE :12002 9 F 13 :12002_4_1746101185.892949 1746101183.688058 :12002 (:12000,:12004)
[Thu May  1 2025 05:06:25.895250] r LSUPDATE :12002 8 F 6 :12000_5_1746101185.894448 1746101183.687853 :12000 (:12002)
[Thu May  1 2025 05:06:25.896068] i LSUPDATE :12002 9 F 6 :12004_5_1746101185.895269 1746101185.893915 :12004 (:12002)
[Thu May  1 2025 05:06:25.896302] r LSUPDATE :12002 8 F 6 :12000_6_1746101185.895768 1746101183.687853 :12000 (:12002)
[Thu May  1 2025 05:09:32.680267] i SAYHELLO :12002 1 - 0
[Thu May  1 2025 05:09:32.680400] r SAYHELLO :12002 1 - 0
[Thu May  1 2025 05:09:32.680433] i LSUPDATE :12002 9 F 6 :12004_2_1746101372.680419 1746101372.680417 :12004 (:12002)
[Thu May  1 2025 05:09:32.680680] r LSUPDATE :12002 9 F 13 :12002_4_1746101372.679430 1746101370.276511 :12002 (:12000,:12004)
[Thu May  1 2025 05:09:32.682173] r LSUPDATE :12002 8 F 6 :12000_5_1746101372.681658 1746101370.276303 :12000 (:12002)
[Thu May  1 2025 05:09:32.683434] i LSUPDATE :12002 9 F 6 :12004_5_1746101372.682619 1746101372.680417 :12004 (:12002)
[Thu May  1 2025 05:09:32.683652] r LSUPDATE :12002 8 F 6 :12000_6_1746101372.683128 1746101370.276303 :12000 (:12002)
[Thu May  1 2025 05:10:05.042722] r SAYHELLO :12002 1 - 0
[Thu May  1 2025 05:10:05.042762] i LSUPDATE :12002 9 F 6 :12004_11_1746101405.042755 1746101372.680417 :12004 (:12002)
[Thu May  1 2025 05:10:05.042785] i SAYHELLO :12002 1 - 0
[Thu May  1 2025 05:10:05.043862] r LSUPDATE :12002 9 F 13 :12002_2_1746101405.043326 1746101405.043324 :12002 (:12000,:12004)
[Thu May  1 2025 05:10:05.084413] r LSUPDATE :12002 9 F 13 :12002_4_1746101405.044988 1746101405.043324 :12002 (:12000,:12004)
[Thu May  1 2025 05:10:05.084652] r LSUPDATE :12002 8 F 6 :12000_13_1746101405.044527 1746101370.276303 :12000 (:12002)
[Thu May  1 2025 05:10:05.089304] r LSUPDATE :12002 8 F 6 :12000_14_1746101405.048791 1746101370.276303 :12000 (:12002)
[Thu May  1 2025 05:12:56.474668] r LSUPDATE :12002 9 F 6 :12002_6_1746101576.474262 1746101405.043324 :12002 (:12004)
[Thu May  1 2025 05:13:28.607547] i SAYHELLO :12002 1 - 0
[Thu May  1 2025 05:13:28.607682] r SAYHELLO :12002 1 - 0
[Thu May  1 2025 05:13:28.607715] i LSUPDATE :12002 9 F 6 :12004_2_1746101608.607702 1746101608.607700 :12004 (:12002)
[Thu May  1 2025 05:13:28.607941] r LSUPDATE :12002 9 F 13 :12002_4_1746101608.607174 1746101605.314831 :12002 (:12000,:12004)
[Thu May  1 2025 05:13:28.609403] r LSUPDATE :12002 8 F 6 :12000_5_1746101608.608887 1746101605.314623 :12000 (:12002)
[Thu May  1 2025 05:13:28.610221] i LSUPDATE :12002 9 F 6 :12004_5_1746101608.609428 1746101608.607700 :12004 (:12002)
[Thu May  1 2025 05:13:28.610438] r LSUPDATE :12002 8 F 6 :12000_6_1746101608.609925 1746101605.314623 :12000 (:12002)
[Thu May  1 2025 20:06:09.260417] i SAYHELLO :12002 1 - 0
[Thu May  1 2025 20:06:09.260417] i SAYHELLO :12002 1 - 0
[Thu May  1 2025 20:06:09.260567] r SAYHELLO :12002 1 - 0
[Thu May  1 2025 20:06:09.261070] i LSUPDATE :12002 9 F 6 :12004_2_1746155169.261056 1746155169.261054 :12004 (:12002)
[Thu May  1 2025 20:06:09.261298] r LSUPDATE :12002 9 F 13 :12002_4_1746155169.260030 1746155161.737148 :12002 (:12000,:12004)
[Thu May  1 2025 20:06:09.262391] r LSUPDATE :12002 8 F 6 :12000_5_1746155169.261854 1746155161.736933 :12000 (:12002)
[Thu May  1 2025 20:06:09.262423] i LSUPDATE :12002 9 F 6 :12004_5_1746155169.262415 1746155169.261054 :12004 (:12002)
[Thu May  1 2025 20:06:09.263438] r LSUPDATE :12002 8 F 6 :12000_6_1746155169.262932 1746155161.736933 :12000 (:12002)
[Thu May  1 2025 20:06:45.505813] r SAYHELLO :12002 1 - 0
[Thu May  1 2025 20:06:45.505858] i LSUPDATE :12002 9 F 6 :12004_10_1746155205.505851 1746155169.261054 :12004 (:12002)
[Thu May  1 2025 20:06:45.505882] i SAYHELLO :12002 1 - 0
[Thu May  1 2025 20:06:45.507040] r LSUPDATE :12002 9 F 13 :12002_2_1746155205.506520 1746155205.506518 :12002 (:12000,:12004)
[Thu May  1 2025 20:06:45.548446] r LSUPDATE :12002 9 F 13 :12002_4_1746155205.508062 1746155205.506518 :12002 (:12000,:12004)
[Thu May  1 2025 20:06:45.548705] r LSUPDATE :12002 8 F 6 :12000_12_1746155205.507627 1746155161.736933 :12000 (:12002)
[Thu May  1 2025 20:06:45.549754] r LSUPDATE :12002 8 F 6 :12000_13_1746155205.548984 1746155161.736933 :12000 (:12002)
[Thu May  1 2025 20:17:21.141227] r SAYHELLO :12002 1 - 0
[Thu May  1 2025 20:17:21.141269] i LSUPDATE :12002 9 F 6 :12004_29_1746155841.141262 1746155169.261054 :12004 (:12002)
[Thu May  1 2025 20:17:21.141292] i SAYHELLO :12002 1 - 0
[Thu May  1 2025 20:17:21.143064] r LSUPDATE :12002 9 F 13 :12002_2_1746155841.142127 1746155841.142124 :12002 (:12000,:12004)
[Thu May  1 2025 20:17:21.185365] r LSUPDATE :12002 9 F 13 :12002_4_1746155841.143467 1746155841.142124 :12002 (:12000,:12004)
[Thu May  1 2025 20:17:21.185596] r LSUPDATE :12002 8 F 6 :12000_31_1746155841.141935 1746155161.736933 :12000 (:12002)
[Thu May  1 2025 20:17:21.186530] r LSUPDATE :12002 8 F 6 :12000_32_1746155841.184857 1746155161.736933 :12000 (:12002)
[Thu May  1 2025 22:53:33.985629] i SAYHELLO :12002 1 - 0
[Thu May  1 2025 22:53:33.985629] i SAYHELLO :12002 1 - 0
[Thu May  1 2025 22:53:33.985785] r SAYHELLO :12002 1 - 0
[Thu May  1 2025 22:53:33.986529] i LSUPDATE :12002 9 F 6 :12004_2_1746165213.986514 1746165213.986512 :12004 (:12002)
[Thu May  1 2025 22:53:33.986763] r LSUPDATE :12002 9 F 13 :12002_4_1746165213.983209 1746165209.820077 :12002 (:12000,:12004)
[Thu May  1 2025 22:53:33.988272] r LSUPDATE :12002 8 F 6 :12000_5_1746165213.987536 1746165209.817065 :12000 (:12002)
[Thu May  1 2025 22:53:33.988488] i LSUPDATE :12002 9 F 6 :12004_5_1746165213.988480 1746165213.986512 :12004 (:12002)
[Thu May  1 2025 22:53:33.990622] r LSUPDATE :12002 8 F 6 :12000_6_1746165213.989686 1746165209.817065 :12000 (:12002)
[Thu May  1 2025 22:59:46.136081] r SAYHELLO :12002 1 - 0
[Thu May  1 2025 22:59:46.136131] i LSUPDATE :12002 9 F 6 :12004_33_1746165586.136124 1746165213.986512 :12004 (:12002)
[Thu May  1 2025 22:59:46.136172] i SAYHELLO :12002 1 - 0
[Thu May  1 2025 22:59:46.139194] r LSUPDATE :12002 9 F 13 :12002_2_1746165586.138121 1746165586.138119 :12002 (:12000,:12004)
[Thu May  1 2025 22:59:46.180417] r LSUPDATE :12002 9 F 13 :12002_3_1746165586.140648 1746165586.138119 :12002 (:12000,:12004)
[Thu May  1 2025 22:59:46.181115] r LSUPDATE :12002 8 F 6 :12000_41_1746165586.137453 1746165209.817065 :12000 (:12002)
[Thu May  1 2025 22:59:46.182742] r LSUPDATE :12002 8 F 6 :12000_42_1746165586.181607 1746165209.817065 :12000 (:12002)
[Thu May  1 2025 23:01:23.476902] r SAYHELLO :12002 1 - 0
[Thu May  1 2025 23:01:23.476937] i LSUPDATE :12002 9 F 6 :12004_55_1746165683.476931 1746165213.986512 :12004 (:12002)
[Thu May  1 2025 23:01:23.476960] i SAYHELLO :12002 1 - 0
[Thu May  1 2025 23:01:23.479220] r LSUPDATE :12002 9 F 13 :12002_2_1746165683.477488 1746165683.477486 :12002 (:12000,:12004)
[Thu May  1 2025 23:01:23.520422] r LSUPDATE :12002 9 F 13 :12002_3_1746165683.480479 1746165683.477486 :12002 (:12000,:12004)
[Thu May  1 2025 23:01:23.520683] r LSUPDATE :12002 8 F 6 :12000_63_1746165683.475878 1746165209.817065 :12000 (:12002)
[Thu May  1 2025 23:01:23.522274] r LSUPDATE :12002 8 F 6 :12000_64_1746165683.521180 1746165209.817065 :12000 (:12002)
[Thu May  1 2025 23:03:00.900861] r LSUPDATE :12002 9 F 6 :12002_17_1746165780.900502 1746165683.477486 :12002 (:12004)
