[Wed Apr 30 2025 20:12:47.038767] r SAYHELLO :12002 1 - 0
[Wed Apr 30 2025 20:12:47.038828] i LSUPDATE :12002 9 F 6 :12000_2_1746069167.038816 1746069167.038814 :12000 (:12002)
[Wed Apr 30 2025 20:12:47.038854] i SAYHELLO :12002 1 - 0
[Wed Apr 30 2025 20:12:47.040707] r LSUPDATE :12002 9 F 6 :12002_2_1746069167.040458 1746069167.040456 :12002 (:12000)
[Wed Apr 30 2025 20:13:52.726261] i SAYHELLO :12002 1 - 0
[Wed Apr 30 2025 20:13:52.726737] r SAYHELLO :12002 1 - 0
[Wed Apr 30 2025 20:13:52.727756] i LSUPDATE :12002 9 F 6 :12000_2_1746069232.727085 1746069232.727082 :12000 (:12002)
[Wed Apr 30 2025 20:13:52.727979] r LSUPDATE :12002 9 F 6 :12002_5_1746069232.724880 1746069167.040456 :12002 (:12000)
[Wed Apr 30 2025 20:15:18.180202] i SAYHELLO :12002 1 - 0
[Wed Apr 30 2025 20:15:18.180202] i SAYHELLO :12002 1 - 0
[Wed Apr 30 2025 20:15:18.180361] r SAYHELLO :12002 1 - 0
[Wed Apr 30 2025 20:15:18.185797] i LSUPDATE :12002 9 F 6 :12000_2_1746069318.184191 1746069318.184187 :12000 (:12002)
[Wed Apr 30 2025 20:15:18.186031] r LSUPDATE :12002 9 F 6 :12002_7_1746069318.179537 1746069167.040456 :12002 (:12000)
[Wed Apr 30 2025 20:17:58.223020] r SAYHELLO :12002 1 - 0
[Wed Apr 30 2025 20:17:58.226144] i LSUPDATE :12002 9 F 6 :12000_2_1746069478.226130 1746069478.226127 :12000 (:12002)
[Wed Apr 30 2025 20:17:58.226189] i SAYHELLO :12002 1 - 0
[Wed Apr 30 2025 20:17:58.228325] r LSUPDATE :12002 9 F 6 :12002_2_1746069478.227796 1746069478.227793 :12002 (:12000)
[Wed Apr 30 2025 20:19:22.732574] i SAYHELLO :12002 1 - 0
[Wed Apr 30 2025 20:19:22.733366] r SAYHELLO :12002 1 - 0
[Wed Apr 30 2025 20:19:22.734999] i LSUPDATE :12002 9 F 6 :12000_2_1746069562.733387 1746069562.733385 :12000 (:12002)
[Wed Apr 30 2025 20:19:22.735230] r LSUPDATE :12002 9 F 6 :12002_5_1746069562.733173 1746069478.227793 :12002 (:12000)
[Wed Apr 30 2025 20:19:27.935126] r SAYHELLO :12002 1 - 0
[Wed Apr 30 2025 20:19:27.935178] i LSUPDATE :12002 9 F 6 :12000_5_1746069567.935171 1746069562.733385 :12000 (:12002)
[Wed Apr 30 2025 20:19:27.935201] i SAYHELLO :12002 1 - 0
[Wed Apr 30 2025 20:19:27.939388] r LSUPDATE :12002 9 F 6 :12002_2_1746069567.938040 1746069567.938037 :12002 (:12000)
[Wed Apr 30 2025 20:34:37.920453] r SAYHELLO :12002 1 - 0
[Wed Apr 30 2025 20:34:37.921631] i LSUPDATE :12002 9 F 6 :12000_2_1746070477.921618 1746070477.921615 :12000 (:12002)
[Wed Apr 30 2025 20:34:37.921674] i SAYHELLO :12002 1 - 0
[Wed Apr 30 2025 20:34:37.925051] r LSUPDATE :12002 9 F 6 :12002_2_1746070477.924567 1746070477.924564 :12002 (:12000)
[Wed Apr 30 2025 20:37:09.629220] r SAYHELLO :12002 1 - 0
[Wed Apr 30 2025 20:37:09.630145] i LSUPDATE :12002 9 F 6 :12000_2_1746070629.630132 1746070629.630129 :12000 (:12002)
[Wed Apr 30 2025 20:37:09.630190] i SAYHELLO :12002 1 - 0
[Wed Apr 30 2025 20:37:09.634240] r LSUPDATE :12002 9 F 6 :12002_2_1746070629.632635 1746070629.632632 :12002 (:12000)
[Wed Apr 30 2025 20:38:16.869281] r SAYHELLO :12002 1 - 0
[Wed Apr 30 2025 20:38:16.871477] i LSUPDATE :12002 9 F 6 :12000_2_1746070696.871463 1746070696.871460 :12000 (:12002)
[Wed Apr 30 2025 20:38:16.871521] i SAYHELLO :12002 1 - 0
[Wed Apr 30 2025 20:38:16.873788] r LSUPDATE :12002 9 F 6 :12002_2_1746070696.873276 1746070696.873273 :12002 (:12000)
[Wed Apr 30 2025 20:52:52.743086] r SAYHELLO :12002 1 - 0
[Wed Apr 30 2025 20:52:52.744449] i SAYHELLO :12002 1 - 0
[Wed Apr 30 2025 20:52:52.746678] i LSUPDATE :12002 9 F 6 :12000_2_1746071572.744478 1746071572.744476 :12000 (:12002)
[Wed Apr 30 2025 20:52:52.747757] r LSUPDATE :12002 9 F 6 :12002_2_1746071572.747270 1746071572.747268 :12002 (:12000)
[Wed Apr 30 2025 20:53:42.849087] i SAYHELLO :12002 1 - 0
[Wed Apr 30 2025 20:53:42.851407] r SAYHELLO :12002 1 - 0
[Wed Apr 30 2025 20:53:42.851445] i LSUPDATE :12002 9 F 6 :12000_2_1746071622.851431 1746071622.851429 :12000 (:12002)
[Wed Apr 30 2025 20:53:42.851667] r LSUPDATE :12002 9 F 6 :12002_5_1746071622.851218 1746071572.747268 :12002 (:12000)
[Wed Apr 30 2025 20:53:49.043692] r SAYHELLO :12002 1 - 0
[Wed Apr 30 2025 20:53:49.043743] i LSUPDATE :12002 9 F 6 :12000_5_1746071629.043736 1746071622.851429 :12000 (:12002)
[Wed Apr 30 2025 20:53:49.043774] i SAYHELLO :12002 1 - 0
[Wed Apr 30 2025 20:53:49.047498] r LSUPDATE :12002 9 F 6 :12002_2_1746071629.046070 1746071629.046068 :12002 (:12000)
[Wed Apr 30 2025 20:54:24.917541] i SAYHELLO :12002 1 - 0
[Wed Apr 30 2025 20:54:24.922219] r SAYHELLO :12002 1 - 0
[Wed Apr 30 2025 20:54:24.922265] i LSUPDATE :12002 9 F 6 :12000_2_1746071664.922249 1746071664.922246 :12000 (:12002)
[Wed Apr 30 2025 20:54:24.922488] r LSUPDATE :12002 9 F 6 :12002_5_1746071664.918110 1746071629.046068 :12002 (:12000)
[Wed Apr 30 2025 20:54:29.499625] r SAYHELLO :12002 1 - 0
[Wed Apr 30 2025 20:54:29.499675] i LSUPDATE :12002 9 F 6 :12000_5_1746071669.499668 1746071664.922246 :12000 (:12002)
[Wed Apr 30 2025 20:54:29.499699] i SAYHELLO :12002 1 - 0
[Wed Apr 30 2025 20:54:29.503022] r LSUPDATE :12002 9 F 6 :12002_2_1746071669.502035 1746071669.502033 :12002 (:12000)
[Thu May  1 2025 02:37:28.345854] r SAYHELLO :12002 1 - 0
[Thu May  1 2025 02:37:28.347305] i LSUPDATE :12002 9 F 6 :12000_2_1746092248.347286 1746092248.347278 :12000 (:12002)
[Thu May  1 2025 02:37:28.347349] i SAYHELLO :12002 1 - 0
[Thu May  1 2025 02:37:28.347987] r LSUPDATE :12002 9 F 6 :12002_2_1746092248.347504 1746092248.347499 :12002 (:12000)
[Thu May  1 2025 02:38:23.805683] i SAYHELLO :12002 1 - 0
[Thu May  1 2025 02:38:28.901219] r SAYHELLO :12002 1 - 0
[Thu May  1 2025 02:38:28.901274] i LSUPDATE :12002 9 F 6 :12000_2_1746092308.901264 1746092308.901258 :12000 (:12002)
[Thu May  1 2025 02:38:28.901299] i SAYHELLO :12002 1 - 0
[Thu May  1 2025 02:38:28.901966] r LSUPDATE :12002 9 F 6 :12002_2_1746092308.901474 1746092308.901470 :12002 (:12000)
[Thu May  1 2025 02:41:12.717448] r SAYHELLO :12002 1 - 0
[Thu May  1 2025 02:41:12.717510] i LSUPDATE :12002 9 F 6 :12000_2_1746092472.717499 1746092472.717494 :12000 (:12002)
[Thu May  1 2025 02:41:12.717536] i SAYHELLO :12002 1 - 0
[Thu May  1 2025 02:41:12.718189] r LSUPDATE :12002 9 F 6 :12002_2_1746092472.717707 1746092472.717703 :12002 (:12000)
[Thu May  1 2025 02:43:26.716393] i SAYHELLO :12002 1 - 0
[Thu May  1 2025 02:43:50.425277] r SAYHELLO :12002 1 - 0
[Thu May  1 2025 02:43:50.425340] i LSUPDATE :12002 9 F 6 :12000_2_1746092630.425329 1746092630.425324 :12000 (:12002)
[Thu May  1 2025 02:43:50.425366] i SAYHELLO :12002 1 - 0
[Thu May  1 2025 02:43:50.426689] r LSUPDATE :12002 9 F 6 :12002_2_1746092630.425552 1746092630.425548 :12002 (:12000)
[Thu May  1 2025 02:47:08.629998] r SAYHELLO :12002 1 - 0
[Thu May  1 2025 02:47:08.630061] i LSUPDATE :12002 9 F 6 :12000_2_1746092828.630049 1746092828.630044 :12000 (:12002)
[Thu May  1 2025 02:47:08.630086] i SAYHELLO :12002 1 - 0
[Thu May  1 2025 02:47:08.630732] r LSUPDATE :12002 9 F 6 :12002_2_1746092828.630256 1746092828.630252 :12002 (:12000)
[Thu May  1 2025 02:48:19.535241] i SAYHELLO :12002 1 - 0
[Thu May  1 2025 02:48:22.908031] r SAYHELLO :12002 1 - 0
[Thu May  1 2025 02:48:22.908084] i LSUPDATE :12002 9 F 6 :12000_2_1746092902.908073 1746092902.908067 :12000 (:12002)
[Thu May  1 2025 02:48:22.908108] i SAYHELLO :12002 1 - 0
[Thu May  1 2025 02:48:22.909681] r LSUPDATE :12002 9 F 6 :12002_2_1746092902.908310 1746092902.908305 :12002 (:12000)
[Thu May  1 2025 02:49:29.304691] i SAYHELLO :12002 1 - 0
[Thu May  1 2025 02:49:34.398986] r SAYHELLO :12002 1 - 0
[Thu May  1 2025 02:49:34.399041] i LSUPDATE :12002 9 F 6 :12000_2_1746092974.399031 1746092974.399025 :12000 (:12002)
[Thu May  1 2025 02:49:34.399065] i SAYHELLO :12002 1 - 0
[Thu May  1 2025 02:49:34.400148] r LSUPDATE :12002 9 F 6 :12002_2_1746092974.399240 1746092974.399234 :12002 (:12000)
[Thu May  1 2025 02:50:09.532544] i SAYHELLO :12002 1 - 0
[Thu May  1 2025 02:51:04.269196] r SAYHELLO :12002 1 - 0
[Thu May  1 2025 02:51:04.269258] i LSUPDATE :12002 9 F 6 :12000_2_1746093064.269247 1746093064.269241 :12000 (:12002)
[Thu May  1 2025 02:51:04.269283] i SAYHELLO :12002 1 - 0
[Thu May  1 2025 02:51:04.269948] r LSUPDATE :12002 9 F 6 :12002_2_1746093064.269452 1746093064.269448 :12002 (:12000)
[Thu May  1 2025 02:58:46.421901] r SAYHELLO :12002 1 - 0
[Thu May  1 2025 02:58:46.421965] i LSUPDATE :12002 9 F 6 :12000_2_1746093526.421954 1746093526.421950 :12000 (:12002)
[Thu May  1 2025 02:58:46.421991] i SAYHELLO :12002 1 - 0
[Thu May  1 2025 02:58:46.423086] r LSUPDATE :12002 9 F 6 :12002_2_1746093526.422606 1746093526.422602 :12002 (:12000)
[Thu May  1 2025 03:00:55.361234] r SAYHELLO :12002 1 - 0
[Thu May  1 2025 03:00:55.361292] i LSUPDATE :12002 9 F 6 :12000_2_1746093655.361280 1746093655.361275 :12000 (:12002)
[Thu May  1 2025 03:00:55.361317] i SAYHELLO :12002 1 - 0
[Thu May  1 2025 03:00:55.361993] r LSUPDATE :12002 9 F 6 :12002_2_1746093655.361499 1746093655.361494 :12002 (:12000)
[Thu May  1 2025 03:02:16.801632] r SAYHELLO :12002 1 - 0
[Thu May  1 2025 03:02:16.801692] i LSUPDATE :12002 9 F 6 :12000_2_1746093736.801680 1746093736.801676 :12000 (:12002)
[Thu May  1 2025 03:02:16.801717] i SAYHELLO :12002 1 - 0
[Thu May  1 2025 03:02:16.802755] r LSUPDATE :12002 9 F 6 :12002_2_1746093736.801887 1746093736.801884 :12002 (:12000)
[Thu May  1 2025 03:03:01.907352] i SAYHELLO :12002 1 - 0
[Thu May  1 2025 03:03:01.907477] r SAYHELLO :12002 1 - 0
[Thu May  1 2025 03:03:01.907510] i LSUPDATE :12002 9 F 6 :12000_2_1746093781.907497 1746093781.907492 :12000 (:12002)
[Thu May  1 2025 03:03:01.907731] r LSUPDATE :12002 9 F 6 :12002_7_1746093781.907295 1746093736.801884 :12002 (:12000)
[Thu May  1 2025 03:03:06.427412] r SAYHELLO :12002 1 - 0
[Thu May  1 2025 03:03:06.427455] i LSUPDATE :12002 9 F 6 :12000_5_1746093786.427448 1746093781.907492 :12000 (:12002)
[Thu May  1 2025 03:03:06.427477] i SAYHELLO :12002 1 - 0
[Thu May  1 2025 03:03:06.428120] r LSUPDATE :12002 9 F 6 :12002_2_1746093786.427643 1746093786.427639 :12002 (:12000)
[Thu May  1 2025 03:05:43.690656] i SAYHELLO :12002 1 - 0
[Thu May  1 2025 03:05:43.690788] r SAYHELLO :12002 1 - 0
[Thu May  1 2025 03:05:43.690821] i LSUPDATE :12002 9 F 6 :12000_2_1746093943.690807 1746093943.690803 :12000 (:12002)
[Thu May  1 2025 03:05:43.691050] r LSUPDATE :12002 9 F 6 :12002_7_1746093943.689680 1746093786.427639 :12002 (:12000)
[Thu May  1 2025 03:05:46.835748] r SAYHELLO :12002 1 - 0
[Thu May  1 2025 03:05:46.835792] i LSUPDATE :12002 9 F 6 :12000_5_1746093946.835785 1746093943.690803 :12000 (:12002)
[Thu May  1 2025 03:05:46.835816] i SAYHELLO :12002 1 - 0
[Thu May  1 2025 03:05:46.836387] r LSUPDATE :12002 9 F 6 :12002_2_1746093946.835984 1746093946.835980 :12002 (:12000)
[Thu May  1 2025 03:06:37.165359] i SAYHELLO :12002 1 - 0
[Thu May  1 2025 03:06:37.165480] r SAYHELLO :12002 1 - 0
[Thu May  1 2025 03:06:37.165511] i LSUPDATE :12002 9 F 6 :12000_2_1746093997.165499 1746093997.165495 :12000 (:12002)
[Thu May  1 2025 03:06:37.165731] r LSUPDATE :12002 9 F 6 :12002_7_1746093997.165297 1746093946.835980 :12002 (:12000)
[Thu May  1 2025 03:06:42.933976] r SAYHELLO :12002 1 - 0
[Thu May  1 2025 03:06:42.934020] i LSUPDATE :12002 9 F 6 :12000_5_1746094002.934013 1746093997.165495 :12000 (:12002)
[Thu May  1 2025 03:06:42.934043] i SAYHELLO :12002 1 - 0
[Thu May  1 2025 03:06:42.934711] r LSUPDATE :12002 9 F 6 :12002_2_1746094002.934212 1746094002.934208 :12002 (:12000)
[Thu May  1 2025 03:08:16.287355] r SAYHELLO :12002 1 - 0
[Thu May  1 2025 03:08:16.287415] i LSUPDATE :12002 9 F 6 :12000_2_1746094096.287404 1746094096.287400 :12000 (:12002)
[Thu May  1 2025 03:08:16.287440] i SAYHELLO :12002 1 - 0
[Thu May  1 2025 03:08:16.288121] r LSUPDATE :12002 9 F 6 :12002_2_1746094096.287608 1746094096.287604 :12002 (:12000)
[Thu May  1 2025 03:08:54.525255] i SAYHELLO :12002 1 - 0
[Thu May  1 2025 03:08:54.526270] r SAYHELLO :12002 1 - 0
[Thu May  1 2025 03:08:54.526569] i LSUPDATE :12002 9 F 6 :12000_2_1746094134.526292 1746094134.526288 :12000 (:12002)
[Thu May  1 2025 03:08:54.526792] r LSUPDATE :12002 9 F 6 :12002_7_1746094134.525196 1746094096.287604 :12002 (:12000)
[Thu May  1 2025 03:08:58.192408] r SAYHELLO :12002 1 - 0
[Thu May  1 2025 03:08:58.192453] i LSUPDATE :12002 9 F 6 :12000_5_1746094138.192446 1746094134.526288 :12000 (:12002)
[Thu May  1 2025 03:08:58.192477] i SAYHELLO :12002 1 - 0
[Thu May  1 2025 03:08:58.193138] r LSUPDATE :12002 9 F 6 :12002_2_1746094138.192645 1746094138.192641 :12002 (:12000)
[Thu May  1 2025 03:09:51.144921] i SAYHELLO :12002 1 - 0
[Thu May  1 2025 03:09:51.145048] r SAYHELLO :12002 1 - 0
[Thu May  1 2025 03:09:51.145081] i LSUPDATE :12002 9 F 6 :12000_2_1746094191.145068 1746094191.145064 :12000 (:12002)
[Thu May  1 2025 03:09:51.145302] r LSUPDATE :12002 9 F 6 :12002_7_1746094191.144861 1746094138.192641 :12002 (:12000)
[Thu May  1 2025 03:09:55.369311] r SAYHELLO :12002 1 - 0
[Thu May  1 2025 03:09:55.369353] i LSUPDATE :12002 9 F 6 :12000_5_1746094195.369345 1746094191.145064 :12000 (:12002)
[Thu May  1 2025 03:09:55.369376] i SAYHELLO :12002 1 - 0
[Thu May  1 2025 03:09:55.369772] r LSUPDATE :12002 9 F 6 :12002_2_1746094195.369541 1746094195.369537 :12002 (:12000)
[Thu May  1 2025 03:16:41.429318] i SAYHELLO :12002 1 - 0
[Thu May  1 2025 03:16:41.429443] r SAYHELLO :12002 1 - 0
[Thu May  1 2025 03:16:41.429476] i LSUPDATE :12002 9 F 6 :12000_2_1746094601.429463 1746094601.429458 :12000 (:12002)
[Thu May  1 2025 03:16:41.429699] r LSUPDATE :12002 9 F 6 :12002_7_1746094601.429259 1746094195.369537 :12002 (:12000)
[Thu May  1 2025 03:16:45.568919] r SAYHELLO :12002 1 - 0
[Thu May  1 2025 03:16:45.568964] i LSUPDATE :12002 9 F 6 :12000_5_1746094605.568957 1746094601.429458 :12000 (:12002)
[Thu May  1 2025 03:16:45.568987] i SAYHELLO :12002 1 - 0
[Thu May  1 2025 03:16:45.569637] r LSUPDATE :12002 9 F 6 :12002_2_1746094605.569156 1746094605.569151 :12002 (:12000)
[Thu May  1 2025 03:17:26.740276] i SAYHELLO :12002 1 - 0
[Thu May  1 2025 03:17:26.740830] r SAYHELLO :12002 1 - 0
[Thu May  1 2025 03:17:26.740863] i LSUPDATE :12002 9 F 6 :12000_2_1746094646.740849 1746094646.740845 :12000 (:12002)
[Thu May  1 2025 03:17:26.741104] r LSUPDATE :12002 9 F 6 :12002_7_1746094646.740216 1746094605.569151 :12002 (:12000)
[Thu May  1 2025 03:18:42.757767] i SAYHELLO :12002 1 - 0
[Thu May  1 2025 03:18:42.757890] r SAYHELLO :12002 1 - 0
[Thu May  1 2025 03:18:42.757921] i LSUPDATE :12002 9 F 6 :12000_2_1746094722.757908 1746094722.757904 :12000 (:12002)
[Thu May  1 2025 03:18:42.758567] r LSUPDATE :12002 9 F 6 :12002_2167_1746094722.757688 1746094605.569151 :12002 (:12000)
[Thu May  1 2025 03:20:27.691050] i SAYHELLO :12002 1 - 0
[Thu May  1 2025 03:20:27.691178] r SAYHELLO :12002 1 - 0
[Thu May  1 2025 03:20:27.691211] i LSUPDATE :12002 9 F 6 :12000_2_1746094827.691198 1746094827.691193 :12000 (:12002)
[Thu May  1 2025 03:20:27.691438] r LSUPDATE :12002 9 F 6 :12002_2171_1746094827.690989 1746094605.569151 :12002 (:12000)
[Thu May  1 2025 03:20:32.397840] r SAYHELLO :12002 1 - 0
[Thu May  1 2025 03:20:32.397883] i LSUPDATE :12002 9 F 6 :12000_5_1746094832.397876 1746094827.691193 :12000 (:12002)
[Thu May  1 2025 03:20:32.397905] i SAYHELLO :12002 1 - 0
[Thu May  1 2025 03:20:32.398975] r LSUPDATE :12002 9 F 6 :12002_2_1746094832.398072 1746094832.398068 :12002 (:12000)
[Thu May  1 2025 03:21:40.335466] r SAYHELLO :12002 1 - 0
[Thu May  1 2025 03:21:40.335527] i LSUPDATE :12002 9 F 6 :12000_2_1746094900.335516 1746094900.335510 :12000 (:12002)
[Thu May  1 2025 03:21:40.335551] i SAYHELLO :12002 1 - 0
[Thu May  1 2025 03:21:40.336238] r LSUPDATE :12002 9 F 6 :12002_2_1746094900.335734 1746094900.335729 :12002 (:12000)
[Thu May  1 2025 03:25:30.641538] i SAYHELLO :12002 1 - 0
[Thu May  1 2025 03:25:30.641672] r SAYHELLO :12002 1 - 0
[Thu May  1 2025 03:25:30.641706] i LSUPDATE :12002 9 F 6 :12000_2_1746095130.641692 1746095130.641688 :12000 (:12002)
[Thu May  1 2025 03:25:30.642259] r LSUPDATE :12002 9 F 6 :12002_7_1746095130.641480 1746094900.335729 :12002 (:12000)
[Thu May  1 2025 03:25:35.362714] r SAYHELLO :12002 1 - 0
[Thu May  1 2025 03:25:35.362757] i LSUPDATE :12002 9 F 6 :12000_5_1746095135.362750 1746095130.641688 :12000 (:12002)
[Thu May  1 2025 03:25:35.362780] i SAYHELLO :12002 1 - 0
[Thu May  1 2025 03:25:35.363729] r LSUPDATE :12002 9 F 6 :12002_2_1746095135.363240 1746095135.363236 :12002 (:12000)
[Thu May  1 2025 03:30:38.134789] i SAYHELLO :12002 1 - 0
[Thu May  1 2025 03:30:38.134913] r SAYHELLO :12002 1 - 0
[Thu May  1 2025 03:30:38.134953] i LSUPDATE :12002 9 F 6 :12000_2_1746095438.134939 1746095438.134935 :12000 (:12002)
[Thu May  1 2025 03:30:38.135650] r LSUPDATE :12002 9 F 6 :12002_7_1746095438.134723 1746095135.363236 :12002 (:12000)
[Thu May  1 2025 03:30:41.210088] r SAYHELLO :12002 1 - 0
[Thu May  1 2025 03:30:41.210130] i LSUPDATE :12002 9 F 6 :12000_5_1746095441.210123 1746095438.134935 :12000 (:12002)
[Thu May  1 2025 03:30:41.210153] i SAYHELLO :12002 1 - 0
[Thu May  1 2025 03:30:41.211276] r LSUPDATE :12002 9 F 6 :12002_2_1746095441.210329 1746095441.210324 :12002 (:12000)
[Thu May  1 2025 03:32:34.367452] i SAYHELLO :12002 1 - 0
[Thu May  1 2025 03:32:34.367578] r SAYHELLO :12002 1 - 0
[Thu May  1 2025 03:32:34.368803] i LSUPDATE :12002 9 F 6 :12000_2_1746095554.368519 1746095554.368514 :12000 (:12002)
[Thu May  1 2025 03:32:34.369031] r LSUPDATE :12002 9 F 6 :12002_7_1746095554.367393 1746095441.210324 :12002 (:12000)
[Thu May  1 2025 03:32:53.359626] r SAYHELLO :12002 1 - 0
[Thu May  1 2025 03:32:53.359670] i LSUPDATE :12002 9 F 6 :12000_5_1746095573.359663 1746095554.368514 :12000 (:12002)
[Thu May  1 2025 03:32:53.359693] i SAYHELLO :12002 1 - 0
[Thu May  1 2025 03:32:53.360378] r LSUPDATE :12002 9 F 6 :12002_2_1746095573.359862 1746095573.359857 :12002 (:12000)
[Thu May  1 2025 03:34:51.489959] r SAYHELLO :12002 1 - 0
[Thu May  1 2025 03:34:51.490022] i LSUPDATE :12002 9 F 6 :12000_2_1746095691.490011 1746095691.490006 :12000 (:12002)
[Thu May  1 2025 03:34:51.490048] i SAYHELLO :12002 1 - 0
[Thu May  1 2025 03:34:51.490711] r LSUPDATE :12002 9 F 6 :12002_2_1746095691.490231 1746095691.490227 :12002 (:12000)
[Thu May  1 2025 03:36:58.483881] i SAYHELLO :12002 1 - 0
[Thu May  1 2025 03:36:58.484006] r SAYHELLO :12002 1 - 0
[Thu May  1 2025 03:36:58.484039] i LSUPDATE :12002 9 F 6 :12000_2_1746095818.484025 1746095818.484021 :12000 (:12002)
[Thu May  1 2025 03:36:58.484556] r LSUPDATE :12002 9 F 6 :12002_7_1746095818.483821 1746095691.490227 :12002 (:12000)
[Thu May  1 2025 03:37:01.990259] r SAYHELLO :12002 1 - 0
[Thu May  1 2025 03:37:01.990304] i LSUPDATE :12002 9 F 6 :12000_5_1746095821.990297 1746095818.484021 :12000 (:12002)
[Thu May  1 2025 03:37:01.990328] i SAYHELLO :12002 1 - 0
[Thu May  1 2025 03:37:01.991366] r LSUPDATE :12002 9 F 6 :12002_2_1746095821.990877 1746095821.990872 :12002 (:12000)
[Thu May  1 2025 03:40:22.582846] r SAYHELLO :12002 1 - 0
[Thu May  1 2025 03:40:22.585924] i LSUPDATE :12002 9 F 6 :12000_2_1746096022.585910 1746096022.585903 :12000 (:12002)
[Thu May  1 2025 03:40:22.585968] i SAYHELLO :12002 1 - 0
[Thu May  1 2025 03:40:22.586632] r LSUPDATE :12002 9 F 6 :12002_2_1746096022.586141 1746096022.586137 :12002 (:12000)
[Thu May  1 2025 03:41:38.548729] i SAYHELLO :12002 1 - 0
[Thu May  1 2025 03:41:38.549377] r SAYHELLO :12002 1 - 0
[Thu May  1 2025 03:41:38.549415] i LSUPDATE :12002 9 F 6 :12000_2_1746096098.549401 1746096098.549396 :12000 (:12002)
[Thu May  1 2025 03:41:38.549637] r LSUPDATE :12002 9 F 6 :12002_7_1746096098.549193 1746096022.586137 :12002 (:12000)
[Thu May  1 2025 03:41:43.163115] r SAYHELLO :12002 1 - 0
[Thu May  1 2025 03:41:43.163158] i LSUPDATE :12002 9 F 6 :12000_5_1746096103.163151 1746096098.549396 :12000 (:12002)
[Thu May  1 2025 03:41:43.163181] i SAYHELLO :12002 1 - 0
[Thu May  1 2025 03:41:43.164394] r LSUPDATE :12002 9 F 6 :12002_2_1746096103.163351 1746096103.163346 :12002 (:12000)
[Thu May  1 2025 03:42:35.587885] i SAYHELLO :12002 1 - 0
[Thu May  1 2025 03:42:35.588011] r SAYHELLO :12002 1 - 0
[Thu May  1 2025 03:42:35.588045] i LSUPDATE :12002 9 F 6 :12000_2_1746096155.588031 1746096155.588027 :12000 (:12002)
[Thu May  1 2025 03:42:35.588550] r LSUPDATE :12002 9 F 6 :12002_7_1746096155.587826 1746096103.163346 :12002 (:12000)
[Thu May  1 2025 03:42:40.360942] r SAYHELLO :12002 1 - 0
[Thu May  1 2025 03:42:40.360986] i LSUPDATE :12002 9 F 6 :12000_5_1746096160.360979 1746096155.588027 :12000 (:12002)
[Thu May  1 2025 03:42:40.361010] i SAYHELLO :12002 1 - 0
[Thu May  1 2025 03:42:40.361670] r LSUPDATE :12002 9 F 6 :12002_2_1746096160.361182 1746096160.361177 :12002 (:12000)
[Thu May  1 2025 03:44:57.541761] i SAYHELLO :12002 1 - 0
[Thu May  1 2025 03:44:57.541876] r SAYHELLO :12002 1 - 0
[Thu May  1 2025 03:44:57.541909] i LSUPDATE :12002 9 F 6 :12000_2_1746096297.541895 1746096297.541891 :12000 (:12002)
[Thu May  1 2025 03:44:57.542132] r LSUPDATE :12002 9 F 6 :12002_7_1746096297.541689 1746096160.361177 :12002 (:12000)
[Thu May  1 2025 03:45:01.345567] r SAYHELLO :12002 1 - 0
[Thu May  1 2025 03:45:01.345609] i LSUPDATE :12002 9 F 6 :12000_5_1746096301.345602 1746096297.541891 :12000 (:12002)
[Thu May  1 2025 03:45:01.345632] i SAYHELLO :12002 1 - 0
[Thu May  1 2025 03:45:01.346275] r LSUPDATE :12002 9 F 6 :12002_2_1746096301.345799 1746096301.345795 :12002 (:12000)
[Thu May  1 2025 03:48:55.804213] r SAYHELLO :12002 1 - 0
[Thu May  1 2025 03:48:55.804273] i LSUPDATE :12002 9 F 6 :12000_2_1746096535.804262 1746096535.804257 :12000 (:12002)
[Thu May  1 2025 03:48:55.804298] i SAYHELLO :12002 1 - 0
[Thu May  1 2025 03:48:55.805156] r LSUPDATE :12002 9 F 6 :12002_2_1746096535.804671 1746096535.804667 :12002 (:12000)
[Thu May  1 2025 03:49:47.060823] r SAYHELLO :12002 1 - 0
[Thu May  1 2025 03:49:47.060890] i LSUPDATE :12002 9 F 6 :12000_2_1746096587.060878 1746096587.060873 :12000 (:12002)
[Thu May  1 2025 03:49:47.060916] i SAYHELLO :12002 1 - 0
[Thu May  1 2025 03:49:47.061988] r LSUPDATE :12002 9 F 6 :12002_2_1746096587.061085 1746096587.061081 :12002 (:12000)
[Thu May  1 2025 03:50:17.994408] r LSUPDATE :12002 9 F 13 :12002_10_1746096617.994091 1746096587.061081 :12002 (:12000,:12004)
[Thu May  1 2025 03:50:17.995370] r LSUPDATE :12002 8 F 6 :12004_2_1746096617.994611 1746096617.994606 :12004 (:12002)
[Thu May  1 2025 03:50:17.995403] i LSUPDATE :12002 9 F 6 :12000_11_1746096617.995394 1746096587.060873 :12000 (:12002)
[Thu May  1 2025 03:50:17.997366] r LSUPDATE :12002 8 F 6 :12004_5_1746096617.995937 1746096617.994606 :12004 (:12002)
[Thu May  1 2025 03:50:17.997420] i LSUPDATE :12002 9 F 6 :12000_12_1746096617.997391 1746096587.060873 :12000 (:12002)
[Thu May  1 2025 04:39:32.182704] r SAYHELLO :12002 1 - 0
[Thu May  1 2025 04:39:32.182766] i LSUPDATE :12002 9 F 6 :12000_2_1746099572.182755 1746099572.182753 :12000 (:12002)
[Thu May  1 2025 04:39:32.182792] i SAYHELLO :12002 1 - 0
[Thu May  1 2025 04:39:32.184305] r LSUPDATE :12002 9 F 6 :12002_2_1746099572.182962 1746099572.182960 :12002 (:12000)
[Thu May  1 2025 04:39:47.997540] r LSUPDATE :12002 9 F 13 :12002_10_1746099587.997208 1746099572.182960 :12002 (:12000,:12004)
[Thu May  1 2025 04:39:47.999596] r LSUPDATE :12002 8 F 6 :12004_2_1746099587.998490 1746099587.998487 :12004 (:12002)
[Thu May  1 2025 04:39:47.999630] i LSUPDATE :12002 9 F 6 :12000_11_1746099587.999621 1746099572.182753 :12000 (:12002)
[Thu May  1 2025 04:39:48.000690] r LSUPDATE :12002 8 F 6 :12004_5_1746099588.000204 1746099587.998487 :12004 (:12002)
[Thu May  1 2025 04:39:48.000720] i LSUPDATE :12002 9 F 6 :12000_12_1746099588.000712 1746099572.182753 :12000 (:12002)
[Thu May  1 2025 04:45:09.487711] r SAYHELLO :12002 1 - 0
[Thu May  1 2025 04:45:09.487770] i LSUPDATE :12002 9 F 6 :12000_2_1746099909.487760 1746099909.487758 :12000 (:12002)
[Thu May  1 2025 04:45:09.487795] i SAYHELLO :12002 1 - 0
[Thu May  1 2025 04:45:09.488391] r LSUPDATE :12002 9 F 6 :12002_2_1746099909.487967 1746099909.487965 :12002 (:12000)
[Thu May  1 2025 04:45:37.075486] r LSUPDATE :12002 9 F 13 :12002_11_1746099937.075157 1746099909.487965 :12002 (:12000,:12004)
[Thu May  1 2025 04:45:37.076494] r LSUPDATE :12002 8 F 6 :12004_2_1746099937.075718 1746099937.075715 :12004 (:12002)
[Thu May  1 2025 04:45:37.076528] i LSUPDATE :12002 9 F 6 :12000_12_1746099937.076519 1746099909.487758 :12000 (:12002)
[Thu May  1 2025 04:45:37.077540] r LSUPDATE :12002 8 F 6 :12004_5_1746099937.077063 1746099937.075715 :12004 (:12002)
[Thu May  1 2025 04:45:37.077567] i LSUPDATE :12002 9 F 6 :12000_13_1746099937.077559 1746099909.487758 :12000 (:12002)
[Thu May  1 2025 04:55:11.158093] r SAYHELLO :12002 1 - 0
[Thu May  1 2025 04:55:11.158153] i LSUPDATE :12002 9 F 6 :12000_2_1746100511.158143 1746100511.158140 :12000 (:12002)
[Thu May  1 2025 04:55:11.158185] i SAYHELLO :12002 1 - 0
[Thu May  1 2025 04:55:11.158848] r LSUPDATE :12002 9 F 6 :12002_2_1746100511.158358 1746100511.158356 :12002 (:12000)
[Thu May  1 2025 04:55:13.873841] r LSUPDATE :12002 9 F 13 :12002_4_1746100513.873526 1746100511.158356 :12002 (:12000,:12004)
[Thu May  1 2025 04:55:13.875704] r LSUPDATE :12002 8 F 6 :12004_2_1746100513.874029 1746100513.874027 :12004 (:12002)
[Thu May  1 2025 04:55:13.875755] i LSUPDATE :12002 9 F 6 :12000_5_1746100513.875728 1746100511.158140 :12000 (:12002)
[Thu May  1 2025 04:55:13.877161] r LSUPDATE :12002 8 F 6 :12004_5_1746100513.876277 1746100513.874027 :12004 (:12002)
[Thu May  1 2025 04:55:13.877207] i LSUPDATE :12002 9 F 6 :12000_6_1746100513.877182 1746100511.158140 :12000 (:12002)
[Thu May  1 2025 04:57:21.789084] r SAYHELLO :12002 1 - 0
[Thu May  1 2025 04:57:21.789117] i LSUPDATE :12002 9 F 6 :12000_29_1746100641.789111 1746100511.158140 :12000 (:12002)
[Thu May  1 2025 04:57:21.789334] r LSUPDATE :12002 9 F 13 :12002_2_1746100641.787027 1746100641.787024 :12002 (:12000,:12004)
[Thu May  1 2025 04:57:21.790451] r LSUPDATE :12002 8 F 6 :12004_27_1746100641.786812 1746100513.874027 :12004 (:12002)
[Thu May  1 2025 04:57:21.790476] i LSUPDATE :12002 9 F 6 :12000_30_1746100641.790470 1746100511.158140 :12000 (:12002)
[Thu May  1 2025 04:57:21.790722] i SAYHELLO :12002 1 - 0
[Thu May  1 2025 04:57:21.791216] r LSUPDATE :12002 9 F 13 :12002_4_1746100641.790666 1746100641.787024 :12002 (:12000,:12004)
[Thu May  1 2025 05:06:23.687806] r SAYHELLO :12002 1 - 0
[Thu May  1 2025 05:06:23.687866] i LSUPDATE :12002 9 F 6 :12000_2_1746101183.687856 1746101183.687853 :12000 (:12002)
[Thu May  1 2025 05:06:23.687891] i SAYHELLO :12002 1 - 0
[Thu May  1 2025 05:06:23.688388] r LSUPDATE :12002 9 F 6 :12002_2_1746101183.688060 1746101183.688058 :12002 (:12000)
[Thu May  1 2025 05:06:25.893264] r LSUPDATE :12002 9 F 13 :12002_4_1746101185.892949 1746101183.688058 :12002 (:12000,:12004)
[Thu May  1 2025 05:06:25.894424] r LSUPDATE :12002 8 F 6 :12004_2_1746101185.893917 1746101185.893915 :12004 (:12002)
[Thu May  1 2025 05:06:25.894474] i LSUPDATE :12002 9 F 6 :12000_5_1746101185.894448 1746101183.687853 :12000 (:12002)
[Thu May  1 2025 05:06:25.895749] r LSUPDATE :12002 8 F 6 :12004_5_1746101185.895269 1746101185.893915 :12004 (:12002)
[Thu May  1 2025 05:06:25.895791] i LSUPDATE :12002 9 F 6 :12000_6_1746101185.895768 1746101183.687853 :12000 (:12002)
[Thu May  1 2025 05:09:30.276253] r SAYHELLO :12002 1 - 0
[Thu May  1 2025 05:09:30.276316] i LSUPDATE :12002 9 F 6 :12000_2_1746101370.276305 1746101370.276303 :12000 (:12002)
[Thu May  1 2025 05:09:30.276342] i SAYHELLO :12002 1 - 0
[Thu May  1 2025 05:09:30.277003] r LSUPDATE :12002 9 F 6 :12002_2_1746101370.276513 1746101370.276511 :12002 (:12000)
[Thu May  1 2025 05:09:32.679741] r LSUPDATE :12002 9 F 13 :12002_4_1746101372.679430 1746101370.276511 :12002 (:12000,:12004)
[Thu May  1 2025 05:09:32.681630] r LSUPDATE :12002 8 F 6 :12004_2_1746101372.680419 1746101372.680417 :12004 (:12002)
[Thu May  1 2025 05:09:32.681684] i LSUPDATE :12002 9 F 6 :12000_5_1746101372.681658 1746101370.276303 :12000 (:12002)
[Thu May  1 2025 05:09:32.683109] r LSUPDATE :12002 8 F 6 :12004_5_1746101372.682619 1746101372.680417 :12004 (:12002)
[Thu May  1 2025 05:09:32.683152] i LSUPDATE :12002 9 F 6 :12000_6_1746101372.683128 1746101370.276303 :12000 (:12002)
[Thu May  1 2025 05:10:05.044490] r SAYHELLO :12002 1 - 0
[Thu May  1 2025 05:10:05.044534] i LSUPDATE :12002 9 F 6 :12000_13_1746101405.044527 1746101370.276303 :12000 (:12002)
[Thu May  1 2025 05:10:05.044562] i SAYHELLO :12002 1 - 0
[Thu May  1 2025 05:10:05.045511] r LSUPDATE :12002 9 F 13 :12002_2_1746101405.043326 1746101405.043324 :12002 (:12000,:12004)
[Thu May  1 2025 05:10:05.048731] r LSUPDATE :12002 8 F 6 :12004_11_1746101405.042755 1746101372.680417 :12004 (:12002)
[Thu May  1 2025 05:10:05.048799] i LSUPDATE :12002 9 F 6 :12000_14_1746101405.048791 1746101370.276303 :12000 (:12002)
[Thu May  1 2025 05:10:05.049035] r LSUPDATE :12002 9 F 13 :12002_4_1746101405.044988 1746101405.043324 :12002 (:12000,:12004)
[Thu May  1 2025 05:13:25.314574] r SAYHELLO :12002 1 - 0
[Thu May  1 2025 05:13:25.314638] i LSUPDATE :12002 9 F 6 :12000_2_1746101605.314625 1746101605.314623 :12000 (:12002)
[Thu May  1 2025 05:13:25.314664] i SAYHELLO :12002 1 - 0
[Thu May  1 2025 05:13:25.315477] r LSUPDATE :12002 9 F 6 :12002_2_1746101605.314833 1746101605.314831 :12002 (:12000)
[Thu May  1 2025 05:13:28.607500] r LSUPDATE :12002 9 F 13 :12002_4_1746101608.607174 1746101605.314831 :12002 (:12000,:12004)
[Thu May  1 2025 05:13:28.608863] r LSUPDATE :12002 8 F 6 :12004_2_1746101608.607702 1746101608.607700 :12004 (:12002)
[Thu May  1 2025 05:13:28.608914] i LSUPDATE :12002 9 F 6 :12000_5_1746101608.608887 1746101605.314623 :12000 (:12002)
[Thu May  1 2025 05:13:28.609906] r LSUPDATE :12002 8 F 6 :12004_5_1746101608.609428 1746101608.607700 :12004 (:12002)
[Thu May  1 2025 05:13:28.609948] i LSUPDATE :12002 9 F 6 :12000_6_1746101608.609925 1746101605.314623 :12000 (:12002)
[Thu May  1 2025 20:06:01.732686] r SAYHELLO :12002 1 - 0
[Thu May  1 2025 20:06:01.736951] i LSUPDATE :12002 9 F 6 :12000_2_1746155161.736937 1746155161.736933 :12000 (:12002)
[Thu May  1 2025 20:06:01.737001] i SAYHELLO :12002 1 - 0
[Thu May  1 2025 20:06:01.737965] r LSUPDATE :12002 9 F 6 :12002_2_1746155161.737151 1746155161.737148 :12002 (:12000)
[Thu May  1 2025 20:06:09.260358] r LSUPDATE :12002 9 F 13 :12002_4_1746155169.260030 1746155161.737148 :12002 (:12000,:12004)
[Thu May  1 2025 20:06:09.261830] r LSUPDATE :12002 8 F 6 :12004_2_1746155169.261056 1746155169.261054 :12004 (:12002)
[Thu May  1 2025 20:06:09.261881] i LSUPDATE :12002 9 F 6 :12000_5_1746155169.261854 1746155161.736933 :12000 (:12002)
[Thu May  1 2025 20:06:09.262914] r LSUPDATE :12002 8 F 6 :12004_5_1746155169.262415 1746155169.261054 :12004 (:12002)
[Thu May  1 2025 20:06:09.262956] i LSUPDATE :12002 9 F 6 :12000_6_1746155169.262932 1746155161.736933 :12000 (:12002)
[Thu May  1 2025 20:06:45.507178] r SAYHELLO :12002 1 - 0
[Thu May  1 2025 20:06:45.507634] i LSUPDATE :12002 9 F 6 :12000_12_1746155205.507627 1746155161.736933 :12000 (:12002)
[Thu May  1 2025 20:06:45.507657] i SAYHELLO :12002 1 - 0
[Thu May  1 2025 20:06:45.507912] r LSUPDATE :12002 9 F 13 :12002_2_1746155205.506520 1746155205.506518 :12002 (:12000,:12004)
[Thu May  1 2025 20:06:45.548957] r LSUPDATE :12002 8 F 6 :12004_10_1746155205.505851 1746155169.261054 :12004 (:12002)
[Thu May  1 2025 20:06:45.549015] i LSUPDATE :12002 9 F 6 :12000_13_1746155205.548984 1746155161.736933 :12000 (:12002)
[Thu May  1 2025 20:06:45.549246] r LSUPDATE :12002 9 F 13 :12002_4_1746155205.508062 1746155205.506518 :12002 (:12000,:12004)
[Thu May  1 2025 20:17:21.141906] r SAYHELLO :12002 1 - 0
[Thu May  1 2025 20:17:21.141942] i LSUPDATE :12002 9 F 6 :12000_31_1746155841.141935 1746155161.736933 :12000 (:12002)
[Thu May  1 2025 20:17:21.141964] i SAYHELLO :12002 1 - 0
[Thu May  1 2025 20:17:21.143318] r LSUPDATE :12002 9 F 13 :12002_2_1746155841.142127 1746155841.142124 :12002 (:12000,:12004)
[Thu May  1 2025 20:17:21.184801] r LSUPDATE :12002 8 F 6 :12004_29_1746155841.141262 1746155169.261054 :12004 (:12002)
[Thu May  1 2025 20:17:21.184899] i LSUPDATE :12002 9 F 6 :12000_32_1746155841.184857 1746155161.736933 :12000 (:12002)
[Thu May  1 2025 20:17:21.185124] r LSUPDATE :12002 9 F 13 :12002_4_1746155841.143467 1746155841.142124 :12002 (:12000,:12004)
[Thu May  1 2025 22:53:29.815214] r SAYHELLO :12002 1 - 0
[Thu May  1 2025 22:53:29.817082] i LSUPDATE :12002 9 F 6 :12000_2_1746165209.817068 1746165209.817065 :12000 (:12002)
[Thu May  1 2025 22:53:29.817120] i SAYHELLO :12002 1 - 0
[Thu May  1 2025 22:53:29.820556] r LSUPDATE :12002 9 F 6 :12002_2_1746165209.820081 1746165209.820077 :12002 (:12000)
[Thu May  1 2025 22:53:33.985130] r LSUPDATE :12002 9 F 13 :12002_4_1746165213.983209 1746165209.820077 :12002 (:12000,:12004)
[Thu May  1 2025 22:53:33.987500] r LSUPDATE :12002 8 F 6 :12004_2_1746165213.986514 1746165213.986512 :12004 (:12002)
[Thu May  1 2025 22:53:33.987563] i LSUPDATE :12002 9 F 6 :12000_5_1746165213.987536 1746165209.817065 :12000 (:12002)
[Thu May  1 2025 22:53:33.989666] r LSUPDATE :12002 8 F 6 :12004_5_1746165213.988480 1746165213.986512 :12004 (:12002)
[Thu May  1 2025 22:53:33.989710] i LSUPDATE :12002 9 F 6 :12000_6_1746165213.989686 1746165209.817065 :12000 (:12002)
[Thu May  1 2025 22:59:46.137422] r SAYHELLO :12002 1 - 0
[Thu May  1 2025 22:59:46.137460] i LSUPDATE :12002 9 F 6 :12000_41_1746165586.137453 1746165209.817065 :12000 (:12002)
[Thu May  1 2025 22:59:46.137483] i SAYHELLO :12002 1 - 0
[Thu May  1 2025 22:59:46.138554] r LSUPDATE :12002 9 F 13 :12002_2_1746165586.138121 1746165586.138119 :12002 (:12000,:12004)
[Thu May  1 2025 22:59:46.181358] r LSUPDATE :12002 9 F 13 :12002_3_1746165586.140648 1746165586.138119 :12002 (:12000,:12004)
[Thu May  1 2025 22:59:46.181589] r LSUPDATE :12002 8 F 6 :12004_33_1746165586.136124 1746165213.986512 :12004 (:12002)
[Thu May  1 2025 22:59:46.181648] i LSUPDATE :12002 9 F 6 :12000_42_1746165586.181607 1746165209.817065 :12000 (:12002)
[Thu May  1 2025 23:01:23.475836] r SAYHELLO :12002 1 - 0
[Thu May  1 2025 23:01:23.475885] i LSUPDATE :12002 9 F 6 :12000_63_1746165683.475878 1746165209.817065 :12000 (:12002)
[Thu May  1 2025 23:01:23.475922] i SAYHELLO :12002 1 - 0
[Thu May  1 2025 23:01:23.477915] r LSUPDATE :12002 9 F 13 :12002_2_1746165683.477488 1746165683.477486 :12002 (:12000,:12004)
[Thu May  1 2025 23:01:23.520931] r LSUPDATE :12002 9 F 13 :12002_3_1746165683.480479 1746165683.477486 :12002 (:12000,:12004)
[Thu May  1 2025 23:01:23.521162] r LSUPDATE :12002 8 F 6 :12004_55_1746165683.476931 1746165213.986512 :12004 (:12002)
[Thu May  1 2025 23:01:23.521213] i LSUPDATE :12002 9 F 6 :12000_64_1746165683.521180 1746165209.817065 :12000 (:12002)
