[Wed Apr 30 2025 20:12:47.039595] i SAYHELLO :12000 1 - 0
[Wed Apr 30 2025 20:12:47.040089] r SAYHELLO :12000 1 - 0
[Wed Apr 30 2025 20:12:47.041097] i LSUPDATE :12000 9 F 6 :12002_2_1746069167.040458 1746069167.040456 :12002 (:12000)
[Wed Apr 30 2025 20:12:47.041644] r LSUPDATE :12000 9 F 6 :12000_2_1746069167.038816 1746069167.038814 :12000 (:12002)
[Wed Apr 30 2025 20:13:52.724836] r SAYHELLO :12000 1 - 0
[Wed Apr 30 2025 20:13:52.724888] i LSUPDATE :12000 9 F 6 :12002_5_1746069232.724880 1746069167.040456 :12002 (:12000)
[Wed Apr 30 2025 20:13:52.724912] i SAYHELLO :12000 1 - 0
[Wed Apr 30 2025 20:13:52.727332] r LSUPDATE :12000 9 F 6 :12000_2_1746069232.727085 1746069232.727082 :12000 (:12002)
[Wed Apr 30 2025 20:15:18.177226] r SAYHELLO :12000 1 - 0
[Wed Apr 30 2025 20:15:18.179508] i SAYHELLO :12000 1 - 0
[Wed Apr 30 2025 20:15:18.179561] i LSUPDATE :12000 9 F 6 :12002_7_1746069318.179537 1746069167.040456 :12002 (:12000)
[Wed Apr 30 2025 20:15:18.184440] r LSUPDATE :12000 9 F 6 :12000_2_1746069318.184191 1746069318.184187 :12000 (:12002)
[Wed Apr 30 2025 20:17:58.223299] i SAYHELLO :12000 1 - 0
[Wed Apr 30 2025 20:17:58.226700] r SAYHELLO :12000 1 - 0
[Wed Apr 30 2025 20:17:58.227810] i LSUPDATE :12000 9 F 6 :12002_2_1746069478.227796 1746069478.227793 :12002 (:12000)
[Wed Apr 30 2025 20:17:58.228047] r LSUPDATE :12000 9 F 6 :12000_2_1746069478.226130 1746069478.226127 :12000 (:12002)
[Wed Apr 30 2025 20:19:22.732521] r SAYHELLO :12000 1 - 0
[Wed Apr 30 2025 20:19:22.733182] i LSUPDATE :12000 9 F 6 :12002_5_1746069562.733173 1746069478.227793 :12002 (:12000)
[Wed Apr 30 2025 20:19:22.733224] i SAYHELLO :12000 1 - 0
[Wed Apr 30 2025 20:19:22.733620] r LSUPDATE :12000 9 F 6 :12000_2_1746069562.733387 1746069562.733385 :12000 (:12002)
[Wed Apr 30 2025 20:19:27.936698] i SAYHELLO :12000 1 - 0
[Wed Apr 30 2025 20:19:27.937195] r SAYHELLO :12000 1 - 0
[Wed Apr 30 2025 20:19:27.938058] i LSUPDATE :12000 9 F 6 :12002_2_1746069567.938040 1746069567.938037 :12002 (:12000)
[Wed Apr 30 2025 20:19:27.938288] r LSUPDATE :12000 9 F 6 :12000_5_1746069567.935171 1746069562.733385 :12000 (:12002)
[Wed Apr 30 2025 20:34:37.920510] i SAYHELLO :12000 1 - 0
[Wed Apr 30 2025 20:34:37.924536] r SAYHELLO :12000 1 - 0
[Wed Apr 30 2025 20:34:37.924580] i LSUPDATE :12000 9 F 6 :12002_2_1746070477.924567 1746070477.924564 :12002 (:12000)
[Wed Apr 30 2025 20:34:37.924800] r LSUPDATE :12000 9 F 6 :12000_2_1746070477.921618 1746070477.921615 :12000 (:12002)
[Wed Apr 30 2025 20:37:09.629278] i SAYHELLO :12000 1 - 0
[Wed Apr 30 2025 20:37:09.632198] r SAYHELLO :12000 1 - 0
[Wed Apr 30 2025 20:37:09.632648] i LSUPDATE :12000 9 F 6 :12002_2_1746070629.632635 1746070629.632632 :12002 (:12000)
[Wed Apr 30 2025 20:37:09.632872] r LSUPDATE :12000 9 F 6 :12000_2_1746070629.630132 1746070629.630129 :12000 (:12002)
[Wed Apr 30 2025 20:38:16.869351] i SAYHELLO :12000 1 - 0
[Wed Apr 30 2025 20:38:16.872089] r SAYHELLO :12000 1 - 0
[Wed Apr 30 2025 20:38:16.873290] i LSUPDATE :12000 9 F 6 :12002_2_1746070696.873276 1746070696.873273 :12002 (:12000)
[Wed Apr 30 2025 20:38:16.873529] r LSUPDATE :12000 9 F 6 :12000_2_1746070696.871463 1746070696.871460 :12000 (:12002)
[Wed Apr 30 2025 20:52:52.743151] i SAYHELLO :12000 1 - 0
[Wed Apr 30 2025 20:52:52.747244] r SAYHELLO :12000 1 - 0
[Wed Apr 30 2025 20:52:52.747284] i LSUPDATE :12000 9 F 6 :12002_2_1746071572.747270 1746071572.747268 :12002 (:12000)
[Wed Apr 30 2025 20:52:52.747502] r LSUPDATE :12000 9 F 6 :12000_2_1746071572.744478 1746071572.744476 :12000 (:12002)
[Wed Apr 30 2025 20:53:42.848833] r SAYHELLO :12000 1 - 0
[Wed Apr 30 2025 20:53:42.851230] i LSUPDATE :12000 9 F 6 :12002_5_1746071622.851218 1746071572.747268 :12002 (:12000)
[Wed Apr 30 2025 20:53:42.851275] i SAYHELLO :12000 1 - 0
[Wed Apr 30 2025 20:53:42.851928] r LSUPDATE :12000 9 F 6 :12000_2_1746071622.851431 1746071622.851429 :12000 (:12002)
[Wed Apr 30 2025 20:53:49.045910] i SAYHELLO :12000 1 - 0
[Wed Apr 30 2025 20:53:49.046051] r SAYHELLO :12000 1 - 0
[Wed Apr 30 2025 20:53:49.046083] i LSUPDATE :12000 9 F 6 :12002_2_1746071629.046070 1746071629.046068 :12002 (:12000)
[Wed Apr 30 2025 20:53:49.046311] r LSUPDATE :12000 9 F 6 :12000_5_1746071629.043736 1746071622.851429 :12000 (:12002)
[Wed Apr 30 2025 20:54:24.917483] r SAYHELLO :12000 1 - 0
[Wed Apr 30 2025 20:54:24.918120] i LSUPDATE :12000 9 F 6 :12002_5_1746071664.918110 1746071629.046068 :12002 (:12000)
[Wed Apr 30 2025 20:54:24.918154] i SAYHELLO :12000 1 - 0
[Wed Apr 30 2025 20:54:24.922752] r LSUPDATE :12000 9 F 6 :12000_2_1746071664.922249 1746071664.922246 :12000 (:12002)
[Wed Apr 30 2025 20:54:29.501872] i SAYHELLO :12000 1 - 0
[Wed Apr 30 2025 20:54:29.502017] r SAYHELLO :12000 1 - 0
[Wed Apr 30 2025 20:54:29.502048] i LSUPDATE :12000 9 F 6 :12002_2_1746071669.502035 1746071669.502033 :12002 (:12000)
[Wed Apr 30 2025 20:54:29.502266] r LSUPDATE :12000 9 F 6 :12000_5_1746071669.499668 1746071664.922246 :12000 (:12002)
[Thu May  1 2025 02:37:28.345919] i SAYHELLO :12000 1 - 0
[Thu May  1 2025 02:37:28.347479] r SAYHELLO :12000 1 - 0
[Thu May  1 2025 02:37:28.347516] i LSUPDATE :12000 9 F 6 :12002_2_1746092248.347504 1746092248.347499 :12002 (:12000)
[Thu May  1 2025 02:37:28.347737] r LSUPDATE :12000 9 F 6 :12000_2_1746092248.347286 1746092248.347278 :12000 (:12002)
[Thu May  1 2025 02:38:28.901329] i SAYHELLO :12000 1 - 0
[Thu May  1 2025 02:38:28.901456] r SAYHELLO :12000 1 - 0
[Thu May  1 2025 02:38:28.901486] i LSUPDATE :12000 9 F 6 :12002_2_1746092308.901474 1746092308.901470 :12002 (:12000)
[Thu May  1 2025 02:38:28.901714] r LSUPDATE :12000 9 F 6 :12000_2_1746092308.901264 1746092308.901258 :12000 (:12002)
[Thu May  1 2025 02:41:12.717565] i SAYHELLO :12000 1 - 0
[Thu May  1 2025 02:41:12.717689] r SAYHELLO :12000 1 - 0
[Thu May  1 2025 02:41:12.717719] i LSUPDATE :12000 9 F 6 :12002_2_1746092472.717707 1746092472.717703 :12002 (:12000)
[Thu May  1 2025 02:41:12.717940] r LSUPDATE :12000 9 F 6 :12000_2_1746092472.717499 1746092472.717494 :12000 (:12002)
[Thu May  1 2025 02:43:50.425396] i SAYHELLO :12000 1 - 0
[Thu May  1 2025 02:43:50.425533] r SAYHELLO :12000 1 - 0
[Thu May  1 2025 02:43:50.425563] i LSUPDATE :12000 9 F 6 :12002_2_1746092630.425552 1746092630.425548 :12002 (:12000)
[Thu May  1 2025 02:43:50.426911] r LSUPDATE :12000 9 F 6 :12000_2_1746092630.425329 1746092630.425324 :12000 (:12002)
[Thu May  1 2025 02:47:08.630114] i SAYHELLO :12000 1 - 0
[Thu May  1 2025 02:47:08.630237] r SAYHELLO :12000 1 - 0
[Thu May  1 2025 02:47:08.630267] i LSUPDATE :12000 9 F 6 :12002_2_1746092828.630256 1746092828.630252 :12002 (:12000)
[Thu May  1 2025 02:47:08.630485] r LSUPDATE :12000 9 F 6 :12000_2_1746092828.630049 1746092828.630044 :12000 (:12002)
[Thu May  1 2025 02:48:22.908147] i SAYHELLO :12000 1 - 0
[Thu May  1 2025 02:48:22.908291] r SAYHELLO :12000 1 - 0
[Thu May  1 2025 02:48:22.908322] i LSUPDATE :12000 9 F 6 :12002_2_1746092902.908310 1746092902.908305 :12002 (:12000)
[Thu May  1 2025 02:48:22.909424] r LSUPDATE :12000 9 F 6 :12000_2_1746092902.908073 1746092902.908067 :12000 (:12002)
[Thu May  1 2025 02:49:34.399093] i SAYHELLO :12000 1 - 0
[Thu May  1 2025 02:49:34.399220] r SAYHELLO :12000 1 - 0
[Thu May  1 2025 02:49:34.399251] i LSUPDATE :12000 9 F 6 :12002_2_1746092974.399240 1746092974.399234 :12002 (:12000)
[Thu May  1 2025 02:49:34.399897] r LSUPDATE :12000 9 F 6 :12000_2_1746092974.399031 1746092974.399025 :12000 (:12002)
[Thu May  1 2025 02:51:04.269312] i SAYHELLO :12000 1 - 0
[Thu May  1 2025 02:51:04.269433] r SAYHELLO :12000 1 - 0
[Thu May  1 2025 02:51:04.269472] i LSUPDATE :12000 9 F 6 :12002_2_1746093064.269452 1746093064.269448 :12002 (:12000)
[Thu May  1 2025 02:51:04.269692] r LSUPDATE :12000 9 F 6 :12000_2_1746093064.269247 1746093064.269241 :12000 (:12002)
[Thu May  1 2025 02:58:46.422460] i SAYHELLO :12000 1 - 0
[Thu May  1 2025 02:58:46.422587] r SAYHELLO :12000 1 - 0
[Thu May  1 2025 02:58:46.422618] i LSUPDATE :12000 9 F 6 :12002_2_1746093526.422606 1746093526.422602 :12002 (:12000)
[Thu May  1 2025 02:58:46.422838] r LSUPDATE :12000 9 F 6 :12000_2_1746093526.421954 1746093526.421950 :12000 (:12002)
[Thu May  1 2025 03:00:55.361351] i SAYHELLO :12000 1 - 0
[Thu May  1 2025 03:00:55.361480] r SAYHELLO :12000 1 - 0
[Thu May  1 2025 03:00:55.361510] i LSUPDATE :12000 9 F 6 :12002_2_1746093655.361499 1746093655.361494 :12002 (:12000)
[Thu May  1 2025 03:00:55.361743] r LSUPDATE :12000 9 F 6 :12000_2_1746093655.361280 1746093655.361275 :12000 (:12002)
[Thu May  1 2025 03:02:16.801745] i SAYHELLO :12000 1 - 0
[Thu May  1 2025 03:02:16.801868] r SAYHELLO :12000 1 - 0
[Thu May  1 2025 03:02:16.801899] i LSUPDATE :12000 9 F 6 :12002_2_1746093736.801887 1746093736.801884 :12002 (:12000)
[Thu May  1 2025 03:02:16.802502] r LSUPDATE :12000 9 F 6 :12000_2_1746093736.801680 1746093736.801676 :12000 (:12002)
[Thu May  1 2025 03:03:01.907256] r SAYHELLO :12000 1 - 0
[Thu May  1 2025 03:03:01.907302] i LSUPDATE :12000 9 F 6 :12002_7_1746093781.907295 1746093736.801884 :12002 (:12000)
[Thu May  1 2025 03:03:01.907326] i SAYHELLO :12000 1 - 0
[Thu May  1 2025 03:03:01.907976] r LSUPDATE :12000 9 F 6 :12000_2_1746093781.907497 1746093781.907492 :12000 (:12002)
[Thu May  1 2025 03:03:06.427504] i SAYHELLO :12000 1 - 0
[Thu May  1 2025 03:03:06.427625] r SAYHELLO :12000 1 - 0
[Thu May  1 2025 03:03:06.427656] i LSUPDATE :12000 9 F 6 :12002_2_1746093786.427643 1746093786.427639 :12002 (:12000)
[Thu May  1 2025 03:03:06.427876] r LSUPDATE :12000 9 F 6 :12000_5_1746093786.427448 1746093781.907492 :12000 (:12002)
[Thu May  1 2025 03:05:43.689644] r SAYHELLO :12000 1 - 0
[Thu May  1 2025 03:05:43.689687] i LSUPDATE :12000 9 F 6 :12002_7_1746093943.689680 1746093786.427639 :12002 (:12000)
[Thu May  1 2025 03:05:43.690623] i SAYHELLO :12000 1 - 0
[Thu May  1 2025 03:05:43.691303] r LSUPDATE :12000 9 F 6 :12000_2_1746093943.690807 1746093943.690803 :12000 (:12002)
[Thu May  1 2025 03:05:46.835844] i SAYHELLO :12000 1 - 0
[Thu May  1 2025 03:05:46.835966] r SAYHELLO :12000 1 - 0
[Thu May  1 2025 03:05:46.835997] i LSUPDATE :12000 9 F 6 :12002_2_1746093946.835984 1746093946.835980 :12002 (:12000)
[Thu May  1 2025 03:05:46.836487] r LSUPDATE :12000 9 F 6 :12000_5_1746093946.835785 1746093943.690803 :12000 (:12002)
[Thu May  1 2025 03:06:37.165260] r SAYHELLO :12000 1 - 0
[Thu May  1 2025 03:06:37.165304] i LSUPDATE :12000 9 F 6 :12002_7_1746093997.165297 1746093946.835980 :12002 (:12000)
[Thu May  1 2025 03:06:37.165327] i SAYHELLO :12000 1 - 0
[Thu May  1 2025 03:06:37.165988] r LSUPDATE :12000 9 F 6 :12000_2_1746093997.165499 1746093997.165495 :12000 (:12002)
[Thu May  1 2025 03:06:42.934071] i SAYHELLO :12000 1 - 0
[Thu May  1 2025 03:06:42.934194] r SAYHELLO :12000 1 - 0
[Thu May  1 2025 03:06:42.934240] i LSUPDATE :12000 9 F 6 :12002_2_1746094002.934212 1746094002.934208 :12002 (:12000)
[Thu May  1 2025 03:06:42.934463] r LSUPDATE :12000 9 F 6 :12000_5_1746094002.934013 1746093997.165495 :12000 (:12002)
[Thu May  1 2025 03:08:16.287469] i SAYHELLO :12000 1 - 0
[Thu May  1 2025 03:08:16.287589] r SAYHELLO :12000 1 - 0
[Thu May  1 2025 03:08:16.287619] i LSUPDATE :12000 9 F 6 :12002_2_1746094096.287608 1746094096.287604 :12002 (:12000)
[Thu May  1 2025 03:08:16.287867] r LSUPDATE :12000 9 F 6 :12000_2_1746094096.287404 1746094096.287400 :12000 (:12002)
[Thu May  1 2025 03:08:54.525153] r SAYHELLO :12000 1 - 0
[Thu May  1 2025 03:08:54.525204] i LSUPDATE :12000 9 F 6 :12002_7_1746094134.525196 1746094096.287604 :12002 (:12000)
[Thu May  1 2025 03:08:54.525228] i SAYHELLO :12000 1 - 0
[Thu May  1 2025 03:08:54.526526] r LSUPDATE :12000 9 F 6 :12000_2_1746094134.526292 1746094134.526288 :12000 (:12002)
[Thu May  1 2025 03:08:58.192503] i SAYHELLO :12000 1 - 0
[Thu May  1 2025 03:08:58.192626] r SAYHELLO :12000 1 - 0
[Thu May  1 2025 03:08:58.192657] i LSUPDATE :12000 9 F 6 :12002_2_1746094138.192645 1746094138.192641 :12002 (:12000)
[Thu May  1 2025 03:08:58.192891] r LSUPDATE :12000 9 F 6 :12000_5_1746094138.192446 1746094134.526288 :12000 (:12002)
[Thu May  1 2025 03:09:51.144811] r SAYHELLO :12000 1 - 0
[Thu May  1 2025 03:09:51.144869] i LSUPDATE :12000 9 F 6 :12002_7_1746094191.144861 1746094138.192641 :12002 (:12000)
[Thu May  1 2025 03:09:51.144894] i SAYHELLO :12000 1 - 0
[Thu May  1 2025 03:09:51.145550] r LSUPDATE :12000 9 F 6 :12000_2_1746094191.145068 1746094191.145064 :12000 (:12002)
[Thu May  1 2025 03:09:55.369402] i SAYHELLO :12000 1 - 0
[Thu May  1 2025 03:09:55.369526] r SAYHELLO :12000 1 - 0
[Thu May  1 2025 03:09:55.369806] i LSUPDATE :12000 9 F 6 :12002_2_1746094195.369541 1746094195.369537 :12002 (:12000)
[Thu May  1 2025 03:09:55.370027] r LSUPDATE :12000 9 F 6 :12000_5_1746094195.369345 1746094191.145064 :12000 (:12002)
[Thu May  1 2025 03:16:41.429221] r SAYHELLO :12000 1 - 0
[Thu May  1 2025 03:16:41.429267] i LSUPDATE :12000 9 F 6 :12002_7_1746094601.429259 1746094195.369537 :12002 (:12000)
[Thu May  1 2025 03:16:41.429291] i SAYHELLO :12000 1 - 0
[Thu May  1 2025 03:16:41.429945] r LSUPDATE :12000 9 F 6 :12000_2_1746094601.429463 1746094601.429458 :12000 (:12002)
[Thu May  1 2025 03:16:45.569013] i SAYHELLO :12000 1 - 0
[Thu May  1 2025 03:16:45.569137] r SAYHELLO :12000 1 - 0
[Thu May  1 2025 03:16:45.569169] i LSUPDATE :12000 9 F 6 :12002_2_1746094605.569156 1746094605.569151 :12002 (:12000)
[Thu May  1 2025 03:16:45.569390] r LSUPDATE :12000 9 F 6 :12000_5_1746094605.568957 1746094601.429458 :12000 (:12002)
[Thu May  1 2025 03:17:26.740175] r SAYHELLO :12000 1 - 0
[Thu May  1 2025 03:17:26.740223] i LSUPDATE :12000 9 F 6 :12002_7_1746094646.740216 1746094605.569151 :12002 (:12000)
[Thu May  1 2025 03:17:26.740247] i SAYHELLO :12000 1 - 0
[Thu May  1 2025 03:17:26.741351] r LSUPDATE :12000 9 F 6 :12000_2_1746094646.740849 1746094646.740845 :12000 (:12002)
[Thu May  1 2025 03:18:42.757648] r SAYHELLO :12000 1 - 0
[Thu May  1 2025 03:18:42.757695] i LSUPDATE :12000 9 F 6 :12002_2167_1746094722.757688 1746094605.569151 :12002 (:12000)
[Thu May  1 2025 03:18:42.757717] i SAYHELLO :12000 1 - 0
[Thu May  1 2025 03:18:42.758815] r LSUPDATE :12000 9 F 6 :12000_2_1746094722.757908 1746094722.757904 :12000 (:12002)
[Thu May  1 2025 03:20:27.690948] r SAYHELLO :12000 1 - 0
[Thu May  1 2025 03:20:27.690997] i LSUPDATE :12000 9 F 6 :12002_2171_1746094827.690989 1746094605.569151 :12002 (:12000)
[Thu May  1 2025 03:20:27.691022] i SAYHELLO :12000 1 - 0
[Thu May  1 2025 03:20:27.691686] r LSUPDATE :12000 9 F 6 :12000_2_1746094827.691198 1746094827.691193 :12000 (:12002)
[Thu May  1 2025 03:20:32.397931] i SAYHELLO :12000 1 - 0
[Thu May  1 2025 03:20:32.398053] r SAYHELLO :12000 1 - 0
[Thu May  1 2025 03:20:32.398085] i LSUPDATE :12000 9 F 6 :12002_2_1746094832.398072 1746094832.398068 :12002 (:12000)
[Thu May  1 2025 03:20:32.398307] r LSUPDATE :12000 9 F 6 :12000_5_1746094832.397876 1746094827.691193 :12000 (:12002)
[Thu May  1 2025 03:21:40.335580] i SAYHELLO :12000 1 - 0
[Thu May  1 2025 03:21:40.335703] r SAYHELLO :12000 1 - 0
[Thu May  1 2025 03:21:40.335745] i LSUPDATE :12000 9 F 6 :12002_2_1746094900.335734 1746094900.335729 :12002 (:12000)
[Thu May  1 2025 03:21:40.335967] r LSUPDATE :12000 9 F 6 :12000_2_1746094900.335516 1746094900.335510 :12000 (:12002)
[Thu May  1 2025 03:25:30.641442] r SAYHELLO :12000 1 - 0
[Thu May  1 2025 03:25:30.641487] i LSUPDATE :12000 9 F 6 :12002_7_1746095130.641480 1746094900.335729 :12002 (:12000)
[Thu May  1 2025 03:25:30.641512] i SAYHELLO :12000 1 - 0
[Thu May  1 2025 03:25:30.642511] r LSUPDATE :12000 9 F 6 :12000_2_1746095130.641692 1746095130.641688 :12000 (:12002)
[Thu May  1 2025 03:25:35.363096] i SAYHELLO :12000 1 - 0
[Thu May  1 2025 03:25:35.363221] r SAYHELLO :12000 1 - 0
[Thu May  1 2025 03:25:35.363253] i LSUPDATE :12000 9 F 6 :12002_2_1746095135.363240 1746095135.363236 :12002 (:12000)
[Thu May  1 2025 03:25:35.363483] r LSUPDATE :12000 9 F 6 :12000_5_1746095135.362750 1746095130.641688 :12000 (:12002)
[Thu May  1 2025 03:30:38.134684] r SAYHELLO :12000 1 - 0
[Thu May  1 2025 03:30:38.134731] i LSUPDATE :12000 9 F 6 :12002_7_1746095438.134723 1746095135.363236 :12002 (:12000)
[Thu May  1 2025 03:30:38.134762] i SAYHELLO :12000 1 - 0
[Thu May  1 2025 03:30:38.135902] r LSUPDATE :12000 9 F 6 :12000_2_1746095438.134939 1746095438.134935 :12000 (:12002)
[Thu May  1 2025 03:30:41.210179] i SAYHELLO :12000 1 - 0
[Thu May  1 2025 03:30:41.210302] r SAYHELLO :12000 1 - 0
[Thu May  1 2025 03:30:41.210342] i LSUPDATE :12000 9 F 6 :12002_2_1746095441.210329 1746095441.210324 :12002 (:12000)
[Thu May  1 2025 03:30:41.210563] r LSUPDATE :12000 9 F 6 :12000_5_1746095441.210123 1746095438.134935 :12000 (:12002)
[Thu May  1 2025 03:32:34.367353] r SAYHELLO :12000 1 - 0
[Thu May  1 2025 03:32:34.367400] i LSUPDATE :12000 9 F 6 :12002_7_1746095554.367393 1746095441.210324 :12002 (:12000)
[Thu May  1 2025 03:32:34.367425] i SAYHELLO :12000 1 - 0
[Thu May  1 2025 03:32:34.368759] r LSUPDATE :12000 9 F 6 :12000_2_1746095554.368519 1746095554.368514 :12000 (:12002)
[Thu May  1 2025 03:32:53.359720] i SAYHELLO :12000 1 - 0
[Thu May  1 2025 03:32:53.359843] r SAYHELLO :12000 1 - 0
[Thu May  1 2025 03:32:53.359874] i LSUPDATE :12000 9 F 6 :12002_2_1746095573.359862 1746095573.359857 :12002 (:12000)
[Thu May  1 2025 03:32:53.360109] r LSUPDATE :12000 9 F 6 :12000_5_1746095573.359663 1746095554.368514 :12000 (:12002)
[Thu May  1 2025 03:34:51.490076] i SAYHELLO :12000 1 - 0
[Thu May  1 2025 03:34:51.490211] r SAYHELLO :12000 1 - 0
[Thu May  1 2025 03:34:51.490242] i LSUPDATE :12000 9 F 6 :12002_2_1746095691.490231 1746095691.490227 :12002 (:12000)
[Thu May  1 2025 03:34:51.490461] r LSUPDATE :12000 9 F 6 :12000_2_1746095691.490011 1746095691.490006 :12000 (:12002)
[Thu May  1 2025 03:36:58.483782] r SAYHELLO :12000 1 - 0
[Thu May  1 2025 03:36:58.483829] i LSUPDATE :12000 9 F 6 :12002_7_1746095818.483821 1746095691.490227 :12002 (:12000)
[Thu May  1 2025 03:36:58.483854] i SAYHELLO :12000 1 - 0
[Thu May  1 2025 03:36:58.484389] r LSUPDATE :12000 9 F 6 :12000_2_1746095818.484025 1746095818.484021 :12000 (:12002)
[Thu May  1 2025 03:37:01.990354] i SAYHELLO :12000 1 - 0
[Thu May  1 2025 03:37:01.990856] r SAYHELLO :12000 1 - 0
[Thu May  1 2025 03:37:01.990890] i LSUPDATE :12000 9 F 6 :12002_2_1746095821.990877 1746095821.990872 :12002 (:12000)
[Thu May  1 2025 03:37:01.991115] r LSUPDATE :12000 9 F 6 :12000_5_1746095821.990297 1746095818.484021 :12000 (:12002)
[Thu May  1 2025 03:40:22.583107] i SAYHELLO :12000 1 - 0
[Thu May  1 2025 03:40:22.586108] r SAYHELLO :12000 1 - 0
[Thu May  1 2025 03:40:22.586153] i LSUPDATE :12000 9 F 6 :12002_2_1746096022.586141 1746096022.586137 :12002 (:12000)
[Thu May  1 2025 03:40:22.586382] r LSUPDATE :12000 9 F 6 :12000_2_1746096022.585910 1746096022.585903 :12000 (:12002)
[Thu May  1 2025 03:41:38.548674] r SAYHELLO :12000 1 - 0
[Thu May  1 2025 03:41:38.549203] i LSUPDATE :12000 9 F 6 :12002_7_1746096098.549193 1746096022.586137 :12002 (:12000)
[Thu May  1 2025 03:41:38.549238] i SAYHELLO :12000 1 - 0
[Thu May  1 2025 03:41:38.549887] r LSUPDATE :12000 9 F 6 :12000_2_1746096098.549401 1746096098.549396 :12000 (:12002)
[Thu May  1 2025 03:41:43.163208] i SAYHELLO :12000 1 - 0
[Thu May  1 2025 03:41:43.163332] r SAYHELLO :12000 1 - 0
[Thu May  1 2025 03:41:43.163363] i LSUPDATE :12000 9 F 6 :12002_2_1746096103.163351 1746096103.163346 :12002 (:12000)
[Thu May  1 2025 03:41:43.164446] r LSUPDATE :12000 9 F 6 :12000_5_1746096103.163151 1746096098.549396 :12000 (:12002)
[Thu May  1 2025 03:42:35.587785] r SAYHELLO :12000 1 - 0
[Thu May  1 2025 03:42:35.587833] i LSUPDATE :12000 9 F 6 :12002_7_1746096155.587826 1746096103.163346 :12002 (:12000)
[Thu May  1 2025 03:42:35.587858] i SAYHELLO :12000 1 - 0
[Thu May  1 2025 03:42:35.588389] r LSUPDATE :12000 9 F 6 :12000_2_1746096155.588031 1746096155.588027 :12000 (:12002)
[Thu May  1 2025 03:42:40.361038] i SAYHELLO :12000 1 - 0
[Thu May  1 2025 03:42:40.361163] r SAYHELLO :12000 1 - 0
[Thu May  1 2025 03:42:40.361195] i LSUPDATE :12000 9 F 6 :12002_2_1746096160.361182 1746096160.361177 :12002 (:12000)
[Thu May  1 2025 03:42:40.361417] r LSUPDATE :12000 9 F 6 :12000_5_1746096160.360979 1746096155.588027 :12000 (:12002)
[Thu May  1 2025 03:44:57.541650] r SAYHELLO :12000 1 - 0
[Thu May  1 2025 03:44:57.541697] i LSUPDATE :12000 9 F 6 :12002_7_1746096297.541689 1746096160.361177 :12002 (:12000)
[Thu May  1 2025 03:44:57.541720] i SAYHELLO :12000 1 - 0
[Thu May  1 2025 03:44:57.542388] r LSUPDATE :12000 9 F 6 :12000_2_1746096297.541895 1746096297.541891 :12000 (:12002)
[Thu May  1 2025 03:45:01.345659] i SAYHELLO :12000 1 - 0
[Thu May  1 2025 03:45:01.345781] r SAYHELLO :12000 1 - 0
[Thu May  1 2025 03:45:01.345811] i LSUPDATE :12000 9 F 6 :12002_2_1746096301.345799 1746096301.345795 :12002 (:12000)
[Thu May  1 2025 03:45:01.346030] r LSUPDATE :12000 9 F 6 :12000_5_1746096301.345602 1746096297.541891 :12000 (:12002)
[Thu May  1 2025 03:48:55.804329] i SAYHELLO :12000 1 - 0
[Thu May  1 2025 03:48:55.804651] r SAYHELLO :12000 1 - 0
[Thu May  1 2025 03:48:55.804683] i LSUPDATE :12000 9 F 6 :12002_2_1746096535.804671 1746096535.804667 :12002 (:12000)
[Thu May  1 2025 03:48:55.804905] r LSUPDATE :12000 9 F 6 :12000_2_1746096535.804262 1746096535.804257 :12000 (:12002)
[Thu May  1 2025 03:49:47.060945] i SAYHELLO :12000 1 - 0
[Thu May  1 2025 03:49:47.061067] r SAYHELLO :12000 1 - 0
[Thu May  1 2025 03:49:47.061097] i LSUPDATE :12000 9 F 6 :12002_2_1746096587.061085 1746096587.061081 :12002 (:12000)
[Thu May  1 2025 03:49:47.061318] r LSUPDATE :12000 9 F 6 :12000_2_1746096587.060878 1746096587.060873 :12000 (:12002)
[Thu May  1 2025 03:50:17.994057] r SAYHELLO :12004 1 - 0
[Thu May  1 2025 03:50:17.994111] i SAYHELLO :12004 1 - 0
[Thu May  1 2025 03:50:17.994148] i LSUPDATE :12000 9 F 13 :12002_10_1746096617.994091 1746096587.061081 :12002 (:12000,:12004)
[Thu May  1 2025 03:50:17.994165] i LSUPDATE :12004 9 F 13 :12002_10_1746096617.994091 1746096587.061081 :12002 (:12000,:12004)
[Thu May  1 2025 03:50:17.995103] r LSUPDATE :12004 9 F 6 :12004_2_1746096617.994611 1746096617.994606 :12004 (:12002)
[Thu May  1 2025 03:50:17.995121] d LSUPDATE :12000 8 F 6 :12004_2_1746096617.994611 1746096617.994606 :12004 (:12002)
[Thu May  1 2025 03:50:17.995638] r LSUPDATE :12000 9 F 6 :12000_11_1746096617.995394 1746096587.060873 :12000 (:12002)
[Thu May  1 2025 03:50:17.995655] d LSUPDATE :12004 8 F 6 :12000_11_1746096617.995394 1746096587.060873 :12000 (:12002)
[Thu May  1 2025 03:50:17.996187] r LSUPDATE :12004 9 F 6 :12004_5_1746096617.995937 1746096617.994606 :12004 (:12002)
[Thu May  1 2025 03:50:17.996204] d LSUPDATE :12000 8 F 6 :12004_5_1746096617.995937 1746096617.994606 :12004 (:12002)
[Thu May  1 2025 03:50:17.997662] r LSUPDATE :12000 9 F 6 :12000_12_1746096617.997391 1746096587.060873 :12000 (:12002)
[Thu May  1 2025 03:50:17.997683] d LSUPDATE :12004 8 F 6 :12000_12_1746096617.997391 1746096587.060873 :12000 (:12002)
[Thu May  1 2025 04:39:32.182820] i SAYHELLO :12000 1 - 0
[Thu May  1 2025 04:39:32.182944] r SAYHELLO :12000 1 - 0
[Thu May  1 2025 04:39:32.182973] i LSUPDATE :12000 9 F 6 :12002_2_1746099572.182962 1746099572.182960 :12002 (:12000)
[Thu May  1 2025 04:39:32.183193] r LSUPDATE :12000 9 F 6 :12000_2_1746099572.182755 1746099572.182753 :12000 (:12002)
[Thu May  1 2025 04:39:47.997167] r SAYHELLO :12004 1 - 0
[Thu May  1 2025 04:39:47.997226] i SAYHELLO :12004 1 - 0
[Thu May  1 2025 04:39:47.997261] i LSUPDATE :12000 9 F 13 :12002_10_1746099587.997208 1746099572.182960 :12002 (:12000,:12004)
[Thu May  1 2025 04:39:47.997279] i LSUPDATE :12004 9 F 13 :12002_10_1746099587.997208 1746099572.182960 :12002 (:12000,:12004)
[Thu May  1 2025 04:39:47.999316] r LSUPDATE :12004 9 F 6 :12004_2_1746099587.998490 1746099587.998487 :12004 (:12002)
[Thu May  1 2025 04:39:47.999337] d LSUPDATE :12000 8 F 6 :12004_2_1746099587.998490 1746099587.998487 :12004 (:12002)
[Thu May  1 2025 04:39:47.999888] r LSUPDATE :12000 9 F 6 :12000_11_1746099587.999621 1746099572.182753 :12000 (:12002)
[Thu May  1 2025 04:39:47.999906] d LSUPDATE :12004 8 F 6 :12000_11_1746099587.999621 1746099572.182753 :12000 (:12002)
[Thu May  1 2025 04:39:48.000428] r LSUPDATE :12004 9 F 6 :12004_5_1746099588.000204 1746099587.998487 :12004 (:12002)
[Thu May  1 2025 04:39:48.000447] d LSUPDATE :12000 8 F 6 :12004_5_1746099588.000204 1746099587.998487 :12004 (:12002)
[Thu May  1 2025 04:39:48.000950] r LSUPDATE :12000 9 F 6 :12000_12_1746099588.000712 1746099572.182753 :12000 (:12002)
[Thu May  1 2025 04:39:48.000967] d LSUPDATE :12004 8 F 6 :12000_12_1746099588.000712 1746099572.182753 :12000 (:12002)
[Thu May  1 2025 04:44:48.606287] i LSUPDATE :12004 9 F 6 :12002_12_1746099888.606260 1746099572.182960 :12002 (:12004)
[Thu May  1 2025 04:45:09.487824] i SAYHELLO :12000 1 - 0
[Thu May  1 2025 04:45:09.487947] r SAYHELLO :12000 1 - 0
[Thu May  1 2025 04:45:09.487978] i LSUPDATE :12000 9 F 6 :12002_2_1746099909.487967 1746099909.487965 :12002 (:12000)
[Thu May  1 2025 04:45:09.488495] r LSUPDATE :12000 9 F 6 :12000_2_1746099909.487760 1746099909.487758 :12000 (:12002)
[Thu May  1 2025 04:45:37.075111] r SAYHELLO :12004 1 - 0
[Thu May  1 2025 04:45:37.075175] i SAYHELLO :12004 1 - 0
[Thu May  1 2025 04:45:37.075212] i LSUPDATE :12000 9 F 13 :12002_11_1746099937.075157 1746099909.487965 :12002 (:12000,:12004)
[Thu May  1 2025 04:45:37.075229] i LSUPDATE :12004 9 F 13 :12002_11_1746099937.075157 1746099909.487965 :12002 (:12000,:12004)
[Thu May  1 2025 04:45:37.076219] r LSUPDATE :12004 9 F 6 :12004_2_1746099937.075718 1746099937.075715 :12004 (:12002)
[Thu May  1 2025 04:45:37.076238] d LSUPDATE :12000 8 F 6 :12004_2_1746099937.075718 1746099937.075715 :12004 (:12002)
[Thu May  1 2025 04:45:37.076777] r LSUPDATE :12000 9 F 6 :12000_12_1746099937.076519 1746099909.487758 :12000 (:12002)
[Thu May  1 2025 04:45:37.076795] d LSUPDATE :12004 8 F 6 :12000_12_1746099937.076519 1746099909.487758 :12000 (:12002)
[Thu May  1 2025 04:45:37.077284] r LSUPDATE :12004 9 F 6 :12004_5_1746099937.077063 1746099937.075715 :12004 (:12002)
[Thu May  1 2025 04:45:37.077300] d LSUPDATE :12000 8 F 6 :12004_5_1746099937.077063 1746099937.075715 :12004 (:12002)
[Thu May  1 2025 04:45:37.077798] r LSUPDATE :12000 9 F 6 :12000_13_1746099937.077559 1746099909.487758 :12000 (:12002)
[Thu May  1 2025 04:45:37.078347] d LSUPDATE :12004 8 F 6 :12000_13_1746099937.077559 1746099909.487758 :12000 (:12002)
[Thu May  1 2025 04:55:11.158215] i SAYHELLO :12000 1 - 0
[Thu May  1 2025 04:55:11.158339] r SAYHELLO :12000 1 - 0
[Thu May  1 2025 04:55:11.158370] i LSUPDATE :12000 9 F 6 :12002_2_1746100511.158358 1746100511.158356 :12002 (:12000)
[Thu May  1 2025 04:55:11.158588] r LSUPDATE :12000 9 F 6 :12000_2_1746100511.158143 1746100511.158140 :12000 (:12002)
[Thu May  1 2025 04:55:13.873484] r SAYHELLO :12004 1 - 0
[Thu May  1 2025 04:55:13.873544] i SAYHELLO :12004 1 - 0
[Thu May  1 2025 04:55:13.873580] i LSUPDATE :12000 9 F 13 :12002_4_1746100513.873526 1746100511.158356 :12002 (:12000,:12004)
[Thu May  1 2025 04:55:13.873597] i LSUPDATE :12004 9 F 13 :12002_4_1746100513.873526 1746100511.158356 :12002 (:12000,:12004)
[Thu May  1 2025 04:55:13.875425] r LSUPDATE :12004 9 F 6 :12004_2_1746100513.874029 1746100513.874027 :12004 (:12002)
[Thu May  1 2025 04:55:13.875452] d LSUPDATE :12000 8 F 6 :12004_2_1746100513.874029 1746100513.874027 :12004 (:12002)
[Thu May  1 2025 04:55:13.875974] r LSUPDATE :12000 9 F 6 :12000_5_1746100513.875728 1746100511.158140 :12000 (:12002)
[Thu May  1 2025 04:55:13.875991] d LSUPDATE :12004 8 F 6 :12000_5_1746100513.875728 1746100511.158140 :12000 (:12002)
[Thu May  1 2025 04:55:13.876506] r LSUPDATE :12004 9 F 6 :12004_5_1746100513.876277 1746100513.874027 :12004 (:12002)
[Thu May  1 2025 04:55:13.876533] d LSUPDATE :12000 8 F 6 :12004_5_1746100513.876277 1746100513.874027 :12004 (:12002)
[Thu May  1 2025 04:55:13.877424] r LSUPDATE :12000 9 F 6 :12000_6_1746100513.877182 1746100511.158140 :12000 (:12002)
[Thu May  1 2025 04:55:13.877439] d LSUPDATE :12004 8 F 6 :12000_6_1746100513.877182 1746100511.158140 :12000 (:12002)
[Thu May  1 2025 04:57:21.786869] i SAYHELLO :12004 1 - 0
[Thu May  1 2025 04:57:21.787006] r SAYHELLO :12004 1 - 0
[Thu May  1 2025 04:57:21.787039] i LSUPDATE :12000 9 F 13 :12002_2_1746100641.787027 1746100641.787024 :12002 (:12000,:12004)
[Thu May  1 2025 04:57:21.787057] i LSUPDATE :12004 9 F 13 :12002_2_1746100641.787027 1746100641.787024 :12002 (:12000,:12004)
[Thu May  1 2025 04:57:21.787278] r LSUPDATE :12004 9 F 6 :12004_27_1746100641.786812 1746100513.874027 :12004 (:12002)
[Thu May  1 2025 04:57:21.787294] d LSUPDATE :12000 8 F 6 :12004_27_1746100641.786812 1746100513.874027 :12004 (:12002)
[Thu May  1 2025 04:57:21.788942] i SAYHELLO :12000 1 - 0
[Thu May  1 2025 04:57:21.790648] r SAYHELLO :12000 1 - 0
[Thu May  1 2025 04:57:21.790675] i LSUPDATE :12000 9 F 13 :12002_4_1746100641.790666 1746100641.787024 :12002 (:12000,:12004)
[Thu May  1 2025 04:57:21.790691] i LSUPDATE :12004 9 F 13 :12002_4_1746100641.790666 1746100641.787024 :12002 (:12000,:12004)
[Thu May  1 2025 04:57:21.790951] r LSUPDATE :12000 9 F 6 :12000_29_1746100641.789111 1746100511.158140 :12000 (:12002)
[Thu May  1 2025 04:57:21.790968] d LSUPDATE :12004 8 F 6 :12000_29_1746100641.789111 1746100511.158140 :12000 (:12002)
[Thu May  1 2025 04:57:21.832400] r LSUPDATE :12000 9 F 6 :12000_30_1746100641.790470 1746100511.158140 :12000 (:12002)
[Thu May  1 2025 04:57:21.832428] d LSUPDATE :12004 8 F 6 :12000_30_1746100641.790470 1746100511.158140 :12000 (:12002)
[Thu May  1 2025 05:06:12.810768] i LSUPDATE :12004 9 F 6 :12002_6_1746101172.810745 1746100641.787024 :12002 (:12004)
[Thu May  1 2025 05:06:23.687919] i SAYHELLO :12000 1 - 0
[Thu May  1 2025 05:06:23.688042] r SAYHELLO :12000 1 - 0
[Thu May  1 2025 05:06:23.688071] i LSUPDATE :12000 9 F 6 :12002_2_1746101183.688060 1746101183.688058 :12002 (:12000)
[Thu May  1 2025 05:06:23.688569] r LSUPDATE :12000 9 F 6 :12000_2_1746101183.687856 1746101183.687853 :12000 (:12002)
[Thu May  1 2025 05:06:25.892914] r SAYHELLO :12004 1 - 0
[Thu May  1 2025 05:06:25.892966] i SAYHELLO :12004 1 - 0
[Thu May  1 2025 05:06:25.893003] i LSUPDATE :12000 9 F 13 :12002_4_1746101185.892949 1746101183.688058 :12002 (:12000,:12004)
[Thu May  1 2025 05:06:25.893020] i LSUPDATE :12004 9 F 13 :12002_4_1746101185.892949 1746101183.688058 :12002 (:12000,:12004)
[Thu May  1 2025 05:06:25.894154] r LSUPDATE :12004 9 F 6 :12004_2_1746101185.893917 1746101185.893915 :12004 (:12002)
[Thu May  1 2025 05:06:25.894174] d LSUPDATE :12000 8 F 6 :12004_2_1746101185.893917 1746101185.893915 :12004 (:12002)
[Thu May  1 2025 05:06:25.894703] r LSUPDATE :12000 9 F 6 :12000_5_1746101185.894448 1746101183.687853 :12000 (:12002)
[Thu May  1 2025 05:06:25.894721] d LSUPDATE :12004 8 F 6 :12000_5_1746101185.894448 1746101183.687853 :12000 (:12002)
[Thu May  1 2025 05:06:25.895492] r LSUPDATE :12004 9 F 6 :12004_5_1746101185.895269 1746101185.893915 :12004 (:12002)
[Thu May  1 2025 05:06:25.895508] d LSUPDATE :12000 8 F 6 :12004_5_1746101185.895269 1746101185.893915 :12004 (:12002)
[Thu May  1 2025 05:06:25.896016] r LSUPDATE :12000 9 F 6 :12000_6_1746101185.895768 1746101183.687853 :12000 (:12002)
[Thu May  1 2025 05:06:25.896032] d LSUPDATE :12004 8 F 6 :12000_6_1746101185.895768 1746101183.687853 :12000 (:12002)
[Thu May  1 2025 05:09:30.276372] i SAYHELLO :12000 1 - 0
[Thu May  1 2025 05:09:30.276494] r SAYHELLO :12000 1 - 0
[Thu May  1 2025 05:09:30.276524] i LSUPDATE :12000 9 F 6 :12002_2_1746101370.276513 1746101370.276511 :12002 (:12000)
[Thu May  1 2025 05:09:30.276754] r LSUPDATE :12000 9 F 6 :12000_2_1746101370.276305 1746101370.276303 :12000 (:12002)
[Thu May  1 2025 05:09:32.679390] r SAYHELLO :12004 1 - 0
[Thu May  1 2025 05:09:32.679448] i SAYHELLO :12004 1 - 0
[Thu May  1 2025 05:09:32.679484] i LSUPDATE :12000 9 F 13 :12002_4_1746101372.679430 1746101370.276511 :12002 (:12000,:12004)
[Thu May  1 2025 05:09:32.679502] i LSUPDATE :12004 9 F 13 :12002_4_1746101372.679430 1746101370.276511 :12002 (:12000,:12004)
[Thu May  1 2025 05:09:32.680934] r LSUPDATE :12004 9 F 6 :12004_2_1746101372.680419 1746101372.680417 :12004 (:12002)
[Thu May  1 2025 05:09:32.680954] d LSUPDATE :12000 8 F 6 :12004_2_1746101372.680419 1746101372.680417 :12004 (:12002)
[Thu May  1 2025 05:09:32.681906] r LSUPDATE :12000 9 F 6 :12000_5_1746101372.681658 1746101370.276303 :12000 (:12002)
[Thu May  1 2025 05:09:32.681925] d LSUPDATE :12004 8 F 6 :12000_5_1746101372.681658 1746101370.276303 :12000 (:12002)
[Thu May  1 2025 05:09:32.682844] r LSUPDATE :12004 9 F 6 :12004_5_1746101372.682619 1746101372.680417 :12004 (:12002)
[Thu May  1 2025 05:09:32.682861] d LSUPDATE :12000 8 F 6 :12004_5_1746101372.682619 1746101372.680417 :12004 (:12002)
[Thu May  1 2025 05:09:32.683371] r LSUPDATE :12000 9 F 6 :12000_6_1746101372.683128 1746101370.276303 :12000 (:12002)
[Thu May  1 2025 05:09:32.683395] d LSUPDATE :12004 8 F 6 :12000_6_1746101372.683128 1746101370.276303 :12000 (:12002)
[Thu May  1 2025 05:10:05.042561] i SAYHELLO :12000 1 - 0
[Thu May  1 2025 05:10:05.043184] i SAYHELLO :12004 1 - 0
[Thu May  1 2025 05:10:05.043307] r SAYHELLO :12004 1 - 0
[Thu May  1 2025 05:10:05.043340] i LSUPDATE :12000 9 F 13 :12002_2_1746101405.043326 1746101405.043324 :12002 (:12000,:12004)
[Thu May  1 2025 05:10:05.043359] i LSUPDATE :12004 9 F 13 :12002_2_1746101405.043326 1746101405.043324 :12002 (:12000,:12004)
[Thu May  1 2025 05:10:05.043580] r LSUPDATE :12004 9 F 6 :12004_11_1746101405.042755 1746101372.680417 :12004 (:12002)
[Thu May  1 2025 05:10:05.043597] d LSUPDATE :12000 8 F 6 :12004_11_1746101405.042755 1746101372.680417 :12004 (:12002)
[Thu May  1 2025 05:10:05.044953] r SAYHELLO :12000 1 - 0
[Thu May  1 2025 05:10:05.044995] i LSUPDATE :12000 9 F 13 :12002_4_1746101405.044988 1746101405.043324 :12002 (:12000,:12004)
[Thu May  1 2025 05:10:05.045010] i LSUPDATE :12004 9 F 13 :12002_4_1746101405.044988 1746101405.043324 :12002 (:12000,:12004)
[Thu May  1 2025 05:10:05.045228] r LSUPDATE :12000 9 F 6 :12000_13_1746101405.044527 1746101370.276303 :12000 (:12002)
[Thu May  1 2025 05:10:05.045244] d LSUPDATE :12004 8 F 6 :12000_13_1746101405.044527 1746101370.276303 :12000 (:12002)
[Thu May  1 2025 05:10:05.049515] r LSUPDATE :12000 9 F 6 :12000_14_1746101405.048791 1746101370.276303 :12000 (:12002)
[Thu May  1 2025 05:10:05.049533] d LSUPDATE :12004 8 F 6 :12000_14_1746101405.048791 1746101370.276303 :12000 (:12002)
[Thu May  1 2025 05:12:56.474285] i LSUPDATE :12004 9 F 6 :12002_6_1746101576.474262 1746101405.043324 :12002 (:12004)
[Thu May  1 2025 05:13:25.314693] i SAYHELLO :12000 1 - 0
[Thu May  1 2025 05:13:25.314815] r SAYHELLO :12000 1 - 0
[Thu May  1 2025 05:13:25.315519] i LSUPDATE :12000 9 F 6 :12002_2_1746101605.314833 1746101605.314831 :12002 (:12000)
[Thu May  1 2025 05:13:25.315746] r LSUPDATE :12000 9 F 6 :12000_2_1746101605.314625 1746101605.314623 :12000 (:12002)
[Thu May  1 2025 05:13:28.607131] r SAYHELLO :12004 1 - 0
[Thu May  1 2025 05:13:28.607192] i SAYHELLO :12004 1 - 0
[Thu May  1 2025 05:13:28.607234] i LSUPDATE :12000 9 F 13 :12002_4_1746101608.607174 1746101605.314831 :12002 (:12000,:12004)
[Thu May  1 2025 05:13:28.607252] i LSUPDATE :12004 9 F 13 :12002_4_1746101608.607174 1746101605.314831 :12002 (:12000,:12004)
[Thu May  1 2025 05:13:28.608588] r LSUPDATE :12004 9 F 6 :12004_2_1746101608.607702 1746101608.607700 :12004 (:12002)
[Thu May  1 2025 05:13:28.608609] d LSUPDATE :12000 8 F 6 :12004_2_1746101608.607702 1746101608.607700 :12004 (:12002)
[Thu May  1 2025 05:13:28.609135] r LSUPDATE :12000 9 F 6 :12000_5_1746101608.608887 1746101605.314623 :12000 (:12002)
[Thu May  1 2025 05:13:28.609152] d LSUPDATE :12004 8 F 6 :12000_5_1746101608.608887 1746101605.314623 :12000 (:12002)
[Thu May  1 2025 05:13:28.609652] r LSUPDATE :12004 9 F 6 :12004_5_1746101608.609428 1746101608.607700 :12004 (:12002)
[Thu May  1 2025 05:13:28.609668] d LSUPDATE :12000 8 F 6 :12004_5_1746101608.609428 1746101608.607700 :12004 (:12002)
[Thu May  1 2025 05:13:28.610170] r LSUPDATE :12000 9 F 6 :12000_6_1746101608.609925 1746101605.314623 :12000 (:12002)
[Thu May  1 2025 05:13:28.610185] d LSUPDATE :12004 8 F 6 :12000_6_1746101608.609925 1746101605.314623 :12000 (:12002)
[Thu May  1 2025 20:06:01.732953] i SAYHELLO :12000 1 - 0
[Thu May  1 2025 20:06:01.737123] r SAYHELLO :12000 1 - 0
[Thu May  1 2025 20:06:01.737162] i LSUPDATE :12000 9 F 6 :12002_2_1746155161.737151 1746155161.737148 :12002 (:12000)
[Thu May  1 2025 20:06:01.737672] r LSUPDATE :12000 9 F 6 :12000_2_1746155161.736937 1746155161.736933 :12000 (:12002)
[Thu May  1 2025 20:06:09.259556] r SAYHELLO :12004 1 - 0
[Thu May  1 2025 20:06:09.260011] i SAYHELLO :12004 1 - 0
[Thu May  1 2025 20:06:09.260061] i LSUPDATE :12000 9 F 13 :12002_4_1746155169.260030 1746155161.737148 :12002 (:12000,:12004)
[Thu May  1 2025 20:06:09.260099] i LSUPDATE :12004 9 F 13 :12002_4_1746155169.260030 1746155161.737148 :12002 (:12000,:12004)
[Thu May  1 2025 20:06:09.261553] r LSUPDATE :12004 9 F 6 :12004_2_1746155169.261056 1746155169.261054 :12004 (:12002)
[Thu May  1 2025 20:06:09.261574] d LSUPDATE :12000 8 F 6 :12004_2_1746155169.261056 1746155169.261054 :12004 (:12002)
[Thu May  1 2025 20:06:09.262124] r LSUPDATE :12000 9 F 6 :12000_5_1746155169.261854 1746155161.736933 :12000 (:12002)
[Thu May  1 2025 20:06:09.262142] d LSUPDATE :12004 8 F 6 :12000_5_1746155169.261854 1746155161.736933 :12000 (:12002)
[Thu May  1 2025 20:06:09.262655] r LSUPDATE :12004 9 F 6 :12004_5_1746155169.262415 1746155169.261054 :12004 (:12002)
[Thu May  1 2025 20:06:09.262672] d LSUPDATE :12000 8 F 6 :12004_5_1746155169.262415 1746155169.261054 :12004 (:12002)
[Thu May  1 2025 20:06:09.263174] r LSUPDATE :12000 9 F 6 :12000_6_1746155169.262932 1746155161.736933 :12000 (:12002)
[Thu May  1 2025 20:06:09.263189] d LSUPDATE :12004 8 F 6 :12000_6_1746155169.262932 1746155161.736933 :12000 (:12002)
[Thu May  1 2025 20:06:45.505908] i SAYHELLO :12004 1 - 0
[Thu May  1 2025 20:06:45.506498] r SAYHELLO :12004 1 - 0
[Thu May  1 2025 20:06:45.506532] i LSUPDATE :12000 9 F 13 :12002_2_1746155205.506520 1746155205.506518 :12002 (:12000,:12004)
[Thu May  1 2025 20:06:45.506551] i LSUPDATE :12004 9 F 13 :12002_2_1746155205.506520 1746155205.506518 :12002 (:12000,:12004)
[Thu May  1 2025 20:06:45.506774] r LSUPDATE :12004 9 F 6 :12004_10_1746155205.505851 1746155169.261054 :12004 (:12002)
[Thu May  1 2025 20:06:45.506791] d LSUPDATE :12000 8 F 6 :12004_10_1746155205.505851 1746155169.261054 :12004 (:12002)
[Thu May  1 2025 20:06:45.507682] i SAYHELLO :12000 1 - 0
[Thu May  1 2025 20:06:45.508047] r SAYHELLO :12000 1 - 0
[Thu May  1 2025 20:06:45.508071] i LSUPDATE :12000 9 F 13 :12002_4_1746155205.508062 1746155205.506518 :12002 (:12000,:12004)
[Thu May  1 2025 20:06:45.508087] i LSUPDATE :12004 9 F 13 :12002_4_1746155205.508062 1746155205.506518 :12002 (:12000,:12004)
[Thu May  1 2025 20:06:45.508338] r LSUPDATE :12000 9 F 6 :12000_12_1746155205.507627 1746155161.736933 :12000 (:12002)
[Thu May  1 2025 20:06:45.508355] d LSUPDATE :12004 8 F 6 :12000_12_1746155205.507627 1746155161.736933 :12000 (:12002)
[Thu May  1 2025 20:06:45.549490] r LSUPDATE :12000 9 F 6 :12000_13_1746155205.548984 1746155161.736933 :12000 (:12002)
[Thu May  1 2025 20:06:45.549514] d LSUPDATE :12004 8 F 6 :12000_13_1746155205.548984 1746155161.736933 :12000 (:12002)
[Thu May  1 2025 20:17:21.141319] i SAYHELLO :12004 1 - 0
[Thu May  1 2025 20:17:21.141990] i SAYHELLO :12000 1 - 0
[Thu May  1 2025 20:17:21.142109] r SAYHELLO :12004 1 - 0
[Thu May  1 2025 20:17:21.142140] i LSUPDATE :12000 9 F 13 :12002_2_1746155841.142127 1746155841.142124 :12002 (:12000,:12004)
[Thu May  1 2025 20:17:21.142158] i LSUPDATE :12004 9 F 13 :12002_2_1746155841.142127 1746155841.142124 :12002 (:12000,:12004)
[Thu May  1 2025 20:17:21.142380] r LSUPDATE :12004 9 F 6 :12004_29_1746155841.141262 1746155169.261054 :12004 (:12002)
[Thu May  1 2025 20:17:21.142396] d LSUPDATE :12000 8 F 6 :12004_29_1746155841.141262 1746155169.261054 :12004 (:12002)
[Thu May  1 2025 20:17:21.143452] r SAYHELLO :12000 1 - 0
[Thu May  1 2025 20:17:21.143475] i LSUPDATE :12000 9 F 13 :12002_4_1746155841.143467 1746155841.142124 :12002 (:12000,:12004)
[Thu May  1 2025 20:17:21.143490] i LSUPDATE :12004 9 F 13 :12002_4_1746155841.143467 1746155841.142124 :12002 (:12000,:12004)
[Thu May  1 2025 20:17:21.143709] r LSUPDATE :12000 9 F 6 :12000_31_1746155841.141935 1746155161.736933 :12000 (:12002)
[Thu May  1 2025 20:17:21.143724] d LSUPDATE :12004 8 F 6 :12000_31_1746155841.141935 1746155161.736933 :12000 (:12002)
[Thu May  1 2025 20:17:21.185834] r LSUPDATE :12000 9 F 6 :12000_32_1746155841.184857 1746155161.736933 :12000 (:12002)
[Thu May  1 2025 20:17:21.185859] d LSUPDATE :12004 8 F 6 :12000_32_1746155841.184857 1746155161.736933 :12000 (:12002)
[Thu May  1 2025 22:53:29.815279] i SAYHELLO :12000 1 - 0
[Thu May  1 2025 22:53:29.815279] i SAYHELLO :12000 1 - 0
[Thu May  1 2025 22:53:29.817561] r SAYHELLO :12000 1 - 0
[Thu May  1 2025 22:53:29.820096] i LSUPDATE :12000 9 F 6 :12002_2_1746165209.820081 1746165209.820077 :12002 (:12000)
[Thu May  1 2025 22:53:29.821318] r LSUPDATE :12000 9 F 6 :12000_2_1746165209.817068 1746165209.817065 :12000 (:12002)
[Thu May  1 2025 22:53:33.983175] r SAYHELLO :12004 1 - 0
[Thu May  1 2025 22:53:33.983227] i SAYHELLO :12004 1 - 0
[Thu May  1 2025 22:53:33.983263] i LSUPDATE :12000 9 F 13 :12002_4_1746165213.983209 1746165209.820077 :12002 (:12000,:12004)
[Thu May  1 2025 22:53:33.983281] i LSUPDATE :12004 9 F 13 :12002_4_1746165213.983209 1746165209.820077 :12002 (:12000,:12004)
[Thu May  1 2025 22:53:33.987194] r LSUPDATE :12004 9 F 6 :12004_2_1746165213.986514 1746165213.986512 :12004 (:12002)
[Thu May  1 2025 22:53:33.987219] d LSUPDATE :12000 8 F 6 :12004_2_1746165213.986514 1746165213.986512 :12004 (:12002)
[Thu May  1 2025 22:53:33.987785] r LSUPDATE :12000 9 F 6 :12000_5_1746165213.987536 1746165209.817065 :12000 (:12002)
[Thu May  1 2025 22:53:33.987804] d LSUPDATE :12004 8 F 6 :12000_5_1746165213.987536 1746165209.817065 :12000 (:12002)
[Thu May  1 2025 22:53:33.989404] r LSUPDATE :12004 9 F 6 :12004_5_1746165213.988480 1746165213.986512 :12004 (:12002)
[Thu May  1 2025 22:53:33.989423] d LSUPDATE :12000 8 F 6 :12004_5_1746165213.988480 1746165213.986512 :12004 (:12002)
[Thu May  1 2025 22:53:33.989942] r LSUPDATE :12000 9 F 6 :12000_6_1746165213.989686 1746165209.817065 :12000 (:12002)
[Thu May  1 2025 22:53:33.989959] d LSUPDATE :12004 8 F 6 :12000_6_1746165213.989686 1746165209.817065 :12000 (:12002)
[Thu May  1 2025 22:59:46.136834] i SAYHELLO :12004 1 - 0
[Thu May  1 2025 22:59:46.137747] i SAYHELLO :12000 1 - 0
[Thu May  1 2025 22:59:46.137747] i SAYHELLO :12000 1 - 0
[Thu May  1 2025 22:59:46.137139] r SAYHELLO :12004 1 - 0
[Thu May  1 2025 22:59:46.138134] i LSUPDATE :12000 9 F 13 :12002_2_1746165586.138121 1746165586.138119 :12002 (:12000,:12004)
[Thu May  1 2025 22:59:46.138771] i LSUPDATE :12004 9 F 13 :12002_2_1746165586.138121 1746165586.138119 :12002 (:12000,:12004)
[Thu May  1 2025 22:59:46.140439] r SAYHELLO :12000 1 - 0
[Thu May  1 2025 22:59:46.140657] i LSUPDATE :12000 9 F 13 :12002_3_1746165586.140648 1746165586.138119 :12002 (:12000,:12004)
[Thu May  1 2025 22:59:46.140860] i LSUPDATE :12004 9 F 13 :12002_3_1746165586.140648 1746165586.138119 :12002 (:12000,:12004)
[Thu May  1 2025 22:59:46.141260] r LSUPDATE :12000 9 F 6 :12000_41_1746165586.137453 1746165209.817065 :12000 (:12002)
[Thu May  1 2025 22:59:46.141450] d LSUPDATE :12004 8 F 6 :12000_41_1746165586.137453 1746165209.817065 :12000 (:12002)
[Thu May  1 2025 22:59:46.142283] r LSUPDATE :12004 9 F 6 :12004_33_1746165586.136124 1746165213.986512 :12004 (:12002)
[Thu May  1 2025 22:59:46.142875] d LSUPDATE :12000 8 F 6 :12004_33_1746165586.136124 1746165213.986512 :12004 (:12002)
[Thu May  1 2025 22:59:46.182280] r LSUPDATE :12000 9 F 6 :12000_42_1746165586.181607 1746165209.817065 :12000 (:12002)
[Thu May  1 2025 22:59:46.182309] d LSUPDATE :12004 8 F 6 :12000_42_1746165586.181607 1746165209.817065 :12000 (:12002)
[Thu May  1 2025 23:01:23.476581] i SAYHELLO :12000 1 - 0
[Thu May  1 2025 23:01:23.477262] r SAYHELLO :12000 1 - 0
[Thu May  1 2025 23:01:23.477502] i LSUPDATE :12000 9 F 13 :12002_2_1746165683.477488 1746165683.477486 :12002 (:12000,:12004)
[Thu May  1 2025 23:01:23.477262] r SAYHELLO :12000 1 - 0
[Thu May  1 2025 23:01:23.477471] i SAYHELLO :12004 1 - 0
[Thu May  1 2025 23:01:23.478312] i LSUPDATE :12004 9 F 13 :12002_2_1746165683.477488 1746165683.477486 :12002 (:12000,:12004)
[Thu May  1 2025 23:01:23.479716] r LSUPDATE :12000 9 F 6 :12000_63_1746165683.475878 1746165209.817065 :12000 (:12002)
[Thu May  1 2025 23:01:23.480460] r SAYHELLO :12004 1 - 0
[Thu May  1 2025 23:01:23.479716] r LSUPDATE :12000 9 F 6 :12000_63_1746165683.475878 1746165209.817065 :12000 (:12002)
[Thu May  1 2025 23:01:23.480488] i LSUPDATE :12000 9 F 13 :12002_3_1746165683.480479 1746165683.477486 :12002 (:12000,:12004)
[Thu May  1 2025 23:01:23.480701] i LSUPDATE :12004 9 F 13 :12002_3_1746165683.480479 1746165683.477486 :12002 (:12000,:12004)
[Thu May  1 2025 23:01:23.480929] r LSUPDATE :12004 9 F 6 :12004_55_1746165683.476931 1746165213.986512 :12004 (:12002)
[Thu May  1 2025 23:01:23.480945] d LSUPDATE :12000 8 F 6 :12004_55_1746165683.476931 1746165213.986512 :12004 (:12002)
[Thu May  1 2025 23:01:23.481607] d LSUPDATE :12004 8 F 6 :12000_63_1746165683.475878 1746165209.817065 :12000 (:12002)
[Thu May  1 2025 23:01:23.521802] r LSUPDATE :12000 9 F 6 :12000_64_1746165683.521180 1746165209.817065 :12000 (:12002)
[Thu May  1 2025 23:01:23.521829] d LSUPDATE :12004 8 F 6 :12000_64_1746165683.521180 1746165209.817065 :12000 (:12002)
[Thu May  1 2025 23:03:00.900539] i LSUPDATE :12004 9 F 6 :12002_17_1746165780.900502 1746165683.477486 :12002 (:12004)
