[Wed Apr 16 2025 17:46:27.297079] r SAYHELLO :12002 1 - 0
[Wed Apr 16 2025 17:46:27.297387] i LSUPDATE :12002 9 F 6 :12000_2_1744850787.297374 1744850787.297372 :12000 (:12002)
[Wed Apr 16 2025 17:46:27.297414] i SAYHELLO :12002 1 - 0
[Wed Apr 16 2025 17:46:27.298063] r LSUPDATE :12002 9 F 6 :12002_2_1744850787.297586 1744850787.297584 :12002 (:12000)
[Wed Apr 16 2025 17:46:37.666428] r LSUPDATE :12002 9 F 13 :12002_4_1744850797.666102 1744850787.297584 :12002 (:12000,:12004)
[Wed Apr 16 2025 17:46:37.667706] r LSUPDATE :12002 8 F 6 :12004_2_1744850797.666630 1744850797.666627 :12004 (:12002)
[Wed Apr 16 2025 17:46:37.667757] i LSUPDATE :12002 9 F 6 :12000_5_1744850797.667730 1744850787.297372 :12000 (:12002)
[Wed Apr 16 2025 17:46:37.669173] r LSUPDATE :12002 8 F 6 :12004_5_1744850797.668692 1744850797.666627 :12004 (:12002)
[Wed Apr 16 2025 17:46:37.669216] i LSUPDATE :12002 9 F 6 :12000_6_1744850797.669192 1744850787.297372 :12000 (:12002)
[Wed Apr 16 2025 17:46:44.576807] r LSUPDATE :12002 8 F 13 :12004_6_1744850804.576207 1744850797.666627 :12004 (:12002,:12012)
[Wed Apr 16 2025 17:46:44.576864] i LSUPDATE :12002 9 F 6 :12000_7_1744850804.576834 1744850787.297372 :12000 (:12002)
[Wed Apr 16 2025 17:46:44.579849] r LSUPDATE :12002 7 F 13 :12012_2_1744850804.577556 1744850804.577553 :12012 (:12002,:12004)
[Wed Apr 16 2025 17:46:44.579898] i LSUPDATE :12002 9 F 6 :12000_9_1744850804.579873 1744850787.297372 :12000 (:12002)
[Wed Apr 16 2025 17:46:44.580113] r LSUPDATE :12002 9 F 13 :12002_7_1744850804.579577 1744850787.297584 :12002 (:12000,:12004)
[Wed Apr 16 2025 17:46:44.620777] r LSUPDATE :12002 7 F 13 :12012_5_1744850804.579013 1744850804.577553 :12012 (:12002,:12004)
[Wed Apr 16 2025 17:46:44.620862] i LSUPDATE :12002 9 F 6 :12000_10_1744850804.620823 1744850787.297372 :12000 (:12002)
[Wed Apr 16 2025 17:46:44.621087] r LSUPDATE :12002 9 F 13 :12002_8_1744850804.581781 1744850787.297584 :12002 (:12000,:12004)
[Wed Apr 16 2025 17:46:44.621320] r LSUPDATE :12002 9 F 20 :12002_9_1744850804.581959 1744850787.297584 :12002 (:12000,:12004,:12012)
[Wed Apr 16 2025 17:46:44.621539] r LSUPDATE :12002 7 F 13 :12012_6_1744850804.582516 1744850804.577553 :12012 (:12002,:12004)
[Wed Apr 16 2025 17:46:44.621573] i LSUPDATE :12002 9 F 6 :12000_11_1744850804.621553 1744850787.297372 :12000 (:12002)
[Wed Apr 16 2025 17:46:44.622590] r LSUPDATE :12002 8 F 13 :12012_9_1744850804.586643 1744850804.577553 :12012 (:12002,:12004)
[Wed Apr 16 2025 17:46:44.622627] i LSUPDATE :12002 9 F 6 :12000_12_1744850804.622608 1744850787.297372 :12000 (:12002)
[Wed Apr 16 2025 17:46:44.623433] r LSUPDATE :12002 6 F 13 :12002_7_1744850804.579577 1744850787.297584 :12002 (:12000,:12004)
[Wed Apr 16 2025 17:46:44.624352] r LSUPDATE :12002 9 F 20 :12002_11_1744850804.624105 1744850787.297584 :12002 (:12000,:12004,:12012)
[Wed Apr 16 2025 17:46:44.664426] r LSUPDATE :12002 6 F 13 :12002_8_1744850804.581781 1744850787.297584 :12002 (:12000,:12004)
[Wed Apr 16 2025 17:46:44.664688] r LSUPDATE :12002 6 F 20 :12002_11_1744850804.624105 1744850787.297584 :12002 (:12000,:12004,:12012)
[Wed Apr 16 2025 17:47:55.999088] r SAYHELLO :12002 1 - 0
[Wed Apr 16 2025 17:47:55.999122] i LSUPDATE :12002 9 F 6 :12000_14_1744850875.999115 1744850787.297372 :12000 (:12002)
[Wed Apr 16 2025 17:47:55.999144] i SAYHELLO :12002 1 - 0
[Wed Apr 16 2025 17:47:55.999956] r LSUPDATE :12002 9 F 20 :12002_2_1744850875.996458 1744850875.996456 :12002 (:12000,:12004,:12012)
[Wed Apr 16 2025 17:47:56.041046] r LSUPDATE :12002 8 F 13 :12012_11_1744850875.995948 1744850804.577553 :12012 (:12004,:12002)
[Wed Apr 16 2025 17:47:56.041110] i LSUPDATE :12002 9 F 6 :12000_15_1744850876.041080 1744850787.297372 :12000 (:12002)
[Wed Apr 16 2025 17:47:56.041358] r LSUPDATE :12002 9 F 20 :12002_4_1744850876.000112 1744850875.996456 :12002 (:12000,:12004,:12012)
[Wed Apr 16 2025 17:51:37.022707] r SAYHELLO :12002 1 - 0
[Wed Apr 16 2025 17:51:37.022767] i LSUPDATE :12002 9 F 6 :12000_2_1744851097.022757 1744851097.022754 :12000 (:12002)
[Wed Apr 16 2025 17:51:37.022802] i SAYHELLO :12002 1 - 0
[Wed Apr 16 2025 17:51:37.023446] r LSUPDATE :12002 9 F 6 :12002_2_1744851097.022974 1744851097.022972 :12002 (:12000)
[Wed Apr 16 2025 17:51:44.024499] r LSUPDATE :12002 9 F 13 :12002_4_1744851104.024171 1744851097.022972 :12002 (:12000,:12004)
[Wed Apr 16 2025 17:51:44.025438] r LSUPDATE :12002 8 F 6 :12004_2_1744851104.024696 1744851104.024693 :12004 (:12002)
[Wed Apr 16 2025 17:51:44.025502] i LSUPDATE :12002 9 F 6 :12000_5_1744851104.025470 1744851097.022754 :12000 (:12002)
[Wed Apr 16 2025 17:51:44.026778] r LSUPDATE :12002 8 F 6 :12004_5_1744851104.026291 1744851104.024693 :12004 (:12002)
[Wed Apr 16 2025 17:51:44.026819] i LSUPDATE :12002 9 F 6 :12000_6_1744851104.026797 1744851097.022754 :12000 (:12002)
[Wed Apr 16 2025 17:51:50.655105] r LSUPDATE :12002 8 F 13 :12004_6_1744851110.654508 1744851104.024693 :12004 (:12002,:12012)
[Wed Apr 16 2025 17:51:50.655161] i LSUPDATE :12002 9 F 6 :12000_7_1744851110.655132 1744851097.022754 :12000 (:12002)
[Wed Apr 16 2025 17:51:50.657715] r LSUPDATE :12002 7 F 13 :12012_2_1744851110.656299 1744851110.656297 :12012 (:12002,:12004)
[Wed Apr 16 2025 17:51:50.657767] i LSUPDATE :12002 9 F 6 :12000_9_1744851110.657740 1744851097.022754 :12000 (:12002)
[Wed Apr 16 2025 17:51:50.657986] r LSUPDATE :12002 9 F 13 :12002_7_1744851110.657411 1744851097.022972 :12002 (:12000,:12004)
[Wed Apr 16 2025 17:51:50.700445] r LSUPDATE :12002 7 F 13 :12012_5_1744851110.656835 1744851110.656297 :12012 (:12002,:12004)
[Wed Apr 16 2025 17:51:50.700533] i LSUPDATE :12002 9 F 6 :12000_10_1744851110.700497 1744851097.022754 :12000 (:12002)
[Wed Apr 16 2025 17:51:50.700762] r LSUPDATE :12002 9 F 13 :12002_8_1744851110.660177 1744851097.022972 :12002 (:12000,:12004)
[Wed Apr 16 2025 17:51:50.700999] r LSUPDATE :12002 9 F 20 :12002_9_1744851110.660414 1744851097.022972 :12002 (:12000,:12004,:12012)
[Wed Apr 16 2025 17:51:50.701227] r LSUPDATE :12002 7 F 13 :12012_7_1744851110.661778 1744851110.656297 :12012 (:12002,:12004)
[Wed Apr 16 2025 17:51:50.701262] i LSUPDATE :12002 9 F 6 :12000_11_1744851110.701242 1744851097.022754 :12000 (:12002)
[Wed Apr 16 2025 17:51:50.701477] r LSUPDATE :12002 6 F 13 :12002_7_1744851110.657411 1744851097.022972 :12002 (:12000,:12004)
[Wed Apr 16 2025 17:51:50.701716] r LSUPDATE :12002 9 F 20 :12002_11_1744851110.663954 1744851097.022972 :12002 (:12000,:12004,:12012)
[Wed Apr 16 2025 17:51:50.701937] r LSUPDATE :12002 8 F 13 :12012_9_1744851110.666610 1744851110.656297 :12012 (:12002,:12004)
[Wed Apr 16 2025 17:51:50.702856] i LSUPDATE :12002 9 F 6 :12000_12_1744851110.701951 1744851097.022754 :12000 (:12002)
[Wed Apr 16 2025 17:51:50.703073] r LSUPDATE :12002 6 F 13 :12002_8_1744851110.660177 1744851097.022972 :12002 (:12000,:12004)
[Wed Apr 16 2025 17:51:59.795993] r SAYHELLO :12002 1 - 0
[Wed Apr 16 2025 17:51:59.796027] i LSUPDATE :12002 9 F 6 :12000_14_1744851119.796021 1744851097.022754 :12000 (:12002)
[Wed Apr 16 2025 17:51:59.796048] i SAYHELLO :12002 1 - 0
[Wed Apr 16 2025 17:51:59.796327] r LSUPDATE :12002 9 F 20 :12002_2_1744851119.793704 1744851119.793702 :12002 (:12000,:12004,:12012)
[Wed Apr 16 2025 17:51:59.836778] r LSUPDATE :12002 8 F 13 :12012_11_1744851119.792288 1744851110.656297 :12012 (:12004,:12002)
[Wed Apr 16 2025 17:51:59.836880] i LSUPDATE :12002 9 F 6 :12000_15_1744851119.836845 1744851097.022754 :12000 (:12002)
[Wed Apr 16 2025 17:51:59.837101] r LSUPDATE :12002 9 F 20 :12002_4_1744851119.794938 1744851119.793702 :12002 (:12000,:12004,:12012)
[Wed Apr 16 2025 17:51:59.837329] r LSUPDATE :12002 8 F 13 :12004_9_1744851119.791776 1744851104.024693 :12004 (:12012,:12002)
[Wed Apr 16 2025 17:51:59.837365] i LSUPDATE :12002 9 F 6 :12000_16_1744851119.837346 1744851097.022754 :12000 (:12002)
[Wed Apr 16 2025 17:51:59.837581] r LSUPDATE :12002 6 F 20 :12002_2_1744851119.793704 1744851119.793702 :12002 (:12000,:12004,:12012)
[Wed Apr 16 2025 17:51:59.837821] r LSUPDATE :12002 9 F 20 :12002_7_1744851119.796635 1744851119.793702 :12002 (:12000,:12004,:12012)
[Wed Apr 16 2025 17:51:59.838040] r LSUPDATE :12002 9 F 20 :12002_8_1744851119.796822 1744851119.793702 :12002 (:12000,:12004,:12012)
[Wed Apr 16 2025 17:51:59.843218] r LSUPDATE :12002 6 F 20 :12002_4_1744851119.794938 1744851119.793702 :12002 (:12000,:12004,:12012)
[Wed Apr 16 2025 17:51:59.846114] r LSUPDATE :12002 6 F 20 :12002_8_1744851119.796822 1744851119.793702 :12002 (:12000,:12004,:12012)
[Wed Apr 16 2025 17:52:39.454286] r LSUPDATE :12002 9 F 13 :12002_10_1744851159.453774 1744851119.793702 :12002 (:12000,:12004)
[Wed Apr 16 2025 17:52:39.455070] r LSUPDATE :12002 8 F 6 :12004_10_1744851159.453631 1744851104.024693 :12004 (:12002)
[Wed Apr 16 2025 17:52:39.455117] i LSUPDATE :12002 9 F 6 :12000_17_1744851159.455090 1744851097.022754 :12000 (:12002)
[Wed Apr 16 2025 17:52:40.540911] r LSUPDATE :12002 9 F 6 :12002_11_1744851160.540577 1744851119.793702 :12002 (:12000)
[Wed Apr 16 2025 17:53:30.991349] r SAYHELLO :12002 1 - 0
[Wed Apr 16 2025 17:53:30.991421] i LSUPDATE :12002 9 F 6 :12000_2_1744851210.991399 1744851210.991397 :12000 (:12002)
[Wed Apr 16 2025 17:53:30.991448] i SAYHELLO :12002 1 - 0
[Wed Apr 16 2025 17:53:30.992100] r LSUPDATE :12002 9 F 6 :12002_2_1744851210.991620 1744851210.991618 :12002 (:12000)
[Wed Apr 16 2025 17:53:37.143270] r LSUPDATE :12002 9 F 13 :12002_4_1744851217.142952 1744851210.991618 :12002 (:12000,:12004)
[Wed Apr 16 2025 17:53:37.144311] r LSUPDATE :12002 8 F 6 :12004_2_1744851217.143455 1744851217.143453 :12004 (:12002)
[Wed Apr 16 2025 17:53:37.144365] i LSUPDATE :12002 9 F 6 :12000_5_1744851217.144337 1744851210.991397 :12000 (:12002)
[Wed Apr 16 2025 17:53:37.145598] r LSUPDATE :12002 8 F 6 :12004_5_1744851217.145123 1744851217.143453 :12004 (:12002)
[Wed Apr 16 2025 17:53:37.145640] i LSUPDATE :12002 9 F 6 :12000_6_1744851217.145617 1744851210.991397 :12000 (:12002)
[Wed Apr 16 2025 17:53:39.983396] r LSUPDATE :12002 9 F 20 :12002_6_1744851219.983047 1744851210.991618 :12002 (:12000,:12004,:12012)
[Wed Apr 16 2025 17:53:40.024456] r LSUPDATE :12002 8 F 13 :12012_2_1744851219.983831 1744851219.983829 :12012 (:12002,:12004)
[Wed Apr 16 2025 17:53:40.024550] i LSUPDATE :12002 9 F 6 :12000_8_1744851220.024514 1744851210.991397 :12000 (:12002)
[Wed Apr 16 2025 17:53:40.024767] r LSUPDATE :12002 8 F 6 :12004_7_1744851219.985259 1744851217.143453 :12004 (:12002)
[Wed Apr 16 2025 17:53:40.024808] i LSUPDATE :12002 9 F 6 :12000_9_1744851220.024784 1744851210.991397 :12000 (:12002)
[Wed Apr 16 2025 17:53:40.025567] r LSUPDATE :12002 8 F 13 :12012_5_1744851219.987029 1744851219.983829 :12012 (:12002,:12004)
[Wed Apr 16 2025 17:53:40.028642] i LSUPDATE :12002 9 F 6 :12000_10_1744851220.025589 1744851210.991397 :12000 (:12002)
[Wed Apr 16 2025 17:53:40.028866] r LSUPDATE :12002 8 F 13 :12004_8_1744851219.985707 1744851217.143453 :12004 (:12002,:12012)
[Wed Apr 16 2025 17:53:40.028908] i LSUPDATE :12002 9 F 6 :12000_11_1744851220.028885 1744851210.991397 :12000 (:12002)
[Wed Apr 16 2025 17:53:40.029128] r LSUPDATE :12002 8 F 13 :12004_10_1744851219.988652 1744851217.143453 :12004 (:12002,:12012)
[Wed Apr 16 2025 17:53:40.029163] i LSUPDATE :12002 9 F 6 :12000_12_1744851220.029145 1744851210.991397 :12000 (:12002)
[Wed Apr 16 2025 17:53:40.029377] r LSUPDATE :12002 7 F 13 :12012_7_1744851219.989459 1744851219.983829 :12012 (:12002,:12004)
[Wed Apr 16 2025 17:53:40.029410] i LSUPDATE :12002 9 F 6 :12000_13_1744851220.029393 1744851210.991397 :12000 (:12002)
[Wed Apr 16 2025 17:53:40.038541] r LSUPDATE :12002 7 F 13 :12012_9_1744851220.031395 1744851219.983829 :12012 (:12002,:12004)
[Wed Apr 16 2025 17:53:40.038591] i LSUPDATE :12002 9 F 6 :12000_14_1744851220.038570 1744851210.991397 :12000 (:12002)
[Wed Apr 16 2025 17:55:05.152608] r SAYHELLO :12002 1 - 0
[Wed Apr 16 2025 17:55:05.152671] i LSUPDATE :12002 9 F 6 :12000_2_1744851305.152659 1744851305.152657 :12000 (:12002)
[Wed Apr 16 2025 17:55:05.152697] i SAYHELLO :12002 1 - 0
[Wed Apr 16 2025 17:55:05.153379] r LSUPDATE :12002 9 F 6 :12002_2_1744851305.152892 1744851305.152890 :12002 (:12000)
[Wed Apr 16 2025 17:55:09.635124] r LSUPDATE :12002 9 F 13 :12002_4_1744851309.633774 1744851305.152890 :12002 (:12000,:12004)
[Wed Apr 16 2025 17:55:09.636143] r LSUPDATE :12002 8 F 6 :12004_2_1744851309.635349 1744851309.635347 :12004 (:12002)
[Wed Apr 16 2025 17:55:09.636224] i LSUPDATE :12002 9 F 6 :12000_5_1744851309.636195 1744851305.152657 :12000 (:12002)
[Wed Apr 16 2025 17:55:09.637489] r LSUPDATE :12002 8 F 6 :12004_5_1744851309.637017 1744851309.635347 :12004 (:12002)
[Wed Apr 16 2025 17:55:09.637530] i LSUPDATE :12002 9 F 6 :12000_6_1744851309.637507 1744851305.152657 :12000 (:12002)
[Wed Apr 16 2025 17:55:12.668052] r LSUPDATE :12002 8 F 13 :12004_6_1744851312.667454 1744851309.635347 :12004 (:12002,:12012)
[Wed Apr 16 2025 17:55:12.668110] i LSUPDATE :12002 9 F 6 :12000_7_1744851312.668080 1744851305.152657 :12000 (:12002)
[Wed Apr 16 2025 17:55:12.670863] r LSUPDATE :12002 7 F 13 :12012_2_1744851312.668827 1744851312.668825 :12012 (:12002,:12004)
[Wed Apr 16 2025 17:55:12.670914] i LSUPDATE :12002 9 F 6 :12000_9_1744851312.670888 1744851305.152657 :12000 (:12002)
[Wed Apr 16 2025 17:55:12.671138] r LSUPDATE :12002 9 F 13 :12002_7_1744851312.670623 1744851305.152890 :12002 (:12000,:12004)
[Wed Apr 16 2025 17:55:12.712417] r LSUPDATE :12002 7 F 13 :12012_5_1744851312.669339 1744851312.668825 :12012 (:12002,:12004)
[Wed Apr 16 2025 17:55:12.712490] i LSUPDATE :12002 9 F 6 :12000_10_1744851312.712460 1744851305.152657 :12000 (:12002)
[Wed Apr 16 2025 17:55:12.712709] r LSUPDATE :12002 9 F 13 :12002_8_1744851312.672550 1744851305.152890 :12002 (:12000,:12004)
[Wed Apr 16 2025 17:55:12.712940] r LSUPDATE :12002 9 F 20 :12002_9_1744851312.672745 1744851305.152890 :12002 (:12000,:12004,:12012)
[Wed Apr 16 2025 17:55:12.713166] r LSUPDATE :12002 7 F 13 :12012_6_1744851312.673534 1744851312.668825 :12012 (:12002,:12004)
[Wed Apr 16 2025 17:55:12.713201] i LSUPDATE :12002 9 F 6 :12000_11_1744851312.713182 1744851305.152657 :12000 (:12002)
[Wed Apr 16 2025 17:55:12.714708] r LSUPDATE :12002 6 F 13 :12002_7_1744851312.670623 1744851305.152890 :12002 (:12000,:12004)
[Wed Apr 16 2025 17:55:12.715267] r LSUPDATE :12002 9 F 20 :12002_11_1744851312.715044 1744851305.152890 :12002 (:12000,:12004,:12012)
[Wed Apr 16 2025 17:55:12.756443] r LSUPDATE :12002 6 F 13 :12002_8_1744851312.672550 1744851305.152890 :12002 (:12000,:12004)
[Wed Apr 16 2025 17:55:12.756703] r LSUPDATE :12002 8 F 13 :12012_9_1744851312.678795 1744851312.668825 :12012 (:12002,:12004)
[Wed Apr 16 2025 17:55:12.756756] i LSUPDATE :12002 9 F 6 :12000_12_1744851312.756723 1744851305.152657 :12000 (:12002)
[Wed Apr 16 2025 17:55:12.756997] r LSUPDATE :12002 6 F 20 :12002_11_1744851312.715044 1744851305.152890 :12002 (:12000,:12004,:12012)
[Wed Apr 16 2025 17:56:01.012076] r SAYHELLO :12002 1 - 0
[Wed Apr 16 2025 17:56:01.012112] i LSUPDATE :12002 9 F 6 :12000_14_1744851361.012106 1744851305.152657 :12000 (:12002)
[Wed Apr 16 2025 17:56:01.012135] i SAYHELLO :12002 1 - 0
[Wed Apr 16 2025 17:56:01.012404] r LSUPDATE :12002 9 F 20 :12002_2_1744851361.009092 1744851361.009090 :12002 (:12000,:12004,:12012)
[Wed Apr 16 2025 17:56:01.059443] r LSUPDATE :12002 8 F 13 :12012_11_1744851361.008594 1744851312.668825 :12012 (:12004,:12002)
[Wed Apr 16 2025 17:56:01.059479] i LSUPDATE :12002 9 F 6 :12000_15_1744851361.059470 1744851305.152657 :12000 (:12002)
[Wed Apr 16 2025 17:56:01.059697] r LSUPDATE :12002 9 F 20 :12002_4_1744851361.011705 1744851361.009090 :12002 (:12000,:12004,:12012)
[Wed Apr 16 2025 17:56:01.059929] r LSUPDATE :12002 8 F 13 :12004_10_1744851361.010356 1744851309.635347 :12004 (:12012,:12002)
[Wed Apr 16 2025 17:56:01.059951] i LSUPDATE :12002 9 F 6 :12000_16_1744851361.059946 1744851305.152657 :12000 (:12002)
[Wed Apr 16 2025 17:56:01.060935] r LSUPDATE :12002 7 F 6 :12004_9_1744851361.009928 1744851309.635347 :12004 (:12012)
[Wed Apr 16 2025 17:56:01.061160] r LSUPDATE :12002 6 F 20 :12002_4_1744851361.011705 1744851361.009090 :12002 (:12000,:12004,:12012)
[Wed Apr 16 2025 17:56:01.061378] r LSUPDATE :12002 9 F 20 :12002_7_1744851361.015307 1744851361.009090 :12002 (:12000,:12004,:12012)
[Wed Apr 16 2025 17:56:01.061606] r LSUPDATE :12002 9 F 20 :12002_8_1744851361.015393 1744851361.009090 :12002 (:12000,:12004,:12012)
[Wed Apr 16 2025 17:56:01.061828] r LSUPDATE :12002 8 F 13 :12004_12_1744851361.056542 1744851309.635347 :12004 (:12012,:12002)
[Wed Apr 16 2025 17:56:01.066806] i LSUPDATE :12002 9 F 6 :12000_17_1744851361.061844 1744851305.152657 :12000 (:12002)
[Wed Apr 16 2025 17:56:01.106789] r LSUPDATE :12002 6 F 20 :12002_7_1744851361.015307 1744851361.009090 :12002 (:12000,:12004,:12012)
[Wed Apr 16 2025 17:56:01.148428] r LSUPDATE :12002 6 F 20 :12002_8_1744851361.015393 1744851361.009090 :12002 (:12000,:12004,:12012)
[Wed Apr 16 2025 17:56:36.245613] r SAYHELLO :12002 1 - 0
[Wed Apr 16 2025 17:56:36.245649] i LSUPDATE :12002 9 F 6 :12000_19_1744851396.245643 1744851305.152657 :12000 (:12002)
[Wed Apr 16 2025 17:56:36.245670] i SAYHELLO :12002 1 - 0
[Wed Apr 16 2025 17:56:36.245932] r LSUPDATE :12002 9 F 20 :12002_2_1744851396.243082 1744851396.243080 :12002 (:12000,:12004,:12012)
[Wed Apr 16 2025 17:56:36.288411] r LSUPDATE :12002 8 F 13 :12012_13_1744851396.242579 1744851312.668825 :12012 (:12004,:12002)
[Wed Apr 16 2025 17:56:36.288471] i LSUPDATE :12002 9 F 6 :12000_20_1744851396.288442 1744851305.152657 :12000 (:12002)
[Wed Apr 16 2025 17:56:36.288693] r LSUPDATE :12002 9 F 20 :12002_4_1744851396.245371 1744851396.243080 :12002 (:12000,:12004,:12012)
[Wed Apr 16 2025 17:56:36.288912] r LSUPDATE :12002 8 F 13 :12004_14_1744851396.242054 1744851309.635347 :12004 (:12012,:12002)
[Wed Apr 16 2025 17:56:36.288946] i LSUPDATE :12002 9 F 6 :12000_21_1744851396.288927 1744851305.152657 :12000 (:12002)
[Wed Apr 16 2025 17:56:36.289160] r LSUPDATE :12002 6 F 20 :12002_2_1744851396.243082 1744851396.243080 :12002 (:12000,:12004,:12012)
[Wed Apr 16 2025 17:56:36.289376] r LSUPDATE :12002 9 F 20 :12002_7_1744851396.247591 1744851396.243080 :12002 (:12000,:12004,:12012)
[Wed Apr 16 2025 17:56:36.289600] r LSUPDATE :12002 9 F 20 :12002_8_1744851396.247665 1744851396.243080 :12002 (:12000,:12004,:12012)
[Wed Apr 16 2025 17:56:36.289816] r LSUPDATE :12002 6 F 20 :12002_4_1744851396.245371 1744851396.243080 :12002 (:12000,:12004,:12012)
[Wed Apr 16 2025 17:56:36.292730] r LSUPDATE :12002 6 F 20 :12002_8_1744851396.247665 1744851396.243080 :12002 (:12000,:12004,:12012)
[Wed Apr 16 2025 17:56:36.294306] r LSUPDATE :12002 8 F 13 :12004_17_1744851396.293028 1744851309.635347 :12004 (:12012,:12002)
[Wed Apr 16 2025 17:56:36.294360] i LSUPDATE :12002 9 F 6 :12000_22_1744851396.294334 1744851305.152657 :12000 (:12002)
[Wed Apr 16 2025 17:56:36.299386] r LSUPDATE :12002 8 F 13 :12012_16_1744851396.294905 1744851312.668825 :12012 (:12004,:12002)
[Wed Apr 16 2025 17:56:36.299435] i LSUPDATE :12002 9 F 6 :12000_23_1744851396.299409 1744851305.152657 :12000 (:12002)
[Wed Apr 16 2025 18:55:12.922322] r SAYHELLO :12002 1 - 0
[Wed Apr 16 2025 18:55:12.922383] i LSUPDATE :12002 9 F 6 :12000_2_1744854912.922372 1744854912.922370 :12000 (:12002)
[Wed Apr 16 2025 18:55:12.922409] i SAYHELLO :12002 1 - 0
[Wed Apr 16 2025 18:55:12.923052] r LSUPDATE :12002 9 F 6 :12002_2_1744854912.922579 1744854912.922577 :12002 (:12000)
[Wed Apr 16 2025 18:55:28.548199] r LSUPDATE :12002 9 F 13 :12002_4_1744854928.547871 1744854912.922577 :12002 (:12000,:12004)
[Wed Apr 16 2025 18:55:28.549148] r LSUPDATE :12002 8 F 6 :12004_2_1744854928.548393 1744854928.548391 :12004 (:12002)
[Wed Apr 16 2025 18:55:28.549197] i LSUPDATE :12002 9 F 6 :12000_5_1744854928.549171 1744854912.922370 :12000 (:12002)
[Wed Apr 16 2025 18:55:28.551034] r LSUPDATE :12002 8 F 6 :12004_5_1744854928.549711 1744854928.548391 :12004 (:12002)
[Wed Apr 16 2025 18:55:28.551078] i LSUPDATE :12002 9 F 6 :12000_6_1744854928.551054 1744854912.922370 :12000 (:12002)
[Wed Apr 16 2025 18:55:37.867051] r LSUPDATE :12002 8 F 13 :12004_6_1744854937.866025 1744854928.548391 :12004 (:12002,:12012)
[Wed Apr 16 2025 18:55:37.867109] i LSUPDATE :12002 9 F 6 :12000_7_1744854937.867078 1744854912.922370 :12000 (:12002)
[Wed Apr 16 2025 18:55:37.868986] r LSUPDATE :12002 7 F 13 :12012_2_1744854937.867804 1744854937.867802 :12012 (:12002,:12004)
[Wed Apr 16 2025 18:55:37.869035] i LSUPDATE :12002 9 F 6 :12000_9_1744854937.869010 1744854912.922370 :12000 (:12002)
[Wed Apr 16 2025 18:55:37.869256] r LSUPDATE :12002 9 F 13 :12002_7_1744854937.868716 1744854912.922577 :12002 (:12000,:12004)
[Wed Apr 16 2025 18:55:37.913050] r LSUPDATE :12002 9 F 20 :12002_8_1744854937.870824 1744854912.922577 :12002 (:12000,:12004,:12012)
[Wed Apr 16 2025 18:55:37.913327] r LSUPDATE :12002 7 F 13 :12012_5_1744854937.871146 1744854937.867802 :12012 (:12002,:12004)
[Wed Apr 16 2025 18:55:37.913378] i LSUPDATE :12002 9 F 6 :12000_10_1744854937.913346 1744854912.922370 :12000 (:12002)
[Wed Apr 16 2025 18:55:37.913593] r LSUPDATE :12002 7 F 13 :12012_7_1744854937.873451 1744854937.867802 :12012 (:12002,:12004)
[Wed Apr 16 2025 18:55:37.913626] i LSUPDATE :12002 9 F 6 :12000_11_1744854937.913608 1744854912.922370 :12000 (:12002)
[Wed Apr 16 2025 18:55:37.913867] r LSUPDATE :12002 6 F 13 :12002_7_1744854937.868716 1744854912.922577 :12002 (:12000,:12004)
[Wed Apr 16 2025 18:55:37.914087] r LSUPDATE :12002 9 F 20 :12002_10_1744854937.875478 1744854912.922577 :12002 (:12000,:12004,:12012)
[Wed Apr 16 2025 18:55:37.916012] r LSUPDATE :12002 8 F 13 :12012_9_1744854937.873961 1744854937.867802 :12012 (:12002,:12004)
[Wed Apr 16 2025 18:55:37.916051] i LSUPDATE :12002 9 F 6 :12000_12_1744854937.916031 1744854912.922370 :12000 (:12002)
[Wed Apr 16 2025 19:19:28.496960] r SAYHELLO :12002 1 - 0
[Wed Apr 16 2025 19:19:28.497018] i LSUPDATE :12002 9 F 6 :12000_2_1744856368.497006 1744856368.497004 :12000 (:12002)
[Wed Apr 16 2025 19:19:28.497045] i SAYHELLO :12002 1 - 0
[Wed Apr 16 2025 19:19:28.497856] r LSUPDATE :12002 9 F 6 :12002_2_1744856368.497375 1744856368.497373 :12002 (:12000)
[Wed Apr 16 2025 19:19:38.202439] r LSUPDATE :12002 9 F 13 :12002_4_1744856378.202103 1744856368.497373 :12002 (:12000,:12004)
[Wed Apr 16 2025 19:19:38.203402] r LSUPDATE :12002 8 F 6 :12004_2_1744856378.202634 1744856378.202632 :12004 (:12002)
[Wed Apr 16 2025 19:19:38.203462] i LSUPDATE :12002 9 F 6 :12000_5_1744856378.203431 1744856368.497004 :12000 (:12002)
[Wed Apr 16 2025 19:19:38.204496] r LSUPDATE :12002 8 F 6 :12004_5_1744856378.203982 1744856378.202632 :12004 (:12002)
[Wed Apr 16 2025 19:19:38.204542] i LSUPDATE :12002 9 F 6 :12000_6_1744856378.204517 1744856368.497004 :12000 (:12002)
[Wed Apr 16 2025 19:19:40.858526] r LSUPDATE :12002 8 F 13 :12004_6_1744856380.857453 1744856378.202632 :12004 (:12002,:12012)
[Wed Apr 16 2025 19:19:40.858592] i LSUPDATE :12002 9 F 6 :12000_7_1744856380.858559 1744856368.497004 :12000 (:12002)
[Wed Apr 16 2025 19:19:40.860774] r LSUPDATE :12002 7 F 13 :12012_2_1744856380.859324 1744856380.859322 :12012 (:12002,:12004)
[Wed Apr 16 2025 19:19:40.860828] i LSUPDATE :12002 9 F 6 :12000_9_1744856380.860801 1744856368.497004 :12000 (:12002)
[Wed Apr 16 2025 19:19:40.861048] r LSUPDATE :12002 9 F 13 :12002_7_1744856380.860496 1744856368.497373 :12002 (:12000,:12004)
[Wed Apr 16 2025 19:19:40.904439] r LSUPDATE :12002 7 F 13 :12012_5_1744856380.859878 1744856380.859322 :12012 (:12002,:12004)
[Wed Apr 16 2025 19:19:40.904534] i LSUPDATE :12002 9 F 6 :12000_10_1744856380.904498 1744856368.497004 :12000 (:12002)
[Wed Apr 16 2025 19:19:40.905072] r LSUPDATE :12002 9 F 13 :12002_8_1744856380.863219 1744856368.497373 :12002 (:12000,:12004)
[Wed Apr 16 2025 19:19:40.905299] r LSUPDATE :12002 9 F 20 :12002_9_1744856380.864084 1744856368.497373 :12002 (:12000,:12004,:12012)
[Wed Apr 16 2025 19:19:40.905520] r LSUPDATE :12002 7 F 13 :12012_6_1744856380.864573 1744856380.859322 :12012 (:12002,:12004)
[Wed Apr 16 2025 19:19:40.907546] i LSUPDATE :12002 9 F 6 :12000_11_1744856380.905535 1744856368.497004 :12000 (:12002)
[Wed Apr 16 2025 19:19:40.907768] r LSUPDATE :12002 6 F 13 :12002_7_1744856380.860496 1744856368.497373 :12002 (:12000,:12004)
[Wed Apr 16 2025 19:19:40.907990] r LSUPDATE :12002 9 F 20 :12002_11_1744856380.906641 1744856368.497373 :12002 (:12000,:12004,:12012)
[Wed Apr 16 2025 19:19:40.912244] r LSUPDATE :12002 6 F 13 :12002_8_1744856380.863219 1744856368.497373 :12002 (:12000,:12004)
[Wed Apr 16 2025 19:19:40.912482] r LSUPDATE :12002 8 F 13 :12012_9_1744856380.870532 1744856380.859322 :12012 (:12002,:12004)
[Wed Apr 16 2025 19:19:40.912541] i LSUPDATE :12002 9 F 6 :12000_12_1744856380.912507 1744856368.497004 :12000 (:12002)
[Wed Apr 16 2025 19:21:23.868030] i SAYHELLO :12002 1 - 0
[Wed Apr 16 2025 19:21:23.868179] r SAYHELLO :12002 1 - 0
[Wed Apr 16 2025 19:21:23.868211] i LSUPDATE :12002 9 F 6 :12000_2_1744856483.868198 1744856483.868196 :12000 (:12002)
[Wed Apr 16 2025 19:21:23.868455] r LSUPDATE :12002 9 F 20 :12002_13_1744856483.866826 1744856368.497373 :12002 (:12004,:12012,:12000)
[Wed Apr 16 2025 19:21:23.873330] r LSUPDATE :12002 8 F 13 :12012_10_1744856483.869052 1744856380.859322 :12012 (:12002,:12004)
[Wed Apr 16 2025 19:21:23.876112] i LSUPDATE :12002 9 F 6 :12000_5_1744856483.873360 1744856483.868196 :12000 (:12002)
[Wed Apr 16 2025 19:21:23.876357] r LSUPDATE :12002 8 F 13 :12004_8_1744856483.869378 1744856378.202632 :12004 (:12002,:12012)
[Wed Apr 16 2025 19:21:23.877308] i LSUPDATE :12002 9 F 6 :12000_7_1744856483.876384 1744856483.868196 :12000 (:12002)
[Wed Apr 16 2025 19:21:23.877527] r LSUPDATE :12002 8 F 13 :12004_10_1744856483.873048 1744856378.202632 :12004 (:12002,:12012)
[Wed Apr 16 2025 19:21:23.920431] r LSUPDATE :12002 8 F 13 :12004_11_1744856483.876044 1744856378.202632 :12004 (:12002,:12012)
[Wed Apr 16 2025 19:21:23.920670] r LSUPDATE :12002 8 F 13 :12012_11_1744856483.912547 1744856380.859322 :12012 (:12002,:12004)
[Wed Apr 16 2025 19:21:23.920889] r LSUPDATE :12002 8 F 13 :12004_12_1744856483.877245 1744856378.202632 :12004 (:12002,:12012)
[Wed Apr 16 2025 19:21:23.921106] r LSUPDATE :12002 8 F 13 :12012_12_1744856483.913302 1744856380.859322 :12012 (:12002,:12004)
[Wed Apr 16 2025 19:22:14.577946] r SAYHELLO :12002 1 - 0
[Wed Apr 16 2025 19:22:14.578008] i LSUPDATE :12002 9 F 6 :12000_2_1744856534.577996 1744856534.577994 :12000 (:12002)
[Wed Apr 16 2025 19:22:14.578033] i SAYHELLO :12002 1 - 0
[Wed Apr 16 2025 19:22:14.578691] r LSUPDATE :12002 9 F 6 :12002_2_1744856534.578205 1744856534.578203 :12002 (:12000)
[Wed Apr 16 2025 19:22:23.775983] r LSUPDATE :12002 9 F 13 :12002_4_1744856543.774795 1744856534.578203 :12002 (:12000,:12004)
[Wed Apr 16 2025 19:22:23.777018] r LSUPDATE :12002 8 F 6 :12004_2_1744856543.776252 1744856543.776250 :12004 (:12002)
[Wed Apr 16 2025 19:22:23.777070] i LSUPDATE :12002 9 F 6 :12000_5_1744856543.777043 1744856534.577994 :12000 (:12002)
[Wed Apr 16 2025 19:22:23.778427] r LSUPDATE :12002 8 F 6 :12004_5_1744856543.777963 1744856543.776250 :12004 (:12002)
[Wed Apr 16 2025 19:22:23.778477] i LSUPDATE :12002 9 F 6 :12000_6_1744856543.778454 1744856534.577994 :12000 (:12002)
[Wed Apr 16 2025 19:22:31.829413] r LSUPDATE :12002 8 F 13 :12004_6_1744856551.828805 1744856543.776250 :12004 (:12002,:12012)
[Wed Apr 16 2025 19:22:31.829470] i LSUPDATE :12002 9 F 6 :12000_7_1744856551.829440 1744856534.577994 :12000 (:12002)
[Wed Apr 16 2025 19:22:31.832854] r LSUPDATE :12002 7 F 13 :12012_2_1744856551.831078 1744856551.831075 :12012 (:12002,:12004)
[Wed Apr 16 2025 19:22:31.832906] i LSUPDATE :12002 9 F 6 :12000_9_1744856551.832880 1744856534.577994 :12000 (:12002)
[Wed Apr 16 2025 19:22:31.833134] r LSUPDATE :12002 9 F 13 :12002_7_1744856551.832188 1744856534.578203 :12002 (:12000,:12004)
[Wed Apr 16 2025 19:22:31.876409] r LSUPDATE :12002 7 F 13 :12012_5_1744856551.831596 1744856551.831075 :12012 (:12002,:12004)
[Wed Apr 16 2025 19:22:31.876489] i LSUPDATE :12002 9 F 6 :12000_10_1744856551.876457 1744856534.577994 :12000 (:12002)
[Wed Apr 16 2025 19:22:31.876704] r LSUPDATE :12002 9 F 13 :12002_8_1744856551.834392 1744856534.578203 :12002 (:12000,:12004)
[Wed Apr 16 2025 19:22:31.876922] r LSUPDATE :12002 9 F 20 :12002_9_1744856551.834617 1744856534.578203 :12002 (:12000,:12004,:12012)
[Wed Apr 16 2025 19:22:31.877552] r LSUPDATE :12002 7 F 13 :12012_7_1744856551.835604 1744856551.831075 :12012 (:12002,:12004)
[Wed Apr 16 2025 19:22:31.877592] i LSUPDATE :12002 9 F 6 :12000_11_1744856551.877571 1744856534.577994 :12000 (:12002)
[Wed Apr 16 2025 19:22:31.877804] r LSUPDATE :12002 6 F 13 :12002_7_1744856551.832188 1744856534.578203 :12002 (:12000,:12004)
[Wed Apr 16 2025 19:22:31.878026] r LSUPDATE :12002 9 F 20 :12002_11_1744856551.840190 1744856534.578203 :12002 (:12000,:12004,:12012)
[Wed Apr 16 2025 19:22:31.878249] r LSUPDATE :12002 8 F 13 :12012_9_1744856551.842166 1744856551.831075 :12012 (:12002,:12004)
[Wed Apr 16 2025 19:22:31.878282] i LSUPDATE :12002 9 F 6 :12000_12_1744856551.878264 1744856534.577994 :12000 (:12002)
[Wed Apr 16 2025 19:22:31.879065] r LSUPDATE :12002 6 F 13 :12002_8_1744856551.834392 1744856534.578203 :12002 (:12000,:12004)
[Wed Apr 16 2025 19:25:13.860386] r SAYHELLO :12002 1 - 0
[Wed Apr 16 2025 19:25:13.860839] i SAYHELLO :12002 1 - 0
[Wed Apr 16 2025 19:25:13.860885] i LSUPDATE :12002 9 F 6 :12000_2_1744856713.860858 1744856713.860856 :12000 (:12002)
[Wed Apr 16 2025 19:25:13.861278] r LSUPDATE :12002 9 F 6 :12002_2_1744856713.861050 1744856713.861048 :12002 (:12000)
[Wed Apr 16 2025 19:25:19.422842] r LSUPDATE :12002 9 F 13 :12002_4_1744856719.422508 1744856713.861048 :12002 (:12000,:12004)
[Wed Apr 16 2025 19:25:19.424715] r LSUPDATE :12002 8 F 6 :12004_2_1744856719.423032 1744856719.423030 :12004 (:12002)
[Wed Apr 16 2025 19:25:19.424767] i LSUPDATE :12002 9 F 6 :12000_5_1744856719.424742 1744856713.860856 :12000 (:12002)
[Wed Apr 16 2025 19:25:19.426149] r LSUPDATE :12002 8 F 6 :12004_5_1744856719.425298 1744856719.423030 :12004 (:12002)
[Wed Apr 16 2025 19:25:19.426193] i LSUPDATE :12002 9 F 6 :12000_6_1744856719.426168 1744856713.860856 :12000 (:12002)
[Wed Apr 16 2025 19:25:21.933562] r LSUPDATE :12002 8 F 13 :12004_6_1744856721.932042 1744856719.423030 :12004 (:12002,:12012)
[Wed Apr 16 2025 19:25:21.933624] i LSUPDATE :12002 9 F 6 :12000_7_1744856721.933593 1744856713.860856 :12000 (:12002)
[Wed Apr 16 2025 19:25:21.936136] r LSUPDATE :12002 7 F 13 :12012_2_1744856721.934358 1744856721.934356 :12012 (:12002,:12004)
[Wed Apr 16 2025 19:25:21.936201] i LSUPDATE :12002 9 F 6 :12000_9_1744856721.936175 1744856713.860856 :12000 (:12002)
[Wed Apr 16 2025 19:25:21.936419] r LSUPDATE :12002 9 F 13 :12002_7_1744856721.935855 1744856713.861048 :12002 (:12000,:12004)
[Wed Apr 16 2025 19:25:21.980583] r LSUPDATE :12002 7 F 13 :12012_5_1744856721.935281 1744856721.934356 :12012 (:12002,:12004)
[Wed Apr 16 2025 19:25:21.980850] i LSUPDATE :12002 9 F 6 :12000_10_1744856721.980632 1744856713.860856 :12000 (:12002)
[Wed Apr 16 2025 19:25:21.981070] r LSUPDATE :12002 9 F 13 :12002_8_1744856721.937746 1744856713.861048 :12002 (:12000,:12004)
[Wed Apr 16 2025 19:25:21.981297] r LSUPDATE :12002 9 F 20 :12002_9_1744856721.937930 1744856713.861048 :12002 (:12000,:12004,:12012)
[Wed Apr 16 2025 19:25:21.981515] r LSUPDATE :12002 7 F 13 :12012_6_1744856721.938873 1744856721.934356 :12012 (:12002,:12004)
[Wed Apr 16 2025 19:25:21.981550] i LSUPDATE :12002 9 F 6 :12000_11_1744856721.981530 1744856713.860856 :12000 (:12002)
[Wed Apr 16 2025 19:25:21.985209] r LSUPDATE :12002 8 F 13 :12012_9_1744856721.943896 1744856721.934356 :12012 (:12002,:12004)
[Wed Apr 16 2025 19:25:21.985258] i LSUPDATE :12002 9 F 6 :12000_12_1744856721.985231 1744856713.860856 :12000 (:12002)
[Wed Apr 16 2025 19:25:21.985473] r LSUPDATE :12002 6 F 13 :12002_7_1744856721.935855 1744856713.861048 :12002 (:12000,:12004)
[Wed Apr 16 2025 19:25:21.985965] r LSUPDATE :12002 9 F 20 :12002_11_1744856721.983739 1744856713.861048 :12002 (:12000,:12004,:12012)
[Wed Apr 16 2025 19:25:22.028389] r LSUPDATE :12002 6 F 13 :12002_8_1744856721.937746 1744856713.861048 :12002 (:12000,:12004)
[Wed Apr 16 2025 19:29:27.314774] i SAYHELLO :12002 1 - 0
[Wed Apr 16 2025 19:29:27.314905] r SAYHELLO :12002 1 - 0
[Wed Apr 16 2025 19:29:27.314937] i LSUPDATE :12002 9 F 6 :12000_2_1744856967.314923 1744856967.314921 :12000 (:12002)
[Wed Apr 16 2025 19:29:27.315160] r LSUPDATE :12002 9 F 20 :12002_13_1744856967.313580 1744856713.861048 :12002 (:12004,:12012,:12000)
[Wed Apr 16 2025 19:29:27.322356] r LSUPDATE :12002 8 F 13 :12012_10_1744856967.317232 1744856721.934356 :12012 (:12002,:12004)
[Wed Apr 16 2025 19:29:27.327265] i LSUPDATE :12002 9 F 6 :12000_5_1744856967.322396 1744856967.314921 :12000 (:12002)
[Wed Apr 16 2025 19:29:27.327502] r LSUPDATE :12002 8 F 13 :12004_8_1744856967.318188 1744856719.423030 :12004 (:12002,:12012)
[Wed Apr 16 2025 19:29:27.327560] i LSUPDATE :12002 9 F 6 :12000_7_1744856967.327530 1744856967.314921 :12000 (:12002)
[Wed Apr 16 2025 19:29:27.328175] r LSUPDATE :12002 7 F 13 :12004_10_1744856967.319277 1744856719.423030 :12004 (:12002,:12012)
[Wed Apr 16 2025 19:29:27.328397] r LSUPDATE :12002 8 F 13 :12012_11_1744856967.322982 1744856721.934356 :12012 (:12002,:12004)
[Wed Apr 16 2025 19:29:27.328615] r LSUPDATE :12002 8 F 13 :12004_11_1744856967.324329 1744856719.423030 :12004 (:12002,:12012)
[Wed Apr 16 2025 19:29:27.368491] r LSUPDATE :12002 8 F 13 :12012_12_1744856967.329246 1744856721.934356 :12012 (:12002,:12004)
[Wed Apr 16 2025 19:29:27.374650] r LSUPDATE :12002 7 F 13 :12004_12_1744856967.330128 1744856719.423030 :12004 (:12002,:12012)
[Wed Apr 16 2025 19:49:20.188328] i SAYHELLO :12002 1 - 0
[Wed Apr 16 2025 19:49:20.188472] r SAYHELLO :12002 1 - 0
[Wed Apr 16 2025 19:49:20.192753] i LSUPDATE :12002 9 F 6 :12000_2_1744858160.188490 1744858160.188488 :12000 (:12002)
[Wed Apr 16 2025 19:49:20.192979] r LSUPDATE :12002 9 F 20 :12002_15_1744858160.187096 1744856713.861048 :12002 (:12004,:12012,:12000)
[Wed Apr 16 2025 19:49:20.193226] r LSUPDATE :12002 8 F 13 :12012_13_1744858160.189057 1744856721.934356 :12012 (:12002,:12004)
[Wed Apr 16 2025 19:49:20.194134] i LSUPDATE :12002 9 F 6 :12000_5_1744858160.193248 1744858160.188488 :12000 (:12002)
[Wed Apr 16 2025 19:49:20.198508] r LSUPDATE :12002 8 F 13 :12004_13_1744858160.189368 1744856719.423030 :12004 (:12002,:12012)
[Wed Apr 16 2025 19:49:20.199535] i LSUPDATE :12002 9 F 6 :12000_7_1744858160.198549 1744858160.188488 :12000 (:12002)
[Wed Apr 16 2025 19:49:20.199754] r LSUPDATE :12002 8 F 13 :12004_14_1744858160.193793 1744856719.423030 :12004 (:12002,:12012)
[Wed Apr 16 2025 19:49:20.240426] r LSUPDATE :12002 8 F 13 :12004_15_1744858160.199153 1744856719.423030 :12004 (:12002,:12012)
[Wed Apr 16 2025 19:49:20.240665] r LSUPDATE :12002 8 F 13 :12012_14_1744858160.232508 1744856721.934356 :12012 (:12002,:12004)
[Wed Apr 16 2025 19:49:20.278236] r LSUPDATE :12002 8 F 13 :12012_15_1744858160.233002 1744856721.934356 :12012 (:12002,:12004)
[Wed Apr 16 2025 19:50:06.726171] i SAYHELLO :12002 1 - 0
[Wed Apr 16 2025 19:50:06.726301] r SAYHELLO :12002 1 - 0
[Wed Apr 16 2025 19:50:06.726331] i LSUPDATE :12002 9 F 6 :12000_2_1744858206.726318 1744858206.726316 :12000 (:12002)
[Wed Apr 16 2025 19:50:06.726549] r LSUPDATE :12002 9 F 20 :12002_17_1744858206.724684 1744856713.861048 :12002 (:12004,:12012,:12000)
[Wed Apr 16 2025 19:50:06.726780] r LSUPDATE :12002 6 F 20 :12002_17_1744858206.724684 1744856713.861048 :12002 (:12004,:12012,:12000)
[Wed Apr 16 2025 19:50:06.731627] r LSUPDATE :12002 8 F 13 :12004_16_1744858206.727980 1744856719.423030 :12004 (:12002,:12012)
[Wed Apr 16 2025 19:50:06.735436] i LSUPDATE :12002 9 F 6 :12000_5_1744858206.731656 1744858206.726316 :12000 (:12002)
[Wed Apr 16 2025 19:50:06.735678] r LSUPDATE :12002 7 F 13 :12012_16_1744858206.728903 1744856721.934356 :12012 (:12002,:12004)
[Wed Apr 16 2025 19:50:06.735731] i LSUPDATE :12002 9 F 6 :12000_7_1744858206.735702 1744858206.726316 :12000 (:12002)
[Wed Apr 16 2025 19:50:06.737808] r LSUPDATE :12002 8 F 13 :12004_17_1744858206.733329 1744856719.423030 :12004 (:12002,:12012)
[Wed Apr 16 2025 19:50:06.780399] r LSUPDATE :12002 8 F 13 :12012_17_1744858206.733660 1744856721.934356 :12012 (:12002,:12004)
[Wed Apr 16 2025 19:50:06.780634] r LSUPDATE :12002 8 F 13 :12004_18_1744858206.739053 1744856719.423030 :12004 (:12002,:12012)
[Wed Apr 16 2025 19:50:06.781932] r LSUPDATE :12002 7 F 13 :12012_18_1744858206.776522 1744856721.934356 :12012 (:12002,:12004)
[Wed Apr 16 2025 19:50:50.142753] i SAYHELLO :12002 1 - 0
[Wed Apr 16 2025 19:50:50.142889] r SAYHELLO :12002 1 - 0
[Wed Apr 16 2025 19:50:50.142930] i LSUPDATE :12002 9 F 6 :12000_2_1744858250.142907 1744858250.142904 :12000 (:12002)
[Wed Apr 16 2025 19:50:50.143153] r LSUPDATE :12002 9 F 20 :12002_8_1744858250.141184 1744858247.097395 :12002 (:12004,:12012,:12000)
[Wed Apr 16 2025 19:50:50.143395] r LSUPDATE :12002 6 F 20 :12002_8_1744858250.141184 1744858247.097395 :12002 (:12004,:12012,:12000)
[Wed Apr 16 2025 19:50:50.148705] r LSUPDATE :12002 8 F 13 :12004_21_1744858250.144330 1744856719.423030 :12004 (:12012,:12002)
[Wed Apr 16 2025 19:50:50.154173] i LSUPDATE :12002 9 F 6 :12000_5_1744858250.148732 1744858250.142904 :12000 (:12002)
[Wed Apr 16 2025 19:50:50.154404] r LSUPDATE :12002 8 F 13 :12012_21_1744858250.143990 1744856721.934356 :12012 (:12004,:12002)
[Wed Apr 16 2025 19:50:50.154456] i LSUPDATE :12002 9 F 6 :12000_7_1744858250.154427 1744858250.142904 :12000 (:12002)
[Wed Apr 16 2025 19:50:50.154673] r LSUPDATE :12002 8 F 13 :12012_22_1744858250.150411 1744856721.934356 :12012 (:12004,:12002)
[Wed Apr 16 2025 19:50:50.196531] r LSUPDATE :12002 8 F 13 :12004_22_1744858250.149593 1744856719.423030 :12004 (:12012,:12002)
[Wed Apr 16 2025 19:50:50.196805] r LSUPDATE :12002 8 F 13 :12012_23_1744858250.155746 1744856721.934356 :12012 (:12004,:12002)
[Wed Apr 16 2025 19:50:50.197027] r LSUPDATE :12002 8 F 13 :12004_23_1744858250.156752 1744856719.423030 :12004 (:12012,:12002)
[Wed Apr 16 2025 20:00:34.277827] r SAYHELLO :12002 1 - 0
[Wed Apr 16 2025 20:00:34.277873] i LSUPDATE :12002 9 F 6 :12000_2_1744858834.277863 1744858834.277861 :12000 (:12002)
[Wed Apr 16 2025 20:00:34.277895] i SAYHELLO :12002 1 - 0
[Wed Apr 16 2025 20:00:34.278158] r LSUPDATE :12002 9 F 20 :12002_2_1744858834.275570 1744858834.275568 :12002 (:12000,:12004,:12012)
[Wed Apr 16 2025 20:00:34.320742] r LSUPDATE :12002 9 F 20 :12002_3_1744858834.277110 1744858834.275568 :12002 (:12000,:12004,:12012)
[Wed Apr 16 2025 20:00:34.321004] r LSUPDATE :12002 8 F 13 :12004_25_1744858834.274125 1744856719.423030 :12004 (:12012,:12002)
[Wed Apr 16 2025 20:00:34.321064] i LSUPDATE :12002 9 F 6 :12000_5_1744858834.321030 1744858834.277861 :12000 (:12002)
[Wed Apr 16 2025 20:00:34.321282] r LSUPDATE :12002 7 F 13 :12012_25_1744858834.275039 1744856721.934356 :12012 (:12004,:12002)
[Wed Apr 16 2025 20:00:34.321319] i LSUPDATE :12002 9 F 6 :12000_7_1744858834.321301 1744858834.277861 :12000 (:12002)
[Wed Apr 16 2025 20:00:34.321534] r LSUPDATE :12002 6 F 20 :12002_2_1744858834.275570 1744858834.275568 :12002 (:12000,:12004,:12012)
[Wed Apr 16 2025 20:00:34.321760] r LSUPDATE :12002 9 F 20 :12002_7_1744858834.278752 1744858834.275568 :12002 (:12000,:12004,:12012)
[Wed Apr 16 2025 20:00:34.321985] r LSUPDATE :12002 9 F 20 :12002_8_1744858834.278835 1744858834.275568 :12002 (:12000,:12004,:12012)
[Wed Apr 16 2025 20:00:34.327566] r LSUPDATE :12002 6 F 20 :12002_3_1744858834.277110 1744858834.275568 :12002 (:12000,:12004,:12012)
[Wed Apr 16 2025 20:00:34.327796] r LSUPDATE :12002 8 F 13 :12012_26_1744858834.326128 1744856721.934356 :12012 (:12004,:12002)
[Wed Apr 16 2025 20:00:34.368827] r LSUPDATE :12002 6 F 20 :12002_8_1744858834.278835 1744858834.275568 :12002 (:12000,:12004,:12012)
[Wed Apr 16 2025 20:00:34.369092] r LSUPDATE :12002 7 F 13 :12004_26_1744858834.328773 1744856719.423030 :12004 (:12012,:12002)
[Wed Apr 16 2025 20:00:34.374158] r LSUPDATE :12002 8 F 13 :12004_27_1744858834.330897 1744856719.423030 :12004 (:12012,:12002)
[Wed Apr 16 2025 20:00:34.374382] r LSUPDATE :12002 7 F 13 :12012_27_1744858834.333008 1744856721.934356 :12012 (:12004,:12002)
[Wed Apr 16 2025 20:00:34.375479] r LSUPDATE :12002 8 F 13 :12004_28_1744858834.334774 1744856719.423030 :12004 (:12012,:12002)
[Wed Apr 16 2025 20:00:34.375718] r LSUPDATE :12002 7 F 13 :12012_28_1744858834.333322 1744856721.934356 :12012 (:12004,:12002)
[Wed Apr 16 2025 20:01:33.311054] r SAYHELLO :12002 1 - 0
[Wed Apr 16 2025 20:01:33.311100] i LSUPDATE :12002 9 F 6 :12000_2_1744858893.311090 1744858893.311088 :12000 (:12002)
[Wed Apr 16 2025 20:01:33.311124] i SAYHELLO :12002 1 - 0
[Wed Apr 16 2025 20:01:33.312096] r LSUPDATE :12002 9 F 20 :12002_2_1744858893.308020 1744858893.308018 :12002 (:12000,:12004,:12012)
[Wed Apr 16 2025 20:01:33.352441] r LSUPDATE :12002 9 F 20 :12002_3_1744858893.309897 1744858893.308018 :12002 (:12000,:12004,:12012)
[Wed Apr 16 2025 20:01:33.352714] r LSUPDATE :12002 8 F 13 :12012_30_1744858893.307166 1744856721.934356 :12012 (:12004,:12002)
[Wed Apr 16 2025 20:01:33.352770] i LSUPDATE :12002 9 F 6 :12000_5_1744858893.352736 1744858893.311088 :12000 (:12002)
[Wed Apr 16 2025 20:01:33.352989] r LSUPDATE :12002 7 F 13 :12004_30_1744858893.308539 1744856719.423030 :12004 (:12012,:12002)
[Wed Apr 16 2025 20:01:33.353028] i LSUPDATE :12002 9 F 6 :12000_7_1744858893.353009 1744858893.311088 :12000 (:12002)
[Wed Apr 16 2025 20:01:33.353244] r LSUPDATE :12002 6 F 20 :12002_2_1744858893.308020 1744858893.308018 :12002 (:12000,:12004,:12012)
[Wed Apr 16 2025 20:01:33.354000] r LSUPDATE :12002 9 F 20 :12002_7_1744858893.312459 1744858893.308018 :12002 (:12000,:12004,:12012)
[Wed Apr 16 2025 20:01:33.354224] r LSUPDATE :12002 9 F 20 :12002_8_1744858893.312648 1744858893.308018 :12002 (:12000,:12004,:12012)
[Wed Apr 16 2025 20:01:33.361756] r LSUPDATE :12002 6 F 20 :12002_3_1744858893.309897 1744858893.308018 :12002 (:12000,:12004,:12012)
[Wed Apr 16 2025 20:01:33.361988] r LSUPDATE :12002 8 F 13 :12012_31_1744858893.357923 1744856721.934356 :12012 (:12004,:12002)
[Wed Apr 16 2025 20:01:33.400459] r LSUPDATE :12002 6 F 20 :12002_7_1744858893.312459 1744858893.308018 :12002 (:12000,:12004,:12012)
[Wed Apr 16 2025 20:01:33.400726] r LSUPDATE :12002 8 F 13 :12012_32_1744858893.360544 1744856721.934356 :12012 (:12004,:12002)
[Wed Apr 16 2025 20:01:33.400955] r LSUPDATE :12002 6 F 20 :12002_8_1744858893.312648 1744858893.308018 :12002 (:12000,:12004,:12012)
[Wed Apr 16 2025 20:01:33.401184] r LSUPDATE :12002 7 F 13 :12004_31_1744858893.359953 1744856719.423030 :12004 (:12012,:12002)
[Wed Apr 16 2025 20:01:33.407710] r LSUPDATE :12002 8 F 13 :12012_33_1744858893.363357 1744856721.934356 :12012 (:12004,:12002)
[Wed Apr 16 2025 20:01:33.407943] r LSUPDATE :12002 7 F 13 :12004_32_1744858893.362543 1744856719.423030 :12004 (:12012,:12002)
[Wed Apr 16 2025 20:01:33.408454] r LSUPDATE :12002 7 F 13 :12004_33_1744858893.367808 1744856719.423030 :12004 (:12012,:12002)
[Wed Apr 16 2025 20:15:28.448247] r SAYHELLO :12002 1 - 0
[Wed Apr 16 2025 20:15:28.448293] i LSUPDATE :12002 9 F 6 :12000_2_1744859728.448283 1744859728.448281 :12000 (:12002)
[Wed Apr 16 2025 20:15:28.448316] i SAYHELLO :12002 1 - 0
[Wed Apr 16 2025 20:15:28.448574] r LSUPDATE :12002 9 F 20 :12002_2_1744859728.444374 1744859728.444372 :12002 (:12000,:12004,:12012)
[Wed Apr 16 2025 20:15:28.492726] r LSUPDATE :12002 8 F 13 :12012_35_1744859728.442929 1744856721.934356 :12012 (:12004,:12002)
[Wed Apr 16 2025 20:15:28.492786] i LSUPDATE :12002 9 F 6 :12000_5_1744859728.492760 1744859728.448281 :12000 (:12002)
[Wed Apr 16 2025 20:15:28.493010] r LSUPDATE :12002 9 F 20 :12002_4_1744859728.446523 1744859728.444372 :12002 (:12000,:12004,:12012)
[Wed Apr 16 2025 20:15:28.493230] r LSUPDATE :12002 8 F 13 :12004_36_1744859728.445649 1744856719.423030 :12004 (:12012,:12002)
[Wed Apr 16 2025 20:15:28.493268] i LSUPDATE :12002 9 F 6 :12000_7_1744859728.493249 1744859728.448281 :12000 (:12002)
[Wed Apr 16 2025 20:15:28.493480] r LSUPDATE :12002 7 F 6 :12004_35_1744859728.445225 1744856719.423030 :12004 (:12012)
[Wed Apr 16 2025 20:15:28.493696] r LSUPDATE :12002 6 F 20 :12002_4_1744859728.446523 1744859728.444372 :12002 (:12000,:12004,:12012)
[Wed Apr 16 2025 20:15:28.493910] r LSUPDATE :12002 9 F 20 :12002_7_1744859728.450428 1744859728.444372 :12002 (:12000,:12004,:12012)
[Wed Apr 16 2025 20:15:28.494520] r LSUPDATE :12002 9 F 20 :12002_8_1744859728.450524 1744859728.444372 :12002 (:12000,:12004,:12012)
[Wed Apr 16 2025 20:15:28.494738] r LSUPDATE :12002 8 F 13 :12012_36_1744859728.490870 1744856721.934356 :12012 (:12004,:12002)
[Wed Apr 16 2025 20:15:28.497065] r LSUPDATE :12002 8 F 13 :12012_37_1744859728.495611 1744856721.934356 :12012 (:12004,:12002)
[Wed Apr 16 2025 20:15:28.497289] r LSUPDATE :12002 8 F 13 :12012_38_1744859728.496526 1744856721.934356 :12012 (:12004,:12002)
[Wed Apr 16 2025 20:15:28.541780] r LSUPDATE :12002 7 F 13 :12004_37_1744859728.499434 1744856719.423030 :12004 (:12012,:12002)
[Wed Apr 16 2025 20:15:28.542020] r LSUPDATE :12002 7 F 13 :12004_38_1744859728.501261 1744856719.423030 :12004 (:12012,:12002)
[Wed Apr 16 2025 20:15:28.543933] r LSUPDATE :12002 8 F 13 :12004_39_1744859728.502267 1744856719.423030 :12004 (:12012,:12002)
[Wed Apr 16 2025 20:17:08.588720] i SAYHELLO :12002 1 - 0
[Wed Apr 16 2025 20:17:08.588854] r SAYHELLO :12002 1 - 0
[Wed Apr 16 2025 20:17:08.588885] i LSUPDATE :12002 9 F 6 :12000_2_1744859828.588872 1744859828.588869 :12000 (:12002)
[Wed Apr 16 2025 20:17:08.589106] r LSUPDATE :12002 9 F 20 :12002_8_1744859828.586849 1744859817.642375 :12002 (:12004,:12012,:12000)
[Wed Apr 16 2025 20:17:08.589335] r LSUPDATE :12002 6 F 20 :12002_8_1744859828.586849 1744859817.642375 :12002 (:12004,:12012,:12000)
[Wed Apr 16 2025 20:17:08.594301] r LSUPDATE :12002 8 F 13 :12004_42_1744859828.589927 1744856719.423030 :12004 (:12012,:12002)
[Wed Apr 16 2025 20:17:08.594352] i LSUPDATE :12002 9 F 6 :12000_5_1744859828.594325 1744859828.588869 :12000 (:12002)
[Wed Apr 16 2025 20:17:08.594570] r LSUPDATE :12002 8 F 13 :12012_41_1744859828.590240 1744856721.934356 :12012 (:12004,:12002)
[Wed Apr 16 2025 20:17:08.594611] i LSUPDATE :12002 9 F 6 :12000_7_1744859828.594590 1744859828.588869 :12000 (:12002)
[Wed Apr 16 2025 20:17:08.600372] r LSUPDATE :12002 8 F 13 :12012_42_1744859828.596421 1744856721.934356 :12012 (:12004,:12002)
[Wed Apr 16 2025 20:17:08.640405] r LSUPDATE :12002 7 F 13 :12004_43_1744859828.596069 1744856719.423030 :12004 (:12012,:12002)
[Wed Apr 16 2025 20:17:08.640662] r LSUPDATE :12002 8 F 13 :12012_43_1744859828.601183 1744856721.934356 :12012 (:12004,:12002)
[Wed Apr 16 2025 20:17:08.640890] r LSUPDATE :12002 8 F 13 :12004_44_1744859828.601495 1744856719.423030 :12004 (:12012,:12002)
[Wed Apr 16 2025 20:18:42.913172] i SAYHELLO :12002 1 - 0
[Wed Apr 16 2025 20:18:42.913310] r SAYHELLO :12002 1 - 0
[Wed Apr 16 2025 20:18:42.913340] i LSUPDATE :12002 9 F 6 :12000_2_1744859922.913327 1744859922.913325 :12000 (:12002)
[Wed Apr 16 2025 20:18:42.913563] r LSUPDATE :12002 9 F 20 :12002_11_1744859922.911060 1744859817.642375 :12002 (:12004,:12012,:12000)
[Wed Apr 16 2025 20:18:42.913805] r LSUPDATE :12002 6 F 20 :12002_11_1744859922.911060 1744859817.642375 :12002 (:12004,:12012,:12000)
[Wed Apr 16 2025 20:18:42.918770] r LSUPDATE :12002 8 F 13 :12012_44_1744859922.914398 1744856721.934356 :12012 (:12004,:12002)
[Wed Apr 16 2025 20:18:42.924577] i LSUPDATE :12002 9 F 6 :12000_5_1744859922.918796 1744859922.913325 :12000 (:12002)
[Wed Apr 16 2025 20:18:42.924810] r LSUPDATE :12002 8 F 13 :12004_45_1744859922.914994 1744856719.423030 :12004 (:12012,:12002)
[Wed Apr 16 2025 20:18:42.924863] i LSUPDATE :12002 9 F 6 :12000_7_1744859922.924836 1744859922.913325 :12000 (:12002)
[Wed Apr 16 2025 20:18:42.925089] r LSUPDATE :12002 8 F 13 :12012_45_1744859922.919901 1744856721.934356 :12012 (:12004,:12002)
[Wed Apr 16 2025 20:18:42.925310] r LSUPDATE :12002 8 F 13 :12004_46_1744859922.921915 1744856719.423030 :12004 (:12012,:12002)
[Wed Apr 16 2025 20:18:42.968683] r LSUPDATE :12002 8 F 13 :12012_46_1744859922.925868 1744856721.934356 :12012 (:12004,:12002)
[Wed Apr 16 2025 20:18:42.968919] r LSUPDATE :12002 8 F 13 :12004_47_1744859922.926532 1744856719.423030 :12004 (:12012,:12002)
[Wed Apr 16 2025 20:18:46.183638] r SAYHELLO :12002 1 - 0
[Wed Apr 16 2025 20:18:46.183674] i LSUPDATE :12002 9 F 6 :12000_9_1744859926.183667 1744859922.913325 :12000 (:12002)
[Wed Apr 16 2025 20:18:46.183695] i SAYHELLO :12002 1 - 0
[Wed Apr 16 2025 20:18:46.184390] r LSUPDATE :12002 9 F 20 :12002_2_1744859926.179693 1744859926.179691 :12002 (:12000,:12004,:12012)
[Wed Apr 16 2025 20:18:46.224422] r LSUPDATE :12002 8 F 13 :12012_48_1744859926.178930 1744856721.934356 :12012 (:12004,:12002)
[Wed Apr 16 2025 20:18:46.224669] r LSUPDATE :12002 9 F 20 :12002_4_1744859926.181477 1744859926.179691 :12002 (:12000,:12004,:12012)
[Wed Apr 16 2025 20:18:46.224892] r LSUPDATE :12002 8 F 13 :12004_50_1744859926.181009 1744856719.423030 :12004 (:12012,:12002)
[Wed Apr 16 2025 20:18:46.225143] r LSUPDATE :12002 7 F 6 :12004_49_1744859926.180556 1744856719.423030 :12004 (:12012)
[Wed Apr 16 2025 20:18:46.225357] r LSUPDATE :12002 6 F 20 :12002_4_1744859926.181477 1744859926.179691 :12002 (:12000,:12004,:12012)
[Wed Apr 16 2025 20:18:46.225568] r LSUPDATE :12002 9 F 20 :12002_7_1744859926.185768 1744859926.179691 :12002 (:12000,:12004,:12012)
[Wed Apr 16 2025 20:18:46.225780] r LSUPDATE :12002 9 F 20 :12002_8_1744859926.185853 1744859926.179691 :12002 (:12000,:12004,:12012)
[Wed Apr 16 2025 20:18:46.236061] r LSUPDATE :12002 6 F 20 :12002_8_1744859926.185853 1744859926.179691 :12002 (:12000,:12004,:12012)
[Wed Apr 16 2025 20:18:46.236825] r LSUPDATE :12002 8 F 13 :12004_51_1744859926.228199 1744856719.423030 :12004 (:12012,:12002)
[Wed Apr 16 2025 20:18:46.238574] r LSUPDATE :12002 8 F 13 :12012_49_1744859926.229518 1744856721.934356 :12012 (:12004,:12002)
[Wed Apr 16 2025 20:20:38.852111] r SAYHELLO :12002 1 - 0
[Wed Apr 16 2025 20:20:38.852175] i LSUPDATE :12002 9 F 6 :12000_2_1744860038.852148 1744860038.852146 :12000 (:12002)
[Wed Apr 16 2025 20:20:38.852201] i SAYHELLO :12002 1 - 0
[Wed Apr 16 2025 20:20:38.852457] r LSUPDATE :12002 9 F 20 :12002_2_1744860038.848401 1744860038.848399 :12002 (:12000,:12004,:12012)
[Wed Apr 16 2025 20:20:38.896403] r LSUPDATE :12002 8 F 13 :12012_51_1744860038.847795 1744856721.934356 :12012 (:12004,:12002)
[Wed Apr 16 2025 20:20:38.896471] i LSUPDATE :12002 9 F 6 :12000_5_1744860038.896443 1744860038.852146 :12000 (:12002)
[Wed Apr 16 2025 20:20:38.896690] r LSUPDATE :12002 9 F 20 :12002_4_1744860038.850909 1744860038.848399 :12002 (:12000,:12004,:12012)
[Wed Apr 16 2025 20:20:38.896911] r LSUPDATE :12002 8 F 13 :12004_53_1744860038.849103 1744856719.423030 :12004 (:12012,:12002)
[Wed Apr 16 2025 20:20:38.896950] i LSUPDATE :12002 9 F 6 :12000_7_1744860038.896930 1744860038.852146 :12000 (:12002)
[Wed Apr 16 2025 20:20:38.897164] r LSUPDATE :12002 6 F 20 :12002_4_1744860038.850909 1744860038.848399 :12002 (:12000,:12004,:12012)
[Wed Apr 16 2025 20:20:38.897379] r LSUPDATE :12002 9 F 20 :12002_7_1744860038.852990 1744860038.848399 :12002 (:12000,:12004,:12012)
[Wed Apr 16 2025 20:20:38.897979] r LSUPDATE :12002 9 F 20 :12002_8_1744860038.853176 1744860038.848399 :12002 (:12000,:12004,:12012)
[Wed Apr 16 2025 20:20:38.906183] r LSUPDATE :12002 6 F 20 :12002_7_1744860038.852990 1744860038.848399 :12002 (:12000,:12004,:12012)
[Wed Apr 16 2025 20:20:38.907017] r LSUPDATE :12002 8 F 13 :12012_52_1744860038.895865 1744856721.934356 :12012 (:12004,:12002)
[Wed Apr 16 2025 20:20:38.948432] r LSUPDATE :12002 7 F 13 :12004_54_1744860038.894525 1744856719.423030 :12004 (:12012,:12002)
[Wed Apr 16 2025 20:20:38.948689] r LSUPDATE :12002 8 F 13 :12012_53_1744860038.908879 1744856721.934356 :12012 (:12004,:12002)
[Wed Apr 16 2025 20:20:38.948919] r LSUPDATE :12002 7 F 13 :12004_55_1744860038.909185 1744856719.423030 :12004 (:12012,:12002)
[Wed Apr 16 2025 20:20:38.949144] r LSUPDATE :12002 8 F 13 :12012_54_1744860038.911773 1744856721.934356 :12012 (:12004,:12002)
[Wed Apr 16 2025 20:20:38.949373] r LSUPDATE :12002 7 F 13 :12004_56_1744860038.911453 1744856719.423030 :12004 (:12012,:12002)
[Wed Apr 16 2025 20:23:54.436655] r SAYHELLO :12002 1 - 0
[Wed Apr 16 2025 20:23:54.436700] i LSUPDATE :12002 9 F 6 :12000_2_1744860234.436690 1744860234.436688 :12000 (:12002)
[Wed Apr 16 2025 20:23:54.436724] i SAYHELLO :12002 1 - 0
[Wed Apr 16 2025 20:23:54.436980] r LSUPDATE :12002 9 F 20 :12002_2_1744860234.435539 1744860234.435537 :12002 (:12000,:12004,:12012)
[Wed Apr 16 2025 20:23:54.481517] r LSUPDATE :12002 8 F 13 :12012_56_1744860234.434116 1744856721.934356 :12012 (:12004,:12002)
[Wed Apr 16 2025 20:23:54.481592] i LSUPDATE :12002 9 F 6 :12000_5_1744860234.481555 1744860234.436688 :12000 (:12002)
[Wed Apr 16 2025 20:23:54.481818] r LSUPDATE :12002 9 F 20 :12002_3_1744860234.438580 1744860234.435537 :12002 (:12000,:12004,:12012)
[Wed Apr 16 2025 20:23:54.482052] r LSUPDATE :12002 8 F 13 :12004_58_1744860234.435724 1744856719.423030 :12004 (:12012,:12002)
[Wed Apr 16 2025 20:23:54.482099] i LSUPDATE :12002 9 F 6 :12000_7_1744860234.482079 1744860234.436688 :12000 (:12002)
[Wed Apr 16 2025 20:23:54.482318] r LSUPDATE :12002 9 F 20 :12002_5_1744860234.438915 1744860234.435537 :12002 (:12000,:12004,:12012)
[Wed Apr 16 2025 20:23:54.482536] r LSUPDATE :12002 8 F 13 :12004_59_1744860234.477276 1744856719.423030 :12004 (:12012,:12002)
[Wed Apr 16 2025 20:23:54.491875] r LSUPDATE :12002 7 F 13 :12012_57_1744860234.481287 1744856721.934356 :12012 (:12004,:12002)
[Wed Apr 16 2025 20:23:54.495914] r LSUPDATE :12002 8 F 13 :12004_60_1744860234.490135 1744856719.423030 :12004 (:12012,:12002)
[Wed Apr 16 2025 20:23:54.536565] r LSUPDATE :12002 7 F 13 :12012_58_1744860234.490770 1744856721.934356 :12012 (:12004,:12002)
[Wed Apr 16 2025 20:23:54.536824] r LSUPDATE :12002 6 F 20 :12002_3_1744860234.438580 1744860234.435537 :12002 (:12000,:12004,:12012)
[Wed Apr 16 2025 20:23:54.537042] r LSUPDATE :12002 9 F 20 :12002_9_1744860234.497670 1744860234.435537 :12002 (:12000,:12004,:12012)
[Wed Apr 16 2025 20:23:54.537281] r LSUPDATE :12002 6 F 20 :12002_5_1744860234.438915 1744860234.435537 :12002 (:12000,:12004,:12012)
[Wed Apr 16 2025 20:23:54.537498] r LSUPDATE :12002 8 F 13 :12004_61_1744860234.493131 1744856719.423030 :12004 (:12012,:12002)
[Wed Apr 16 2025 20:23:54.537717] r LSUPDATE :12002 7 F 13 :12012_59_1744860234.493682 1744856721.934356 :12012 (:12004,:12002)
[Wed Apr 16 2025 20:23:54.537935] r LSUPDATE :12002 6 F 20 :12002_9_1744860234.497670 1744860234.435537 :12002 (:12000,:12004,:12012)
[Wed Apr 16 2025 20:24:46.741394] r SAYHELLO :12002 1 - 0
[Wed Apr 16 2025 20:24:46.741455] i LSUPDATE :12002 9 F 6 :12000_2_1744860286.741443 1744860286.741441 :12000 (:12002)
[Wed Apr 16 2025 20:24:46.741682] i SAYHELLO :12002 1 - 0
[Wed Apr 16 2025 20:24:46.742388] r LSUPDATE :12002 9 F 20 :12002_2_1744860286.741857 1744860286.741855 :12002 (:12000,:12004,:12012)
[Wed Apr 16 2025 20:24:46.784461] r LSUPDATE :12002 9 F 20 :12002_4_1744860286.744952 1744860286.741855 :12002 (:12000,:12004,:12012)
[Wed Apr 16 2025 20:24:46.784733] r LSUPDATE :12002 8 F 13 :12012_61_1744860286.742559 1744856721.934356 :12012 (:12004,:12002)
[Wed Apr 16 2025 20:24:46.784791] i LSUPDATE :12002 9 F 6 :12000_5_1744860286.784756 1744860286.741441 :12000 (:12002)
[Wed Apr 16 2025 20:24:46.785016] r LSUPDATE :12002 7 F 6 :12004_63_1744860286.743450 1744856719.423030 :12004 (:12012)
[Wed Apr 16 2025 20:24:46.785058] i LSUPDATE :12002 9 F 6 :12000_7_1744860286.785039 1744860286.741441 :12000 (:12002)
[Wed Apr 16 2025 20:24:46.785274] r LSUPDATE :12002 8 F 13 :12012_62_1744860286.744010 1744856721.934356 :12012 (:12004,:12002)
[Wed Apr 16 2025 20:24:46.785498] r LSUPDATE :12002 9 F 20 :12002_7_1744860286.748688 1744860286.741855 :12002 (:12000,:12004,:12012)
[Wed Apr 16 2025 20:24:46.785731] r LSUPDATE :12002 8 F 13 :12004_65_1744860286.747219 1744856719.423030 :12004 (:12012,:12002)
[Wed Apr 16 2025 20:24:46.785951] r LSUPDATE :12002 6 F 20 :12002_4_1744860286.744952 1744860286.741855 :12002 (:12000,:12004,:12012)
[Wed Apr 16 2025 20:24:46.786173] r LSUPDATE :12002 9 F 20 :12002_9_1744860286.750828 1744860286.741855 :12002 (:12000,:12004,:12012)
[Wed Apr 16 2025 20:24:46.786393] r LSUPDATE :12002 7 F 6 :12004_64_1744860286.744308 1744856719.423030 :12004 (:12012)
[Wed Apr 16 2025 20:24:46.799036] r LSUPDATE :12002 6 F 20 :12002_7_1744860286.748688 1744860286.741855 :12002 (:12000,:12004,:12012)
[Wed Apr 16 2025 20:24:46.801916] r LSUPDATE :12002 8 F 13 :12004_66_1744860286.794419 1744856719.423030 :12004 (:12012,:12002)
[Wed Apr 16 2025 20:24:46.844486] r LSUPDATE :12002 8 F 13 :12012_63_1744860286.793840 1744856721.934356 :12012 (:12004,:12002)
[Wed Apr 16 2025 20:24:46.844758] r LSUPDATE :12002 8 F 13 :12012_64_1744860286.801134 1744856721.934356 :12012 (:12004,:12002)
[Wed Apr 16 2025 20:24:46.844984] r LSUPDATE :12002 8 F 13 :12004_67_1744860286.802190 1744856719.423030 :12004 (:12012,:12002)
[Wed Apr 16 2025 20:28:29.225316] r SAYHELLO :12002 1 - 0
[Wed Apr 16 2025 20:28:29.225364] i LSUPDATE :12002 9 F 6 :12000_2_1744860509.225353 1744860509.225351 :12000 (:12002)
[Wed Apr 16 2025 20:28:29.225396] i SAYHELLO :12002 1 - 0
[Wed Apr 16 2025 20:28:29.225651] r LSUPDATE :12002 9 F 20 :12002_2_1744860509.222877 1744860509.222874 :12002 (:12000,:12004,:12012)
[Wed Apr 16 2025 20:28:29.268402] r LSUPDATE :12002 8 F 13 :12004_69_1744860509.221437 1744856719.423030 :12004 (:12012,:12002)
[Wed Apr 16 2025 20:28:29.268470] i LSUPDATE :12002 9 F 6 :12000_5_1744860509.268442 1744860509.225351 :12000 (:12002)
[Wed Apr 16 2025 20:28:29.268688] r LSUPDATE :12002 7 F 13 :12012_66_1744860509.221940 1744856721.934356 :12012 (:12004,:12002)
[Wed Apr 16 2025 20:28:29.268725] i LSUPDATE :12002 9 F 6 :12000_7_1744860509.268707 1744860509.225351 :12000 (:12002)
[Wed Apr 16 2025 20:28:29.268939] r LSUPDATE :12002 9 F 20 :12002_5_1744860509.224605 1744860509.222874 :12002 (:12000,:12004,:12012)
[Wed Apr 16 2025 20:28:29.269167] r LSUPDATE :12002 6 F 20 :12002_2_1744860509.222877 1744860509.222874 :12002 (:12000,:12004,:12012)
[Wed Apr 16 2025 20:28:29.269389] r LSUPDATE :12002 9 F 20 :12002_7_1744860509.225133 1744860509.222874 :12002 (:12000,:12004,:12012)
[Wed Apr 16 2025 20:28:29.269606] r LSUPDATE :12002 9 F 20 :12002_8_1744860509.226722 1744860509.222874 :12002 (:12000,:12004,:12012)
[Wed Apr 16 2025 20:28:29.277006] r LSUPDATE :12002 8 F 13 :12004_70_1744860509.268076 1744856719.423030 :12004 (:12012,:12002)
[Wed Apr 16 2025 20:28:29.280231] r LSUPDATE :12002 6 F 20 :12002_5_1744860509.224605 1744860509.222874 :12002 (:12000,:12004,:12012)
[Wed Apr 16 2025 20:28:29.320761] r LSUPDATE :12002 6 F 20 :12002_7_1744860509.225133 1744860509.222874 :12002 (:12000,:12004,:12012)
[Wed Apr 16 2025 20:28:29.321002] r LSUPDATE :12002 8 F 13 :12012_67_1744860509.270125 1744856721.934356 :12012 (:12004,:12002)
[Wed Apr 16 2025 20:28:29.321232] r LSUPDATE :12002 8 F 13 :12012_68_1744860509.281025 1744856721.934356 :12012 (:12004,:12002)
[Wed Apr 16 2025 20:28:29.321448] r LSUPDATE :12002 8 F 13 :12012_69_1744860509.282248 1744856721.934356 :12012 (:12004,:12002)
[Wed Apr 16 2025 20:28:29.321663] r LSUPDATE :12002 8 F 13 :12004_71_1744860509.312774 1744856719.423030 :12004 (:12012,:12002)
[Wed Apr 16 2025 20:28:29.357903] r LSUPDATE :12002 8 F 13 :12004_72_1744860509.313278 1744856719.423030 :12004 (:12012,:12002)
[Wed Apr 16 2025 20:30:29.157511] r SAYHELLO :12002 1 - 0
[Wed Apr 16 2025 20:30:29.157555] i LSUPDATE :12002 9 F 6 :12000_2_1744860629.157545 1744860629.157543 :12000 (:12002)
[Wed Apr 16 2025 20:30:29.157579] i SAYHELLO :12002 1 - 0
[Wed Apr 16 2025 20:30:29.157833] r LSUPDATE :12002 9 F 20 :12002_2_1744860629.155267 1744860629.155265 :12002 (:12000,:12004,:12012)
[Wed Apr 16 2025 20:30:29.201802] r LSUPDATE :12002 8 F 13 :12012_71_1744860629.154331 1744856721.934356 :12012 (:12004,:12002)
[Wed Apr 16 2025 20:30:29.201881] i LSUPDATE :12002 9 F 6 :12000_5_1744860629.201843 1744860629.157543 :12000 (:12002)
[Wed Apr 16 2025 20:30:29.202102] r LSUPDATE :12002 9 F 20 :12002_4_1744860629.156544 1744860629.155265 :12002 (:12000,:12004,:12012)
[Wed Apr 16 2025 20:30:29.202326] r LSUPDATE :12002 8 F 13 :12004_74_1744860629.153859 1744856719.423030 :12004 (:12012,:12002)
[Wed Apr 16 2025 20:30:29.202372] i LSUPDATE :12002 9 F 6 :12000_7_1744860629.202352 1744860629.157543 :12000 (:12002)
[Wed Apr 16 2025 20:30:29.202594] r LSUPDATE :12002 6 F 20 :12002_2_1744860629.155267 1744860629.155265 :12002 (:12000,:12004,:12012)
[Wed Apr 16 2025 20:30:29.202811] r LSUPDATE :12002 9 F 20 :12002_7_1744860629.157319 1744860629.155265 :12002 (:12000,:12004,:12012)
[Wed Apr 16 2025 20:30:29.203033] r LSUPDATE :12002 9 F 20 :12002_8_1744860629.157997 1744860629.155265 :12002 (:12000,:12004,:12012)
[Wed Apr 16 2025 20:30:29.203634] r LSUPDATE :12002 6 F 20 :12002_4_1744860629.156544 1744860629.155265 :12002 (:12000,:12004,:12012)
[Wed Apr 16 2025 20:30:29.203862] r LSUPDATE :12002 8 F 13 :12004_75_1744860629.199053 1744856719.423030 :12004 (:12012,:12002)
[Wed Apr 16 2025 20:30:29.209948] r LSUPDATE :12002 6 F 20 :12002_8_1744860629.157997 1744860629.155265 :12002 (:12000,:12004,:12012)
[Wed Apr 16 2025 20:30:29.213313] r LSUPDATE :12002 8 F 13 :12012_72_1744860629.205467 1744856721.934356 :12012 (:12004,:12002)
[Wed Apr 16 2025 20:30:29.256436] r LSUPDATE :12002 8 F 13 :12004_76_1744860629.208336 1744856719.423030 :12004 (:12012,:12002)
[Wed Apr 16 2025 20:30:29.256697] r LSUPDATE :12002 8 F 13 :12004_77_1744860629.210458 1744856719.423030 :12004 (:12012,:12002)
[Wed Apr 16 2025 20:30:29.256920] r LSUPDATE :12002 7 F 13 :12012_73_1744860629.214902 1744856721.934356 :12012 (:12004,:12002)
[Wed Apr 16 2025 20:30:29.257143] r LSUPDATE :12002 8 F 13 :12012_74_1744860629.215408 1744856721.934356 :12012 (:12004,:12002)
[Wed Apr 16 2025 20:31:22.640302] r SAYHELLO :12002 1 - 0
[Wed Apr 16 2025 20:31:22.640348] i LSUPDATE :12002 9 F 6 :12000_2_1744860682.640338 1744860682.640336 :12000 (:12002)
[Wed Apr 16 2025 20:31:22.640371] i SAYHELLO :12002 1 - 0
[Wed Apr 16 2025 20:31:22.640626] r LSUPDATE :12002 9 F 20 :12002_2_1744860682.637793 1744860682.637791 :12002 (:12000,:12004,:12012)
[Wed Apr 16 2025 20:31:22.684484] r LSUPDATE :12002 8 F 13 :12012_76_1744860682.637277 1744856721.934356 :12012 (:12004,:12002)
[Wed Apr 16 2025 20:31:22.684551] i LSUPDATE :12002 9 F 6 :12000_5_1744860682.684524 1744860682.640336 :12000 (:12002)
[Wed Apr 16 2025 20:31:22.684771] r LSUPDATE :12002 9 F 20 :12002_4_1744860682.639907 1744860682.637791 :12002 (:12000,:12004,:12012)
[Wed Apr 16 2025 20:31:22.684991] r LSUPDATE :12002 6 F 20 :12002_2_1744860682.637793 1744860682.637791 :12002 (:12000,:12004,:12012)
[Wed Apr 16 2025 20:31:22.685208] r LSUPDATE :12002 9 F 20 :12002_6_1744860682.640939 1744860682.637791 :12002 (:12000,:12004,:12012)
[Wed Apr 16 2025 20:31:22.685435] r LSUPDATE :12002 9 F 20 :12002_7_1744860682.641132 1744860682.637791 :12002 (:12000,:12004,:12012)
[Wed Apr 16 2025 20:31:22.685655] r LSUPDATE :12002 8 F 13 :12004_79_1744860682.636790 1744856719.423030 :12004 (:12012,:12002)
[Wed Apr 16 2025 20:31:22.685694] i LSUPDATE :12002 9 F 6 :12000_7_1744860682.685674 1744860682.640336 :12000 (:12002)
[Wed Apr 16 2025 20:31:22.687377] r LSUPDATE :12002 6 F 20 :12002_6_1744860682.640939 1744860682.637791 :12002 (:12000,:12004,:12012)
[Wed Apr 16 2025 20:31:22.693154] r LSUPDATE :12002 8 F 13 :12004_80_1744860682.682776 1744856719.423030 :12004 (:12012,:12002)
[Wed Apr 16 2025 20:31:22.736461] r LSUPDATE :12002 6 F 20 :12002_7_1744860682.641132 1744860682.637791 :12002 (:12000,:12004,:12012)
[Wed Apr 16 2025 20:31:22.736700] r LSUPDATE :12002 8 F 13 :12012_77_1744860682.683836 1744856721.934356 :12012 (:12004,:12002)
[Wed Apr 16 2025 20:31:22.736932] r LSUPDATE :12002 8 F 13 :12012_78_1744860682.694787 1744856721.934356 :12012 (:12004,:12002)
[Wed Apr 16 2025 20:31:22.737156] r LSUPDATE :12002 8 F 13 :12012_79_1744860682.698796 1744856721.934356 :12012 (:12004,:12002)
[Wed Apr 16 2025 20:31:22.740726] r LSUPDATE :12002 7 F 13 :12004_81_1744860682.724713 1744856719.423030 :12004 (:12012,:12002)
[Wed Apr 16 2025 20:31:22.743034] r LSUPDATE :12002 8 F 13 :12004_82_1744860682.725230 1744856719.423030 :12004 (:12012,:12002)
[Wed Apr 16 2025 20:33:32.142501] r SAYHELLO :12002 1 - 0
[Wed Apr 16 2025 20:33:32.142548] i LSUPDATE :12002 9 F 6 :12000_2_1744860812.142538 1744860812.142536 :12000 (:12002)
[Wed Apr 16 2025 20:33:32.142572] i SAYHELLO :12002 1 - 0
[Wed Apr 16 2025 20:33:32.142832] r LSUPDATE :12002 9 F 20 :12002_2_1744860812.138806 1744860812.138804 :12002 (:12000,:12004,:12012)
[Wed Apr 16 2025 20:33:32.184527] r LSUPDATE :12002 8 F 13 :12004_84_1744860812.137790 1744856719.423030 :12004 (:12012,:12002)
[Wed Apr 16 2025 20:33:32.184600] i LSUPDATE :12002 9 F 6 :12000_5_1744860812.184570 1744860812.142536 :12000 (:12002)
[Wed Apr 16 2025 20:33:32.184819] r LSUPDATE :12002 7 F 13 :12012_81_1744860812.138315 1744856721.934356 :12012 (:12004,:12002)
[Wed Apr 16 2025 20:33:32.184857] i LSUPDATE :12002 9 F 6 :12000_7_1744860812.184838 1744860812.142536 :12000 (:12002)
[Wed Apr 16 2025 20:33:32.185072] r LSUPDATE :12002 9 F 20 :12002_5_1744860812.141385 1744860812.138804 :12002 (:12000,:12004,:12012)
[Wed Apr 16 2025 20:33:32.185299] r LSUPDATE :12002 6 F 20 :12002_2_1744860812.138806 1744860812.138804 :12002 (:12000,:12004,:12012)
[Wed Apr 16 2025 20:33:32.185542] r LSUPDATE :12002 9 F 20 :12002_7_1744860812.142120 1744860812.138804 :12002 (:12000,:12004,:12012)
[Wed Apr 16 2025 20:33:32.185760] r LSUPDATE :12002 9 F 20 :12002_8_1744860812.142997 1744860812.138804 :12002 (:12000,:12004,:12012)
[Wed Apr 16 2025 20:33:32.185978] r LSUPDATE :12002 8 F 13 :12004_85_1744860812.181666 1744856719.423030 :12004 (:12012,:12002)
[Wed Apr 16 2025 20:33:32.196937] r LSUPDATE :12002 6 F 20 :12002_5_1744860812.141385 1744860812.138804 :12002 (:12000,:12004,:12012)
[Wed Apr 16 2025 20:33:32.197903] r LSUPDATE :12002 6 F 20 :12002_7_1744860812.142120 1744860812.138804 :12002 (:12000,:12004,:12012)
[Wed Apr 16 2025 20:33:32.240433] r LSUPDATE :12002 6 F 20 :12002_8_1744860812.142997 1744860812.138804 :12002 (:12000,:12004,:12012)
[Wed Apr 16 2025 20:33:32.240688] r LSUPDATE :12002 8 F 13 :12012_82_1744860812.187651 1744856721.934356 :12012 (:12004,:12002)
[Wed Apr 16 2025 20:33:32.240909] r LSUPDATE :12002 8 F 13 :12004_86_1744860812.196348 1744856719.423030 :12004 (:12012,:12002)
[Wed Apr 16 2025 20:33:32.241134] r LSUPDATE :12002 7 F 13 :12012_83_1744860812.201399 1744856721.934356 :12012 (:12004,:12002)
[Wed Apr 16 2025 20:33:32.247049] r LSUPDATE :12002 8 F 13 :12004_87_1744860812.245403 1744856719.423030 :12004 (:12012,:12002)
[Wed Apr 16 2025 20:33:32.248032] r LSUPDATE :12002 8 F 13 :12012_84_1744860812.245731 1744856721.934356 :12012 (:12004,:12002)
[Wed Apr 16 2025 20:35:45.840794] r SAYHELLO :12002 1 - 0
[Wed Apr 16 2025 20:35:45.840855] i LSUPDATE :12002 9 F 6 :12000_2_1744860945.840843 1744860945.840841 :12000 (:12002)
[Wed Apr 16 2025 20:35:45.840880] i SAYHELLO :12002 1 - 0
[Wed Apr 16 2025 20:35:45.841776] r LSUPDATE :12002 9 F 13 :12002_2_1744860945.841261 1744860945.841259 :12002 (:12000,:12004)
[Wed Apr 16 2025 20:35:45.884452] r LSUPDATE :12002 9 F 20 :12002_4_1744860945.844000 1744860945.841259 :12002 (:12000,:12004,:12012)
[Wed Apr 16 2025 20:35:45.884725] r LSUPDATE :12002 9 F 20 :12002_5_1744860945.847072 1744860945.841259 :12002 (:12000,:12004,:12012)
[Wed Apr 16 2025 20:35:45.884954] r LSUPDATE :12002 8 F 13 :12012_86_1744860945.841994 1744856721.934356 :12012 (:12004,:12002)
[Wed Apr 16 2025 20:35:45.885028] i LSUPDATE :12002 9 F 6 :12000_5_1744860945.884991 1744860945.840841 :12000 (:12002)
[Wed Apr 16 2025 20:35:45.885250] r LSUPDATE :12002 7 F 13 :12004_89_1744860945.842984 1744856719.423030 :12004 (:12012,:12002)
[Wed Apr 16 2025 20:35:45.885291] i LSUPDATE :12002 9 F 6 :12000_7_1744860945.885272 1744860945.840841 :12000 (:12002)
[Wed Apr 16 2025 20:35:45.885508] r LSUPDATE :12002 6 F 13 :12002_2_1744860945.841261 1744860945.841259 :12002 (:12000,:12004)
[Wed Apr 16 2025 20:35:45.886170] r LSUPDATE :12002 9 F 20 :12002_9_1744860945.850689 1744860945.841259 :12002 (:12000,:12004,:12012)
[Wed Apr 16 2025 20:35:45.886390] r LSUPDATE :12002 8 F 13 :12012_87_1744860945.845251 1744856721.934356 :12012 (:12004,:12002)
[Wed Apr 16 2025 20:35:45.886607] r LSUPDATE :12002 7 F 13 :12004_90_1744860945.844960 1744856719.423030 :12004 (:12012,:12002)
[Wed Apr 16 2025 20:35:45.886837] r LSUPDATE :12002 6 F 20 :12002_4_1744860945.844000 1744860945.841259 :12002 (:12000,:12004,:12012)
[Wed Apr 16 2025 20:35:45.887060] r LSUPDATE :12002 6 F 20 :12002_9_1744860945.850689 1744860945.841259 :12002 (:12000,:12004,:12012)
[Wed Apr 16 2025 20:35:45.897929] r LSUPDATE :12002 8 F 13 :12004_91_1744860945.893508 1744856719.423030 :12004 (:12012,:12002)
[Wed Apr 16 2025 20:35:45.901810] r LSUPDATE :12002 8 F 13 :12012_88_1744860945.893176 1744856721.934356 :12012 (:12004,:12002)
[Wed Apr 16 2025 20:35:45.944454] r LSUPDATE :12002 8 F 13 :12012_89_1744860945.900055 1744856721.934356 :12012 (:12004,:12002)
[Wed Apr 16 2025 20:35:45.944714] r LSUPDATE :12002 8 F 13 :12004_92_1744860945.898811 1744856719.423030 :12004 (:12012,:12002)
[Wed Apr 16 2025 20:44:12.963735] r SAYHELLO :12002 1 - 0
[Wed Apr 16 2025 20:44:12.963796] i LSUPDATE :12002 9 F 6 :12000_2_1744861452.963784 1744861452.963782 :12000 (:12002)
[Wed Apr 16 2025 20:44:12.963828] i SAYHELLO :12002 1 - 0
[Wed Apr 16 2025 20:44:12.964398] r LSUPDATE :12002 9 F 6 :12002_2_1744861452.963998 1744861452.963996 :12002 (:12000)
[Wed Apr 16 2025 20:44:15.989521] r LSUPDATE :12002 9 F 13 :12002_4_1744861455.988778 1744861452.963996 :12002 (:12000,:12004)
[Wed Apr 16 2025 20:44:15.990471] r LSUPDATE :12002 8 F 6 :12004_2_1744861455.989717 1744861455.989715 :12004 (:12002)
[Wed Apr 16 2025 20:44:15.990523] i LSUPDATE :12002 9 F 6 :12000_5_1744861455.990495 1744861452.963782 :12000 (:12002)
[Wed Apr 16 2025 20:44:15.991514] r LSUPDATE :12002 8 F 6 :12004_5_1744861455.991021 1744861455.989715 :12004 (:12002)
[Wed Apr 16 2025 20:44:15.991558] i LSUPDATE :12002 9 F 6 :12000_6_1744861455.991534 1744861452.963782 :12000 (:12002)
[Wed Apr 16 2025 20:44:18.089230] r LSUPDATE :12002 8 F 13 :12004_6_1744861458.086896 1744861455.989715 :12004 (:12002,:12012)
[Wed Apr 16 2025 20:44:18.089291] i LSUPDATE :12002 9 F 6 :12000_7_1744861458.089260 1744861452.963782 :12000 (:12002)
[Wed Apr 16 2025 20:44:18.089509] r LSUPDATE :12002 9 F 20 :12002_6_1744861458.088578 1744861452.963996 :12002 (:12000,:12004,:12012)
[Wed Apr 16 2025 20:44:18.089728] r LSUPDATE :12002 8 F 13 :12012_2_1744861458.087984 1744861458.087982 :12012 (:12002,:12004)
[Wed Apr 16 2025 20:44:18.089777] i LSUPDATE :12002 9 F 6 :12000_9_1744861458.089747 1744861452.963782 :12000 (:12002)
[Wed Apr 16 2025 20:44:18.092954] r LSUPDATE :12002 7 F 13 :12012_3_1744861458.091466 1744861458.087982 :12012 (:12002,:12004)
[Wed Apr 16 2025 20:44:18.093000] i LSUPDATE :12002 9 F 6 :12000_10_1744861458.092976 1744861452.963782 :12000 (:12002)
[Wed Apr 16 2025 20:44:18.139169] r LSUPDATE :12002 7 F 13 :12012_6_1744861458.092004 1744861458.087982 :12012 (:12002,:12004)
[Wed Apr 16 2025 20:44:18.139227] i LSUPDATE :12002 9 F 6 :12000_11_1744861458.139197 1744861452.963782 :12000 (:12002)
[Wed Apr 16 2025 20:44:18.140447] r LSUPDATE :12002 8 F 13 :12012_9_1744861458.096929 1744861458.087982 :12012 (:12002,:12004)
[Wed Apr 16 2025 20:44:18.140491] i LSUPDATE :12002 9 F 6 :12000_12_1744861458.140468 1744861452.963782 :12000 (:12002)
[Wed Apr 16 2025 20:47:51.531998] r SAYHELLO :12002 1 - 0
[Wed Apr 16 2025 20:47:51.532057] i LSUPDATE :12002 9 F 6 :12000_2_1744861671.532046 1744861671.532044 :12000 (:12002)
[Wed Apr 16 2025 20:47:51.532082] i SAYHELLO :12002 1 - 0
[Wed Apr 16 2025 20:47:51.532753] r LSUPDATE :12002 9 F 6 :12002_2_1744861671.532281 1744861671.532279 :12002 (:12000)
[Wed Apr 16 2025 20:47:54.638869] r LSUPDATE :12002 9 F 13 :12002_4_1744861674.638557 1744861671.532279 :12002 (:12000,:12004)
[Wed Apr 16 2025 20:47:54.640292] r LSUPDATE :12002 8 F 6 :12004_2_1744861674.639058 1744861674.639056 :12004 (:12002)
[Wed Apr 16 2025 20:47:54.640766] i LSUPDATE :12002 9 F 6 :12000_5_1744861674.640737 1744861671.532044 :12000 (:12002)
[Wed Apr 16 2025 20:47:54.641772] r LSUPDATE :12002 8 F 6 :12004_5_1744861674.641273 1744861674.639056 :12004 (:12002)
[Wed Apr 16 2025 20:47:54.641814] i LSUPDATE :12002 9 F 6 :12000_6_1744861674.641792 1744861671.532044 :12000 (:12002)
[Wed Apr 16 2025 20:47:57.260452] r LSUPDATE :12002 8 F 13 :12004_6_1744861677.258465 1744861674.639056 :12004 (:12002,:12012)
[Wed Apr 16 2025 20:47:57.260934] i LSUPDATE :12002 9 F 6 :12000_7_1744861677.260480 1744861671.532044 :12000 (:12002)
[Wed Apr 16 2025 20:47:57.261169] r LSUPDATE :12002 9 F 20 :12002_6_1744861677.259795 1744861671.532279 :12002 (:12000,:12004,:12012)
[Wed Apr 16 2025 20:47:57.261390] r LSUPDATE :12002 7 F 13 :12012_2_1744861677.259121 1744861677.259119 :12012 (:12002,:12004)
[Wed Apr 16 2025 20:47:57.261437] i LSUPDATE :12002 9 F 6 :12000_9_1744861677.261409 1744861671.532044 :12000 (:12002)
[Wed Apr 16 2025 20:47:57.266306] r LSUPDATE :12002 7 F 13 :12012_4_1744861677.263296 1744861677.259119 :12012 (:12002,:12004)
[Wed Apr 16 2025 20:47:57.266354] i LSUPDATE :12002 9 F 6 :12000_10_1744861677.266328 1744861671.532044 :12000 (:12002)
[Wed Apr 16 2025 20:47:57.311254] r LSUPDATE :12002 7 F 13 :12012_7_1744861677.263806 1744861677.259119 :12012 (:12002,:12004)
[Wed Apr 16 2025 20:47:57.311318] i LSUPDATE :12002 9 F 6 :12000_11_1744861677.311287 1744861671.532044 :12000 (:12002)
[Wed Apr 16 2025 20:47:57.311531] r LSUPDATE :12002 8 F 13 :12012_9_1744861677.264071 1744861677.259119 :12012 (:12002,:12004)
[Wed Apr 16 2025 20:47:57.311568] i LSUPDATE :12002 9 F 6 :12000_12_1744861677.311547 1744861671.532044 :12000 (:12002)
[Wed Apr 16 2025 20:58:51.601422] r SAYHELLO :12002 1 - 0
[Wed Apr 16 2025 20:58:51.603605] i LSUPDATE :12002 9 F 6 :12000_2_1744862331.603591 1744862331.603588 :12000 (:12002)
[Wed Apr 16 2025 20:58:51.603648] i SAYHELLO :12002 1 - 0
[Wed Apr 16 2025 20:58:51.604537] r LSUPDATE :12002 9 F 6 :12002_2_1744862331.603809 1744862331.603807 :12002 (:12000)
[Wed Apr 16 2025 20:58:58.417074] r LSUPDATE :12002 9 F 13 :12002_4_1744862338.416764 1744862331.603807 :12002 (:12000,:12004)
[Wed Apr 16 2025 20:58:58.420288] r LSUPDATE :12002 8 F 6 :12004_2_1744862338.419460 1744862338.419456 :12004 (:12002)
[Wed Apr 16 2025 20:58:58.420344] i LSUPDATE :12002 9 F 6 :12000_5_1744862338.420316 1744862331.603588 :12000 (:12002)
[Wed Apr 16 2025 20:58:58.421338] r LSUPDATE :12002 8 F 6 :12004_5_1744862338.420844 1744862338.419456 :12004 (:12002)
[Wed Apr 16 2025 20:58:58.421379] i LSUPDATE :12002 9 F 6 :12000_6_1744862338.421357 1744862331.603588 :12000 (:12002)
[Wed Apr 16 2025 21:00:41.704407] r SAYHELLO :12002 1 - 0
[Wed Apr 16 2025 21:00:41.704449] i LSUPDATE :12002 9 F 6 :12000_2_1744862441.704440 1744862441.704439 :12000 (:12002)
[Wed Apr 16 2025 21:00:41.704472] i SAYHELLO :12002 1 - 0
[Wed Apr 16 2025 21:00:41.705366] r LSUPDATE :12002 9 F 13 :12002_2_1744862441.703742 1744862441.703739 :12002 (:12000,:12004)
[Wed Apr 16 2025 21:00:41.748406] r LSUPDATE :12002 8 F 6 :12004_7_1744862441.703538 1744862338.419456 :12004 (:12002)
[Wed Apr 16 2025 21:00:41.748481] i LSUPDATE :12002 9 F 6 :12000_5_1744862441.748450 1744862441.704439 :12000 (:12002)
[Wed Apr 16 2025 21:00:41.748715] r LSUPDATE :12002 9 F 13 :12002_4_1744862441.705527 1744862441.703739 :12002 (:12000,:12004)
[Wed Apr 16 2025 21:00:41.748958] r LSUPDATE :12002 8 F 6 :12004_8_1744862441.744709 1744862338.419456 :12004 (:12002)
[Wed Apr 16 2025 21:00:41.750043] r LSUPDATE :12002 8 F 6 :12004_9_1744862441.749525 1744862338.419456 :12004 (:12002)
[Wed Apr 16 2025 21:00:45.894560] r LSUPDATE :12002 9 F 6 :12002_6_1744862445.894227 1744862441.703739 :12002 (:12000)
[Wed Apr 16 2025 21:00:47.472283] r LSUPDATE :12002 9 F 13 :12002_7_1744862447.471954 1744862441.703739 :12002 (:12000,:12004)
[Wed Apr 16 2025 21:00:47.473956] r LSUPDATE :12002 8 F 6 :12004_2_1744862447.472473 1744862447.472471 :12004 (:12002)
[Wed Apr 16 2025 21:00:47.474002] i LSUPDATE :12002 9 F 6 :12000_6_1744862447.473978 1744862441.704439 :12000 (:12002)
[Wed Apr 16 2025 21:00:47.474991] r LSUPDATE :12002 8 F 6 :12004_5_1744862447.474529 1744862447.472471 :12004 (:12002)
[Wed Apr 16 2025 21:00:47.475032] i LSUPDATE :12002 9 F 6 :12000_7_1744862447.475010 1744862441.704439 :12000 (:12002)
[Wed Apr 16 2025 21:01:41.478995] r LSUPDATE :12002 9 F 6 :12002_8_1744862501.478664 1744862441.703739 :12002 (:12000)
[Wed Apr 16 2025 21:02:51.734094] r SAYHELLO :12002 1 - 0
[Wed Apr 16 2025 21:02:51.734156] i LSUPDATE :12002 9 F 6 :12000_2_1744862571.734145 1744862571.734142 :12000 (:12002)
[Wed Apr 16 2025 21:02:51.734183] i SAYHELLO :12002 1 - 0
[Wed Apr 16 2025 21:02:51.734582] r LSUPDATE :12002 9 F 6 :12002_2_1744862571.734354 1744862571.734352 :12002 (:12000)
[Wed Apr 16 2025 21:02:54.411297] r LSUPDATE :12002 9 F 13 :12002_4_1744862574.410559 1744862571.734352 :12002 (:12000,:12004)
[Wed Apr 16 2025 21:02:54.412258] r LSUPDATE :12002 8 F 6 :12004_2_1744862574.411493 1744862574.411490 :12004 (:12002)
[Wed Apr 16 2025 21:02:54.412310] i LSUPDATE :12002 9 F 6 :12000_5_1744862574.412283 1744862571.734142 :12000 (:12002)
[Wed Apr 16 2025 21:02:54.413291] r LSUPDATE :12002 8 F 6 :12004_5_1744862574.412812 1744862574.411490 :12004 (:12002)
[Wed Apr 16 2025 21:02:54.413333] i LSUPDATE :12002 9 F 6 :12000_6_1744862574.413310 1744862571.734142 :12000 (:12002)
[Wed Apr 16 2025 21:06:14.634363] r SAYHELLO :12002 1 - 0
[Wed Apr 16 2025 21:06:14.634420] i LSUPDATE :12002 9 F 6 :12000_2_1744862774.634409 1744862774.634407 :12000 (:12002)
[Wed Apr 16 2025 21:06:14.634446] i SAYHELLO :12002 1 - 0
[Wed Apr 16 2025 21:06:14.635096] r LSUPDATE :12002 9 F 6 :12002_2_1744862774.634614 1744862774.634612 :12002 (:12000)
[Wed Apr 16 2025 21:06:24.759166] r LSUPDATE :12002 9 F 13 :12002_4_1744862784.758846 1744862774.634612 :12002 (:12000,:12004)
[Wed Apr 16 2025 21:06:24.760135] r LSUPDATE :12002 8 F 6 :12004_2_1744862784.759369 1744862784.759367 :12004 (:12002)
[Wed Apr 16 2025 21:06:24.760204] i LSUPDATE :12002 9 F 6 :12000_5_1744862784.760176 1744862774.634407 :12000 (:12002)
[Wed Apr 16 2025 21:06:24.762117] r LSUPDATE :12002 8 F 6 :12004_5_1744862784.761615 1744862784.759367 :12004 (:12002)
[Wed Apr 16 2025 21:06:24.762162] i LSUPDATE :12002 9 F 6 :12000_6_1744862784.762137 1744862774.634407 :12000 (:12002)
[Wed Apr 16 2025 21:06:32.985733] r LSUPDATE :12002 8 F 13 :12004_6_1744862792.985144 1744862784.759367 :12004 (:12002,:12012)
[Wed Apr 16 2025 21:06:32.985790] i LSUPDATE :12002 9 F 6 :12000_7_1744862792.985760 1744862774.634407 :12000 (:12002)
[Wed Apr 16 2025 21:06:32.986955] r LSUPDATE :12002 9 F 20 :12002_6_1744862792.986637 1744862774.634612 :12002 (:12000,:12004,:12012)
[Wed Apr 16 2025 21:06:33.028437] r LSUPDATE :12002 7 F 13 :12012_2_1744862792.988418 1744862792.988416 :12012 (:12002,:12004)
[Wed Apr 16 2025 21:06:33.028544] i LSUPDATE :12002 9 F 6 :12000_9_1744862793.028510 1744862774.634407 :12000 (:12002)
[Wed Apr 16 2025 21:06:33.031808] r LSUPDATE :12002 8 F 13 :12012_5_1744862792.988936 1744862792.988416 :12012 (:12002,:12004)
[Wed Apr 16 2025 21:06:33.031854] i LSUPDATE :12002 9 F 6 :12000_10_1744862793.031830 1744862774.634407 :12000 (:12002)
[Wed Apr 16 2025 21:06:33.033135] r LSUPDATE :12002 7 F 13 :12012_7_1744862792.990532 1744862792.988416 :12012 (:12002,:12004)
[Wed Apr 16 2025 21:06:33.033178] i LSUPDATE :12002 9 F 6 :12000_11_1744862793.033155 1744862774.634407 :12000 (:12002)
[Wed Apr 16 2025 21:06:33.033938] r LSUPDATE :12002 7 F 13 :12012_9_1744862792.991024 1744862792.988416 :12012 (:12002,:12004)
[Wed Apr 16 2025 21:06:33.033978] i LSUPDATE :12002 9 F 6 :12000_12_1744862793.033956 1744862774.634407 :12000 (:12002)
[Wed Apr 16 2025 21:06:33.036001] r LSUPDATE :12002 6 F 20 :12002_6_1744862792.986637 1744862774.634612 :12002 (:12000,:12004,:12012)
[Wed Apr 16 2025 21:06:33.076433] r LSUPDATE :12002 9 F 20 :12002_9_1744862793.036061 1744862774.634612 :12002 (:12000,:12004,:12012)
[Wed Apr 16 2025 21:13:52.314080] r SAYHELLO :12002 1 - 0
[Wed Apr 16 2025 21:13:52.315065] i LSUPDATE :12002 9 F 6 :12000_2_1744863232.315051 1744863232.315048 :12000 (:12002)
[Wed Apr 16 2025 21:13:52.315109] i SAYHELLO :12002 1 - 0
[Wed Apr 16 2025 21:13:52.315745] r LSUPDATE :12002 9 F 6 :12002_2_1744863232.315259 1744863232.315256 :12002 (:12000)
[Wed Apr 16 2025 21:13:58.465284] r LSUPDATE :12002 9 F 13 :12002_4_1744863238.464972 1744863232.315256 :12002 (:12000,:12004)
[Wed Apr 16 2025 21:13:58.467730] r LSUPDATE :12002 8 F 6 :12004_2_1744863238.466544 1744863238.466541 :12004 (:12002)
[Wed Apr 16 2025 21:13:58.467781] i LSUPDATE :12002 9 F 6 :12000_5_1744863238.467755 1744863232.315048 :12000 (:12002)
[Wed Apr 16 2025 21:13:58.469032] r LSUPDATE :12002 8 F 6 :12004_5_1744863238.468548 1744863238.466541 :12004 (:12002)
[Wed Apr 16 2025 21:13:58.469074] i LSUPDATE :12002 9 F 6 :12000_6_1744863238.469051 1744863232.315048 :12000 (:12002)
[Wed Apr 16 2025 21:14:05.667349] r LSUPDATE :12002 9 F 20 :12002_6_1744863245.667016 1744863232.315256 :12002 (:12000,:12004,:12012)
[Wed Apr 16 2025 21:14:05.708620] r LSUPDATE :12002 8 F 13 :12004_6_1744863245.667900 1744863238.466541 :12004 (:12002,:12012)
[Wed Apr 16 2025 21:14:05.708721] i LSUPDATE :12002 9 F 6 :12000_7_1744863245.708675 1744863232.315048 :12000 (:12002)
[Wed Apr 16 2025 21:14:05.708940] r LSUPDATE :12002 8 F 13 :12012_2_1744863245.668946 1744863245.668944 :12012 (:12002,:12004)
[Wed Apr 16 2025 21:14:05.708995] i LSUPDATE :12002 9 F 6 :12000_9_1744863245.708970 1744863232.315048 :12000 (:12002)
[Wed Apr 16 2025 21:14:05.712074] r LSUPDATE :12002 8 F 13 :12012_5_1744863245.670535 1744863245.668944 :12012 (:12002,:12004)
[Wed Apr 16 2025 21:14:05.712118] i LSUPDATE :12002 9 F 6 :12000_10_1744863245.712093 1744863232.315048 :12000 (:12002)
[Wed Apr 16 2025 21:14:05.713792] r LSUPDATE :12002 8 F 13 :12004_9_1744863245.710851 1744863238.466541 :12004 (:12002,:12012)
[Wed Apr 16 2025 21:14:05.713844] i LSUPDATE :12002 9 F 6 :12000_11_1744863245.713817 1744863232.315048 :12000 (:12002)
[Wed Apr 16 2025 21:14:05.718937] r LSUPDATE :12002 8 F 13 :12012_7_1744863245.715480 1744863245.668944 :12012 (:12002,:12004)
[Wed Apr 16 2025 21:14:05.718983] i LSUPDATE :12002 9 F 6 :12000_12_1744863245.718959 1744863232.315048 :12000 (:12002)
[Wed Apr 16 2025 21:15:58.376219] r SAYHELLO :12002 1 - 0
[Wed Apr 16 2025 21:15:58.376286] i LSUPDATE :12002 9 F 6 :12000_2_1744863358.376273 1744863358.376270 :12000 (:12002)
[Wed Apr 16 2025 21:15:58.376919] i SAYHELLO :12002 1 - 0
[Wed Apr 16 2025 21:15:58.378082] r LSUPDATE :12002 9 F 6 :12002_2_1744863358.377108 1744863358.377107 :12002 (:12000)
[Wed Apr 16 2025 21:16:01.227116] r LSUPDATE :12002 9 F 13 :12002_4_1744863361.226809 1744863358.377107 :12002 (:12000,:12004)
[Wed Apr 16 2025 21:16:01.228072] r LSUPDATE :12002 8 F 6 :12004_2_1744863361.227320 1744863361.227318 :12004 (:12002)
[Wed Apr 16 2025 21:16:01.228122] i LSUPDATE :12002 9 F 6 :12000_5_1744863361.228096 1744863358.376270 :12000 (:12002)
[Wed Apr 16 2025 21:16:01.229129] r LSUPDATE :12002 8 F 6 :12004_5_1744863361.228653 1744863361.227318 :12004 (:12002)
[Wed Apr 16 2025 21:16:01.229171] i LSUPDATE :12002 9 F 6 :12000_6_1744863361.229148 1744863358.376270 :12000 (:12002)
[Wed Apr 16 2025 21:16:04.511425] r LSUPDATE :12002 8 F 13 :12004_6_1744863364.510824 1744863361.227318 :12004 (:12002,:12012)
[Wed Apr 16 2025 21:16:04.511484] i LSUPDATE :12002 9 F 6 :12000_7_1744863364.511453 1744863358.376270 :12000 (:12002)
[Wed Apr 16 2025 21:16:04.513592] r LSUPDATE :12002 7 F 13 :12012_2_1744863364.512211 1744863364.512208 :12012 (:12002,:12004)
[Wed Apr 16 2025 21:16:04.513644] i LSUPDATE :12002 9 F 6 :12000_9_1744863364.513618 1744863358.376270 :12000 (:12002)
[Wed Apr 16 2025 21:16:04.513858] r LSUPDATE :12002 9 F 13 :12002_7_1744863364.513313 1744863358.377107 :12002 (:12000,:12004)
[Wed Apr 16 2025 21:16:04.556418] r LSUPDATE :12002 7 F 13 :12012_5_1744863364.512729 1744863364.512208 :12012 (:12002,:12004)
[Wed Apr 16 2025 21:16:04.556516] i LSUPDATE :12002 9 F 6 :12000_10_1744863364.556473 1744863358.376270 :12000 (:12002)
[Wed Apr 16 2025 21:16:04.556732] r LSUPDATE :12002 9 F 13 :12002_8_1744863364.516038 1744863358.377107 :12002 (:12000,:12004)
[Wed Apr 16 2025 21:16:04.556950] r LSUPDATE :12002 9 F 20 :12002_9_1744863364.516243 1744863358.377107 :12002 (:12000,:12004,:12012)
[Wed Apr 16 2025 21:16:04.557164] r LSUPDATE :12002 7 F 13 :12012_7_1744863364.517222 1744863364.512208 :12012 (:12002,:12004)
[Wed Apr 16 2025 21:16:04.558391] i LSUPDATE :12002 9 F 6 :12000_11_1744863364.557180 1744863358.376270 :12000 (:12002)
[Wed Apr 16 2025 21:16:04.558606] r LSUPDATE :12002 6 F 13 :12002_7_1744863364.513313 1744863358.377107 :12002 (:12000,:12004)
[Wed Apr 16 2025 21:16:04.558820] r LSUPDATE :12002 9 F 20 :12002_11_1744863364.520991 1744863358.377107 :12002 (:12000,:12004,:12012)
[Wed Apr 16 2025 21:16:04.559705] r LSUPDATE :12002 8 F 13 :12012_9_1744863364.522307 1744863364.512208 :12012 (:12002,:12004)
[Wed Apr 16 2025 21:16:04.564475] i LSUPDATE :12002 9 F 6 :12000_12_1744863364.559726 1744863358.376270 :12000 (:12002)
[Wed Apr 16 2025 21:16:04.564693] r LSUPDATE :12002 6 F 13 :12002_8_1744863364.516038 1744863358.377107 :12002 (:12000,:12004)
[Wed Apr 16 2025 21:18:50.467429] r SAYHELLO :12002 1 - 0
[Wed Apr 16 2025 21:18:50.467484] i LSUPDATE :12002 9 F 6 :12000_2_1744863530.467474 1744863530.467472 :12000 (:12002)
[Wed Apr 16 2025 21:18:50.467508] i SAYHELLO :12002 1 - 0
[Wed Apr 16 2025 21:18:50.468170] r LSUPDATE :12002 9 F 6 :12002_2_1744863530.467682 1744863530.467680 :12002 (:12000)
[Wed Apr 16 2025 21:18:57.991336] r LSUPDATE :12002 9 F 13 :12002_4_1744863537.991006 1744863530.467680 :12002 (:12000,:12004)
[Wed Apr 16 2025 21:18:57.992745] r LSUPDATE :12002 8 F 6 :12004_2_1744863537.991526 1744863537.991524 :12004 (:12002)
[Wed Apr 16 2025 21:18:57.992795] i LSUPDATE :12002 9 F 6 :12000_5_1744863537.992769 1744863530.467472 :12000 (:12002)
[Wed Apr 16 2025 21:18:57.994188] r LSUPDATE :12002 8 F 6 :12004_5_1744863537.993714 1744863537.991524 :12004 (:12002)
[Wed Apr 16 2025 21:18:57.994229] i LSUPDATE :12002 9 F 6 :12000_6_1744863537.994207 1744863530.467472 :12000 (:12002)
[Wed Apr 16 2025 21:19:01.615717] r LSUPDATE :12002 8 F 13 :12004_6_1744863541.615104 1744863537.991524 :12004 (:12002,:12012)
[Wed Apr 16 2025 21:19:01.615773] i LSUPDATE :12002 9 F 6 :12000_7_1744863541.615744 1744863530.467472 :12000 (:12002)
[Wed Apr 16 2025 21:19:01.619061] r LSUPDATE :12002 7 F 13 :12012_2_1744863541.617497 1744863541.617495 :12012 (:12002,:12004)
[Wed Apr 16 2025 21:19:01.619111] i LSUPDATE :12002 9 F 6 :12000_9_1744863541.619085 1744863530.467472 :12000 (:12002)
[Wed Apr 16 2025 21:19:01.619347] r LSUPDATE :12002 9 F 13 :12002_7_1744863541.618787 1744863530.467680 :12002 (:12000,:12004)
[Wed Apr 16 2025 21:19:01.660410] r LSUPDATE :12002 7 F 13 :12012_5_1744863541.618023 1744863541.617495 :12012 (:12002,:12004)
[Wed Apr 16 2025 21:19:01.660492] i LSUPDATE :12002 9 F 6 :12000_10_1744863541.660461 1744863530.467472 :12000 (:12002)
[Wed Apr 16 2025 21:19:01.660721] r LSUPDATE :12002 9 F 13 :12002_8_1744863541.620692 1744863530.467680 :12002 (:12000,:12004)
[Wed Apr 16 2025 21:19:01.660942] r LSUPDATE :12002 9 F 20 :12002_9_1744863541.620894 1744863530.467680 :12002 (:12000,:12004,:12012)
[Wed Apr 16 2025 21:19:01.661163] r LSUPDATE :12002 7 F 13 :12012_6_1744863541.621375 1744863541.617495 :12012 (:12002,:12004)
[Wed Apr 16 2025 21:19:01.662996] i LSUPDATE :12002 9 F 6 :12000_11_1744863541.661179 1744863530.467472 :12000 (:12002)
[Wed Apr 16 2025 21:19:01.663824] r LSUPDATE :12002 6 F 13 :12002_7_1744863541.618787 1744863530.467680 :12002 (:12000,:12004)
[Wed Apr 16 2025 21:19:01.667012] r LSUPDATE :12002 9 F 20 :12002_11_1744863541.663857 1744863530.467680 :12002 (:12000,:12004,:12012)
[Wed Apr 16 2025 21:19:01.704904] r LSUPDATE :12002 7 F 13 :12012_9_1744863541.626661 1744863541.617495 :12012 (:12002,:12004)
[Wed Apr 16 2025 21:19:01.704986] i LSUPDATE :12002 9 F 6 :12000_12_1744863541.704954 1744863530.467472 :12000 (:12002)
[Wed Apr 16 2025 21:19:01.705212] r LSUPDATE :12002 6 F 13 :12002_8_1744863541.620692 1744863530.467680 :12002 (:12000,:12004)
[Wed Apr 16 2025 21:20:51.757689] r SAYHELLO :12002 1 - 0
[Wed Apr 16 2025 21:20:51.757721] i LSUPDATE :12002 9 F 6 :12000_15_1744863651.757715 1744863530.467472 :12000 (:12002)
[Wed Apr 16 2025 21:20:51.757743] i SAYHELLO :12002 1 - 0
[Wed Apr 16 2025 21:20:51.757997] r LSUPDATE :12002 9 F 20 :12002_2_1744863651.754710 1744863651.754708 :12002 (:12000,:12004,:12012)
[Wed Apr 16 2025 21:20:51.800981] r LSUPDATE :12002 8 F 13 :12012_11_1744863651.754216 1744863541.617495 :12012 (:12004,:12002)
[Wed Apr 16 2025 21:20:51.801056] i LSUPDATE :12002 9 F 6 :12000_16_1744863651.801025 1744863530.467472 :12000 (:12002)
[Wed Apr 16 2025 21:20:51.801286] r LSUPDATE :12002 9 F 20 :12002_4_1744863651.756671 1744863651.754708 :12002 (:12000,:12004,:12012)
[Wed Apr 16 2025 21:20:51.801509] r LSUPDATE :12002 8 F 13 :12004_10_1744863651.755646 1744863537.991524 :12004 (:12012,:12002)
[Wed Apr 16 2025 21:20:51.801545] i LSUPDATE :12002 9 F 6 :12000_17_1744863651.801525 1744863530.467472 :12000 (:12002)
[Wed Apr 16 2025 21:20:51.801761] r LSUPDATE :12002 6 F 20 :12002_2_1744863651.754710 1744863651.754708 :12002 (:12000,:12004,:12012)
[Wed Apr 16 2025 21:20:51.802031] r LSUPDATE :12002 9 F 20 :12002_7_1744863651.757228 1744863651.754708 :12002 (:12000,:12004,:12012)
[Wed Apr 16 2025 21:20:51.802252] r LSUPDATE :12002 9 F 20 :12002_8_1744863651.758374 1744863651.754708 :12002 (:12000,:12004,:12012)
[Wed Apr 16 2025 21:20:51.802726] r LSUPDATE :12002 6 F 20 :12002_4_1744863651.756671 1744863651.754708 :12002 (:12000,:12004,:12012)
[Wed Apr 16 2025 21:20:51.806632] r LSUPDATE :12002 6 F 20 :12002_7_1744863651.757228 1744863651.754708 :12002 (:12000,:12004,:12012)
[Wed Apr 16 2025 21:20:51.806857] r LSUPDATE :12002 6 F 20 :12002_8_1744863651.758374 1744863651.754708 :12002 (:12000,:12004,:12012)
[Wed Apr 16 2025 21:20:51.848453] r LSUPDATE :12002 8 F 13 :12004_13_1744863651.805552 1744863537.991524 :12004 (:12012,:12002)
[Wed Apr 16 2025 21:20:51.848530] i LSUPDATE :12002 9 F 6 :12000_18_1744863651.848498 1744863530.467472 :12000 (:12002)
